2021-09-01 04:03:08,738 :: INFO :: Start experiment: luna-275850
2021-09-01 04:03:08,742 :: INFO :: Control node : Starting of control node serial interface
2021-09-01 04:03:08,744 :: INFO :: Control node : reset
2021-09-01 04:03:08,747 :: INFO :: Reset Control Node
2021-09-01 04:03:11,651 :: INFO :: Control node : start power of open node
2021-09-01 04:03:11,708 :: INFO :: Node OpenOCD: Setup of openocd node
2021-09-01 04:03:14,745 :: INFO :: Node OpenOCD: flash of openocd node
2021-09-01 04:03:14,762 :: INFO :: Flash firmware on OpenOCD: /tmp/tmp_Nxoke--c646a7bd7eca22cfbffed9b70d2e0c90_unicast-sender-count-60T-100B.iotlab-m3
2021-09-01 04:03:21,637 :: INFO :: Control node : Start experiment
2021-09-01 04:03:21,694 :: INFO :: Control Node set time delay: 1953 us
2021-09-01 04:03:21,724 :: INFO :: Control node : profile configuration
2021-09-01 04:03:21,731 :: INFO :: Configure profile on Control Node
2021-09-01 04:03:21,809 :: INFO :: Start experiment succeeded
2021-09-01 05:04:27,582 :: INFO :: Gateway Manager : Stop experiment
2021-09-01 05:04:27,593 :: INFO :: Stop experiment
2021-09-01 05:04:27,602 :: INFO :: Control node : stop of the experiment
2021-09-01 05:04:27,610 :: INFO :: Control node : profile configuration
2021-09-01 05:04:27,617 :: INFO :: Configure profile on Control Node
2021-09-01 05:04:27,692 :: INFO :: Control node : start power of open node
2021-09-01 05:04:27,738 :: INFO :: Node OpenOCD: teardown of openocd node
2021-09-01 05:04:30,801 :: INFO :: openocd node debugger stop
2021-09-01 05:04:31,486 :: INFO :: Node OpenOCD: flash of openocd node
2021-09-01 05:04:31,501 :: INFO :: Flash firmware on OpenOCD: /usr/lib/python2.7/site-packages/gateway_code/static/m3_idle.elf
2021-09-01 05:04:34,121 :: INFO :: Control node : Stop control node serial interface
2021-09-01 05:04:34,130 :: INFO :: Control node : stop power of open node
2021-09-01 05:04:34,209 :: INFO :: Control node : reset
2021-09-01 05:04:34,216 :: INFO :: Reset Control Node
2021-09-01 05:04:37,106 :: INFO :: Stop experiment succeeded
