2021-09-01 04:03:08,679 :: INFO :: Start experiment: luna-275850
2021-09-01 04:03:08,682 :: INFO :: Control node : Starting of control node serial interface
2021-09-01 04:03:08,685 :: INFO :: Control node : reset
2021-09-01 04:03:08,688 :: INFO :: Reset Control Node
2021-09-01 04:03:11,588 :: INFO :: Control node : start power of open node
2021-09-01 04:03:11,616 :: INFO :: Node OpenOCD: Setup of openocd node
2021-09-01 04:03:14,656 :: INFO :: Node OpenOCD: flash of openocd node
2021-09-01 04:03:14,674 :: INFO :: Flash firmware on OpenOCD: /tmp/tmpPV1JKO--c646a7bd7eca22cfbffed9b70d2e0c90_unicast-sender-count-60T-100B.iotlab-m3
2021-09-01 04:03:21,571 :: INFO :: Control node : Start experiment
2021-09-01 04:03:21,617 :: INFO :: Control Node set time delay: 1373 us
2021-09-01 04:03:21,649 :: INFO :: Control node : profile configuration
2021-09-01 04:03:21,656 :: INFO :: Configure profile on Control Node
2021-09-01 04:03:21,735 :: INFO :: Start experiment succeeded
2021-09-01 05:04:27,629 :: INFO :: Gateway Manager : Stop experiment
2021-09-01 05:04:27,650 :: INFO :: Stop experiment
2021-09-01 05:04:27,671 :: INFO :: Control node : stop of the experiment
2021-09-01 05:04:27,688 :: INFO :: Control node : profile configuration
2021-09-01 05:04:27,706 :: INFO :: Configure profile on Control Node
2021-09-01 05:04:27,868 :: INFO :: Control node : start power of open node
2021-09-01 05:04:27,889 :: INFO :: Node OpenOCD: teardown of openocd node
2021-09-01 05:04:30,936 :: INFO :: openocd node debugger stop
2021-09-01 05:04:31,629 :: INFO :: Node OpenOCD: flash of openocd node
2021-09-01 05:04:31,644 :: INFO :: Flash firmware on OpenOCD: /usr/lib/python2.7/site-packages/gateway_code/static/m3_idle.elf
2021-09-01 05:04:34,182 :: INFO :: Control node : Stop control node serial interface
2021-09-01 05:04:34,191 :: INFO :: Control node : stop power of open node
2021-09-01 05:04:34,260 :: INFO :: Control node : reset
2021-09-01 05:04:34,267 :: INFO :: Reset Control Node
2021-09-01 05:04:37,103 :: INFO :: Stop experiment succeeded
