2021-09-01 04:03:08,706 :: INFO :: Start experiment: luna-275850
2021-09-01 04:03:08,709 :: INFO :: Control node : Starting of control node serial interface
2021-09-01 04:03:08,712 :: INFO :: Control node : reset
2021-09-01 04:03:08,715 :: INFO :: Reset Control Node
2021-09-01 04:03:11,667 :: INFO :: Control node : start power of open node
2021-09-01 04:03:11,724 :: INFO :: Node OpenOCD: Setup of openocd node
2021-09-01 04:03:14,768 :: INFO :: Node OpenOCD: flash of openocd node
2021-09-01 04:03:14,783 :: INFO :: Flash firmware on OpenOCD: /tmp/tmpOsxiWr--c646a7bd7eca22cfbffed9b70d2e0c90_unicast-sender-count-60T-100B.iotlab-m3
2021-09-01 04:03:21,685 :: INFO :: Control node : Start experiment
2021-09-01 04:03:21,785 :: INFO :: Control Node set time delay: 1160 us
2021-09-01 04:03:21,799 :: INFO :: Control node : profile configuration
2021-09-01 04:03:21,803 :: INFO :: Configure profile on Control Node
2021-09-01 04:03:21,844 :: INFO :: Start experiment succeeded
2021-09-01 05:04:27,630 :: INFO :: Gateway Manager : Stop experiment
2021-09-01 05:04:27,650 :: INFO :: Stop experiment
2021-09-01 05:04:27,671 :: INFO :: Control node : stop of the experiment
2021-09-01 05:04:27,688 :: INFO :: Control node : profile configuration
2021-09-01 05:04:27,705 :: INFO :: Configure profile on Control Node
2021-09-01 05:04:27,863 :: INFO :: Control node : start power of open node
2021-09-01 05:04:27,883 :: INFO :: Node OpenOCD: teardown of openocd node
2021-09-01 05:04:30,925 :: INFO :: openocd node debugger stop
2021-09-01 05:04:31,592 :: INFO :: Node OpenOCD: flash of openocd node
2021-09-01 05:04:31,599 :: INFO :: Flash firmware on OpenOCD: /usr/lib/python2.7/site-packages/gateway_code/static/m3_idle.elf
2021-09-01 05:04:34,106 :: INFO :: Control node : Stop control node serial interface
2021-09-01 05:04:34,115 :: INFO :: Control node : stop power of open node
2021-09-01 05:04:34,200 :: INFO :: Control node : reset
2021-09-01 05:04:34,206 :: INFO :: Reset Control Node
2021-09-01 05:04:37,096 :: INFO :: Stop experiment succeeded
