2021-09-01 04:03:08,740 :: INFO :: Start experiment: luna-275850
2021-09-01 04:03:08,743 :: INFO :: Control node : Starting of control node serial interface
2021-09-01 04:03:08,746 :: INFO :: Control node : reset
2021-09-01 04:03:08,749 :: INFO :: Reset Control Node
2021-09-01 04:03:11,650 :: INFO :: Control node : start power of open node
2021-09-01 04:03:11,707 :: INFO :: Node OpenOCD: Setup of openocd node
2021-09-01 04:03:14,748 :: INFO :: Node OpenOCD: flash of openocd node
2021-09-01 04:03:14,766 :: INFO :: Flash firmware on OpenOCD: /tmp/tmpzo1rwu--c646a7bd7eca22cfbffed9b70d2e0c90_unicast-sender-count-60T-100B.iotlab-m3
2021-09-01 04:03:21,613 :: INFO :: Control node : Start experiment
2021-09-01 04:03:21,689 :: INFO :: Control Node set time delay: 1709 us
2021-09-01 04:03:21,714 :: INFO :: Control node : profile configuration
2021-09-01 04:03:21,720 :: INFO :: Configure profile on Control Node
2021-09-01 04:03:21,799 :: INFO :: Start experiment succeeded
2021-09-01 05:04:27,633 :: INFO :: Gateway Manager : Stop experiment
2021-09-01 05:04:27,655 :: INFO :: Stop experiment
2021-09-01 05:04:27,674 :: INFO :: Control node : stop of the experiment
2021-09-01 05:04:27,690 :: INFO :: Control node : profile configuration
2021-09-01 05:04:27,713 :: INFO :: Configure profile on Control Node
2021-09-01 05:04:27,867 :: INFO :: Control node : start power of open node
2021-09-01 05:04:27,887 :: INFO :: Node OpenOCD: teardown of openocd node
2021-09-01 05:04:30,934 :: INFO :: openocd node debugger stop
2021-09-01 05:04:31,619 :: INFO :: Node OpenOCD: flash of openocd node
2021-09-01 05:04:31,626 :: INFO :: Flash firmware on OpenOCD: /usr/lib/python2.7/site-packages/gateway_code/static/m3_idle.elf
2021-09-01 05:04:34,080 :: INFO :: Control node : Stop control node serial interface
2021-09-01 05:04:34,085 :: INFO :: Control node : stop power of open node
2021-09-01 05:04:34,163 :: INFO :: Control node : reset
2021-09-01 05:04:34,170 :: INFO :: Reset Control Node
2021-09-01 05:04:37,060 :: INFO :: Stop experiment succeeded
