2021-09-01 04:03:08,681 :: INFO :: Start experiment: luna-275850
2021-09-01 04:03:08,685 :: INFO :: Control node : Starting of control node serial interface
2021-09-01 04:03:08,688 :: INFO :: Control node : reset
2021-09-01 04:03:08,690 :: INFO :: Reset Control Node
2021-09-01 04:03:11,642 :: INFO :: Control node : start power of open node
2021-09-01 04:03:11,698 :: INFO :: Node OpenOCD: Setup of openocd node
2021-09-01 04:03:14,743 :: INFO :: Node OpenOCD: flash of openocd node
2021-09-01 04:03:14,758 :: INFO :: Flash firmware on OpenOCD: /tmp/tmpjRwtDw--c646a7bd7eca22cfbffed9b70d2e0c90_unicast-sender-count-60T-100B.iotlab-m3
2021-09-01 04:03:21,701 :: INFO :: Control node : Start experiment
2021-09-01 04:03:21,775 :: INFO :: Control Node set time delay: 1129 us
2021-09-01 04:03:21,806 :: INFO :: Control node : profile configuration
2021-09-01 04:03:21,813 :: INFO :: Configure profile on Control Node
2021-09-01 04:03:21,891 :: INFO :: Start experiment succeeded
2021-09-01 05:04:27,627 :: INFO :: Gateway Manager : Stop experiment
2021-09-01 05:04:27,647 :: INFO :: Stop experiment
2021-09-01 05:04:27,666 :: INFO :: Control node : stop of the experiment
2021-09-01 05:04:27,689 :: INFO :: Control node : profile configuration
2021-09-01 05:04:27,706 :: INFO :: Configure profile on Control Node
2021-09-01 05:04:27,860 :: INFO :: Control node : start power of open node
2021-09-01 05:04:27,880 :: INFO :: Node OpenOCD: teardown of openocd node
2021-09-01 05:04:30,926 :: INFO :: openocd node debugger stop
2021-09-01 05:04:31,609 :: INFO :: Node OpenOCD: flash of openocd node
2021-09-01 05:04:31,616 :: INFO :: Flash firmware on OpenOCD: /usr/lib/python2.7/site-packages/gateway_code/static/m3_idle.elf
2021-09-01 05:04:34,117 :: INFO :: Control node : Stop control node serial interface
2021-09-01 05:04:34,122 :: INFO :: Control node : stop power of open node
2021-09-01 05:04:34,174 :: INFO :: Control node : reset
2021-09-01 05:04:34,178 :: INFO :: Reset Control Node
2021-09-01 05:04:37,101 :: INFO :: Stop experiment succeeded
