2021-09-01 04:03:08,738 :: INFO :: Start experiment: luna-275850
2021-09-01 04:03:08,742 :: INFO :: Control node : Starting of control node serial interface
2021-09-01 04:03:08,745 :: INFO :: Control node : reset
2021-09-01 04:03:08,747 :: INFO :: Reset Control Node
2021-09-01 04:03:11,698 :: INFO :: Control node : start power of open node
2021-09-01 04:03:11,736 :: INFO :: Node OpenOCD: Setup of openocd node
2021-09-01 04:03:14,769 :: INFO :: Node OpenOCD: flash of openocd node
2021-09-01 04:03:14,787 :: INFO :: Flash firmware on OpenOCD: /tmp/tmplwzGaA--c646a7bd7eca22cfbffed9b70d2e0c90_unicast-sender-count-60T-100B.iotlab-m3
2021-09-01 04:03:21,739 :: INFO :: Control node : Start experiment
2021-09-01 04:03:21,795 :: INFO :: Control Node set time delay: 1801 us
2021-09-01 04:03:21,827 :: INFO :: Control node : profile configuration
2021-09-01 04:03:21,834 :: INFO :: Configure profile on Control Node
2021-09-01 04:03:21,912 :: INFO :: Start experiment succeeded
2021-09-01 05:04:27,622 :: INFO :: Gateway Manager : Stop experiment
2021-09-01 05:04:27,632 :: INFO :: Stop experiment
2021-09-01 05:04:27,640 :: INFO :: Control node : stop of the experiment
2021-09-01 05:04:27,648 :: INFO :: Control node : profile configuration
2021-09-01 05:04:27,655 :: INFO :: Configure profile on Control Node
2021-09-01 05:04:27,729 :: INFO :: Control node : start power of open node
2021-09-01 05:04:27,773 :: INFO :: Node OpenOCD: teardown of openocd node
2021-09-01 05:04:30,814 :: INFO :: openocd node debugger stop
2021-09-01 05:04:31,499 :: INFO :: Node OpenOCD: flash of openocd node
2021-09-01 05:04:31,506 :: INFO :: Flash firmware on OpenOCD: /usr/lib/python2.7/site-packages/gateway_code/static/m3_idle.elf
2021-09-01 05:04:34,016 :: INFO :: Control node : Stop control node serial interface
2021-09-01 05:04:34,024 :: INFO :: Control node : stop power of open node
2021-09-01 05:04:34,099 :: INFO :: Control node : reset
2021-09-01 05:04:34,106 :: INFO :: Reset Control Node
2021-09-01 05:04:36,994 :: INFO :: Stop experiment succeeded
