2021-09-01 04:03:08,719 :: INFO :: Start experiment: luna-275850
2021-09-01 04:03:08,722 :: INFO :: Control node : Starting of control node serial interface
2021-09-01 04:03:08,725 :: INFO :: Control node : reset
2021-09-01 04:03:08,727 :: INFO :: Reset Control Node
2021-09-01 04:03:11,682 :: INFO :: Control node : start power of open node
2021-09-01 04:03:11,738 :: INFO :: Node OpenOCD: Setup of openocd node
2021-09-01 04:03:14,784 :: INFO :: Node OpenOCD: flash of openocd node
2021-09-01 04:03:14,799 :: INFO :: Flash firmware on OpenOCD: /tmp/tmpWylFP0--c646a7bd7eca22cfbffed9b70d2e0c90_unicast-sender-count-60T-100B.iotlab-m3
2021-09-01 04:03:21,803 :: INFO :: Control node : Start experiment
2021-09-01 04:03:21,853 :: INFO :: Control Node set time delay: 1037 us
2021-09-01 04:03:21,885 :: INFO :: Control node : profile configuration
2021-09-01 04:03:21,890 :: INFO :: Configure profile on Control Node
2021-09-01 04:03:21,931 :: INFO :: Start experiment succeeded
2021-09-01 05:04:27,640 :: INFO :: Gateway Manager : Stop experiment
2021-09-01 05:04:27,659 :: INFO :: Stop experiment
2021-09-01 05:04:27,678 :: INFO :: Control node : stop of the experiment
2021-09-01 05:04:27,695 :: INFO :: Control node : profile configuration
2021-09-01 05:04:27,710 :: INFO :: Configure profile on Control Node
2021-09-01 05:04:27,871 :: INFO :: Control node : start power of open node
2021-09-01 05:04:27,892 :: INFO :: Node OpenOCD: teardown of openocd node
2021-09-01 05:04:30,935 :: INFO :: openocd node debugger stop
2021-09-01 05:04:31,620 :: INFO :: Node OpenOCD: flash of openocd node
2021-09-01 05:04:31,634 :: INFO :: Flash firmware on OpenOCD: /usr/lib/python2.7/site-packages/gateway_code/static/m3_idle.elf
2021-09-01 05:04:34,249 :: INFO :: Control node : Stop control node serial interface
2021-09-01 05:04:34,257 :: INFO :: Control node : stop power of open node
2021-09-01 05:04:34,331 :: INFO :: Control node : reset
2021-09-01 05:04:34,338 :: INFO :: Reset Control Node
2021-09-01 05:04:37,235 :: INFO :: Stop experiment succeeded
