2021-09-01 04:03:08,719 :: INFO :: Start experiment: luna-275850
2021-09-01 04:03:08,722 :: INFO :: Control node : Starting of control node serial interface
2021-09-01 04:03:08,725 :: INFO :: Control node : reset
2021-09-01 04:03:08,727 :: INFO :: Reset Control Node
2021-09-01 04:03:11,666 :: INFO :: Control node : start power of open node
2021-09-01 04:03:11,682 :: INFO :: Node OpenOCD: Setup of openocd node
2021-09-01 04:03:14,719 :: INFO :: Node OpenOCD: flash of openocd node
2021-09-01 04:03:14,737 :: INFO :: Flash firmware on OpenOCD: /tmp/tmpXlOOd7--c646a7bd7eca22cfbffed9b70d2e0c90_unicast-sender-count-60T-100B.iotlab-m3
2021-09-01 04:03:21,582 :: INFO :: Control node : Start experiment
2021-09-01 04:03:21,630 :: INFO :: Control Node set time delay: 1373 us
2021-09-01 04:03:21,654 :: INFO :: Control node : profile configuration
2021-09-01 04:03:21,661 :: INFO :: Configure profile on Control Node
2021-09-01 04:03:21,739 :: INFO :: Start experiment succeeded
2021-09-01 05:04:27,628 :: INFO :: Gateway Manager : Stop experiment
2021-09-01 05:04:27,638 :: INFO :: Stop experiment
2021-09-01 05:04:27,646 :: INFO :: Control node : stop of the experiment
2021-09-01 05:04:27,653 :: INFO :: Control node : profile configuration
2021-09-01 05:04:27,660 :: INFO :: Configure profile on Control Node
2021-09-01 05:04:27,727 :: INFO :: Control node : start power of open node
2021-09-01 05:04:27,768 :: INFO :: Node OpenOCD: teardown of openocd node
2021-09-01 05:04:30,820 :: INFO :: openocd node debugger stop
2021-09-01 05:04:31,515 :: INFO :: Node OpenOCD: flash of openocd node
2021-09-01 05:04:31,529 :: INFO :: Flash firmware on OpenOCD: /usr/lib/python2.7/site-packages/gateway_code/static/m3_idle.elf
2021-09-01 05:04:34,092 :: INFO :: Control node : Stop control node serial interface
2021-09-01 05:04:34,097 :: INFO :: Control node : stop power of open node
2021-09-01 05:04:34,147 :: INFO :: Control node : reset
2021-09-01 05:04:34,151 :: INFO :: Reset Control Node
2021-09-01 05:04:37,026 :: INFO :: Stop experiment succeeded
