2021-09-01 04:03:08,693 :: INFO :: Start experiment: luna-275850
2021-09-01 04:03:08,697 :: INFO :: Control node : Starting of control node serial interface
2021-09-01 04:03:08,700 :: INFO :: Control node : reset
2021-09-01 04:03:08,703 :: INFO :: Reset Control Node
2021-09-01 04:03:11,659 :: INFO :: Control node : start power of open node
2021-09-01 04:03:11,715 :: INFO :: Node OpenOCD: Setup of openocd node
2021-09-01 04:03:14,756 :: INFO :: Node OpenOCD: flash of openocd node
2021-09-01 04:03:14,771 :: INFO :: Flash firmware on OpenOCD: /tmp/tmp0hEpK6--c646a7bd7eca22cfbffed9b70d2e0c90_unicast-sender-count-60T-100B.iotlab-m3
2021-09-01 04:03:21,726 :: INFO :: Control node : Start experiment
2021-09-01 04:03:21,797 :: INFO :: Control Node set time delay: 2075 us
2021-09-01 04:03:21,828 :: INFO :: Control node : profile configuration
2021-09-01 04:03:21,835 :: INFO :: Configure profile on Control Node
2021-09-01 04:03:21,914 :: INFO :: Start experiment succeeded
2021-09-01 05:04:27,589 :: INFO :: Gateway Manager : Stop experiment
2021-09-01 05:04:27,600 :: INFO :: Stop experiment
2021-09-01 05:04:27,608 :: INFO :: Control node : stop of the experiment
2021-09-01 05:04:27,616 :: INFO :: Control node : profile configuration
2021-09-01 05:04:27,623 :: INFO :: Configure profile on Control Node
2021-09-01 05:04:27,697 :: INFO :: Control node : start power of open node
2021-09-01 05:04:27,741 :: INFO :: Node OpenOCD: teardown of openocd node
2021-09-01 05:04:30,803 :: INFO :: openocd node debugger stop
2021-09-01 05:04:31,482 :: INFO :: Node OpenOCD: flash of openocd node
2021-09-01 05:04:31,496 :: INFO :: Flash firmware on OpenOCD: /usr/lib/python2.7/site-packages/gateway_code/static/m3_idle.elf
2021-09-01 05:04:34,067 :: INFO :: Control node : Stop control node serial interface
2021-09-01 05:04:34,072 :: INFO :: Control node : stop power of open node
2021-09-01 05:04:34,109 :: INFO :: Control node : reset
2021-09-01 05:04:34,113 :: INFO :: Reset Control Node
2021-09-01 05:04:37,043 :: INFO :: Stop experiment succeeded
