2021-08-31 19:14:23,939 :: INFO :: Start experiment: luna-275845
2021-08-31 19:14:23,942 :: INFO :: Control node : Starting of control node serial interface
2021-08-31 19:14:23,945 :: INFO :: Control node : reset
2021-08-31 19:14:23,948 :: INFO :: Reset Control Node
2021-08-31 19:14:26,901 :: INFO :: Control node : start power of open node
2021-08-31 19:14:26,957 :: INFO :: Node OpenOCD: Setup of openocd node
2021-08-31 19:14:29,998 :: INFO :: Node OpenOCD: flash of openocd node
2021-08-31 19:14:30,013 :: INFO :: Flash firmware on OpenOCD: /tmp/tmpm7E8e6--a14ddd1a1d6cc1c4ffb46cbabc9d20fe_unicast-sender-count-10T-20B.iotlab-m3
2021-08-31 19:14:36,863 :: INFO :: Control node : Start experiment
2021-08-31 19:14:36,937 :: INFO :: Control Node set time delay: 1770 us
2021-08-31 19:14:36,968 :: INFO :: Control node : profile configuration
2021-08-31 19:14:36,975 :: INFO :: Configure profile on Control Node
2021-08-31 19:14:37,053 :: INFO :: Start experiment succeeded
2021-08-31 20:15:42,973 :: INFO :: Gateway Manager : Stop experiment
2021-08-31 20:15:42,982 :: INFO :: Stop experiment
2021-08-31 20:15:42,991 :: INFO :: Control node : stop of the experiment
2021-08-31 20:15:43,001 :: INFO :: Control node : profile configuration
2021-08-31 20:15:43,008 :: INFO :: Configure profile on Control Node
2021-08-31 20:15:43,079 :: INFO :: Control node : start power of open node
2021-08-31 20:15:43,123 :: INFO :: Node OpenOCD: teardown of openocd node
2021-08-31 20:15:46,183 :: INFO :: openocd node debugger stop
2021-08-31 20:15:46,876 :: INFO :: Node OpenOCD: flash of openocd node
2021-08-31 20:15:46,890 :: INFO :: Flash firmware on OpenOCD: /usr/lib/python2.7/site-packages/gateway_code/static/m3_idle.elf
2021-08-31 20:15:49,484 :: INFO :: Control node : Stop control node serial interface
2021-08-31 20:15:49,493 :: INFO :: Control node : stop power of open node
2021-08-31 20:15:49,560 :: INFO :: Control node : reset
2021-08-31 20:15:49,566 :: INFO :: Reset Control Node
2021-08-31 20:15:52,458 :: INFO :: Stop experiment succeeded
