2021-08-31 19:14:23,974 :: INFO :: Start experiment: luna-275845
2021-08-31 19:14:23,977 :: INFO :: Control node : Starting of control node serial interface
2021-08-31 19:14:23,980 :: INFO :: Control node : reset
2021-08-31 19:14:23,983 :: INFO :: Reset Control Node
2021-08-31 19:14:26,934 :: INFO :: Control node : start power of open node
2021-08-31 19:14:26,990 :: INFO :: Node OpenOCD: Setup of openocd node
2021-08-31 19:14:30,038 :: INFO :: Node OpenOCD: flash of openocd node
2021-08-31 19:14:30,053 :: INFO :: Flash firmware on OpenOCD: /tmp/tmpSWRBSt--a14ddd1a1d6cc1c4ffb46cbabc9d20fe_unicast-sender-count-10T-20B.iotlab-m3
2021-08-31 19:14:36,944 :: INFO :: Control node : Start experiment
2021-08-31 19:14:37,006 :: INFO :: Control Node set time delay: 1862 us
2021-08-31 19:14:37,039 :: INFO :: Control node : profile configuration
2021-08-31 19:14:37,046 :: INFO :: Configure profile on Control Node
2021-08-31 19:14:37,124 :: INFO :: Start experiment succeeded
2021-08-31 20:15:42,994 :: INFO :: Gateway Manager : Stop experiment
2021-08-31 20:15:43,015 :: INFO :: Stop experiment
2021-08-31 20:15:43,034 :: INFO :: Control node : stop of the experiment
2021-08-31 20:15:43,057 :: INFO :: Control node : profile configuration
2021-08-31 20:15:43,077 :: INFO :: Configure profile on Control Node
2021-08-31 20:15:43,188 :: INFO :: Control node : start power of open node
2021-08-31 20:15:43,211 :: INFO :: Node OpenOCD: teardown of openocd node
2021-08-31 20:15:46,253 :: INFO :: openocd node debugger stop
2021-08-31 20:15:46,911 :: INFO :: Node OpenOCD: flash of openocd node
2021-08-31 20:15:46,918 :: INFO :: Flash firmware on OpenOCD: /usr/lib/python2.7/site-packages/gateway_code/static/m3_idle.elf
2021-08-31 20:15:49,422 :: INFO :: Control node : Stop control node serial interface
2021-08-31 20:15:49,427 :: INFO :: Control node : stop power of open node
2021-08-31 20:15:49,475 :: INFO :: Control node : reset
2021-08-31 20:15:49,479 :: INFO :: Reset Control Node
2021-08-31 20:15:52,366 :: INFO :: Stop experiment succeeded
