2021-08-31 19:14:23,984 :: INFO :: Start experiment: luna-275845
2021-08-31 19:14:23,987 :: INFO :: Control node : Starting of control node serial interface
2021-08-31 19:14:23,990 :: INFO :: Control node : reset
2021-08-31 19:14:23,993 :: INFO :: Reset Control Node
2021-08-31 19:14:26,928 :: INFO :: Control node : start power of open node
2021-08-31 19:14:26,956 :: INFO :: Node OpenOCD: Setup of openocd node
2021-08-31 19:14:29,996 :: INFO :: Node OpenOCD: flash of openocd node
2021-08-31 19:14:30,015 :: INFO :: Flash firmware on OpenOCD: /tmp/tmpUONg3x--a14ddd1a1d6cc1c4ffb46cbabc9d20fe_unicast-sender-count-10T-20B.iotlab-m3
2021-08-31 19:14:36,907 :: INFO :: Control node : Start experiment
2021-08-31 19:14:36,969 :: INFO :: Control Node set time delay: 1373 us
2021-08-31 19:14:37,001 :: INFO :: Control node : profile configuration
2021-08-31 19:14:37,008 :: INFO :: Configure profile on Control Node
2021-08-31 19:14:37,086 :: INFO :: Start experiment succeeded
2021-08-31 20:15:42,922 :: INFO :: Gateway Manager : Stop experiment
2021-08-31 20:15:42,949 :: INFO :: Stop experiment
2021-08-31 20:15:42,966 :: INFO :: Control node : stop of the experiment
2021-08-31 20:15:42,982 :: INFO :: Control node : profile configuration
2021-08-31 20:15:43,002 :: INFO :: Configure profile on Control Node
2021-08-31 20:15:43,152 :: INFO :: Control node : start power of open node
2021-08-31 20:15:43,194 :: INFO :: Node OpenOCD: teardown of openocd node
2021-08-31 20:15:46,236 :: INFO :: openocd node debugger stop
2021-08-31 20:15:46,919 :: INFO :: Node OpenOCD: flash of openocd node
2021-08-31 20:15:46,926 :: INFO :: Flash firmware on OpenOCD: /usr/lib/python2.7/site-packages/gateway_code/static/m3_idle.elf
2021-08-31 20:15:49,428 :: INFO :: Control node : Stop control node serial interface
2021-08-31 20:15:49,434 :: INFO :: Control node : stop power of open node
2021-08-31 20:15:49,510 :: INFO :: Control node : reset
2021-08-31 20:15:49,517 :: INFO :: Reset Control Node
2021-08-31 20:15:52,407 :: INFO :: Stop experiment succeeded
