2021-08-31 19:14:23,949 :: INFO :: Start experiment: luna-275845
2021-08-31 19:14:23,953 :: INFO :: Control node : Starting of control node serial interface
2021-08-31 19:14:23,956 :: INFO :: Control node : reset
2021-08-31 19:14:23,958 :: INFO :: Reset Control Node
2021-08-31 19:14:26,858 :: INFO :: Control node : start power of open node
2021-08-31 19:14:26,885 :: INFO :: Node OpenOCD: Setup of openocd node
2021-08-31 19:14:29,921 :: INFO :: Node OpenOCD: flash of openocd node
2021-08-31 19:14:29,938 :: INFO :: Flash firmware on OpenOCD: /tmp/tmpoRn4KA--a14ddd1a1d6cc1c4ffb46cbabc9d20fe_unicast-sender-count-10T-20B.iotlab-m3
2021-08-31 19:14:36,946 :: INFO :: Control node : Start experiment
2021-08-31 19:14:36,996 :: INFO :: Control Node set time delay: 1129 us
2021-08-31 19:14:37,029 :: INFO :: Control node : profile configuration
2021-08-31 19:14:37,036 :: INFO :: Configure profile on Control Node
2021-08-31 19:14:37,078 :: INFO :: Start experiment succeeded
2021-08-31 20:15:42,921 :: INFO :: Gateway Manager : Stop experiment
2021-08-31 20:15:42,933 :: INFO :: Stop experiment
2021-08-31 20:15:42,944 :: INFO :: Control node : stop of the experiment
2021-08-31 20:15:42,955 :: INFO :: Control node : profile configuration
2021-08-31 20:15:42,964 :: INFO :: Configure profile on Control Node
2021-08-31 20:15:43,039 :: INFO :: Control node : start power of open node
2021-08-31 20:15:43,086 :: INFO :: Node OpenOCD: teardown of openocd node
2021-08-31 20:15:46,176 :: INFO :: openocd node debugger stop
2021-08-31 20:15:46,742 :: INFO :: Node OpenOCD: flash of openocd node
2021-08-31 20:15:46,749 :: INFO :: Flash firmware on OpenOCD: /usr/lib/python2.7/site-packages/gateway_code/static/m3_idle.elf
2021-08-31 20:15:49,256 :: INFO :: Control node : Stop control node serial interface
2021-08-31 20:15:49,265 :: INFO :: Control node : stop power of open node
2021-08-31 20:15:49,348 :: INFO :: Control node : reset
2021-08-31 20:15:49,355 :: INFO :: Reset Control Node
2021-08-31 20:15:52,250 :: INFO :: Stop experiment succeeded
