2021-08-31 19:14:23,966 :: INFO :: Start experiment: luna-275845
2021-08-31 19:14:23,969 :: INFO :: Control node : Starting of control node serial interface
2021-08-31 19:14:23,972 :: INFO :: Control node : reset
2021-08-31 19:14:23,975 :: INFO :: Reset Control Node
2021-08-31 19:14:26,922 :: INFO :: Control node : start power of open node
2021-08-31 19:14:26,978 :: INFO :: Node OpenOCD: Setup of openocd node
2021-08-31 19:14:30,021 :: INFO :: Node OpenOCD: flash of openocd node
2021-08-31 19:14:30,036 :: INFO :: Flash firmware on OpenOCD: /tmp/tmpXputGG--a14ddd1a1d6cc1c4ffb46cbabc9d20fe_unicast-sender-count-10T-20B.iotlab-m3
2021-08-31 19:14:36,966 :: INFO :: Control node : Start experiment
2021-08-31 19:14:37,012 :: INFO :: Control Node set time delay: 1862 us
2021-08-31 19:14:37,044 :: INFO :: Control node : profile configuration
2021-08-31 19:14:37,051 :: INFO :: Configure profile on Control Node
2021-08-31 19:14:37,107 :: INFO :: Start experiment succeeded
2021-08-31 20:15:42,903 :: INFO :: Gateway Manager : Stop experiment
2021-08-31 20:15:42,918 :: INFO :: Stop experiment
2021-08-31 20:15:42,927 :: INFO :: Control node : stop of the experiment
2021-08-31 20:15:42,938 :: INFO :: Control node : profile configuration
2021-08-31 20:15:42,948 :: INFO :: Configure profile on Control Node
2021-08-31 20:15:43,022 :: INFO :: Control node : start power of open node
2021-08-31 20:15:43,063 :: INFO :: Node OpenOCD: teardown of openocd node
2021-08-31 20:15:46,120 :: INFO :: openocd node debugger stop
2021-08-31 20:15:46,805 :: INFO :: Node OpenOCD: flash of openocd node
2021-08-31 20:15:46,819 :: INFO :: Flash firmware on OpenOCD: /usr/lib/python2.7/site-packages/gateway_code/static/m3_idle.elf
2021-08-31 20:15:49,385 :: INFO :: Control node : Stop control node serial interface
2021-08-31 20:15:49,393 :: INFO :: Control node : stop power of open node
2021-08-31 20:15:49,470 :: INFO :: Control node : reset
2021-08-31 20:15:49,476 :: INFO :: Reset Control Node
2021-08-31 20:15:52,313 :: INFO :: Stop experiment succeeded
