2021-08-31 19:14:23,933 :: INFO :: Start experiment: luna-275845
2021-08-31 19:14:23,936 :: INFO :: Control node : Starting of control node serial interface
2021-08-31 19:14:23,939 :: INFO :: Control node : reset
2021-08-31 19:14:23,942 :: INFO :: Reset Control Node
2021-08-31 19:14:26,900 :: INFO :: Control node : start power of open node
2021-08-31 19:14:26,958 :: INFO :: Node OpenOCD: Setup of openocd node
2021-08-31 19:14:29,999 :: INFO :: Node OpenOCD: flash of openocd node
2021-08-31 19:14:30,014 :: INFO :: Flash firmware on OpenOCD: /tmp/tmpp62AHQ--a14ddd1a1d6cc1c4ffb46cbabc9d20fe_unicast-sender-count-10T-20B.iotlab-m3
2021-08-31 19:14:37,025 :: INFO :: Control node : Start experiment
2021-08-31 19:14:37,075 :: INFO :: Control Node set time delay: 1831 us
2021-08-31 19:14:37,108 :: INFO :: Control node : profile configuration
2021-08-31 19:14:37,112 :: INFO :: Configure profile on Control Node
2021-08-31 19:14:37,152 :: INFO :: Start experiment succeeded
2021-08-31 20:15:42,943 :: INFO :: Gateway Manager : Stop experiment
2021-08-31 20:15:42,970 :: INFO :: Stop experiment
2021-08-31 20:15:42,991 :: INFO :: Control node : stop of the experiment
2021-08-31 20:15:43,009 :: INFO :: Control node : profile configuration
2021-08-31 20:15:43,026 :: INFO :: Configure profile on Control Node
2021-08-31 20:15:43,188 :: INFO :: Control node : start power of open node
2021-08-31 20:15:43,210 :: INFO :: Node OpenOCD: teardown of openocd node
2021-08-31 20:15:46,254 :: INFO :: openocd node debugger stop
2021-08-31 20:15:46,938 :: INFO :: Node OpenOCD: flash of openocd node
2021-08-31 20:15:46,945 :: INFO :: Flash firmware on OpenOCD: /usr/lib/python2.7/site-packages/gateway_code/static/m3_idle.elf
2021-08-31 20:15:49,400 :: INFO :: Control node : Stop control node serial interface
2021-08-31 20:15:49,410 :: INFO :: Control node : stop power of open node
2021-08-31 20:15:49,485 :: INFO :: Control node : reset
2021-08-31 20:15:49,492 :: INFO :: Reset Control Node
2021-08-31 20:15:52,377 :: INFO :: Stop experiment succeeded
