2021-08-31 19:14:23,961 :: INFO :: Start experiment: luna-275845
2021-08-31 19:14:23,964 :: INFO :: Control node : Starting of control node serial interface
2021-08-31 19:14:23,967 :: INFO :: Control node : reset
2021-08-31 19:14:23,969 :: INFO :: Reset Control Node
2021-08-31 19:14:26,986 :: INFO :: Control node : start power of open node
2021-08-31 19:14:27,045 :: INFO :: Node OpenOCD: Setup of openocd node
2021-08-31 19:14:30,091 :: INFO :: Node OpenOCD: flash of openocd node
2021-08-31 19:14:30,106 :: INFO :: Flash firmware on OpenOCD: /tmp/tmpcFXqLe--a14ddd1a1d6cc1c4ffb46cbabc9d20fe_unicast-sender-count-10T-20B.iotlab-m3
2021-08-31 19:14:37,104 :: INFO :: Control node : Start experiment
2021-08-31 19:14:37,163 :: INFO :: Control Node set time delay: 1129 us
2021-08-31 19:14:37,179 :: INFO :: Control node : profile configuration
2021-08-31 19:14:37,183 :: INFO :: Configure profile on Control Node
2021-08-31 19:14:37,223 :: INFO :: Start experiment succeeded
2021-08-31 20:15:42,913 :: INFO :: Gateway Manager : Stop experiment
2021-08-31 20:15:42,926 :: INFO :: Stop experiment
2021-08-31 20:15:42,938 :: INFO :: Control node : stop of the experiment
2021-08-31 20:15:42,950 :: INFO :: Control node : profile configuration
2021-08-31 20:15:42,958 :: INFO :: Configure profile on Control Node
2021-08-31 20:15:43,033 :: INFO :: Control node : start power of open node
2021-08-31 20:15:43,078 :: INFO :: Node OpenOCD: teardown of openocd node
2021-08-31 20:15:46,135 :: INFO :: openocd node debugger stop
2021-08-31 20:15:46,829 :: INFO :: Node OpenOCD: flash of openocd node
2021-08-31 20:15:46,844 :: INFO :: Flash firmware on OpenOCD: /usr/lib/python2.7/site-packages/gateway_code/static/m3_idle.elf
2021-08-31 20:15:49,384 :: INFO :: Control node : Stop control node serial interface
2021-08-31 20:15:49,393 :: INFO :: Control node : stop power of open node
2021-08-31 20:15:49,460 :: INFO :: Control node : reset
2021-08-31 20:15:49,466 :: INFO :: Reset Control Node
2021-08-31 20:15:52,353 :: INFO :: Stop experiment succeeded
