2021-08-28 01:08:11,326 :: INFO :: Start experiment: luna-275606
2021-08-28 01:08:11,329 :: INFO :: Control node : Starting of control node serial interface
2021-08-28 01:08:11,332 :: INFO :: Control node : reset
2021-08-28 01:08:11,335 :: INFO :: Reset Control Node
2021-08-28 01:08:14,268 :: INFO :: Control node : start power of open node
2021-08-28 01:08:14,297 :: INFO :: Node OpenOCD: Setup of openocd node
2021-08-28 01:08:17,336 :: INFO :: Node OpenOCD: flash of openocd node
2021-08-28 01:08:17,354 :: INFO :: Flash firmware on OpenOCD: /tmp/tmpsyLdha--d4a0543b7d1f359d92f0e4afc0b7f0cf_unicast-sender-count-30T-20B.iotlab-m3
2021-08-28 01:08:24,360 :: INFO :: Control node : Start experiment
2021-08-28 01:08:24,416 :: INFO :: Control Node set time delay: 1862 us
2021-08-28 01:08:24,438 :: INFO :: Control node : profile configuration
2021-08-28 01:08:24,445 :: INFO :: Configure profile on Control Node
2021-08-28 01:08:24,524 :: INFO :: Start experiment succeeded
2021-08-28 02:09:30,552 :: INFO :: Gateway Manager : Stop experiment
2021-08-28 02:09:30,561 :: INFO :: Stop experiment
2021-08-28 02:09:30,570 :: INFO :: Control node : stop of the experiment
2021-08-28 02:09:30,578 :: INFO :: Control node : profile configuration
2021-08-28 02:09:30,588 :: INFO :: Configure profile on Control Node
2021-08-28 02:09:30,659 :: INFO :: Control node : start power of open node
2021-08-28 02:09:30,704 :: INFO :: Node OpenOCD: teardown of openocd node
2021-08-28 02:09:33,755 :: INFO :: openocd node debugger stop
2021-08-28 02:09:34,443 :: INFO :: Node OpenOCD: flash of openocd node
2021-08-28 02:09:34,457 :: INFO :: Flash firmware on OpenOCD: /usr/lib/python2.7/site-packages/gateway_code/static/m3_idle.elf
2021-08-28 02:09:37,072 :: INFO :: Control node : Stop control node serial interface
2021-08-28 02:09:37,077 :: INFO :: Control node : stop power of open node
2021-08-28 02:09:37,129 :: INFO :: Control node : reset
2021-08-28 02:09:37,136 :: INFO :: Reset Control Node
2021-08-28 02:09:40,025 :: INFO :: Stop experiment succeeded
