2021-08-28 01:08:11,336 :: INFO :: Start experiment: luna-275606
2021-08-28 01:08:11,339 :: INFO :: Control node : Starting of control node serial interface
2021-08-28 01:08:11,342 :: INFO :: Control node : reset
2021-08-28 01:08:11,344 :: INFO :: Reset Control Node
2021-08-28 01:08:14,283 :: INFO :: Control node : start power of open node
2021-08-28 01:08:14,297 :: INFO :: Node OpenOCD: Setup of openocd node
2021-08-28 01:08:17,328 :: INFO :: Node OpenOCD: flash of openocd node
2021-08-28 01:08:17,345 :: INFO :: Flash firmware on OpenOCD: /tmp/tmpNP5fis--d4a0543b7d1f359d92f0e4afc0b7f0cf_unicast-sender-count-30T-20B.iotlab-m3
2021-08-28 01:08:24,242 :: INFO :: Control node : Start experiment
2021-08-28 01:08:24,293 :: INFO :: Control Node set time delay: 1434 us
2021-08-28 01:08:24,326 :: INFO :: Control node : profile configuration
2021-08-28 01:08:24,333 :: INFO :: Configure profile on Control Node
2021-08-28 01:08:24,411 :: INFO :: Start experiment succeeded
2021-08-28 02:09:30,553 :: INFO :: Gateway Manager : Stop experiment
2021-08-28 02:09:30,564 :: INFO :: Stop experiment
2021-08-28 02:09:30,572 :: INFO :: Control node : stop of the experiment
2021-08-28 02:09:30,580 :: INFO :: Control node : profile configuration
2021-08-28 02:09:30,587 :: INFO :: Configure profile on Control Node
2021-08-28 02:09:30,661 :: INFO :: Control node : start power of open node
2021-08-28 02:09:30,704 :: INFO :: Node OpenOCD: teardown of openocd node
2021-08-28 02:09:33,757 :: INFO :: openocd node debugger stop
2021-08-28 02:09:34,440 :: INFO :: Node OpenOCD: flash of openocd node
2021-08-28 02:09:34,447 :: INFO :: Flash firmware on OpenOCD: /usr/lib/python2.7/site-packages/gateway_code/static/m3_idle.elf
2021-08-28 02:09:36,899 :: INFO :: Control node : Stop control node serial interface
2021-08-28 02:09:36,907 :: INFO :: Control node : stop power of open node
2021-08-28 02:09:36,974 :: INFO :: Control node : reset
2021-08-28 02:09:36,981 :: INFO :: Reset Control Node
2021-08-28 02:09:39,872 :: INFO :: Stop experiment succeeded
