2021-08-28 01:08:11,268 :: INFO :: Start experiment: luna-275606
2021-08-28 01:08:11,272 :: INFO :: Control node : Starting of control node serial interface
2021-08-28 01:08:11,275 :: INFO :: Control node : reset
2021-08-28 01:08:11,277 :: INFO :: Reset Control Node
2021-08-28 01:08:14,230 :: INFO :: Control node : start power of open node
2021-08-28 01:08:14,287 :: INFO :: Node OpenOCD: Setup of openocd node
2021-08-28 01:08:17,328 :: INFO :: Node OpenOCD: flash of openocd node
2021-08-28 01:08:17,343 :: INFO :: Flash firmware on OpenOCD: /tmp/tmprqRqfx--d4a0543b7d1f359d92f0e4afc0b7f0cf_unicast-sender-count-30T-20B.iotlab-m3
2021-08-28 01:08:24,283 :: INFO :: Control node : Start experiment
2021-08-28 01:08:24,354 :: INFO :: Control Node set time delay: 1892 us
2021-08-28 01:08:24,386 :: INFO :: Control node : profile configuration
2021-08-28 01:08:24,393 :: INFO :: Configure profile on Control Node
2021-08-28 01:08:24,471 :: INFO :: Start experiment succeeded
2021-08-28 02:09:30,582 :: INFO :: Gateway Manager : Stop experiment
2021-08-28 02:09:30,591 :: INFO :: Stop experiment
2021-08-28 02:09:30,600 :: INFO :: Control node : stop of the experiment
2021-08-28 02:09:30,607 :: INFO :: Control node : profile configuration
2021-08-28 02:09:30,614 :: INFO :: Configure profile on Control Node
2021-08-28 02:09:30,687 :: INFO :: Control node : start power of open node
2021-08-28 02:09:30,731 :: INFO :: Node OpenOCD: teardown of openocd node
2021-08-28 02:09:33,782 :: INFO :: openocd node debugger stop
2021-08-28 02:09:34,476 :: INFO :: Node OpenOCD: flash of openocd node
2021-08-28 02:09:34,490 :: INFO :: Flash firmware on OpenOCD: /usr/lib/python2.7/site-packages/gateway_code/static/m3_idle.elf
2021-08-28 02:09:36,983 :: INFO :: Control node : Stop control node serial interface
2021-08-28 02:09:36,988 :: INFO :: Control node : stop power of open node
2021-08-28 02:09:37,038 :: INFO :: Control node : reset
2021-08-28 02:09:37,042 :: INFO :: Reset Control Node
2021-08-28 02:09:39,927 :: INFO :: Stop experiment succeeded
