2021-08-28 01:08:11,315 :: INFO :: Start experiment: luna-275606
2021-08-28 01:08:11,319 :: INFO :: Control node : Starting of control node serial interface
2021-08-28 01:08:11,322 :: INFO :: Control node : reset
2021-08-28 01:08:11,324 :: INFO :: Reset Control Node
2021-08-28 01:08:14,334 :: INFO :: Control node : start power of open node
2021-08-28 01:08:14,393 :: INFO :: Node OpenOCD: Setup of openocd node
2021-08-28 01:08:17,441 :: INFO :: Node OpenOCD: flash of openocd node
2021-08-28 01:08:17,456 :: INFO :: Flash firmware on OpenOCD: /tmp/tmpncV3rC--d4a0543b7d1f359d92f0e4afc0b7f0cf_unicast-sender-count-30T-20B.iotlab-m3
2021-08-28 01:08:24,410 :: INFO :: Control node : Start experiment
2021-08-28 01:08:24,479 :: INFO :: Control Node set time delay: 1770 us
2021-08-28 01:08:24,511 :: INFO :: Control node : profile configuration
2021-08-28 01:08:24,518 :: INFO :: Configure profile on Control Node
2021-08-28 01:08:24,596 :: INFO :: Start experiment succeeded
2021-08-28 02:09:30,551 :: INFO :: Gateway Manager : Stop experiment
2021-08-28 02:09:30,560 :: INFO :: Stop experiment
2021-08-28 02:09:30,570 :: INFO :: Control node : stop of the experiment
2021-08-28 02:09:30,577 :: INFO :: Control node : profile configuration
2021-08-28 02:09:30,584 :: INFO :: Configure profile on Control Node
2021-08-28 02:09:30,656 :: INFO :: Control node : start power of open node
2021-08-28 02:09:30,697 :: INFO :: Node OpenOCD: teardown of openocd node
2021-08-28 02:09:33,743 :: INFO :: openocd node debugger stop
2021-08-28 02:09:34,430 :: INFO :: Node OpenOCD: flash of openocd node
2021-08-28 02:09:34,445 :: INFO :: Flash firmware on OpenOCD: /usr/lib/python2.7/site-packages/gateway_code/static/m3_idle.elf
2021-08-28 02:09:36,914 :: INFO :: Control node : Stop control node serial interface
2021-08-28 02:09:36,919 :: INFO :: Control node : stop power of open node
2021-08-28 02:09:36,958 :: INFO :: Control node : reset
2021-08-28 02:09:36,962 :: INFO :: Reset Control Node
2021-08-28 02:09:39,884 :: INFO :: Stop experiment succeeded
