2021-08-28 01:08:11,322 :: INFO :: Start experiment: luna-275606
2021-08-28 01:08:11,326 :: INFO :: Control node : Starting of control node serial interface
2021-08-28 01:08:11,329 :: INFO :: Control node : reset
2021-08-28 01:08:11,331 :: INFO :: Reset Control Node
2021-08-28 01:08:14,283 :: INFO :: Control node : start power of open node
2021-08-28 01:08:14,339 :: INFO :: Node OpenOCD: Setup of openocd node
2021-08-28 01:08:17,382 :: INFO :: Node OpenOCD: flash of openocd node
2021-08-28 01:08:17,397 :: INFO :: Flash firmware on OpenOCD: /tmp/tmpq74ifu--d4a0543b7d1f359d92f0e4afc0b7f0cf_unicast-sender-count-30T-20B.iotlab-m3
2021-08-28 01:08:24,207 :: INFO :: Control node : Start experiment
2021-08-28 01:08:24,262 :: INFO :: Control Node set time delay: 1434 us
2021-08-28 01:08:24,294 :: INFO :: Control node : profile configuration
2021-08-28 01:08:24,300 :: INFO :: Configure profile on Control Node
2021-08-28 01:08:24,379 :: INFO :: Start experiment succeeded
2021-08-28 02:09:30,579 :: INFO :: Gateway Manager : Stop experiment
2021-08-28 02:09:30,589 :: INFO :: Stop experiment
2021-08-28 02:09:30,598 :: INFO :: Control node : stop of the experiment
2021-08-28 02:09:30,606 :: INFO :: Control node : profile configuration
2021-08-28 02:09:30,613 :: INFO :: Configure profile on Control Node
2021-08-28 02:09:30,687 :: INFO :: Control node : start power of open node
2021-08-28 02:09:30,732 :: INFO :: Node OpenOCD: teardown of openocd node
2021-08-28 02:09:33,781 :: INFO :: openocd node debugger stop
2021-08-28 02:09:34,467 :: INFO :: Node OpenOCD: flash of openocd node
2021-08-28 02:09:34,482 :: INFO :: Flash firmware on OpenOCD: /usr/lib/python2.7/site-packages/gateway_code/static/m3_idle.elf
2021-08-28 02:09:37,050 :: INFO :: Control node : Stop control node serial interface
2021-08-28 02:09:37,059 :: INFO :: Control node : stop power of open node
2021-08-28 02:09:37,119 :: INFO :: Control node : reset
2021-08-28 02:09:37,125 :: INFO :: Reset Control Node
2021-08-28 02:09:40,021 :: INFO :: Stop experiment succeeded
