2021-08-28 01:08:11,325 :: INFO :: Start experiment: luna-275606
2021-08-28 01:08:11,329 :: INFO :: Control node : Starting of control node serial interface
2021-08-28 01:08:11,331 :: INFO :: Control node : reset
2021-08-28 01:08:11,334 :: INFO :: Reset Control Node
2021-08-28 01:08:14,282 :: INFO :: Control node : start power of open node
2021-08-28 01:08:14,338 :: INFO :: Node OpenOCD: Setup of openocd node
2021-08-28 01:08:17,379 :: INFO :: Node OpenOCD: flash of openocd node
2021-08-28 01:08:17,393 :: INFO :: Flash firmware on OpenOCD: /tmp/tmpOcAzcH--d4a0543b7d1f359d92f0e4afc0b7f0cf_unicast-sender-count-30T-20B.iotlab-m3
2021-08-28 01:08:24,393 :: INFO :: Control node : Start experiment
2021-08-28 01:08:24,455 :: INFO :: Control Node set time delay: 1739 us
2021-08-28 01:08:24,471 :: INFO :: Control node : profile configuration
2021-08-28 01:08:24,478 :: INFO :: Configure profile on Control Node
2021-08-28 01:08:24,523 :: INFO :: Start experiment succeeded
2021-08-28 02:09:30,572 :: INFO :: Gateway Manager : Stop experiment
2021-08-28 02:09:30,582 :: INFO :: Stop experiment
2021-08-28 02:09:30,590 :: INFO :: Control node : stop of the experiment
2021-08-28 02:09:30,598 :: INFO :: Control node : profile configuration
2021-08-28 02:09:30,608 :: INFO :: Configure profile on Control Node
2021-08-28 02:09:30,678 :: INFO :: Control node : start power of open node
2021-08-28 02:09:30,724 :: INFO :: Node OpenOCD: teardown of openocd node
2021-08-28 02:09:33,763 :: INFO :: openocd node debugger stop
2021-08-28 02:09:34,447 :: INFO :: Node OpenOCD: flash of openocd node
2021-08-28 02:09:34,454 :: INFO :: Flash firmware on OpenOCD: /usr/lib/python2.7/site-packages/gateway_code/static/m3_idle.elf
2021-08-28 02:09:36,907 :: INFO :: Control node : Stop control node serial interface
2021-08-28 02:09:36,915 :: INFO :: Control node : stop power of open node
2021-08-28 02:09:36,991 :: INFO :: Control node : reset
2021-08-28 02:09:36,998 :: INFO :: Reset Control Node
2021-08-28 02:09:39,840 :: INFO :: Stop experiment succeeded
