2021-08-29 22:35:00,349 :: INFO :: Start experiment: luna-275702
2021-08-29 22:35:00,352 :: INFO :: Control node : Starting of control node serial interface
2021-08-29 22:35:00,355 :: INFO :: Control node : reset
2021-08-29 22:35:00,357 :: INFO :: Reset Control Node
2021-08-29 22:35:03,302 :: INFO :: Control node : start power of open node
2021-08-29 22:35:03,359 :: INFO :: Node OpenOCD: Setup of openocd node
2021-08-29 22:35:06,402 :: INFO :: Node OpenOCD: flash of openocd node
2021-08-29 22:35:06,420 :: INFO :: Flash firmware on OpenOCD: /tmp/tmps7I0rD--11b39be0afbe655a47f82e084cf5704d_unicast-sender-count-60T-191B.iotlab-m3
2021-08-29 22:35:13,319 :: INFO :: Control node : Start experiment
2021-08-29 22:35:13,393 :: INFO :: Control Node set time delay: 1099 us
2021-08-29 22:35:13,425 :: INFO :: Control node : profile configuration
2021-08-29 22:35:13,432 :: INFO :: Configure profile on Control Node
2021-08-29 22:35:13,509 :: INFO :: Start experiment succeeded
2021-08-29 23:36:19,389 :: INFO :: Gateway Manager : Stop experiment
2021-08-29 23:36:19,399 :: INFO :: Stop experiment
2021-08-29 23:36:19,407 :: INFO :: Control node : stop of the experiment
2021-08-29 23:36:19,417 :: INFO :: Control node : profile configuration
2021-08-29 23:36:19,424 :: INFO :: Configure profile on Control Node
2021-08-29 23:36:19,494 :: INFO :: Control node : start power of open node
2021-08-29 23:36:19,537 :: INFO :: Node OpenOCD: teardown of openocd node
2021-08-29 23:36:22,579 :: INFO :: openocd node debugger stop
2021-08-29 23:36:23,247 :: INFO :: Node OpenOCD: flash of openocd node
2021-08-29 23:36:23,254 :: INFO :: Flash firmware on OpenOCD: /usr/lib/python2.7/site-packages/gateway_code/static/m3_idle.elf
2021-08-29 23:36:25,707 :: INFO :: Control node : Stop control node serial interface
2021-08-29 23:36:25,716 :: INFO :: Control node : stop power of open node
2021-08-29 23:36:25,791 :: INFO :: Control node : reset
2021-08-29 23:36:25,797 :: INFO :: Reset Control Node
2021-08-29 23:36:28,688 :: INFO :: Stop experiment succeeded
