2021-08-29 22:35:00,383 :: INFO :: Start experiment: luna-275702
2021-08-29 22:35:00,386 :: INFO :: Control node : Starting of control node serial interface
2021-08-29 22:35:00,389 :: INFO :: Control node : reset
2021-08-29 22:35:00,392 :: INFO :: Reset Control Node
2021-08-29 22:35:03,400 :: INFO :: Control node : start power of open node
2021-08-29 22:35:03,458 :: INFO :: Node OpenOCD: Setup of openocd node
2021-08-29 22:35:06,497 :: INFO :: Node OpenOCD: flash of openocd node
2021-08-29 22:35:06,512 :: INFO :: Flash firmware on OpenOCD: /tmp/tmpVTfzcl--11b39be0afbe655a47f82e084cf5704d_unicast-sender-count-60T-191B.iotlab-m3
2021-08-29 22:35:13,470 :: INFO :: Control node : Start experiment
2021-08-29 22:35:13,519 :: INFO :: Control Node set time delay: 1404 us
2021-08-29 22:35:13,542 :: INFO :: Control node : profile configuration
2021-08-29 22:35:13,546 :: INFO :: Configure profile on Control Node
2021-08-29 22:35:13,590 :: INFO :: Start experiment succeeded
2021-08-29 23:36:19,389 :: INFO :: Gateway Manager : Stop experiment
2021-08-29 23:36:19,398 :: INFO :: Stop experiment
2021-08-29 23:36:19,407 :: INFO :: Control node : stop of the experiment
2021-08-29 23:36:19,414 :: INFO :: Control node : profile configuration
2021-08-29 23:36:19,420 :: INFO :: Configure profile on Control Node
2021-08-29 23:36:19,488 :: INFO :: Control node : start power of open node
2021-08-29 23:36:19,530 :: INFO :: Node OpenOCD: teardown of openocd node
2021-08-29 23:36:22,582 :: INFO :: openocd node debugger stop
2021-08-29 23:36:23,276 :: INFO :: Node OpenOCD: flash of openocd node
2021-08-29 23:36:23,291 :: INFO :: Flash firmware on OpenOCD: /usr/lib/python2.7/site-packages/gateway_code/static/m3_idle.elf
2021-08-29 23:36:25,807 :: INFO :: Control node : Stop control node serial interface
2021-08-29 23:36:25,812 :: INFO :: Control node : stop power of open node
2021-08-29 23:36:25,863 :: INFO :: Control node : reset
2021-08-29 23:36:25,867 :: INFO :: Reset Control Node
2021-08-29 23:36:28,789 :: INFO :: Stop experiment succeeded
