2021-08-29 22:35:00,387 :: INFO :: Start experiment: luna-275702
2021-08-29 22:35:00,390 :: INFO :: Control node : Starting of control node serial interface
2021-08-29 22:35:00,393 :: INFO :: Control node : reset
2021-08-29 22:35:00,396 :: INFO :: Reset Control Node
2021-08-29 22:35:03,351 :: INFO :: Control node : start power of open node
2021-08-29 22:35:03,405 :: INFO :: Node OpenOCD: Setup of openocd node
2021-08-29 22:35:06,458 :: INFO :: Node OpenOCD: flash of openocd node
2021-08-29 22:35:06,473 :: INFO :: Flash firmware on OpenOCD: /tmp/tmp5OGGE2--11b39be0afbe655a47f82e084cf5704d_unicast-sender-count-60T-191B.iotlab-m3
2021-08-29 22:35:13,494 :: INFO :: Control node : Start experiment
2021-08-29 22:35:13,553 :: INFO :: Control Node set time delay: 1220 us
2021-08-29 22:35:13,570 :: INFO :: Control node : profile configuration
2021-08-29 22:35:13,574 :: INFO :: Configure profile on Control Node
2021-08-29 22:35:13,616 :: INFO :: Start experiment succeeded
2021-08-29 23:36:19,426 :: INFO :: Gateway Manager : Stop experiment
2021-08-29 23:36:19,445 :: INFO :: Stop experiment
2021-08-29 23:36:19,464 :: INFO :: Control node : stop of the experiment
2021-08-29 23:36:19,471 :: INFO :: Control node : profile configuration
2021-08-29 23:36:19,478 :: INFO :: Configure profile on Control Node
2021-08-29 23:36:19,550 :: INFO :: Control node : start power of open node
2021-08-29 23:36:19,606 :: INFO :: Node OpenOCD: teardown of openocd node
2021-08-29 23:36:22,665 :: INFO :: openocd node debugger stop
2021-08-29 23:36:23,351 :: INFO :: Node OpenOCD: flash of openocd node
2021-08-29 23:36:23,358 :: INFO :: Flash firmware on OpenOCD: /usr/lib/python2.7/site-packages/gateway_code/static/m3_idle.elf
2021-08-29 23:36:25,862 :: INFO :: Control node : Stop control node serial interface
2021-08-29 23:36:25,867 :: INFO :: Control node : stop power of open node
2021-08-29 23:36:25,921 :: INFO :: Control node : reset
2021-08-29 23:36:25,924 :: INFO :: Reset Control Node
2021-08-29 23:36:28,860 :: INFO :: Stop experiment succeeded
