2021-08-29 22:35:00,418 :: INFO :: Start experiment: luna-275702
2021-08-29 22:35:00,422 :: INFO :: Control node : Starting of control node serial interface
2021-08-29 22:35:00,425 :: INFO :: Control node : reset
2021-08-29 22:35:00,427 :: INFO :: Reset Control Node
2021-08-29 22:35:03,380 :: INFO :: Control node : start power of open node
2021-08-29 22:35:03,435 :: INFO :: Node OpenOCD: Setup of openocd node
2021-08-29 22:35:06,482 :: INFO :: Node OpenOCD: flash of openocd node
2021-08-29 22:35:06,497 :: INFO :: Flash firmware on OpenOCD: /tmp/tmp_wgPZZ--11b39be0afbe655a47f82e084cf5704d_unicast-sender-count-60T-191B.iotlab-m3
2021-08-29 22:35:13,471 :: INFO :: Control node : Start experiment
2021-08-29 22:35:13,519 :: INFO :: Control Node set time delay: 1953 us
2021-08-29 22:35:13,551 :: INFO :: Control node : profile configuration
2021-08-29 22:35:13,558 :: INFO :: Configure profile on Control Node
2021-08-29 22:35:13,609 :: INFO :: Start experiment succeeded
2021-08-29 23:36:19,377 :: INFO :: Gateway Manager : Stop experiment
2021-08-29 23:36:19,386 :: INFO :: Stop experiment
2021-08-29 23:36:19,395 :: INFO :: Control node : stop of the experiment
2021-08-29 23:36:19,404 :: INFO :: Control node : profile configuration
2021-08-29 23:36:19,411 :: INFO :: Configure profile on Control Node
2021-08-29 23:36:19,477 :: INFO :: Control node : start power of open node
2021-08-29 23:36:19,518 :: INFO :: Node OpenOCD: teardown of openocd node
2021-08-29 23:36:22,554 :: INFO :: openocd node debugger stop
2021-08-29 23:36:23,234 :: INFO :: Node OpenOCD: flash of openocd node
2021-08-29 23:36:23,249 :: INFO :: Flash firmware on OpenOCD: /usr/lib/python2.7/site-packages/gateway_code/static/m3_idle.elf
2021-08-29 23:36:25,766 :: INFO :: Control node : Stop control node serial interface
2021-08-29 23:36:25,771 :: INFO :: Control node : stop power of open node
2021-08-29 23:36:25,824 :: INFO :: Control node : reset
2021-08-29 23:36:25,827 :: INFO :: Reset Control Node
2021-08-29 23:36:28,750 :: INFO :: Stop experiment succeeded
