2021-08-29 22:35:00,313 :: INFO :: Start experiment: luna-275702
2021-08-29 22:35:00,316 :: INFO :: Control node : Starting of control node serial interface
2021-08-29 22:35:00,319 :: INFO :: Control node : reset
2021-08-29 22:35:00,322 :: INFO :: Reset Control Node
2021-08-29 22:35:03,275 :: INFO :: Control node : start power of open node
2021-08-29 22:35:03,331 :: INFO :: Node OpenOCD: Setup of openocd node
2021-08-29 22:35:06,381 :: INFO :: Node OpenOCD: flash of openocd node
2021-08-29 22:35:06,398 :: INFO :: Flash firmware on OpenOCD: /tmp/tmpk3YvhH--11b39be0afbe655a47f82e084cf5704d_unicast-sender-count-60T-191B.iotlab-m3
2021-08-29 22:35:13,301 :: INFO :: Control node : Start experiment
2021-08-29 22:35:13,365 :: INFO :: Control Node set time delay: 1739 us
2021-08-29 22:35:13,388 :: INFO :: Control node : profile configuration
2021-08-29 22:35:13,396 :: INFO :: Configure profile on Control Node
2021-08-29 22:35:13,475 :: INFO :: Start experiment succeeded
2021-08-29 23:36:19,407 :: INFO :: Gateway Manager : Stop experiment
2021-08-29 23:36:19,417 :: INFO :: Stop experiment
2021-08-29 23:36:19,426 :: INFO :: Control node : stop of the experiment
2021-08-29 23:36:19,433 :: INFO :: Control node : profile configuration
2021-08-29 23:36:19,441 :: INFO :: Configure profile on Control Node
2021-08-29 23:36:19,514 :: INFO :: Control node : start power of open node
2021-08-29 23:36:19,560 :: INFO :: Node OpenOCD: teardown of openocd node
2021-08-29 23:36:22,599 :: INFO :: openocd node debugger stop
2021-08-29 23:36:23,293 :: INFO :: Node OpenOCD: flash of openocd node
2021-08-29 23:36:23,308 :: INFO :: Flash firmware on OpenOCD: /usr/lib/python2.7/site-packages/gateway_code/static/m3_idle.elf
2021-08-29 23:36:25,878 :: INFO :: Control node : Stop control node serial interface
2021-08-29 23:36:25,887 :: INFO :: Control node : stop power of open node
2021-08-29 23:36:25,959 :: INFO :: Control node : reset
2021-08-29 23:36:25,966 :: INFO :: Reset Control Node
2021-08-29 23:36:28,856 :: INFO :: Stop experiment succeeded
