2021-08-29 22:35:00,408 :: INFO :: Start experiment: luna-275702
2021-08-29 22:35:00,412 :: INFO :: Control node : Starting of control node serial interface
2021-08-29 22:35:00,415 :: INFO :: Control node : reset
2021-08-29 22:35:00,417 :: INFO :: Reset Control Node
2021-08-29 22:35:03,372 :: INFO :: Control node : start power of open node
2021-08-29 22:35:03,430 :: INFO :: Node OpenOCD: Setup of openocd node
2021-08-29 22:35:06,480 :: INFO :: Node OpenOCD: flash of openocd node
2021-08-29 22:35:06,495 :: INFO :: Flash firmware on OpenOCD: /tmp/tmpNYwQ9Y--11b39be0afbe655a47f82e084cf5704d_unicast-sender-count-60T-191B.iotlab-m3
2021-08-29 22:35:13,395 :: INFO :: Control node : Start experiment
2021-08-29 22:35:13,469 :: INFO :: Control Node set time delay: 1862 us
2021-08-29 22:35:13,500 :: INFO :: Control node : profile configuration
2021-08-29 22:35:13,507 :: INFO :: Configure profile on Control Node
2021-08-29 22:35:13,585 :: INFO :: Start experiment succeeded
2021-08-29 23:36:19,415 :: INFO :: Gateway Manager : Stop experiment
2021-08-29 23:36:19,433 :: INFO :: Stop experiment
2021-08-29 23:36:19,452 :: INFO :: Control node : stop of the experiment
2021-08-29 23:36:19,468 :: INFO :: Control node : profile configuration
2021-08-29 23:36:19,483 :: INFO :: Configure profile on Control Node
2021-08-29 23:36:19,644 :: INFO :: Control node : start power of open node
2021-08-29 23:36:19,665 :: INFO :: Node OpenOCD: teardown of openocd node
2021-08-29 23:36:22,708 :: INFO :: openocd node debugger stop
2021-08-29 23:36:23,393 :: INFO :: Node OpenOCD: flash of openocd node
2021-08-29 23:36:23,399 :: INFO :: Flash firmware on OpenOCD: /usr/lib/python2.7/site-packages/gateway_code/static/m3_idle.elf
2021-08-29 23:36:25,903 :: INFO :: Control node : Stop control node serial interface
2021-08-29 23:36:25,908 :: INFO :: Control node : stop power of open node
2021-08-29 23:36:25,958 :: INFO :: Control node : reset
2021-08-29 23:36:25,963 :: INFO :: Reset Control Node
2021-08-29 23:36:28,855 :: INFO :: Stop experiment succeeded
