2021-08-29 22:35:00,397 :: INFO :: Start experiment: luna-275702
2021-08-29 22:35:00,401 :: INFO :: Control node : Starting of control node serial interface
2021-08-29 22:35:00,404 :: INFO :: Control node : reset
2021-08-29 22:35:00,406 :: INFO :: Reset Control Node
2021-08-29 22:35:03,358 :: INFO :: Control node : start power of open node
2021-08-29 22:35:03,417 :: INFO :: Node OpenOCD: Setup of openocd node
2021-08-29 22:35:06,463 :: INFO :: Node OpenOCD: flash of openocd node
2021-08-29 22:35:06,477 :: INFO :: Flash firmware on OpenOCD: /tmp/tmpW1Awmm--11b39be0afbe655a47f82e084cf5704d_unicast-sender-count-60T-191B.iotlab-m3
2021-08-29 22:35:13,333 :: INFO :: Control node : Start experiment
2021-08-29 22:35:13,407 :: INFO :: Control Node set time delay: 1648 us
2021-08-29 22:35:13,441 :: INFO :: Control node : profile configuration
2021-08-29 22:35:13,448 :: INFO :: Configure profile on Control Node
2021-08-29 22:35:13,527 :: INFO :: Start experiment succeeded
2021-08-29 23:36:19,398 :: INFO :: Gateway Manager : Stop experiment
2021-08-29 23:36:19,415 :: INFO :: Stop experiment
2021-08-29 23:36:19,434 :: INFO :: Control node : stop of the experiment
2021-08-29 23:36:19,449 :: INFO :: Control node : profile configuration
2021-08-29 23:36:19,464 :: INFO :: Configure profile on Control Node
2021-08-29 23:36:19,546 :: INFO :: Control node : start power of open node
2021-08-29 23:36:19,570 :: INFO :: Node OpenOCD: teardown of openocd node
2021-08-29 23:36:22,604 :: INFO :: openocd node debugger stop
2021-08-29 23:36:23,291 :: INFO :: Node OpenOCD: flash of openocd node
2021-08-29 23:36:23,298 :: INFO :: Flash firmware on OpenOCD: /usr/lib/python2.7/site-packages/gateway_code/static/m3_idle.elf
2021-08-29 23:36:25,806 :: INFO :: Control node : Stop control node serial interface
2021-08-29 23:36:25,815 :: INFO :: Control node : stop power of open node
2021-08-29 23:36:25,881 :: INFO :: Control node : reset
2021-08-29 23:36:25,888 :: INFO :: Reset Control Node
2021-08-29 23:36:28,760 :: INFO :: Stop experiment succeeded
