2021-08-29 22:35:00,310 :: INFO :: Start experiment: luna-275702
2021-08-29 22:35:00,313 :: INFO :: Control node : Starting of control node serial interface
2021-08-29 22:35:00,316 :: INFO :: Control node : reset
2021-08-29 22:35:00,319 :: INFO :: Reset Control Node
2021-08-29 22:35:03,326 :: INFO :: Control node : start power of open node
2021-08-29 22:35:03,386 :: INFO :: Node OpenOCD: Setup of openocd node
2021-08-29 22:35:06,434 :: INFO :: Node OpenOCD: flash of openocd node
2021-08-29 22:35:06,449 :: INFO :: Flash firmware on OpenOCD: /tmp/tmparEk92--11b39be0afbe655a47f82e084cf5704d_unicast-sender-count-60T-191B.iotlab-m3
2021-08-29 22:35:13,469 :: INFO :: Control node : Start experiment
2021-08-29 22:35:13,517 :: INFO :: Control Node set time delay: 1404 us
2021-08-29 22:35:13,535 :: INFO :: Control node : profile configuration
2021-08-29 22:35:13,539 :: INFO :: Configure profile on Control Node
2021-08-29 22:35:13,579 :: INFO :: Start experiment succeeded
2021-08-29 23:36:19,393 :: INFO :: Gateway Manager : Stop experiment
2021-08-29 23:36:19,403 :: INFO :: Stop experiment
2021-08-29 23:36:19,411 :: INFO :: Control node : stop of the experiment
2021-08-29 23:36:19,419 :: INFO :: Control node : profile configuration
2021-08-29 23:36:19,426 :: INFO :: Configure profile on Control Node
2021-08-29 23:36:19,499 :: INFO :: Control node : start power of open node
2021-08-29 23:36:19,542 :: INFO :: Node OpenOCD: teardown of openocd node
2021-08-29 23:36:22,579 :: INFO :: openocd node debugger stop
2021-08-29 23:36:23,271 :: INFO :: Node OpenOCD: flash of openocd node
2021-08-29 23:36:23,285 :: INFO :: Flash firmware on OpenOCD: /usr/lib/python2.7/site-packages/gateway_code/static/m3_idle.elf
2021-08-29 23:36:25,848 :: INFO :: Control node : Stop control node serial interface
2021-08-29 23:36:25,853 :: INFO :: Control node : stop power of open node
2021-08-29 23:36:25,902 :: INFO :: Control node : reset
2021-08-29 23:36:25,906 :: INFO :: Reset Control Node
2021-08-29 23:36:28,826 :: INFO :: Stop experiment succeeded
