2021-08-29 22:35:00,425 :: INFO :: Start experiment: luna-275702
2021-08-29 22:35:00,429 :: INFO :: Control node : Starting of control node serial interface
2021-08-29 22:35:00,432 :: INFO :: Control node : reset
2021-08-29 22:35:00,435 :: INFO :: Reset Control Node
2021-08-29 22:35:03,379 :: INFO :: Control node : start power of open node
2021-08-29 22:35:03,434 :: INFO :: Node OpenOCD: Setup of openocd node
2021-08-29 22:35:06,481 :: INFO :: Node OpenOCD: flash of openocd node
2021-08-29 22:35:06,499 :: INFO :: Flash firmware on OpenOCD: /tmp/tmpkM4s_1--11b39be0afbe655a47f82e084cf5704d_unicast-sender-count-60T-191B.iotlab-m3
2021-08-29 22:35:13,456 :: INFO :: Control node : Start experiment
2021-08-29 22:35:13,508 :: INFO :: Control Node set time delay: 1374 us
2021-08-29 22:35:13,538 :: INFO :: Control node : profile configuration
2021-08-29 22:35:13,544 :: INFO :: Configure profile on Control Node
2021-08-29 22:35:13,584 :: INFO :: Start experiment succeeded
2021-08-29 23:36:19,363 :: INFO :: Gateway Manager : Stop experiment
2021-08-29 23:36:19,373 :: INFO :: Stop experiment
2021-08-29 23:36:19,381 :: INFO :: Control node : stop of the experiment
2021-08-29 23:36:19,389 :: INFO :: Control node : profile configuration
2021-08-29 23:36:19,399 :: INFO :: Configure profile on Control Node
2021-08-29 23:36:19,470 :: INFO :: Control node : start power of open node
2021-08-29 23:36:19,514 :: INFO :: Node OpenOCD: teardown of openocd node
2021-08-29 23:36:22,552 :: INFO :: openocd node debugger stop
2021-08-29 23:36:23,243 :: INFO :: Node OpenOCD: flash of openocd node
2021-08-29 23:36:23,258 :: INFO :: Flash firmware on OpenOCD: /usr/lib/python2.7/site-packages/gateway_code/static/m3_idle.elf
2021-08-29 23:36:25,773 :: INFO :: Control node : Stop control node serial interface
2021-08-29 23:36:25,782 :: INFO :: Control node : stop power of open node
2021-08-29 23:36:25,859 :: INFO :: Control node : reset
2021-08-29 23:36:25,865 :: INFO :: Reset Control Node
2021-08-29 23:36:28,751 :: INFO :: Stop experiment succeeded
