2021-08-29 22:35:00,414 :: INFO :: Start experiment: luna-275702
2021-08-29 22:35:00,418 :: INFO :: Control node : Starting of control node serial interface
2021-08-29 22:35:00,420 :: INFO :: Control node : reset
2021-08-29 22:35:00,423 :: INFO :: Reset Control Node
2021-08-29 22:35:03,378 :: INFO :: Control node : start power of open node
2021-08-29 22:35:03,435 :: INFO :: Node OpenOCD: Setup of openocd node
2021-08-29 22:35:06,487 :: INFO :: Node OpenOCD: flash of openocd node
2021-08-29 22:35:06,502 :: INFO :: Flash firmware on OpenOCD: /tmp/tmpYAQbJg--11b39be0afbe655a47f82e084cf5704d_unicast-sender-count-60T-191B.iotlab-m3
2021-08-29 22:35:13,461 :: INFO :: Control node : Start experiment
2021-08-29 22:35:13,525 :: INFO :: Control Node set time delay: 1160 us
2021-08-29 22:35:13,542 :: INFO :: Control node : profile configuration
2021-08-29 22:35:13,548 :: INFO :: Configure profile on Control Node
2021-08-29 22:35:13,606 :: INFO :: Start experiment succeeded
2021-08-29 23:36:19,375 :: INFO :: Gateway Manager : Stop experiment
2021-08-29 23:36:19,384 :: INFO :: Stop experiment
2021-08-29 23:36:19,393 :: INFO :: Control node : stop of the experiment
2021-08-29 23:36:19,400 :: INFO :: Control node : profile configuration
2021-08-29 23:36:19,408 :: INFO :: Configure profile on Control Node
2021-08-29 23:36:19,479 :: INFO :: Control node : start power of open node
2021-08-29 23:36:19,520 :: INFO :: Node OpenOCD: teardown of openocd node
2021-08-29 23:36:22,581 :: INFO :: openocd node debugger stop
2021-08-29 23:36:23,272 :: INFO :: Node OpenOCD: flash of openocd node
2021-08-29 23:36:23,287 :: INFO :: Flash firmware on OpenOCD: /usr/lib/python2.7/site-packages/gateway_code/static/m3_idle.elf
2021-08-29 23:36:25,903 :: INFO :: Control node : Stop control node serial interface
2021-08-29 23:36:25,912 :: INFO :: Control node : stop power of open node
2021-08-29 23:36:25,989 :: INFO :: Control node : reset
2021-08-29 23:36:25,995 :: INFO :: Reset Control Node
2021-08-29 23:36:28,876 :: INFO :: Stop experiment succeeded
