2021-08-29 22:35:00,428 :: INFO :: Start experiment: luna-275702
2021-08-29 22:35:00,432 :: INFO :: Control node : Starting of control node serial interface
2021-08-29 22:35:00,434 :: INFO :: Control node : reset
2021-08-29 22:35:00,437 :: INFO :: Reset Control Node
2021-08-29 22:35:03,391 :: INFO :: Control node : start power of open node
2021-08-29 22:35:03,449 :: INFO :: Node OpenOCD: Setup of openocd node
2021-08-29 22:35:06,500 :: INFO :: Node OpenOCD: flash of openocd node
2021-08-29 22:35:06,514 :: INFO :: Flash firmware on OpenOCD: /tmp/tmpVmBeT2--11b39be0afbe655a47f82e084cf5704d_unicast-sender-count-60T-191B.iotlab-m3
2021-08-29 22:35:13,442 :: INFO :: Control node : Start experiment
2021-08-29 22:35:13,497 :: INFO :: Control Node set time delay: 1496 us
2021-08-29 22:35:13,522 :: INFO :: Control node : profile configuration
2021-08-29 22:35:13,529 :: INFO :: Configure profile on Control Node
2021-08-29 22:35:13,584 :: INFO :: Start experiment succeeded
2021-08-29 23:36:19,404 :: INFO :: Gateway Manager : Stop experiment
2021-08-29 23:36:19,413 :: INFO :: Stop experiment
2021-08-29 23:36:19,422 :: INFO :: Control node : stop of the experiment
2021-08-29 23:36:19,432 :: INFO :: Control node : profile configuration
2021-08-29 23:36:19,440 :: INFO :: Configure profile on Control Node
2021-08-29 23:36:19,510 :: INFO :: Control node : start power of open node
2021-08-29 23:36:19,554 :: INFO :: Node OpenOCD: teardown of openocd node
2021-08-29 23:36:22,596 :: INFO :: openocd node debugger stop
2021-08-29 23:36:23,281 :: INFO :: Node OpenOCD: flash of openocd node
2021-08-29 23:36:23,288 :: INFO :: Flash firmware on OpenOCD: /usr/lib/python2.7/site-packages/gateway_code/static/m3_idle.elf
2021-08-29 23:36:25,845 :: INFO :: Control node : Stop control node serial interface
2021-08-29 23:36:25,853 :: INFO :: Control node : stop power of open node
2021-08-29 23:36:25,920 :: INFO :: Control node : reset
2021-08-29 23:36:25,927 :: INFO :: Reset Control Node
2021-08-29 23:36:28,813 :: INFO :: Stop experiment succeeded
