2021-08-29 22:35:00,372 :: INFO :: Start experiment: luna-275702
2021-08-29 22:35:00,375 :: INFO :: Control node : Starting of control node serial interface
2021-08-29 22:35:00,378 :: INFO :: Control node : reset
2021-08-29 22:35:00,381 :: INFO :: Reset Control Node
2021-08-29 22:35:03,337 :: INFO :: Control node : start power of open node
2021-08-29 22:35:03,394 :: INFO :: Node OpenOCD: Setup of openocd node
2021-08-29 22:35:06,446 :: INFO :: Node OpenOCD: flash of openocd node
2021-08-29 22:35:06,461 :: INFO :: Flash firmware on OpenOCD: /tmp/tmpqS7ldN--11b39be0afbe655a47f82e084cf5704d_unicast-sender-count-60T-191B.iotlab-m3
2021-08-29 22:35:13,365 :: INFO :: Control node : Start experiment
2021-08-29 22:35:13,434 :: INFO :: Control Node set time delay: 1129 us
2021-08-29 22:35:13,463 :: INFO :: Control node : profile configuration
2021-08-29 22:35:13,470 :: INFO :: Configure profile on Control Node
2021-08-29 22:35:13,549 :: INFO :: Start experiment succeeded
2021-08-29 23:36:19,356 :: INFO :: Gateway Manager : Stop experiment
2021-08-29 23:36:19,366 :: INFO :: Stop experiment
2021-08-29 23:36:19,374 :: INFO :: Control node : stop of the experiment
2021-08-29 23:36:19,382 :: INFO :: Control node : profile configuration
2021-08-29 23:36:19,390 :: INFO :: Configure profile on Control Node
2021-08-29 23:36:19,465 :: INFO :: Control node : start power of open node
2021-08-29 23:36:19,509 :: INFO :: Node OpenOCD: teardown of openocd node
2021-08-29 23:36:22,582 :: INFO :: openocd node debugger stop
2021-08-29 23:36:23,174 :: INFO :: Node OpenOCD: flash of openocd node
2021-08-29 23:36:23,189 :: INFO :: Flash firmware on OpenOCD: /usr/lib/python2.7/site-packages/gateway_code/static/m3_idle.elf
2021-08-29 23:36:25,768 :: INFO :: Control node : Stop control node serial interface
2021-08-29 23:36:25,777 :: INFO :: Control node : stop power of open node
2021-08-29 23:36:25,852 :: INFO :: Control node : reset
2021-08-29 23:36:25,859 :: INFO :: Reset Control Node
2021-08-29 23:36:28,690 :: INFO :: Stop experiment succeeded
