2021-08-29 22:35:00,399 :: INFO :: Start experiment: luna-275702
2021-08-29 22:35:00,403 :: INFO :: Control node : Starting of control node serial interface
2021-08-29 22:35:00,406 :: INFO :: Control node : reset
2021-08-29 22:35:00,408 :: INFO :: Reset Control Node
2021-08-29 22:35:03,417 :: INFO :: Control node : start power of open node
2021-08-29 22:35:03,478 :: INFO :: Node OpenOCD: Setup of openocd node
2021-08-29 22:35:06,518 :: INFO :: Node OpenOCD: flash of openocd node
2021-08-29 22:35:06,533 :: INFO :: Flash firmware on OpenOCD: /tmp/tmpafBxrG--11b39be0afbe655a47f82e084cf5704d_unicast-sender-count-60T-191B.iotlab-m3
2021-08-29 22:35:13,439 :: INFO :: Control node : Start experiment
2021-08-29 22:35:13,522 :: INFO :: Control Node set time delay: 1099 us
2021-08-29 22:35:13,551 :: INFO :: Control node : profile configuration
2021-08-29 22:35:13,558 :: INFO :: Configure profile on Control Node
2021-08-29 22:35:13,636 :: INFO :: Start experiment succeeded
2021-08-29 23:36:19,399 :: INFO :: Gateway Manager : Stop experiment
2021-08-29 23:36:19,409 :: INFO :: Stop experiment
2021-08-29 23:36:19,418 :: INFO :: Control node : stop of the experiment
2021-08-29 23:36:19,425 :: INFO :: Control node : profile configuration
2021-08-29 23:36:19,432 :: INFO :: Configure profile on Control Node
2021-08-29 23:36:19,505 :: INFO :: Control node : start power of open node
2021-08-29 23:36:19,551 :: INFO :: Node OpenOCD: teardown of openocd node
2021-08-29 23:36:22,603 :: INFO :: openocd node debugger stop
2021-08-29 23:36:23,298 :: INFO :: Node OpenOCD: flash of openocd node
2021-08-29 23:36:23,313 :: INFO :: Flash firmware on OpenOCD: /usr/lib/python2.7/site-packages/gateway_code/static/m3_idle.elf
2021-08-29 23:36:25,882 :: INFO :: Control node : Stop control node serial interface
2021-08-29 23:36:25,890 :: INFO :: Control node : stop power of open node
2021-08-29 23:36:25,959 :: INFO :: Control node : reset
2021-08-29 23:36:25,966 :: INFO :: Reset Control Node
2021-08-29 23:36:28,851 :: INFO :: Stop experiment succeeded
