2021-08-29 22:35:00,363 :: INFO :: Start experiment: luna-275702
2021-08-29 22:35:00,367 :: INFO :: Control node : Starting of control node serial interface
2021-08-29 22:35:00,370 :: INFO :: Control node : reset
2021-08-29 22:35:00,373 :: INFO :: Reset Control Node
2021-08-29 22:35:03,325 :: INFO :: Control node : start power of open node
2021-08-29 22:35:03,379 :: INFO :: Node OpenOCD: Setup of openocd node
2021-08-29 22:35:06,418 :: INFO :: Node OpenOCD: flash of openocd node
2021-08-29 22:35:06,432 :: INFO :: Flash firmware on OpenOCD: /tmp/tmpwScOwY--11b39be0afbe655a47f82e084cf5704d_unicast-sender-count-60T-191B.iotlab-m3
2021-08-29 22:35:13,358 :: INFO :: Control node : Start experiment
2021-08-29 22:35:13,457 :: INFO :: Control Node set time delay: 976 us
2021-08-29 22:35:13,477 :: INFO :: Control node : profile configuration
2021-08-29 22:35:13,480 :: INFO :: Configure profile on Control Node
2021-08-29 22:35:13,521 :: INFO :: Start experiment succeeded
2021-08-29 23:36:19,371 :: INFO :: Gateway Manager : Stop experiment
2021-08-29 23:36:19,381 :: INFO :: Stop experiment
2021-08-29 23:36:19,389 :: INFO :: Control node : stop of the experiment
2021-08-29 23:36:19,397 :: INFO :: Control node : profile configuration
2021-08-29 23:36:19,404 :: INFO :: Configure profile on Control Node
2021-08-29 23:36:19,474 :: INFO :: Control node : start power of open node
2021-08-29 23:36:19,517 :: INFO :: Node OpenOCD: teardown of openocd node
2021-08-29 23:36:22,572 :: INFO :: openocd node debugger stop
2021-08-29 23:36:23,257 :: INFO :: Node OpenOCD: flash of openocd node
2021-08-29 23:36:23,264 :: INFO :: Flash firmware on OpenOCD: /usr/lib/python2.7/site-packages/gateway_code/static/m3_idle.elf
2021-08-29 23:36:25,771 :: INFO :: Control node : Stop control node serial interface
2021-08-29 23:36:25,780 :: INFO :: Control node : stop power of open node
2021-08-29 23:36:25,854 :: INFO :: Control node : reset
2021-08-29 23:36:25,861 :: INFO :: Reset Control Node
2021-08-29 23:36:28,749 :: INFO :: Stop experiment succeeded
