2021-08-29 22:35:00,369 :: INFO :: Start experiment: luna-275702
2021-08-29 22:35:00,373 :: INFO :: Control node : Starting of control node serial interface
2021-08-29 22:35:00,375 :: INFO :: Control node : reset
2021-08-29 22:35:00,378 :: INFO :: Reset Control Node
2021-08-29 22:35:03,307 :: INFO :: Control node : start power of open node
2021-08-29 22:35:03,334 :: INFO :: Node OpenOCD: Setup of openocd node
2021-08-29 22:35:06,372 :: INFO :: Node OpenOCD: flash of openocd node
2021-08-29 22:35:06,390 :: INFO :: Flash firmware on OpenOCD: /tmp/tmpP13rYe--11b39be0afbe655a47f82e084cf5704d_unicast-sender-count-60T-191B.iotlab-m3
2021-08-29 22:35:13,286 :: INFO :: Control node : Start experiment
2021-08-29 22:35:13,349 :: INFO :: Control Node set time delay: 1190 us
2021-08-29 22:35:13,375 :: INFO :: Control node : profile configuration
2021-08-29 22:35:13,381 :: INFO :: Configure profile on Control Node
2021-08-29 22:35:13,460 :: INFO :: Start experiment succeeded
2021-08-29 23:36:19,370 :: INFO :: Gateway Manager : Stop experiment
2021-08-29 23:36:19,380 :: INFO :: Stop experiment
2021-08-29 23:36:19,389 :: INFO :: Control node : stop of the experiment
2021-08-29 23:36:19,396 :: INFO :: Control node : profile configuration
2021-08-29 23:36:19,404 :: INFO :: Configure profile on Control Node
2021-08-29 23:36:19,477 :: INFO :: Control node : start power of open node
2021-08-29 23:36:19,522 :: INFO :: Node OpenOCD: teardown of openocd node
2021-08-29 23:36:22,583 :: INFO :: openocd node debugger stop
2021-08-29 23:36:23,275 :: INFO :: Node OpenOCD: flash of openocd node
2021-08-29 23:36:23,290 :: INFO :: Flash firmware on OpenOCD: /usr/lib/python2.7/site-packages/gateway_code/static/m3_idle.elf
2021-08-29 23:36:25,805 :: INFO :: Control node : Stop control node serial interface
2021-08-29 23:36:25,811 :: INFO :: Control node : stop power of open node
2021-08-29 23:36:25,882 :: INFO :: Control node : reset
2021-08-29 23:36:25,889 :: INFO :: Reset Control Node
2021-08-29 23:36:28,777 :: INFO :: Stop experiment succeeded
