2021-08-29 22:35:00,353 :: INFO :: Start experiment: luna-275702
2021-08-29 22:35:00,357 :: INFO :: Control node : Starting of control node serial interface
2021-08-29 22:35:00,360 :: INFO :: Control node : reset
2021-08-29 22:35:00,362 :: INFO :: Reset Control Node
2021-08-29 22:35:03,294 :: INFO :: Control node : start power of open node
2021-08-29 22:35:03,323 :: INFO :: Node OpenOCD: Setup of openocd node
2021-08-29 22:35:06,357 :: INFO :: Node OpenOCD: flash of openocd node
2021-08-29 22:35:06,375 :: INFO :: Flash firmware on OpenOCD: /tmp/tmpp67YM6--11b39be0afbe655a47f82e084cf5704d_unicast-sender-count-60T-191B.iotlab-m3
2021-08-29 22:35:13,261 :: INFO :: Control node : Start experiment
2021-08-29 22:35:13,315 :: INFO :: Control Node set time delay: 1923 us
2021-08-29 22:35:13,348 :: INFO :: Control node : profile configuration
2021-08-29 22:35:13,355 :: INFO :: Configure profile on Control Node
2021-08-29 22:35:13,407 :: INFO :: Start experiment succeeded
2021-08-29 23:36:19,397 :: INFO :: Gateway Manager : Stop experiment
2021-08-29 23:36:19,418 :: INFO :: Stop experiment
2021-08-29 23:36:19,436 :: INFO :: Control node : stop of the experiment
2021-08-29 23:36:19,459 :: INFO :: Control node : profile configuration
2021-08-29 23:36:19,476 :: INFO :: Configure profile on Control Node
2021-08-29 23:36:19,634 :: INFO :: Control node : start power of open node
2021-08-29 23:36:19,653 :: INFO :: Node OpenOCD: teardown of openocd node
2021-08-29 23:36:22,710 :: INFO :: openocd node debugger stop
2021-08-29 23:36:23,403 :: INFO :: Node OpenOCD: flash of openocd node
2021-08-29 23:36:23,418 :: INFO :: Flash firmware on OpenOCD: /usr/lib/python2.7/site-packages/gateway_code/static/m3_idle.elf
2021-08-29 23:36:25,982 :: INFO :: Control node : Stop control node serial interface
2021-08-29 23:36:25,991 :: INFO :: Control node : stop power of open node
2021-08-29 23:36:26,064 :: INFO :: Control node : reset
2021-08-29 23:36:26,071 :: INFO :: Reset Control Node
2021-08-29 23:36:28,965 :: INFO :: Stop experiment succeeded
