2021-08-29 22:35:00,338 :: INFO :: Start experiment: luna-275702
2021-08-29 22:35:00,342 :: INFO :: Control node : Starting of control node serial interface
2021-08-29 22:35:00,344 :: INFO :: Control node : reset
2021-08-29 22:35:00,347 :: INFO :: Reset Control Node
2021-08-29 22:35:03,233 :: INFO :: Control node : start power of open node
2021-08-29 22:35:03,261 :: INFO :: Node OpenOCD: Setup of openocd node
2021-08-29 22:35:06,297 :: INFO :: Node OpenOCD: flash of openocd node
2021-08-29 22:35:06,315 :: INFO :: Flash firmware on OpenOCD: /tmp/tmpoMAw6t--11b39be0afbe655a47f82e084cf5704d_unicast-sender-count-60T-191B.iotlab-m3
2021-08-29 22:35:13,229 :: INFO :: Control node : Start experiment
2021-08-29 22:35:13,292 :: INFO :: Control Node set time delay: 1038 us
2021-08-29 22:35:13,315 :: INFO :: Control node : profile configuration
2021-08-29 22:35:13,321 :: INFO :: Configure profile on Control Node
2021-08-29 22:35:13,400 :: INFO :: Start experiment succeeded
2021-08-29 23:36:19,381 :: INFO :: Gateway Manager : Stop experiment
2021-08-29 23:36:19,390 :: INFO :: Stop experiment
2021-08-29 23:36:19,398 :: INFO :: Control node : stop of the experiment
2021-08-29 23:36:19,405 :: INFO :: Control node : profile configuration
2021-08-29 23:36:19,412 :: INFO :: Configure profile on Control Node
2021-08-29 23:36:19,481 :: INFO :: Control node : start power of open node
2021-08-29 23:36:19,522 :: INFO :: Node OpenOCD: teardown of openocd node
2021-08-29 23:36:22,572 :: INFO :: openocd node debugger stop
2021-08-29 23:36:23,258 :: INFO :: Node OpenOCD: flash of openocd node
2021-08-29 23:36:23,273 :: INFO :: Flash firmware on OpenOCD: /usr/lib/python2.7/site-packages/gateway_code/static/m3_idle.elf
2021-08-29 23:36:25,838 :: INFO :: Control node : Stop control node serial interface
2021-08-29 23:36:25,844 :: INFO :: Control node : stop power of open node
2021-08-29 23:36:25,881 :: INFO :: Control node : reset
2021-08-29 23:36:25,885 :: INFO :: Reset Control Node
2021-08-29 23:36:28,797 :: INFO :: Stop experiment succeeded
