2021-08-29 22:35:00,370 :: INFO :: Start experiment: luna-275702
2021-08-29 22:35:00,374 :: INFO :: Control node : Starting of control node serial interface
2021-08-29 22:35:00,377 :: INFO :: Control node : reset
2021-08-29 22:35:00,379 :: INFO :: Reset Control Node
2021-08-29 22:35:03,297 :: INFO :: Control node : start power of open node
2021-08-29 22:35:03,326 :: INFO :: Node OpenOCD: Setup of openocd node
2021-08-29 22:35:06,365 :: INFO :: Node OpenOCD: flash of openocd node
2021-08-29 22:35:06,383 :: INFO :: Flash firmware on OpenOCD: /tmp/tmpUMTf_1--11b39be0afbe655a47f82e084cf5704d_unicast-sender-count-60T-191B.iotlab-m3
2021-08-29 22:35:13,279 :: INFO :: Control node : Start experiment
2021-08-29 22:35:13,351 :: INFO :: Control Node set time delay: 1038 us
2021-08-29 22:35:13,383 :: INFO :: Control node : profile configuration
2021-08-29 22:35:13,390 :: INFO :: Configure profile on Control Node
2021-08-29 22:35:13,469 :: INFO :: Start experiment succeeded
2021-08-29 23:36:19,405 :: INFO :: Gateway Manager : Stop experiment
2021-08-29 23:36:19,425 :: INFO :: Stop experiment
2021-08-29 23:36:19,442 :: INFO :: Control node : stop of the experiment
2021-08-29 23:36:19,457 :: INFO :: Control node : profile configuration
2021-08-29 23:36:19,478 :: INFO :: Configure profile on Control Node
2021-08-29 23:36:19,642 :: INFO :: Control node : start power of open node
2021-08-29 23:36:19,662 :: INFO :: Node OpenOCD: teardown of openocd node
2021-08-29 23:36:22,696 :: INFO :: openocd node debugger stop
2021-08-29 23:36:23,387 :: INFO :: Node OpenOCD: flash of openocd node
2021-08-29 23:36:23,401 :: INFO :: Flash firmware on OpenOCD: /usr/lib/python2.7/site-packages/gateway_code/static/m3_idle.elf
2021-08-29 23:36:25,972 :: INFO :: Control node : Stop control node serial interface
2021-08-29 23:36:25,977 :: INFO :: Control node : stop power of open node
2021-08-29 23:36:26,025 :: INFO :: Control node : reset
2021-08-29 23:36:26,029 :: INFO :: Reset Control Node
2021-08-29 23:36:28,957 :: INFO :: Stop experiment succeeded
