2021-08-31 08:38:00,444 :: INFO :: Start experiment: luna-275854
2021-08-31 08:38:00,447 :: INFO :: Control node : Starting of control node serial interface
2021-08-31 08:38:00,450 :: INFO :: Control node : reset
2021-08-31 08:38:00,453 :: INFO :: Reset Control Node
2021-08-31 08:38:03,415 :: INFO :: Control node : start power of open node
2021-08-31 08:38:03,445 :: INFO :: Node OpenOCD: Setup of openocd node
2021-08-31 08:38:06,478 :: INFO :: Node OpenOCD: flash of openocd node
2021-08-31 08:38:06,496 :: INFO :: Flash firmware on OpenOCD: /tmp/tmpvr07Q6--a14ddd1a1d6cc1c4ffb46cbabc9d20fe_unicast-sender-count-10T-20B.iotlab-m3
2021-08-31 08:38:13,386 :: INFO :: Control node : Start experiment
2021-08-31 08:38:13,437 :: INFO :: Control Node set time delay: 1740 us
2021-08-31 08:38:13,468 :: INFO :: Control node : profile configuration
2021-08-31 08:38:13,475 :: INFO :: Configure profile on Control Node
2021-08-31 08:38:13,555 :: INFO :: Start experiment succeeded
2021-08-31 09:39:20,550 :: INFO :: Gateway Manager : Stop experiment
2021-08-31 09:39:20,568 :: INFO :: Stop experiment
2021-08-31 09:39:20,585 :: INFO :: Control node : stop of the experiment
2021-08-31 09:39:20,605 :: INFO :: Control node : profile configuration
2021-08-31 09:39:20,620 :: INFO :: Configure profile on Control Node
2021-08-31 09:39:20,773 :: INFO :: Control node : start power of open node
2021-08-31 09:39:20,819 :: INFO :: Node OpenOCD: teardown of openocd node
2021-08-31 09:39:23,854 :: INFO :: openocd node debugger stop
2021-08-31 09:39:24,541 :: INFO :: Node OpenOCD: flash of openocd node
2021-08-31 09:39:24,556 :: INFO :: Flash firmware on OpenOCD: /usr/lib/python2.7/site-packages/gateway_code/static/m3_idle.elf
2021-08-31 09:39:27,172 :: INFO :: Control node : Stop control node serial interface
2021-08-31 09:39:27,181 :: INFO :: Control node : stop power of open node
2021-08-31 09:39:27,254 :: INFO :: Control node : reset
2021-08-31 09:39:27,261 :: INFO :: Reset Control Node
2021-08-31 09:39:30,154 :: INFO :: Stop experiment succeeded
