2021-08-31 08:38:00,384 :: INFO :: Start experiment: luna-275854
2021-08-31 08:38:00,387 :: INFO :: Control node : Starting of control node serial interface
2021-08-31 08:38:00,390 :: INFO :: Control node : reset
2021-08-31 08:38:00,393 :: INFO :: Reset Control Node
2021-08-31 08:38:03,334 :: INFO :: Control node : start power of open node
2021-08-31 08:38:03,352 :: INFO :: Node OpenOCD: Setup of openocd node
2021-08-31 08:38:06,386 :: INFO :: Node OpenOCD: flash of openocd node
2021-08-31 08:38:06,404 :: INFO :: Flash firmware on OpenOCD: /tmp/tmpi_qD4U--a14ddd1a1d6cc1c4ffb46cbabc9d20fe_unicast-sender-count-10T-20B.iotlab-m3
2021-08-31 08:38:13,353 :: INFO :: Control node : Start experiment
2021-08-31 08:38:13,425 :: INFO :: Control Node set time delay: 1587 us
2021-08-31 08:38:13,458 :: INFO :: Control node : profile configuration
2021-08-31 08:38:13,464 :: INFO :: Configure profile on Control Node
2021-08-31 08:38:13,545 :: INFO :: Start experiment succeeded
2021-08-31 09:39:20,572 :: INFO :: Gateway Manager : Stop experiment
2021-08-31 09:39:20,592 :: INFO :: Stop experiment
2021-08-31 09:39:20,617 :: INFO :: Control node : stop of the experiment
2021-08-31 09:39:20,634 :: INFO :: Control node : profile configuration
2021-08-31 09:39:20,652 :: INFO :: Configure profile on Control Node
2021-08-31 09:39:20,739 :: INFO :: Control node : start power of open node
2021-08-31 09:39:20,769 :: INFO :: Node OpenOCD: teardown of openocd node
2021-08-31 09:39:23,814 :: INFO :: openocd node debugger stop
2021-08-31 09:39:24,503 :: INFO :: Node OpenOCD: flash of openocd node
2021-08-31 09:39:24,518 :: INFO :: Flash firmware on OpenOCD: /usr/lib/python2.7/site-packages/gateway_code/static/m3_idle.elf
2021-08-31 09:39:27,083 :: INFO :: Control node : Stop control node serial interface
2021-08-31 09:39:27,088 :: INFO :: Control node : stop power of open node
2021-08-31 09:39:27,135 :: INFO :: Control node : reset
2021-08-31 09:39:27,139 :: INFO :: Reset Control Node
2021-08-31 09:39:30,063 :: INFO :: Stop experiment succeeded
