2021-08-31 08:38:00,436 :: INFO :: Start experiment: luna-275854
2021-08-31 08:38:00,440 :: INFO :: Control node : Starting of control node serial interface
2021-08-31 08:38:00,442 :: INFO :: Control node : reset
2021-08-31 08:38:00,445 :: INFO :: Reset Control Node
2021-08-31 08:38:03,408 :: INFO :: Control node : start power of open node
2021-08-31 08:38:03,466 :: INFO :: Node OpenOCD: Setup of openocd node
2021-08-31 08:38:06,509 :: INFO :: Node OpenOCD: flash of openocd node
2021-08-31 08:38:06,524 :: INFO :: Flash firmware on OpenOCD: /tmp/tmp5xVPZk--a14ddd1a1d6cc1c4ffb46cbabc9d20fe_unicast-sender-count-10T-20B.iotlab-m3
2021-08-31 08:38:13,459 :: INFO :: Control node : Start experiment
2021-08-31 08:38:13,519 :: INFO :: Control Node set time delay: 1801 us
2021-08-31 08:38:13,551 :: INFO :: Control node : profile configuration
2021-08-31 08:38:13,558 :: INFO :: Configure profile on Control Node
2021-08-31 08:38:13,602 :: INFO :: Start experiment succeeded
2021-08-31 09:39:20,556 :: INFO :: Gateway Manager : Stop experiment
2021-08-31 09:39:20,575 :: INFO :: Stop experiment
2021-08-31 09:39:20,594 :: INFO :: Control node : stop of the experiment
2021-08-31 09:39:20,610 :: INFO :: Control node : profile configuration
2021-08-31 09:39:20,625 :: INFO :: Configure profile on Control Node
2021-08-31 09:39:20,709 :: INFO :: Control node : start power of open node
2021-08-31 09:39:20,733 :: INFO :: Node OpenOCD: teardown of openocd node
2021-08-31 09:39:23,786 :: INFO :: openocd node debugger stop
2021-08-31 09:39:24,450 :: INFO :: Node OpenOCD: flash of openocd node
2021-08-31 09:39:24,457 :: INFO :: Flash firmware on OpenOCD: /usr/lib/python2.7/site-packages/gateway_code/static/m3_idle.elf
2021-08-31 09:39:26,963 :: INFO :: Control node : Stop control node serial interface
2021-08-31 09:39:26,972 :: INFO :: Control node : stop power of open node
2021-08-31 09:39:27,053 :: INFO :: Control node : reset
2021-08-31 09:39:27,059 :: INFO :: Reset Control Node
2021-08-31 09:39:29,950 :: INFO :: Stop experiment succeeded
