2021-08-31 08:38:00,444 :: INFO :: Start experiment: luna-275854
2021-08-31 08:38:00,447 :: INFO :: Control node : Starting of control node serial interface
2021-08-31 08:38:00,450 :: INFO :: Control node : reset
2021-08-31 08:38:00,453 :: INFO :: Reset Control Node
2021-08-31 08:38:03,392 :: INFO :: Control node : start power of open node
2021-08-31 08:38:03,420 :: INFO :: Node OpenOCD: Setup of openocd node
2021-08-31 08:38:06,458 :: INFO :: Node OpenOCD: flash of openocd node
2021-08-31 08:38:06,477 :: INFO :: Flash firmware on OpenOCD: /tmp/tmpnZtAQS--a14ddd1a1d6cc1c4ffb46cbabc9d20fe_unicast-sender-count-10T-20B.iotlab-m3
2021-08-31 08:38:13,472 :: INFO :: Control node : Start experiment
2021-08-31 08:38:13,523 :: INFO :: Control Node set time delay: 1923 us
2021-08-31 08:38:13,556 :: INFO :: Control node : profile configuration
2021-08-31 08:38:13,563 :: INFO :: Configure profile on Control Node
2021-08-31 08:38:13,641 :: INFO :: Start experiment succeeded
2021-08-31 09:39:20,519 :: INFO :: Gateway Manager : Stop experiment
2021-08-31 09:39:20,528 :: INFO :: Stop experiment
2021-08-31 09:39:20,537 :: INFO :: Control node : stop of the experiment
2021-08-31 09:39:20,545 :: INFO :: Control node : profile configuration
2021-08-31 09:39:20,552 :: INFO :: Configure profile on Control Node
2021-08-31 09:39:20,625 :: INFO :: Control node : start power of open node
2021-08-31 09:39:20,666 :: INFO :: Node OpenOCD: teardown of openocd node
2021-08-31 09:39:23,729 :: INFO :: openocd node debugger stop
2021-08-31 09:39:24,413 :: INFO :: Node OpenOCD: flash of openocd node
2021-08-31 09:39:24,428 :: INFO :: Flash firmware on OpenOCD: /usr/lib/python2.7/site-packages/gateway_code/static/m3_idle.elf
2021-08-31 09:39:26,997 :: INFO :: Control node : Stop control node serial interface
2021-08-31 09:39:27,006 :: INFO :: Control node : stop power of open node
2021-08-31 09:39:27,080 :: INFO :: Control node : reset
2021-08-31 09:39:27,087 :: INFO :: Reset Control Node
2021-08-31 09:39:29,976 :: INFO :: Stop experiment succeeded
