2021-08-31 08:38:00,391 :: INFO :: Start experiment: luna-275854
2021-08-31 08:38:00,395 :: INFO :: Control node : Starting of control node serial interface
2021-08-31 08:38:00,398 :: INFO :: Control node : reset
2021-08-31 08:38:00,400 :: INFO :: Reset Control Node
2021-08-31 08:38:03,362 :: INFO :: Control node : start power of open node
2021-08-31 08:38:03,418 :: INFO :: Node OpenOCD: Setup of openocd node
2021-08-31 08:38:06,460 :: INFO :: Node OpenOCD: flash of openocd node
2021-08-31 08:38:06,475 :: INFO :: Flash firmware on OpenOCD: /tmp/tmpzsujXP--a14ddd1a1d6cc1c4ffb46cbabc9d20fe_unicast-sender-count-10T-20B.iotlab-m3
2021-08-31 08:38:13,425 :: INFO :: Control node : Start experiment
2021-08-31 08:38:13,492 :: INFO :: Control Node set time delay: 1038 us
2021-08-31 08:38:13,517 :: INFO :: Control node : profile configuration
2021-08-31 08:38:13,524 :: INFO :: Configure profile on Control Node
2021-08-31 08:38:13,571 :: INFO :: Start experiment succeeded
2021-08-31 09:39:20,517 :: INFO :: Gateway Manager : Stop experiment
2021-08-31 09:39:20,527 :: INFO :: Stop experiment
2021-08-31 09:39:20,536 :: INFO :: Control node : stop of the experiment
2021-08-31 09:39:20,543 :: INFO :: Control node : profile configuration
2021-08-31 09:39:20,550 :: INFO :: Configure profile on Control Node
2021-08-31 09:39:20,624 :: INFO :: Control node : start power of open node
2021-08-31 09:39:20,668 :: INFO :: Node OpenOCD: teardown of openocd node
2021-08-31 09:39:23,732 :: INFO :: openocd node debugger stop
2021-08-31 09:39:24,413 :: INFO :: Node OpenOCD: flash of openocd node
2021-08-31 09:39:24,420 :: INFO :: Flash firmware on OpenOCD: /usr/lib/python2.7/site-packages/gateway_code/static/m3_idle.elf
2021-08-31 09:39:26,926 :: INFO :: Control node : Stop control node serial interface
2021-08-31 09:39:26,934 :: INFO :: Control node : stop power of open node
2021-08-31 09:39:27,008 :: INFO :: Control node : reset
2021-08-31 09:39:27,014 :: INFO :: Reset Control Node
2021-08-31 09:39:29,905 :: INFO :: Stop experiment succeeded
