2021-08-31 08:38:00,405 :: INFO :: Start experiment: luna-275854
2021-08-31 08:38:00,408 :: INFO :: Control node : Starting of control node serial interface
2021-08-31 08:38:00,411 :: INFO :: Control node : reset
2021-08-31 08:38:00,414 :: INFO :: Reset Control Node
2021-08-31 08:38:03,369 :: INFO :: Control node : start power of open node
2021-08-31 08:38:03,425 :: INFO :: Node OpenOCD: Setup of openocd node
2021-08-31 08:38:06,476 :: INFO :: Node OpenOCD: flash of openocd node
2021-08-31 08:38:06,492 :: INFO :: Flash firmware on OpenOCD: /tmp/tmpXVyrpj--a14ddd1a1d6cc1c4ffb46cbabc9d20fe_unicast-sender-count-10T-20B.iotlab-m3
2021-08-31 08:38:13,436 :: INFO :: Control node : Start experiment
2021-08-31 08:38:13,509 :: INFO :: Control Node set time delay: 1343 us
2021-08-31 08:38:13,543 :: INFO :: Control node : profile configuration
2021-08-31 08:38:13,549 :: INFO :: Configure profile on Control Node
2021-08-31 08:38:13,628 :: INFO :: Start experiment succeeded
2021-08-31 09:39:20,521 :: INFO :: Gateway Manager : Stop experiment
2021-08-31 09:39:20,530 :: INFO :: Stop experiment
2021-08-31 09:39:20,539 :: INFO :: Control node : stop of the experiment
2021-08-31 09:39:20,547 :: INFO :: Control node : profile configuration
2021-08-31 09:39:20,557 :: INFO :: Configure profile on Control Node
2021-08-31 09:39:20,628 :: INFO :: Control node : start power of open node
2021-08-31 09:39:20,674 :: INFO :: Node OpenOCD: teardown of openocd node
2021-08-31 09:39:23,729 :: INFO :: openocd node debugger stop
2021-08-31 09:39:24,413 :: INFO :: Node OpenOCD: flash of openocd node
2021-08-31 09:39:24,420 :: INFO :: Flash firmware on OpenOCD: /usr/lib/python2.7/site-packages/gateway_code/static/m3_idle.elf
2021-08-31 09:39:26,925 :: INFO :: Control node : Stop control node serial interface
2021-08-31 09:39:26,934 :: INFO :: Control node : stop power of open node
2021-08-31 09:39:27,032 :: INFO :: Control node : reset
2021-08-31 09:39:27,039 :: INFO :: Reset Control Node
2021-08-31 09:39:29,915 :: INFO :: Stop experiment succeeded
