2021-08-31 08:38:00,385 :: INFO :: Start experiment: luna-275854
2021-08-31 08:38:00,389 :: INFO :: Control node : Starting of control node serial interface
2021-08-31 08:38:00,392 :: INFO :: Control node : reset
2021-08-31 08:38:00,394 :: INFO :: Reset Control Node
2021-08-31 08:38:03,339 :: INFO :: Control node : start power of open node
2021-08-31 08:38:03,356 :: INFO :: Node OpenOCD: Setup of openocd node
2021-08-31 08:38:06,389 :: INFO :: Node OpenOCD: flash of openocd node
2021-08-31 08:38:06,407 :: INFO :: Flash firmware on OpenOCD: /tmp/tmpDAOoDL--a14ddd1a1d6cc1c4ffb46cbabc9d20fe_unicast-sender-count-10T-20B.iotlab-m3
2021-08-31 08:38:13,350 :: INFO :: Control node : Start experiment
2021-08-31 08:38:13,421 :: INFO :: Control Node set time delay: 1953 us
2021-08-31 08:38:13,453 :: INFO :: Control node : profile configuration
2021-08-31 08:38:13,459 :: INFO :: Configure profile on Control Node
2021-08-31 08:38:13,536 :: INFO :: Start experiment succeeded
2021-08-31 09:39:20,512 :: INFO :: Gateway Manager : Stop experiment
2021-08-31 09:39:20,520 :: INFO :: Stop experiment
2021-08-31 09:39:20,529 :: INFO :: Control node : stop of the experiment
2021-08-31 09:39:20,536 :: INFO :: Control node : profile configuration
2021-08-31 09:39:20,546 :: INFO :: Configure profile on Control Node
2021-08-31 09:39:20,615 :: INFO :: Control node : start power of open node
2021-08-31 09:39:20,659 :: INFO :: Node OpenOCD: teardown of openocd node
2021-08-31 09:39:23,710 :: INFO :: openocd node debugger stop
2021-08-31 09:39:24,397 :: INFO :: Node OpenOCD: flash of openocd node
2021-08-31 09:39:24,411 :: INFO :: Flash firmware on OpenOCD: /usr/lib/python2.7/site-packages/gateway_code/static/m3_idle.elf
2021-08-31 09:39:26,975 :: INFO :: Control node : Stop control node serial interface
2021-08-31 09:39:26,980 :: INFO :: Control node : stop power of open node
2021-08-31 09:39:27,063 :: INFO :: Control node : reset
2021-08-31 09:39:27,070 :: INFO :: Reset Control Node
2021-08-31 09:39:29,943 :: INFO :: Stop experiment succeeded
