2021-08-31 08:38:00,409 :: INFO :: Start experiment: luna-275854
2021-08-31 08:38:00,412 :: INFO :: Control node : Starting of control node serial interface
2021-08-31 08:38:00,415 :: INFO :: Control node : reset
2021-08-31 08:38:00,418 :: INFO :: Reset Control Node
2021-08-31 08:38:03,379 :: INFO :: Control node : start power of open node
2021-08-31 08:38:03,434 :: INFO :: Node OpenOCD: Setup of openocd node
2021-08-31 08:38:06,478 :: INFO :: Node OpenOCD: flash of openocd node
2021-08-31 08:38:06,492 :: INFO :: Flash firmware on OpenOCD: /tmp/tmpEyhLbk--ddd0625ff8382e7208c25657471d6a4a_unicast-receiver-count.iotlab-m3
2021-08-31 08:38:13,190 :: INFO :: Control node : Start experiment
2021-08-31 08:38:13,241 :: INFO :: Control Node set time delay: 1831 us
2021-08-31 08:38:13,260 :: INFO :: Control node : profile configuration
2021-08-31 08:38:13,264 :: INFO :: Configure profile on Control Node
2021-08-31 08:38:13,308 :: INFO :: Start experiment succeeded
2021-08-31 09:39:20,524 :: INFO :: Gateway Manager : Stop experiment
2021-08-31 09:39:20,534 :: INFO :: Stop experiment
2021-08-31 09:39:20,543 :: INFO :: Control node : stop of the experiment
2021-08-31 09:39:20,550 :: INFO :: Control node : profile configuration
2021-08-31 09:39:20,557 :: INFO :: Configure profile on Control Node
2021-08-31 09:39:20,630 :: INFO :: Control node : start power of open node
2021-08-31 09:39:20,673 :: INFO :: Node OpenOCD: teardown of openocd node
2021-08-31 09:39:23,721 :: INFO :: openocd node debugger stop
2021-08-31 09:39:24,411 :: INFO :: Node OpenOCD: flash of openocd node
2021-08-31 09:39:24,426 :: INFO :: Flash firmware on OpenOCD: /usr/lib/python2.7/site-packages/gateway_code/static/m3_idle.elf
2021-08-31 09:39:26,992 :: INFO :: Control node : Stop control node serial interface
2021-08-31 09:39:27,001 :: INFO :: Control node : stop power of open node
2021-08-31 09:39:27,075 :: INFO :: Control node : reset
2021-08-31 09:39:27,082 :: INFO :: Reset Control Node
2021-08-31 09:39:29,973 :: INFO :: Stop experiment succeeded
