2021-08-31 08:38:00,382 :: INFO :: Start experiment: luna-275854
2021-08-31 08:38:00,386 :: INFO :: Control node : Starting of control node serial interface
2021-08-31 08:38:00,388 :: INFO :: Control node : reset
2021-08-31 08:38:00,391 :: INFO :: Reset Control Node
2021-08-31 08:38:03,352 :: INFO :: Control node : start power of open node
2021-08-31 08:38:03,408 :: INFO :: Node OpenOCD: Setup of openocd node
2021-08-31 08:38:06,451 :: INFO :: Node OpenOCD: flash of openocd node
2021-08-31 08:38:06,467 :: INFO :: Flash firmware on OpenOCD: /tmp/tmpOBYoCT--a14ddd1a1d6cc1c4ffb46cbabc9d20fe_unicast-sender-count-10T-20B.iotlab-m3
2021-08-31 08:38:13,472 :: INFO :: Control node : Start experiment
2021-08-31 08:38:13,530 :: INFO :: Control Node set time delay: 1801 us
2021-08-31 08:38:13,550 :: INFO :: Control node : profile configuration
2021-08-31 08:38:13,554 :: INFO :: Configure profile on Control Node
2021-08-31 08:38:13,594 :: INFO :: Start experiment succeeded
2021-08-31 09:39:20,522 :: INFO :: Gateway Manager : Stop experiment
2021-08-31 09:39:20,532 :: INFO :: Stop experiment
2021-08-31 09:39:20,540 :: INFO :: Control node : stop of the experiment
2021-08-31 09:39:20,547 :: INFO :: Control node : profile configuration
2021-08-31 09:39:20,554 :: INFO :: Configure profile on Control Node
2021-08-31 09:39:20,624 :: INFO :: Control node : start power of open node
2021-08-31 09:39:20,666 :: INFO :: Node OpenOCD: teardown of openocd node
2021-08-31 09:39:23,729 :: INFO :: openocd node debugger stop
2021-08-31 09:39:24,414 :: INFO :: Node OpenOCD: flash of openocd node
2021-08-31 09:39:24,429 :: INFO :: Flash firmware on OpenOCD: /usr/lib/python2.7/site-packages/gateway_code/static/m3_idle.elf
2021-08-31 09:39:26,944 :: INFO :: Control node : Stop control node serial interface
2021-08-31 09:39:26,953 :: INFO :: Control node : stop power of open node
2021-08-31 09:39:27,020 :: INFO :: Control node : reset
2021-08-31 09:39:27,027 :: INFO :: Reset Control Node
2021-08-31 09:39:29,919 :: INFO :: Stop experiment succeeded
