2021-08-31 06:34:34,880 :: INFO :: Start experiment: luna-275843
2021-08-31 06:34:34,883 :: INFO :: Control node : Starting of control node serial interface
2021-08-31 06:34:34,886 :: INFO :: Control node : reset
2021-08-31 06:34:34,889 :: INFO :: Reset Control Node
2021-08-31 06:34:37,848 :: INFO :: Control node : start power of open node
2021-08-31 06:34:37,903 :: INFO :: Node OpenOCD: Setup of openocd node
2021-08-31 06:34:40,945 :: INFO :: Node OpenOCD: flash of openocd node
2021-08-31 06:34:40,971 :: INFO :: Flash firmware on OpenOCD: /tmp/tmp8t_c0f--11b39be0afbe655a47f82e084cf5704d_unicast-sender-count-60T-191B.iotlab-m3
2021-08-31 06:34:47,875 :: INFO :: Control node : Start experiment
2021-08-31 06:34:47,933 :: INFO :: Control Node set time delay: 1739 us
2021-08-31 06:34:47,963 :: INFO :: Control node : profile configuration
2021-08-31 06:34:47,970 :: INFO :: Configure profile on Control Node
2021-08-31 06:34:48,050 :: INFO :: Start experiment succeeded
2021-08-31 07:35:53,809 :: INFO :: Gateway Manager : Stop experiment
2021-08-31 07:35:53,820 :: INFO :: Stop experiment
2021-08-31 07:35:53,829 :: INFO :: Control node : stop of the experiment
2021-08-31 07:35:53,840 :: INFO :: Control node : profile configuration
2021-08-31 07:35:53,847 :: INFO :: Configure profile on Control Node
2021-08-31 07:35:53,919 :: INFO :: Control node : start power of open node
2021-08-31 07:35:53,965 :: INFO :: Node OpenOCD: teardown of openocd node
2021-08-31 07:35:57,008 :: INFO :: openocd node debugger stop
2021-08-31 07:35:57,705 :: INFO :: Node OpenOCD: flash of openocd node
2021-08-31 07:35:57,720 :: INFO :: Flash firmware on OpenOCD: /usr/lib/python2.7/site-packages/gateway_code/static/m3_idle.elf
2021-08-31 07:36:00,339 :: INFO :: Control node : Stop control node serial interface
2021-08-31 07:36:00,348 :: INFO :: Control node : stop power of open node
2021-08-31 07:36:00,426 :: INFO :: Control node : reset
2021-08-31 07:36:00,432 :: INFO :: Reset Control Node
2021-08-31 07:36:03,328 :: INFO :: Stop experiment succeeded
