2021-08-31 06:34:34,897 :: INFO :: Start experiment: luna-275843
2021-08-31 06:34:34,901 :: INFO :: Control node : Starting of control node serial interface
2021-08-31 06:34:34,904 :: INFO :: Control node : reset
2021-08-31 06:34:34,906 :: INFO :: Reset Control Node
2021-08-31 06:34:37,861 :: INFO :: Control node : start power of open node
2021-08-31 06:34:37,917 :: INFO :: Node OpenOCD: Setup of openocd node
2021-08-31 06:34:40,959 :: INFO :: Node OpenOCD: flash of openocd node
2021-08-31 06:34:40,974 :: INFO :: Flash firmware on OpenOCD: /tmp/tmpyMi8E0--11b39be0afbe655a47f82e084cf5704d_unicast-sender-count-60T-191B.iotlab-m3
2021-08-31 06:34:47,852 :: INFO :: Control node : Start experiment
2021-08-31 06:34:47,906 :: INFO :: Control Node set time delay: 1373 us
2021-08-31 06:34:47,940 :: INFO :: Control node : profile configuration
2021-08-31 06:34:47,946 :: INFO :: Configure profile on Control Node
2021-08-31 06:34:48,024 :: INFO :: Start experiment succeeded
2021-08-31 07:35:53,803 :: INFO :: Gateway Manager : Stop experiment
2021-08-31 07:35:53,817 :: INFO :: Stop experiment
2021-08-31 07:35:53,825 :: INFO :: Control node : stop of the experiment
2021-08-31 07:35:53,834 :: INFO :: Control node : profile configuration
2021-08-31 07:35:53,841 :: INFO :: Configure profile on Control Node
2021-08-31 07:35:53,907 :: INFO :: Control node : start power of open node
2021-08-31 07:35:53,949 :: INFO :: Node OpenOCD: teardown of openocd node
2021-08-31 07:35:56,998 :: INFO :: openocd node debugger stop
2021-08-31 07:35:57,676 :: INFO :: Node OpenOCD: flash of openocd node
2021-08-31 07:35:57,683 :: INFO :: Flash firmware on OpenOCD: /usr/lib/python2.7/site-packages/gateway_code/static/m3_idle.elf
2021-08-31 07:36:00,195 :: INFO :: Control node : Stop control node serial interface
2021-08-31 07:36:00,200 :: INFO :: Control node : stop power of open node
2021-08-31 07:36:00,249 :: INFO :: Control node : reset
2021-08-31 07:36:00,253 :: INFO :: Reset Control Node
2021-08-31 07:36:03,183 :: INFO :: Stop experiment succeeded
