2021-08-31 06:34:34,841 :: INFO :: Start experiment: luna-275843
2021-08-31 06:34:34,845 :: INFO :: Control node : Starting of control node serial interface
2021-08-31 06:34:34,848 :: INFO :: Control node : reset
2021-08-31 06:34:34,851 :: INFO :: Reset Control Node
2021-08-31 06:34:37,814 :: INFO :: Control node : start power of open node
2021-08-31 06:34:37,870 :: INFO :: Node OpenOCD: Setup of openocd node
2021-08-31 06:34:40,914 :: INFO :: Node OpenOCD: flash of openocd node
2021-08-31 06:34:40,930 :: INFO :: Flash firmware on OpenOCD: /tmp/tmpnAlqdc--11b39be0afbe655a47f82e084cf5704d_unicast-sender-count-60T-191B.iotlab-m3
2021-08-31 06:34:47,950 :: INFO :: Control node : Start experiment
2021-08-31 06:34:48,003 :: INFO :: Control Node set time delay: 1861 us
2021-08-31 06:34:48,036 :: INFO :: Control node : profile configuration
2021-08-31 06:34:48,043 :: INFO :: Configure profile on Control Node
2021-08-31 06:34:48,093 :: INFO :: Start experiment succeeded
2021-08-31 07:35:53,767 :: INFO :: Gateway Manager : Stop experiment
2021-08-31 07:35:53,779 :: INFO :: Stop experiment
2021-08-31 07:35:53,787 :: INFO :: Control node : stop of the experiment
2021-08-31 07:35:53,798 :: INFO :: Control node : profile configuration
2021-08-31 07:35:53,805 :: INFO :: Configure profile on Control Node
2021-08-31 07:35:53,877 :: INFO :: Control node : start power of open node
2021-08-31 07:35:53,922 :: INFO :: Node OpenOCD: teardown of openocd node
2021-08-31 07:35:56,965 :: INFO :: openocd node debugger stop
2021-08-31 07:35:57,644 :: INFO :: Node OpenOCD: flash of openocd node
2021-08-31 07:35:57,659 :: INFO :: Flash firmware on OpenOCD: /usr/lib/python2.7/site-packages/gateway_code/static/m3_idle.elf
2021-08-31 07:36:00,279 :: INFO :: Control node : Stop control node serial interface
2021-08-31 07:36:00,288 :: INFO :: Control node : stop power of open node
2021-08-31 07:36:00,368 :: INFO :: Control node : reset
2021-08-31 07:36:00,374 :: INFO :: Reset Control Node
2021-08-31 07:36:03,266 :: INFO :: Stop experiment succeeded
