2021-08-31 06:34:34,891 :: INFO :: Start experiment: luna-275843
2021-08-31 06:34:34,894 :: INFO :: Control node : Starting of control node serial interface
2021-08-31 06:34:34,897 :: INFO :: Control node : reset
2021-08-31 06:34:34,899 :: INFO :: Reset Control Node
2021-08-31 06:34:37,856 :: INFO :: Control node : start power of open node
2021-08-31 06:34:37,910 :: INFO :: Node OpenOCD: Setup of openocd node
2021-08-31 06:34:40,953 :: INFO :: Node OpenOCD: flash of openocd node
2021-08-31 06:34:40,968 :: INFO :: Flash firmware on OpenOCD: /tmp/tmpJiNZiq--11b39be0afbe655a47f82e084cf5704d_unicast-sender-count-60T-191B.iotlab-m3
2021-08-31 06:34:47,965 :: INFO :: Control node : Start experiment
2021-08-31 06:34:48,018 :: INFO :: Control Node set time delay: 1190 us
2021-08-31 06:34:48,037 :: INFO :: Control node : profile configuration
2021-08-31 06:34:48,040 :: INFO :: Configure profile on Control Node
2021-08-31 06:34:48,084 :: INFO :: Start experiment succeeded
2021-08-31 07:35:53,813 :: INFO :: Gateway Manager : Stop experiment
2021-08-31 07:35:53,823 :: INFO :: Stop experiment
2021-08-31 07:35:53,832 :: INFO :: Control node : stop of the experiment
2021-08-31 07:35:53,840 :: INFO :: Control node : profile configuration
2021-08-31 07:35:53,847 :: INFO :: Configure profile on Control Node
2021-08-31 07:35:53,920 :: INFO :: Control node : start power of open node
2021-08-31 07:35:53,963 :: INFO :: Node OpenOCD: teardown of openocd node
2021-08-31 07:35:57,023 :: INFO :: openocd node debugger stop
2021-08-31 07:35:57,713 :: INFO :: Node OpenOCD: flash of openocd node
2021-08-31 07:35:57,727 :: INFO :: Flash firmware on OpenOCD: /usr/lib/python2.7/site-packages/gateway_code/static/m3_idle.elf
2021-08-31 07:36:00,341 :: INFO :: Control node : Stop control node serial interface
2021-08-31 07:36:00,345 :: INFO :: Control node : stop power of open node
2021-08-31 07:36:00,390 :: INFO :: Control node : reset
2021-08-31 07:36:00,396 :: INFO :: Reset Control Node
2021-08-31 07:36:03,288 :: INFO :: Stop experiment succeeded
