2021-08-31 06:34:34,883 :: INFO :: Start experiment: luna-275843
2021-08-31 06:34:34,887 :: INFO :: Control node : Starting of control node serial interface
2021-08-31 06:34:34,890 :: INFO :: Control node : reset
2021-08-31 06:34:34,892 :: INFO :: Reset Control Node
2021-08-31 06:34:37,838 :: INFO :: Control node : start power of open node
2021-08-31 06:34:37,853 :: INFO :: Node OpenOCD: Setup of openocd node
2021-08-31 06:34:40,890 :: INFO :: Node OpenOCD: flash of openocd node
2021-08-31 06:34:40,908 :: INFO :: Flash firmware on OpenOCD: /tmp/tmpqBjRe5--11b39be0afbe655a47f82e084cf5704d_unicast-sender-count-60T-191B.iotlab-m3
2021-08-31 06:34:47,809 :: INFO :: Control node : Start experiment
2021-08-31 06:34:47,869 :: INFO :: Control Node set time delay: 1526 us
2021-08-31 06:34:47,901 :: INFO :: Control node : profile configuration
2021-08-31 06:34:47,908 :: INFO :: Configure profile on Control Node
2021-08-31 06:34:47,985 :: INFO :: Start experiment succeeded
2021-08-31 07:35:53,808 :: INFO :: Gateway Manager : Stop experiment
2021-08-31 07:35:53,818 :: INFO :: Stop experiment
2021-08-31 07:35:53,827 :: INFO :: Control node : stop of the experiment
2021-08-31 07:35:53,834 :: INFO :: Control node : profile configuration
2021-08-31 07:35:53,841 :: INFO :: Configure profile on Control Node
2021-08-31 07:35:53,915 :: INFO :: Control node : start power of open node
2021-08-31 07:35:53,959 :: INFO :: Node OpenOCD: teardown of openocd node
2021-08-31 07:35:57,008 :: INFO :: openocd node debugger stop
2021-08-31 07:35:57,697 :: INFO :: Node OpenOCD: flash of openocd node
2021-08-31 07:35:57,712 :: INFO :: Flash firmware on OpenOCD: /usr/lib/python2.7/site-packages/gateway_code/static/m3_idle.elf
2021-08-31 07:36:00,331 :: INFO :: Control node : Stop control node serial interface
2021-08-31 07:36:00,340 :: INFO :: Control node : stop power of open node
2021-08-31 07:36:00,412 :: INFO :: Control node : reset
2021-08-31 07:36:00,418 :: INFO :: Reset Control Node
2021-08-31 07:36:03,295 :: INFO :: Stop experiment succeeded
