2021-08-28 06:16:58,717 :: INFO :: Start experiment: luna-275611
2021-08-28 06:16:58,721 :: INFO :: Control node : Starting of control node serial interface
2021-08-28 06:16:58,723 :: INFO :: Control node : reset
2021-08-28 06:16:58,726 :: INFO :: Reset Control Node
2021-08-28 06:17:01,708 :: INFO :: Control node : start power of open node
2021-08-28 06:17:01,771 :: INFO :: Node OpenOCD: Setup of openocd node
2021-08-28 06:17:04,817 :: INFO :: Node OpenOCD: flash of openocd node
2021-08-28 06:17:04,831 :: INFO :: Flash firmware on OpenOCD: /tmp/tmpXtrjQC--3e6b491341ebfbb107b5d3aaa6c4431d_unicast-sender-count-10T-191B.iotlab-m3
2021-08-28 06:17:11,775 :: INFO :: Control node : Start experiment
2021-08-28 06:17:11,822 :: INFO :: Control Node set time delay: 1648 us
2021-08-28 06:17:11,855 :: INFO :: Control node : profile configuration
2021-08-28 06:17:11,861 :: INFO :: Configure profile on Control Node
2021-08-28 06:17:11,905 :: INFO :: Start experiment succeeded
2021-08-28 07:18:17,770 :: INFO :: Gateway Manager : Stop experiment
2021-08-28 07:18:17,780 :: INFO :: Stop experiment
2021-08-28 07:18:17,788 :: INFO :: Control node : stop of the experiment
2021-08-28 07:18:17,798 :: INFO :: Control node : profile configuration
2021-08-28 07:18:17,806 :: INFO :: Configure profile on Control Node
2021-08-28 07:18:17,875 :: INFO :: Control node : start power of open node
2021-08-28 07:18:17,918 :: INFO :: Node OpenOCD: teardown of openocd node
2021-08-28 07:18:20,970 :: INFO :: openocd node debugger stop
2021-08-28 07:18:21,651 :: INFO :: Node OpenOCD: flash of openocd node
2021-08-28 07:18:21,658 :: INFO :: Flash firmware on OpenOCD: /usr/lib/python2.7/site-packages/gateway_code/static/m3_idle.elf
2021-08-28 07:18:24,163 :: INFO :: Control node : Stop control node serial interface
2021-08-28 07:18:24,168 :: INFO :: Control node : stop power of open node
2021-08-28 07:18:24,220 :: INFO :: Control node : reset
2021-08-28 07:18:24,223 :: INFO :: Reset Control Node
2021-08-28 07:18:27,154 :: INFO :: Stop experiment succeeded
