2021-08-28 06:16:58,697 :: INFO :: Start experiment: luna-275611
2021-08-28 06:16:58,700 :: INFO :: Control node : Starting of control node serial interface
2021-08-28 06:16:58,703 :: INFO :: Control node : reset
2021-08-28 06:16:58,706 :: INFO :: Reset Control Node
2021-08-28 06:17:01,701 :: INFO :: Control node : start power of open node
2021-08-28 06:17:01,761 :: INFO :: Node OpenOCD: Setup of openocd node
2021-08-28 06:17:04,790 :: INFO :: Node OpenOCD: flash of openocd node
2021-08-28 06:17:04,808 :: INFO :: Flash firmware on OpenOCD: /tmp/tmpnWpIMg--3e6b491341ebfbb107b5d3aaa6c4431d_unicast-sender-count-10T-191B.iotlab-m3
2021-08-28 06:17:11,728 :: INFO :: Control node : Start experiment
2021-08-28 06:17:11,804 :: INFO :: Control Node set time delay: 1678 us
2021-08-28 06:17:11,849 :: INFO :: Control node : profile configuration
2021-08-28 06:17:11,855 :: INFO :: Configure profile on Control Node
2021-08-28 06:17:11,902 :: INFO :: Start experiment succeeded
2021-08-28 07:18:17,753 :: INFO :: Gateway Manager : Stop experiment
2021-08-28 07:18:17,764 :: INFO :: Stop experiment
2021-08-28 07:18:17,773 :: INFO :: Control node : stop of the experiment
2021-08-28 07:18:17,781 :: INFO :: Control node : profile configuration
2021-08-28 07:18:17,788 :: INFO :: Configure profile on Control Node
2021-08-28 07:18:17,860 :: INFO :: Control node : start power of open node
2021-08-28 07:18:17,903 :: INFO :: Node OpenOCD: teardown of openocd node
2021-08-28 07:18:20,951 :: INFO :: openocd node debugger stop
2021-08-28 07:18:21,642 :: INFO :: Node OpenOCD: flash of openocd node
2021-08-28 07:18:21,656 :: INFO :: Flash firmware on OpenOCD: /usr/lib/python2.7/site-packages/gateway_code/static/m3_idle.elf
2021-08-28 07:18:24,198 :: INFO :: Control node : Stop control node serial interface
2021-08-28 07:18:24,207 :: INFO :: Control node : stop power of open node
2021-08-28 07:18:24,274 :: INFO :: Control node : reset
2021-08-28 07:18:24,280 :: INFO :: Reset Control Node
2021-08-28 07:18:27,167 :: INFO :: Stop experiment succeeded
