2021-08-28 06:16:58,710 :: INFO :: Start experiment: luna-275611
2021-08-28 06:16:58,713 :: INFO :: Control node : Starting of control node serial interface
2021-08-28 06:16:58,716 :: INFO :: Control node : reset
2021-08-28 06:16:58,719 :: INFO :: Reset Control Node
2021-08-28 06:17:01,692 :: INFO :: Control node : start power of open node
2021-08-28 06:17:01,750 :: INFO :: Node OpenOCD: Setup of openocd node
2021-08-28 06:17:04,794 :: INFO :: Node OpenOCD: flash of openocd node
2021-08-28 06:17:04,809 :: INFO :: Flash firmware on OpenOCD: /tmp/tmpkthL0f--3e6b491341ebfbb107b5d3aaa6c4431d_unicast-sender-count-10T-191B.iotlab-m3
2021-08-28 06:17:11,777 :: INFO :: Control node : Start experiment
2021-08-28 06:17:11,832 :: INFO :: Control Node set time delay: 1923 us
2021-08-28 06:17:11,855 :: INFO :: Control node : profile configuration
2021-08-28 06:17:11,858 :: INFO :: Configure profile on Control Node
2021-08-28 06:17:11,900 :: INFO :: Start experiment succeeded
2021-08-28 07:18:17,767 :: INFO :: Gateway Manager : Stop experiment
2021-08-28 07:18:17,777 :: INFO :: Stop experiment
2021-08-28 07:18:17,785 :: INFO :: Control node : stop of the experiment
2021-08-28 07:18:17,793 :: INFO :: Control node : profile configuration
2021-08-28 07:18:17,800 :: INFO :: Configure profile on Control Node
2021-08-28 07:18:17,873 :: INFO :: Control node : start power of open node
2021-08-28 07:18:17,918 :: INFO :: Node OpenOCD: teardown of openocd node
2021-08-28 07:18:20,963 :: INFO :: openocd node debugger stop
2021-08-28 07:18:21,659 :: INFO :: Node OpenOCD: flash of openocd node
2021-08-28 07:18:21,673 :: INFO :: Flash firmware on OpenOCD: /usr/lib/python2.7/site-packages/gateway_code/static/m3_idle.elf
2021-08-28 07:18:24,195 :: INFO :: Control node : Stop control node serial interface
2021-08-28 07:18:24,204 :: INFO :: Control node : stop power of open node
2021-08-28 07:18:24,308 :: INFO :: Control node : reset
2021-08-28 07:18:24,315 :: INFO :: Reset Control Node
2021-08-28 07:18:27,200 :: INFO :: Stop experiment succeeded
