2021-08-28 06:16:58,704 :: INFO :: Start experiment: luna-275611
2021-08-28 06:16:58,708 :: INFO :: Control node : Starting of control node serial interface
2021-08-28 06:16:58,711 :: INFO :: Control node : reset
2021-08-28 06:16:58,713 :: INFO :: Reset Control Node
2021-08-28 06:17:01,697 :: INFO :: Control node : start power of open node
2021-08-28 06:17:01,761 :: INFO :: Node OpenOCD: Setup of openocd node
2021-08-28 06:17:04,811 :: INFO :: Node OpenOCD: flash of openocd node
2021-08-28 06:17:04,826 :: INFO :: Flash firmware on OpenOCD: /tmp/tmpJwyCpJ--3e6b491341ebfbb107b5d3aaa6c4431d_unicast-sender-count-10T-191B.iotlab-m3
2021-08-28 06:17:11,685 :: INFO :: Control node : Start experiment
2021-08-28 06:17:11,736 :: INFO :: Control Node set time delay: 1953 us
2021-08-28 06:17:11,769 :: INFO :: Control node : profile configuration
2021-08-28 06:17:11,776 :: INFO :: Configure profile on Control Node
2021-08-28 06:17:11,853 :: INFO :: Start experiment succeeded
2021-08-28 07:18:17,783 :: INFO :: Gateway Manager : Stop experiment
2021-08-28 07:18:17,792 :: INFO :: Stop experiment
2021-08-28 07:18:17,800 :: INFO :: Control node : stop of the experiment
2021-08-28 07:18:17,810 :: INFO :: Control node : profile configuration
2021-08-28 07:18:17,818 :: INFO :: Configure profile on Control Node
2021-08-28 07:18:17,889 :: INFO :: Control node : start power of open node
2021-08-28 07:18:17,933 :: INFO :: Node OpenOCD: teardown of openocd node
2021-08-28 07:18:20,979 :: INFO :: openocd node debugger stop
2021-08-28 07:18:21,649 :: INFO :: Node OpenOCD: flash of openocd node
2021-08-28 07:18:21,656 :: INFO :: Flash firmware on OpenOCD: /usr/lib/python2.7/site-packages/gateway_code/static/m3_idle.elf
2021-08-28 07:18:24,162 :: INFO :: Control node : Stop control node serial interface
2021-08-28 07:18:24,167 :: INFO :: Control node : stop power of open node
2021-08-28 07:18:24,222 :: INFO :: Control node : reset
2021-08-28 07:18:24,226 :: INFO :: Reset Control Node
2021-08-28 07:18:27,156 :: INFO :: Stop experiment succeeded
