2021-08-28 06:16:58,699 :: INFO :: Start experiment: luna-275611
2021-08-28 06:16:58,703 :: INFO :: Control node : Starting of control node serial interface
2021-08-28 06:16:58,706 :: INFO :: Control node : reset
2021-08-28 06:16:58,708 :: INFO :: Reset Control Node
2021-08-28 06:17:01,678 :: INFO :: Control node : start power of open node
2021-08-28 06:17:01,697 :: INFO :: Node OpenOCD: Setup of openocd node
2021-08-28 06:17:04,736 :: INFO :: Node OpenOCD: flash of openocd node
2021-08-28 06:17:04,754 :: INFO :: Flash firmware on OpenOCD: /tmp/tmpXpnSSO--3e6b491341ebfbb107b5d3aaa6c4431d_unicast-sender-count-10T-191B.iotlab-m3
2021-08-28 06:17:11,647 :: INFO :: Control node : Start experiment
2021-08-28 06:17:11,698 :: INFO :: Control Node set time delay: 1861 us
2021-08-28 06:17:11,730 :: INFO :: Control node : profile configuration
2021-08-28 06:17:11,737 :: INFO :: Configure profile on Control Node
2021-08-28 06:17:11,815 :: INFO :: Start experiment succeeded
2021-08-28 07:18:17,759 :: INFO :: Gateway Manager : Stop experiment
2021-08-28 07:18:17,769 :: INFO :: Stop experiment
2021-08-28 07:18:17,777 :: INFO :: Control node : stop of the experiment
2021-08-28 07:18:17,785 :: INFO :: Control node : profile configuration
2021-08-28 07:18:17,791 :: INFO :: Configure profile on Control Node
2021-08-28 07:18:17,861 :: INFO :: Control node : start power of open node
2021-08-28 07:18:17,902 :: INFO :: Node OpenOCD: teardown of openocd node
2021-08-28 07:18:20,952 :: INFO :: openocd node debugger stop
2021-08-28 07:18:21,638 :: INFO :: Node OpenOCD: flash of openocd node
2021-08-28 07:18:21,645 :: INFO :: Flash firmware on OpenOCD: /usr/lib/python2.7/site-packages/gateway_code/static/m3_idle.elf
2021-08-28 07:18:24,102 :: INFO :: Control node : Stop control node serial interface
2021-08-28 07:18:24,111 :: INFO :: Control node : stop power of open node
2021-08-28 07:18:24,190 :: INFO :: Control node : reset
2021-08-28 07:18:24,197 :: INFO :: Reset Control Node
2021-08-28 07:18:27,090 :: INFO :: Stop experiment succeeded
