2021-08-28 06:16:58,685 :: INFO :: Start experiment: luna-275611
2021-08-28 06:16:58,689 :: INFO :: Control node : Starting of control node serial interface
2021-08-28 06:16:58,692 :: INFO :: Control node : reset
2021-08-28 06:16:58,694 :: INFO :: Reset Control Node
2021-08-28 06:17:01,683 :: INFO :: Control node : start power of open node
2021-08-28 06:17:01,745 :: INFO :: Node OpenOCD: Setup of openocd node
2021-08-28 06:17:04,783 :: INFO :: Node OpenOCD: flash of openocd node
2021-08-28 06:17:04,798 :: INFO :: Flash firmware on OpenOCD: /tmp/tmpoNjlr0--3e6b491341ebfbb107b5d3aaa6c4431d_unicast-sender-count-10T-191B.iotlab-m3
2021-08-28 06:17:11,802 :: INFO :: Control node : Start experiment
2021-08-28 06:17:11,852 :: INFO :: Control Node set time delay: 1862 us
2021-08-28 06:17:11,884 :: INFO :: Control node : profile configuration
2021-08-28 06:17:11,889 :: INFO :: Configure profile on Control Node
2021-08-28 06:17:11,930 :: INFO :: Start experiment succeeded
2021-08-28 07:18:17,787 :: INFO :: Gateway Manager : Stop experiment
2021-08-28 07:18:17,797 :: INFO :: Stop experiment
2021-08-28 07:18:17,805 :: INFO :: Control node : stop of the experiment
2021-08-28 07:18:17,812 :: INFO :: Control node : profile configuration
2021-08-28 07:18:17,819 :: INFO :: Configure profile on Control Node
2021-08-28 07:18:17,890 :: INFO :: Control node : start power of open node
2021-08-28 07:18:17,932 :: INFO :: Node OpenOCD: teardown of openocd node
2021-08-28 07:18:20,976 :: INFO :: openocd node debugger stop
2021-08-28 07:18:21,664 :: INFO :: Node OpenOCD: flash of openocd node
2021-08-28 07:18:21,678 :: INFO :: Flash firmware on OpenOCD: /usr/lib/python2.7/site-packages/gateway_code/static/m3_idle.elf
2021-08-28 07:18:24,248 :: INFO :: Control node : Stop control node serial interface
2021-08-28 07:18:24,256 :: INFO :: Control node : stop power of open node
2021-08-28 07:18:24,323 :: INFO :: Control node : reset
2021-08-28 07:18:24,330 :: INFO :: Reset Control Node
2021-08-28 07:18:27,219 :: INFO :: Stop experiment succeeded
