2021-08-28 06:16:58,691 :: INFO :: Start experiment: luna-275611
2021-08-28 06:16:58,694 :: INFO :: Control node : Starting of control node serial interface
2021-08-28 06:16:58,697 :: INFO :: Control node : reset
2021-08-28 06:16:58,700 :: INFO :: Reset Control Node
2021-08-28 06:17:01,666 :: INFO :: Control node : start power of open node
2021-08-28 06:17:01,729 :: INFO :: Node OpenOCD: Setup of openocd node
2021-08-28 06:17:04,771 :: INFO :: Node OpenOCD: flash of openocd node
2021-08-28 06:17:04,786 :: INFO :: Flash firmware on OpenOCD: /tmp/tmpE9p7wr--3e6b491341ebfbb107b5d3aaa6c4431d_unicast-sender-count-10T-191B.iotlab-m3
2021-08-28 06:17:11,676 :: INFO :: Control node : Start experiment
2021-08-28 06:17:11,745 :: INFO :: Control Node set time delay: 1220 us
2021-08-28 06:17:11,762 :: INFO :: Control node : profile configuration
2021-08-28 06:17:11,769 :: INFO :: Configure profile on Control Node
2021-08-28 06:17:11,846 :: INFO :: Start experiment succeeded
2021-08-28 07:18:17,786 :: INFO :: Gateway Manager : Stop experiment
2021-08-28 07:18:17,795 :: INFO :: Stop experiment
2021-08-28 07:18:17,803 :: INFO :: Control node : stop of the experiment
2021-08-28 07:18:17,810 :: INFO :: Control node : profile configuration
2021-08-28 07:18:17,820 :: INFO :: Configure profile on Control Node
2021-08-28 07:18:17,885 :: INFO :: Control node : start power of open node
2021-08-28 07:18:17,926 :: INFO :: Node OpenOCD: teardown of openocd node
2021-08-28 07:18:20,972 :: INFO :: openocd node debugger stop
2021-08-28 07:18:21,665 :: INFO :: Node OpenOCD: flash of openocd node
2021-08-28 07:18:21,679 :: INFO :: Flash firmware on OpenOCD: /usr/lib/python2.7/site-packages/gateway_code/static/m3_idle.elf
2021-08-28 07:18:24,219 :: INFO :: Control node : Stop control node serial interface
2021-08-28 07:18:24,227 :: INFO :: Control node : stop power of open node
2021-08-28 07:18:24,299 :: INFO :: Control node : reset
2021-08-28 07:18:24,305 :: INFO :: Reset Control Node
2021-08-28 07:18:27,171 :: INFO :: Stop experiment succeeded
