2021-08-31 22:36:30,014 :: INFO :: Start experiment: luna-275858
2021-08-31 22:36:30,017 :: INFO :: Control node : Starting of control node serial interface
2021-08-31 22:36:30,020 :: INFO :: Control node : reset
2021-08-31 22:36:30,022 :: INFO :: Reset Control Node
2021-08-31 22:36:32,985 :: INFO :: Control node : start power of open node
2021-08-31 22:36:33,041 :: INFO :: Node OpenOCD: Setup of openocd node
2021-08-31 22:36:36,085 :: INFO :: Node OpenOCD: flash of openocd node
2021-08-31 22:36:36,100 :: INFO :: Flash firmware on OpenOCD: /tmp/tmpM_W2gi--cb924b41fcfd3e3c0bada58631722ec6_unicast-sender-count-30T-100B.iotlab-m3
2021-08-31 22:36:43,117 :: INFO :: Control node : Start experiment
2021-08-31 22:36:43,174 :: INFO :: Control Node set time delay: 1679 us
2021-08-31 22:36:43,191 :: INFO :: Control node : profile configuration
2021-08-31 22:36:43,195 :: INFO :: Configure profile on Control Node
2021-08-31 22:36:43,235 :: INFO :: Start experiment succeeded
2021-08-31 23:37:48,983 :: INFO :: Gateway Manager : Stop experiment
2021-08-31 23:37:49,000 :: INFO :: Stop experiment
2021-08-31 23:37:49,018 :: INFO :: Control node : stop of the experiment
2021-08-31 23:37:49,035 :: INFO :: Control node : profile configuration
2021-08-31 23:37:49,050 :: INFO :: Configure profile on Control Node
2021-08-31 23:37:49,196 :: INFO :: Control node : start power of open node
2021-08-31 23:37:49,248 :: INFO :: Node OpenOCD: teardown of openocd node
2021-08-31 23:37:52,288 :: INFO :: openocd node debugger stop
2021-08-31 23:37:52,977 :: INFO :: Node OpenOCD: flash of openocd node
2021-08-31 23:37:52,992 :: INFO :: Flash firmware on OpenOCD: /usr/lib/python2.7/site-packages/gateway_code/static/m3_idle.elf
2021-08-31 23:37:55,561 :: INFO :: Control node : Stop control node serial interface
2021-08-31 23:37:55,570 :: INFO :: Control node : stop power of open node
2021-08-31 23:37:55,642 :: INFO :: Control node : reset
2021-08-31 23:37:55,649 :: INFO :: Reset Control Node
2021-08-31 23:37:58,543 :: INFO :: Stop experiment succeeded
