2021-08-31 22:36:30,019 :: INFO :: Start experiment: luna-275858
2021-08-31 22:36:30,022 :: INFO :: Control node : Starting of control node serial interface
2021-08-31 22:36:30,025 :: INFO :: Control node : reset
2021-08-31 22:36:30,028 :: INFO :: Reset Control Node
2021-08-31 22:36:32,997 :: INFO :: Control node : start power of open node
2021-08-31 22:36:33,055 :: INFO :: Node OpenOCD: Setup of openocd node
2021-08-31 22:36:36,099 :: INFO :: Node OpenOCD: flash of openocd node
2021-08-31 22:36:36,114 :: INFO :: Flash firmware on OpenOCD: /tmp/tmpmmK6qA--cb924b41fcfd3e3c0bada58631722ec6_unicast-sender-count-30T-100B.iotlab-m3
2021-08-31 22:36:42,968 :: INFO :: Control node : Start experiment
2021-08-31 22:36:43,034 :: INFO :: Control Node set time delay: 1373 us
2021-08-31 22:36:43,057 :: INFO :: Control node : profile configuration
2021-08-31 22:36:43,064 :: INFO :: Configure profile on Control Node
2021-08-31 22:36:43,142 :: INFO :: Start experiment succeeded
2021-08-31 23:37:48,982 :: INFO :: Gateway Manager : Stop experiment
2021-08-31 23:37:48,991 :: INFO :: Stop experiment
2021-08-31 23:37:49,000 :: INFO :: Control node : stop of the experiment
2021-08-31 23:37:49,007 :: INFO :: Control node : profile configuration
2021-08-31 23:37:49,015 :: INFO :: Configure profile on Control Node
2021-08-31 23:37:49,089 :: INFO :: Control node : start power of open node
2021-08-31 23:37:49,132 :: INFO :: Node OpenOCD: teardown of openocd node
2021-08-31 23:37:52,198 :: INFO :: openocd node debugger stop
2021-08-31 23:37:52,887 :: INFO :: Node OpenOCD: flash of openocd node
2021-08-31 23:37:52,902 :: INFO :: Flash firmware on OpenOCD: /usr/lib/python2.7/site-packages/gateway_code/static/m3_idle.elf
2021-08-31 23:37:55,467 :: INFO :: Control node : Stop control node serial interface
2021-08-31 23:37:55,472 :: INFO :: Control node : stop power of open node
2021-08-31 23:37:55,511 :: INFO :: Control node : reset
2021-08-31 23:37:55,515 :: INFO :: Reset Control Node
2021-08-31 23:37:58,438 :: INFO :: Stop experiment succeeded
