2021-08-31 22:36:29,999 :: INFO :: Start experiment: luna-275858
2021-08-31 22:36:30,002 :: INFO :: Control node : Starting of control node serial interface
2021-08-31 22:36:30,005 :: INFO :: Control node : reset
2021-08-31 22:36:30,008 :: INFO :: Reset Control Node
2021-08-31 22:36:32,918 :: INFO :: Control node : start power of open node
2021-08-31 22:36:32,946 :: INFO :: Node OpenOCD: Setup of openocd node
2021-08-31 22:36:35,987 :: INFO :: Node OpenOCD: flash of openocd node
2021-08-31 22:36:36,004 :: INFO :: Flash firmware on OpenOCD: /tmp/tmpcytElc--cb924b41fcfd3e3c0bada58631722ec6_unicast-sender-count-30T-100B.iotlab-m3
2021-08-31 22:36:42,884 :: INFO :: Control node : Start experiment
2021-08-31 22:36:42,957 :: INFO :: Control Node set time delay: 1160 us
2021-08-31 22:36:42,989 :: INFO :: Control node : profile configuration
2021-08-31 22:36:42,996 :: INFO :: Configure profile on Control Node
2021-08-31 22:36:43,075 :: INFO :: Start experiment succeeded
2021-08-31 23:37:48,987 :: INFO :: Gateway Manager : Stop experiment
2021-08-31 23:37:48,996 :: INFO :: Stop experiment
2021-08-31 23:37:49,005 :: INFO :: Control node : stop of the experiment
2021-08-31 23:37:49,012 :: INFO :: Control node : profile configuration
2021-08-31 23:37:49,019 :: INFO :: Configure profile on Control Node
2021-08-31 23:37:49,094 :: INFO :: Control node : start power of open node
2021-08-31 23:37:49,138 :: INFO :: Node OpenOCD: teardown of openocd node
2021-08-31 23:37:52,190 :: INFO :: openocd node debugger stop
2021-08-31 23:37:52,872 :: INFO :: Node OpenOCD: flash of openocd node
2021-08-31 23:37:52,886 :: INFO :: Flash firmware on OpenOCD: /usr/lib/python2.7/site-packages/gateway_code/static/m3_idle.elf
2021-08-31 23:37:55,504 :: INFO :: Control node : Stop control node serial interface
2021-08-31 23:37:55,512 :: INFO :: Control node : stop power of open node
2021-08-31 23:37:55,587 :: INFO :: Control node : reset
2021-08-31 23:37:55,594 :: INFO :: Reset Control Node
2021-08-31 23:37:58,487 :: INFO :: Stop experiment succeeded
