2021-08-31 22:36:30,024 :: INFO :: Start experiment: luna-275858
2021-08-31 22:36:30,027 :: INFO :: Control node : Starting of control node serial interface
2021-08-31 22:36:30,030 :: INFO :: Control node : reset
2021-08-31 22:36:30,032 :: INFO :: Reset Control Node
2021-08-31 22:36:33,049 :: INFO :: Control node : start power of open node
2021-08-31 22:36:33,110 :: INFO :: Node OpenOCD: Setup of openocd node
2021-08-31 22:36:36,150 :: INFO :: Node OpenOCD: flash of openocd node
2021-08-31 22:36:36,165 :: INFO :: Flash firmware on OpenOCD: /tmp/tmpS8rjQo--cb924b41fcfd3e3c0bada58631722ec6_unicast-sender-count-30T-100B.iotlab-m3
2021-08-31 22:36:43,122 :: INFO :: Control node : Start experiment
2021-08-31 22:36:43,180 :: INFO :: Control Node set time delay: 1862 us
2021-08-31 22:36:43,211 :: INFO :: Control node : profile configuration
2021-08-31 22:36:43,215 :: INFO :: Configure profile on Control Node
2021-08-31 22:36:43,254 :: INFO :: Start experiment succeeded
2021-08-31 23:37:48,968 :: INFO :: Gateway Manager : Stop experiment
2021-08-31 23:37:48,978 :: INFO :: Stop experiment
2021-08-31 23:37:48,987 :: INFO :: Control node : stop of the experiment
2021-08-31 23:37:48,994 :: INFO :: Control node : profile configuration
2021-08-31 23:37:49,001 :: INFO :: Configure profile on Control Node
2021-08-31 23:37:49,075 :: INFO :: Control node : start power of open node
2021-08-31 23:37:49,119 :: INFO :: Node OpenOCD: teardown of openocd node
2021-08-31 23:37:52,172 :: INFO :: openocd node debugger stop
2021-08-31 23:37:52,852 :: INFO :: Node OpenOCD: flash of openocd node
2021-08-31 23:37:52,867 :: INFO :: Flash firmware on OpenOCD: /usr/lib/python2.7/site-packages/gateway_code/static/m3_idle.elf
2021-08-31 23:37:55,434 :: INFO :: Control node : Stop control node serial interface
2021-08-31 23:37:55,443 :: INFO :: Control node : stop power of open node
2021-08-31 23:37:55,509 :: INFO :: Control node : reset
2021-08-31 23:37:55,516 :: INFO :: Reset Control Node
2021-08-31 23:37:58,408 :: INFO :: Stop experiment succeeded
