2021-08-31 22:36:30,034 :: INFO :: Start experiment: luna-275858
2021-08-31 22:36:30,038 :: INFO :: Control node : Starting of control node serial interface
2021-08-31 22:36:30,040 :: INFO :: Control node : reset
2021-08-31 22:36:30,043 :: INFO :: Reset Control Node
2021-08-31 22:36:33,001 :: INFO :: Control node : start power of open node
2021-08-31 22:36:33,059 :: INFO :: Node OpenOCD: Setup of openocd node
2021-08-31 22:36:36,111 :: INFO :: Node OpenOCD: flash of openocd node
2021-08-31 22:36:36,127 :: INFO :: Flash firmware on OpenOCD: /tmp/tmpqr8cc4--cb924b41fcfd3e3c0bada58631722ec6_unicast-sender-count-30T-100B.iotlab-m3
2021-08-31 22:36:43,088 :: INFO :: Control node : Start experiment
2021-08-31 22:36:43,150 :: INFO :: Control Node set time delay: 1099 us
2021-08-31 22:36:43,168 :: INFO :: Control node : profile configuration
2021-08-31 22:36:43,172 :: INFO :: Configure profile on Control Node
2021-08-31 22:36:43,213 :: INFO :: Start experiment succeeded
2021-08-31 23:37:49,011 :: INFO :: Gateway Manager : Stop experiment
2021-08-31 23:37:49,022 :: INFO :: Stop experiment
2021-08-31 23:37:49,031 :: INFO :: Control node : stop of the experiment
2021-08-31 23:37:49,038 :: INFO :: Control node : profile configuration
2021-08-31 23:37:49,045 :: INFO :: Configure profile on Control Node
2021-08-31 23:37:49,119 :: INFO :: Control node : start power of open node
2021-08-31 23:37:49,161 :: INFO :: Node OpenOCD: teardown of openocd node
2021-08-31 23:37:52,207 :: INFO :: openocd node debugger stop
2021-08-31 23:37:52,903 :: INFO :: Node OpenOCD: flash of openocd node
2021-08-31 23:37:52,917 :: INFO :: Flash firmware on OpenOCD: /usr/lib/python2.7/site-packages/gateway_code/static/m3_idle.elf
2021-08-31 23:37:55,482 :: INFO :: Control node : Stop control node serial interface
2021-08-31 23:37:55,491 :: INFO :: Control node : stop power of open node
2021-08-31 23:37:55,571 :: INFO :: Control node : reset
2021-08-31 23:37:55,578 :: INFO :: Reset Control Node
2021-08-31 23:37:58,469 :: INFO :: Stop experiment succeeded
