2021-08-31 22:36:30,007 :: INFO :: Start experiment: luna-275858
2021-08-31 22:36:30,010 :: INFO :: Control node : Starting of control node serial interface
2021-08-31 22:36:30,013 :: INFO :: Control node : reset
2021-08-31 22:36:30,016 :: INFO :: Reset Control Node
2021-08-31 22:36:32,971 :: INFO :: Control node : start power of open node
2021-08-31 22:36:33,027 :: INFO :: Node OpenOCD: Setup of openocd node
2021-08-31 22:36:36,079 :: INFO :: Node OpenOCD: flash of openocd node
2021-08-31 22:36:36,094 :: INFO :: Flash firmware on OpenOCD: /tmp/tmpU1b7qx--cb924b41fcfd3e3c0bada58631722ec6_unicast-sender-count-30T-100B.iotlab-m3
2021-08-31 22:36:43,034 :: INFO :: Control node : Start experiment
2021-08-31 22:36:43,120 :: INFO :: Control Node set time delay: 1892 us
2021-08-31 22:36:43,142 :: INFO :: Control node : profile configuration
2021-08-31 22:36:43,149 :: INFO :: Configure profile on Control Node
2021-08-31 22:36:43,227 :: INFO :: Start experiment succeeded
2021-08-31 23:37:49,021 :: INFO :: Gateway Manager : Stop experiment
2021-08-31 23:37:49,042 :: INFO :: Stop experiment
2021-08-31 23:37:49,061 :: INFO :: Control node : stop of the experiment
2021-08-31 23:37:49,078 :: INFO :: Control node : profile configuration
2021-08-31 23:37:49,101 :: INFO :: Configure profile on Control Node
2021-08-31 23:37:49,168 :: INFO :: Control node : start power of open node
2021-08-31 23:37:49,193 :: INFO :: Node OpenOCD: teardown of openocd node
2021-08-31 23:37:52,226 :: INFO :: openocd node debugger stop
2021-08-31 23:37:52,908 :: INFO :: Node OpenOCD: flash of openocd node
2021-08-31 23:37:52,915 :: INFO :: Flash firmware on OpenOCD: /usr/lib/python2.7/site-packages/gateway_code/static/m3_idle.elf
2021-08-31 23:37:55,371 :: INFO :: Control node : Stop control node serial interface
2021-08-31 23:37:55,380 :: INFO :: Control node : stop power of open node
2021-08-31 23:37:55,452 :: INFO :: Control node : reset
2021-08-31 23:37:55,459 :: INFO :: Reset Control Node
2021-08-31 23:37:58,335 :: INFO :: Stop experiment succeeded
