2021-08-31 22:36:29,998 :: INFO :: Start experiment: luna-275858
2021-08-31 22:36:30,002 :: INFO :: Control node : Starting of control node serial interface
2021-08-31 22:36:30,004 :: INFO :: Control node : reset
2021-08-31 22:36:30,007 :: INFO :: Reset Control Node
2021-08-31 22:36:32,962 :: INFO :: Control node : start power of open node
2021-08-31 22:36:33,017 :: INFO :: Node OpenOCD: Setup of openocd node
2021-08-31 22:36:36,068 :: INFO :: Node OpenOCD: flash of openocd node
2021-08-31 22:36:36,082 :: INFO :: Flash firmware on OpenOCD: /tmp/tmpSZLmAK--cb924b41fcfd3e3c0bada58631722ec6_unicast-sender-count-30T-100B.iotlab-m3
2021-08-31 22:36:42,989 :: INFO :: Control node : Start experiment
2021-08-31 22:36:43,046 :: INFO :: Control Node set time delay: 1831 us
2021-08-31 22:36:43,071 :: INFO :: Control node : profile configuration
2021-08-31 22:36:43,078 :: INFO :: Configure profile on Control Node
2021-08-31 22:36:43,126 :: INFO :: Start experiment succeeded
2021-08-31 23:37:48,984 :: INFO :: Gateway Manager : Stop experiment
2021-08-31 23:37:48,993 :: INFO :: Stop experiment
2021-08-31 23:37:49,002 :: INFO :: Control node : stop of the experiment
2021-08-31 23:37:49,012 :: INFO :: Control node : profile configuration
2021-08-31 23:37:49,019 :: INFO :: Configure profile on Control Node
2021-08-31 23:37:49,089 :: INFO :: Control node : start power of open node
2021-08-31 23:37:49,133 :: INFO :: Node OpenOCD: teardown of openocd node
2021-08-31 23:37:52,191 :: INFO :: openocd node debugger stop
2021-08-31 23:37:52,885 :: INFO :: Node OpenOCD: flash of openocd node
2021-08-31 23:37:52,899 :: INFO :: Flash firmware on OpenOCD: /usr/lib/python2.7/site-packages/gateway_code/static/m3_idle.elf
2021-08-31 23:37:55,467 :: INFO :: Control node : Stop control node serial interface
2021-08-31 23:37:55,475 :: INFO :: Control node : stop power of open node
2021-08-31 23:37:55,554 :: INFO :: Control node : reset
2021-08-31 23:37:55,561 :: INFO :: Reset Control Node
2021-08-31 23:37:58,455 :: INFO :: Stop experiment succeeded
