2021-08-31 22:36:29,993 :: INFO :: Start experiment: luna-275858
2021-08-31 22:36:29,997 :: INFO :: Control node : Starting of control node serial interface
2021-08-31 22:36:29,999 :: INFO :: Control node : reset
2021-08-31 22:36:30,002 :: INFO :: Reset Control Node
2021-08-31 22:36:32,934 :: INFO :: Control node : start power of open node
2021-08-31 22:36:32,963 :: INFO :: Node OpenOCD: Setup of openocd node
2021-08-31 22:36:35,996 :: INFO :: Node OpenOCD: flash of openocd node
2021-08-31 22:36:36,013 :: INFO :: Flash firmware on OpenOCD: /tmp/tmprgB9Ym--cb924b41fcfd3e3c0bada58631722ec6_unicast-sender-count-30T-100B.iotlab-m3
2021-08-31 22:36:42,933 :: INFO :: Control node : Start experiment
2021-08-31 22:36:43,007 :: INFO :: Control Node set time delay: 1984 us
2021-08-31 22:36:43,047 :: INFO :: Control node : profile configuration
2021-08-31 22:36:43,050 :: INFO :: Configure profile on Control Node
2021-08-31 22:36:43,092 :: INFO :: Start experiment succeeded
2021-08-31 23:37:48,974 :: INFO :: Gateway Manager : Stop experiment
2021-08-31 23:37:48,984 :: INFO :: Stop experiment
2021-08-31 23:37:48,991 :: INFO :: Control node : stop of the experiment
2021-08-31 23:37:48,999 :: INFO :: Control node : profile configuration
2021-08-31 23:37:49,005 :: INFO :: Configure profile on Control Node
2021-08-31 23:37:49,074 :: INFO :: Control node : start power of open node
2021-08-31 23:37:49,115 :: INFO :: Node OpenOCD: teardown of openocd node
2021-08-31 23:37:52,166 :: INFO :: openocd node debugger stop
2021-08-31 23:37:52,850 :: INFO :: Node OpenOCD: flash of openocd node
2021-08-31 23:37:52,864 :: INFO :: Flash firmware on OpenOCD: /usr/lib/python2.7/site-packages/gateway_code/static/m3_idle.elf
2021-08-31 23:37:55,382 :: INFO :: Control node : Stop control node serial interface
2021-08-31 23:37:55,391 :: INFO :: Control node : stop power of open node
2021-08-31 23:37:55,474 :: INFO :: Control node : reset
2021-08-31 23:37:55,481 :: INFO :: Reset Control Node
2021-08-31 23:37:58,375 :: INFO :: Stop experiment succeeded
