2021-08-29 19:29:38,731 :: INFO :: Start experiment: luna-275699
2021-08-29 19:29:38,735 :: INFO :: Control node : Starting of control node serial interface
2021-08-29 19:29:38,738 :: INFO :: Control node : reset
2021-08-29 19:29:38,740 :: INFO :: Reset Control Node
2021-08-29 19:29:41,695 :: INFO :: Control node : start power of open node
2021-08-29 19:29:41,751 :: INFO :: Node OpenOCD: Setup of openocd node
2021-08-29 19:29:44,803 :: INFO :: Node OpenOCD: flash of openocd node
2021-08-29 19:29:44,818 :: INFO :: Flash firmware on OpenOCD: /tmp/tmp2nUISL--c646a7bd7eca22cfbffed9b70d2e0c90_unicast-sender-count-60T-100B.iotlab-m3
2021-08-29 19:29:51,700 :: INFO :: Control node : Start experiment
2021-08-29 19:29:51,784 :: INFO :: Control Node set time delay: 1648 us
2021-08-29 19:29:51,808 :: INFO :: Control node : profile configuration
2021-08-29 19:29:51,815 :: INFO :: Configure profile on Control Node
2021-08-29 19:29:51,893 :: INFO :: Start experiment succeeded
2021-08-29 20:30:57,703 :: INFO :: Gateway Manager : Stop experiment
2021-08-29 20:30:57,713 :: INFO :: Stop experiment
2021-08-29 20:30:57,722 :: INFO :: Control node : stop of the experiment
2021-08-29 20:30:57,730 :: INFO :: Control node : profile configuration
2021-08-29 20:30:57,737 :: INFO :: Configure profile on Control Node
2021-08-29 20:30:57,813 :: INFO :: Control node : start power of open node
2021-08-29 20:30:57,857 :: INFO :: Node OpenOCD: teardown of openocd node
2021-08-29 20:31:00,899 :: INFO :: openocd node debugger stop
2021-08-29 20:31:01,586 :: INFO :: Node OpenOCD: flash of openocd node
2021-08-29 20:31:01,601 :: INFO :: Flash firmware on OpenOCD: /usr/lib/python2.7/site-packages/gateway_code/static/m3_idle.elf
2021-08-29 20:31:04,116 :: INFO :: Control node : Stop control node serial interface
2021-08-29 20:31:04,121 :: INFO :: Control node : stop power of open node
2021-08-29 20:31:04,160 :: INFO :: Control node : reset
2021-08-29 20:31:04,164 :: INFO :: Reset Control Node
2021-08-29 20:31:07,087 :: INFO :: Stop experiment succeeded
