2021-08-29 19:29:38,816 :: INFO :: Start experiment: luna-275699
2021-08-29 19:29:38,820 :: INFO :: Control node : Starting of control node serial interface
2021-08-29 19:29:38,822 :: INFO :: Control node : reset
2021-08-29 19:29:38,825 :: INFO :: Reset Control Node
2021-08-29 19:29:41,774 :: INFO :: Control node : start power of open node
2021-08-29 19:29:41,830 :: INFO :: Node OpenOCD: Setup of openocd node
2021-08-29 19:29:44,870 :: INFO :: Node OpenOCD: flash of openocd node
2021-08-29 19:29:44,885 :: INFO :: Flash firmware on OpenOCD: /tmp/tmpCOETgt--c646a7bd7eca22cfbffed9b70d2e0c90_unicast-sender-count-60T-100B.iotlab-m3
2021-08-29 19:29:51,841 :: INFO :: Control node : Start experiment
2021-08-29 19:29:51,888 :: INFO :: Control Node set time delay: 1709 us
2021-08-29 19:29:51,920 :: INFO :: Control node : profile configuration
2021-08-29 19:29:51,923 :: INFO :: Configure profile on Control Node
2021-08-29 19:29:51,963 :: INFO :: Start experiment succeeded
2021-08-29 20:30:57,719 :: INFO :: Gateway Manager : Stop experiment
2021-08-29 20:30:57,728 :: INFO :: Stop experiment
2021-08-29 20:30:57,737 :: INFO :: Control node : stop of the experiment
2021-08-29 20:30:57,744 :: INFO :: Control node : profile configuration
2021-08-29 20:30:57,752 :: INFO :: Configure profile on Control Node
2021-08-29 20:30:57,826 :: INFO :: Control node : start power of open node
2021-08-29 20:30:57,872 :: INFO :: Node OpenOCD: teardown of openocd node
2021-08-29 20:31:00,925 :: INFO :: openocd node debugger stop
2021-08-29 20:31:01,614 :: INFO :: Node OpenOCD: flash of openocd node
2021-08-29 20:31:01,630 :: INFO :: Flash firmware on OpenOCD: /usr/lib/python2.7/site-packages/gateway_code/static/m3_idle.elf
2021-08-29 20:31:04,216 :: INFO :: Control node : Stop control node serial interface
2021-08-29 20:31:04,221 :: INFO :: Control node : stop power of open node
2021-08-29 20:31:04,259 :: INFO :: Control node : reset
2021-08-29 20:31:04,263 :: INFO :: Reset Control Node
2021-08-29 20:31:07,183 :: INFO :: Stop experiment succeeded
