2021-08-29 19:29:38,791 :: INFO :: Start experiment: luna-275699
2021-08-29 19:29:38,794 :: INFO :: Control node : Starting of control node serial interface
2021-08-29 19:29:38,797 :: INFO :: Control node : reset
2021-08-29 19:29:38,800 :: INFO :: Reset Control Node
2021-08-29 19:29:41,710 :: INFO :: Control node : start power of open node
2021-08-29 19:29:41,738 :: INFO :: Node OpenOCD: Setup of openocd node
2021-08-29 19:29:44,780 :: INFO :: Node OpenOCD: flash of openocd node
2021-08-29 19:29:44,798 :: INFO :: Flash firmware on OpenOCD: /tmp/tmpxp2I7z--c646a7bd7eca22cfbffed9b70d2e0c90_unicast-sender-count-60T-100B.iotlab-m3
2021-08-29 19:29:51,694 :: INFO :: Control node : Start experiment
2021-08-29 19:29:51,799 :: INFO :: Control Node set time delay: 1434 us
2021-08-29 19:29:51,819 :: INFO :: Control node : profile configuration
2021-08-29 19:29:51,826 :: INFO :: Configure profile on Control Node
2021-08-29 19:29:51,904 :: INFO :: Start experiment succeeded
2021-08-29 20:30:57,717 :: INFO :: Gateway Manager : Stop experiment
2021-08-29 20:30:57,726 :: INFO :: Stop experiment
2021-08-29 20:30:57,734 :: INFO :: Control node : stop of the experiment
2021-08-29 20:30:57,744 :: INFO :: Control node : profile configuration
2021-08-29 20:30:57,751 :: INFO :: Configure profile on Control Node
2021-08-29 20:30:57,817 :: INFO :: Control node : start power of open node
2021-08-29 20:30:57,858 :: INFO :: Node OpenOCD: teardown of openocd node
2021-08-29 20:31:00,912 :: INFO :: openocd node debugger stop
2021-08-29 20:31:01,595 :: INFO :: Node OpenOCD: flash of openocd node
2021-08-29 20:31:01,602 :: INFO :: Flash firmware on OpenOCD: /usr/lib/python2.7/site-packages/gateway_code/static/m3_idle.elf
2021-08-29 20:31:04,127 :: INFO :: Control node : Stop control node serial interface
2021-08-29 20:31:04,132 :: INFO :: Control node : stop power of open node
2021-08-29 20:31:04,180 :: INFO :: Control node : reset
2021-08-29 20:31:04,184 :: INFO :: Reset Control Node
2021-08-29 20:31:07,057 :: INFO :: Stop experiment succeeded
