2021-08-29 19:29:38,740 :: INFO :: Start experiment: luna-275699
2021-08-29 19:29:38,744 :: INFO :: Control node : Starting of control node serial interface
2021-08-29 19:29:38,747 :: INFO :: Control node : reset
2021-08-29 19:29:38,750 :: INFO :: Reset Control Node
2021-08-29 19:29:41,708 :: INFO :: Control node : start power of open node
2021-08-29 19:29:41,762 :: INFO :: Node OpenOCD: Setup of openocd node
2021-08-29 19:29:44,812 :: INFO :: Node OpenOCD: flash of openocd node
2021-08-29 19:29:44,828 :: INFO :: Flash firmware on OpenOCD: /tmp/tmp1hYRDb--c646a7bd7eca22cfbffed9b70d2e0c90_unicast-sender-count-60T-100B.iotlab-m3
2021-08-29 19:29:51,777 :: INFO :: Control node : Start experiment
2021-08-29 19:29:51,857 :: INFO :: Control Node set time delay: 1160 us
2021-08-29 19:29:51,879 :: INFO :: Control node : profile configuration
2021-08-29 19:29:51,886 :: INFO :: Configure profile on Control Node
2021-08-29 19:29:51,964 :: INFO :: Start experiment succeeded
2021-08-29 20:30:57,698 :: INFO :: Gateway Manager : Stop experiment
2021-08-29 20:30:57,708 :: INFO :: Stop experiment
2021-08-29 20:30:57,717 :: INFO :: Control node : stop of the experiment
2021-08-29 20:30:57,728 :: INFO :: Control node : profile configuration
2021-08-29 20:30:57,735 :: INFO :: Configure profile on Control Node
2021-08-29 20:30:57,805 :: INFO :: Control node : start power of open node
2021-08-29 20:30:57,850 :: INFO :: Node OpenOCD: teardown of openocd node
2021-08-29 20:31:00,901 :: INFO :: openocd node debugger stop
2021-08-29 20:31:01,598 :: INFO :: Node OpenOCD: flash of openocd node
2021-08-29 20:31:01,613 :: INFO :: Flash firmware on OpenOCD: /usr/lib/python2.7/site-packages/gateway_code/static/m3_idle.elf
2021-08-29 20:31:04,222 :: INFO :: Control node : Stop control node serial interface
2021-08-29 20:31:04,231 :: INFO :: Control node : stop power of open node
2021-08-29 20:31:04,311 :: INFO :: Control node : reset
2021-08-29 20:31:04,317 :: INFO :: Reset Control Node
2021-08-29 20:31:07,209 :: INFO :: Stop experiment succeeded
