2021-08-29 19:29:38,831 :: INFO :: Start experiment: luna-275699
2021-08-29 19:29:38,834 :: INFO :: Control node : Starting of control node serial interface
2021-08-29 19:29:38,837 :: INFO :: Control node : reset
2021-08-29 19:29:38,840 :: INFO :: Reset Control Node
2021-08-29 19:29:41,853 :: INFO :: Control node : start power of open node
2021-08-29 19:29:41,912 :: INFO :: Node OpenOCD: Setup of openocd node
2021-08-29 19:29:44,956 :: INFO :: Node OpenOCD: flash of openocd node
2021-08-29 19:29:44,971 :: INFO :: Flash firmware on OpenOCD: /tmp/tmp4Duvhj--c646a7bd7eca22cfbffed9b70d2e0c90_unicast-sender-count-60T-100B.iotlab-m3
2021-08-29 19:29:51,923 :: INFO :: Control node : Start experiment
2021-08-29 19:29:51,974 :: INFO :: Control Node set time delay: 1648 us
2021-08-29 19:29:51,997 :: INFO :: Control node : profile configuration
2021-08-29 19:29:52,001 :: INFO :: Configure profile on Control Node
2021-08-29 19:29:52,041 :: INFO :: Start experiment succeeded
2021-08-29 20:30:57,753 :: INFO :: Gateway Manager : Stop experiment
2021-08-29 20:30:57,774 :: INFO :: Stop experiment
2021-08-29 20:30:57,784 :: INFO :: Control node : stop of the experiment
2021-08-29 20:30:57,792 :: INFO :: Control node : profile configuration
2021-08-29 20:30:57,800 :: INFO :: Configure profile on Control Node
2021-08-29 20:30:57,874 :: INFO :: Control node : start power of open node
2021-08-29 20:30:57,918 :: INFO :: Node OpenOCD: teardown of openocd node
2021-08-29 20:31:00,956 :: INFO :: openocd node debugger stop
2021-08-29 20:31:01,650 :: INFO :: Node OpenOCD: flash of openocd node
2021-08-29 20:31:01,666 :: INFO :: Flash firmware on OpenOCD: /usr/lib/python2.7/site-packages/gateway_code/static/m3_idle.elf
2021-08-29 20:31:04,258 :: INFO :: Control node : Stop control node serial interface
2021-08-29 20:31:04,266 :: INFO :: Control node : stop power of open node
2021-08-29 20:31:04,342 :: INFO :: Control node : reset
2021-08-29 20:31:04,348 :: INFO :: Reset Control Node
2021-08-29 20:31:07,238 :: INFO :: Stop experiment succeeded
