2021-08-29 19:29:38,758 :: INFO :: Start experiment: luna-275699
2021-08-29 19:29:38,762 :: INFO :: Control node : Starting of control node serial interface
2021-08-29 19:29:38,765 :: INFO :: Control node : reset
2021-08-29 19:29:38,767 :: INFO :: Reset Control Node
2021-08-29 19:29:41,720 :: INFO :: Control node : start power of open node
2021-08-29 19:29:41,776 :: INFO :: Node OpenOCD: Setup of openocd node
2021-08-29 19:29:44,815 :: INFO :: Node OpenOCD: flash of openocd node
2021-08-29 19:29:44,830 :: INFO :: Flash firmware on OpenOCD: /tmp/tmpaww2Q3--c646a7bd7eca22cfbffed9b70d2e0c90_unicast-sender-count-60T-100B.iotlab-m3
2021-08-29 19:29:51,843 :: INFO :: Control node : Start experiment
2021-08-29 19:29:51,901 :: INFO :: Control Node set time delay: 1160 us
2021-08-29 19:29:51,925 :: INFO :: Control node : profile configuration
2021-08-29 19:29:51,932 :: INFO :: Configure profile on Control Node
2021-08-29 19:29:51,978 :: INFO :: Start experiment succeeded
2021-08-29 20:30:57,759 :: INFO :: Gateway Manager : Stop experiment
2021-08-29 20:30:57,780 :: INFO :: Stop experiment
2021-08-29 20:30:57,799 :: INFO :: Control node : stop of the experiment
2021-08-29 20:30:57,817 :: INFO :: Control node : profile configuration
2021-08-29 20:30:57,833 :: INFO :: Configure profile on Control Node
2021-08-29 20:30:57,989 :: INFO :: Control node : start power of open node
2021-08-29 20:30:58,013 :: INFO :: Node OpenOCD: teardown of openocd node
2021-08-29 20:31:01,049 :: INFO :: openocd node debugger stop
2021-08-29 20:31:01,775 :: INFO :: Node OpenOCD: flash of openocd node
2021-08-29 20:31:01,791 :: INFO :: Flash firmware on OpenOCD: /usr/lib/python2.7/site-packages/gateway_code/static/m3_idle.elf
2021-08-29 20:31:04,397 :: INFO :: Control node : Stop control node serial interface
2021-08-29 20:31:04,406 :: INFO :: Control node : stop power of open node
2021-08-29 20:31:04,487 :: INFO :: Control node : reset
2021-08-29 20:31:04,493 :: INFO :: Reset Control Node
2021-08-29 20:31:07,336 :: INFO :: Stop experiment succeeded
