2021-08-29 19:29:38,810 :: INFO :: Start experiment: luna-275699
2021-08-29 19:29:38,813 :: INFO :: Control node : Starting of control node serial interface
2021-08-29 19:29:38,816 :: INFO :: Control node : reset
2021-08-29 19:29:38,818 :: INFO :: Reset Control Node
2021-08-29 19:29:41,772 :: INFO :: Control node : start power of open node
2021-08-29 19:29:41,829 :: INFO :: Node OpenOCD: Setup of openocd node
2021-08-29 19:29:44,874 :: INFO :: Node OpenOCD: flash of openocd node
2021-08-29 19:29:44,889 :: INFO :: Flash firmware on OpenOCD: /tmp/tmpLDaAPl--c646a7bd7eca22cfbffed9b70d2e0c90_unicast-sender-count-60T-100B.iotlab-m3
2021-08-29 19:29:51,819 :: INFO :: Control node : Start experiment
2021-08-29 19:29:51,877 :: INFO :: Control Node set time delay: 1007 us
2021-08-29 19:29:51,900 :: INFO :: Control node : profile configuration
2021-08-29 19:29:51,906 :: INFO :: Configure profile on Control Node
2021-08-29 19:29:51,945 :: INFO :: Start experiment succeeded
2021-08-29 20:30:57,705 :: INFO :: Gateway Manager : Stop experiment
2021-08-29 20:30:57,715 :: INFO :: Stop experiment
2021-08-29 20:30:57,724 :: INFO :: Control node : stop of the experiment
2021-08-29 20:30:57,731 :: INFO :: Control node : profile configuration
2021-08-29 20:30:57,741 :: INFO :: Configure profile on Control Node
2021-08-29 20:30:57,814 :: INFO :: Control node : start power of open node
2021-08-29 20:30:57,858 :: INFO :: Node OpenOCD: teardown of openocd node
2021-08-29 20:31:00,918 :: INFO :: openocd node debugger stop
2021-08-29 20:31:01,607 :: INFO :: Node OpenOCD: flash of openocd node
2021-08-29 20:31:01,623 :: INFO :: Flash firmware on OpenOCD: /usr/lib/python2.7/site-packages/gateway_code/static/m3_idle.elf
2021-08-29 20:31:04,211 :: INFO :: Control node : Stop control node serial interface
2021-08-29 20:31:04,220 :: INFO :: Control node : stop power of open node
2021-08-29 20:31:04,286 :: INFO :: Control node : reset
2021-08-29 20:31:04,292 :: INFO :: Reset Control Node
2021-08-29 20:31:07,183 :: INFO :: Stop experiment succeeded
