2021-08-29 19:29:38,756 :: INFO :: Start experiment: luna-275699
2021-08-29 19:29:38,760 :: INFO :: Control node : Starting of control node serial interface
2021-08-29 19:29:38,762 :: INFO :: Control node : reset
2021-08-29 19:29:38,765 :: INFO :: Reset Control Node
2021-08-29 19:29:41,655 :: INFO :: Control node : start power of open node
2021-08-29 19:29:41,682 :: INFO :: Node OpenOCD: Setup of openocd node
2021-08-29 19:29:44,722 :: INFO :: Node OpenOCD: flash of openocd node
2021-08-29 19:29:44,740 :: INFO :: Flash firmware on OpenOCD: /tmp/tmpP8dfQr--c646a7bd7eca22cfbffed9b70d2e0c90_unicast-sender-count-60T-100B.iotlab-m3
2021-08-29 19:29:51,744 :: INFO :: Control node : Start experiment
2021-08-29 19:29:51,793 :: INFO :: Control Node set time delay: 1831 us
2021-08-29 19:29:51,811 :: INFO :: Control node : profile configuration
2021-08-29 19:29:51,814 :: INFO :: Configure profile on Control Node
2021-08-29 19:29:51,855 :: INFO :: Start experiment succeeded
2021-08-29 20:30:57,743 :: INFO :: Gateway Manager : Stop experiment
2021-08-29 20:30:57,765 :: INFO :: Stop experiment
2021-08-29 20:30:57,784 :: INFO :: Control node : stop of the experiment
2021-08-29 20:30:57,800 :: INFO :: Control node : profile configuration
2021-08-29 20:30:57,823 :: INFO :: Configure profile on Control Node
2021-08-29 20:30:57,979 :: INFO :: Control node : start power of open node
2021-08-29 20:30:58,003 :: INFO :: Node OpenOCD: teardown of openocd node
2021-08-29 20:31:01,065 :: INFO :: openocd node debugger stop
2021-08-29 20:31:01,766 :: INFO :: Node OpenOCD: flash of openocd node
2021-08-29 20:31:01,781 :: INFO :: Flash firmware on OpenOCD: /usr/lib/python2.7/site-packages/gateway_code/static/m3_idle.elf
2021-08-29 20:31:04,377 :: INFO :: Control node : Stop control node serial interface
2021-08-29 20:31:04,386 :: INFO :: Control node : stop power of open node
2021-08-29 20:31:04,452 :: INFO :: Control node : reset
2021-08-29 20:31:04,459 :: INFO :: Reset Control Node
2021-08-29 20:31:07,353 :: INFO :: Stop experiment succeeded
