2021-08-29 19:29:38,777 :: INFO :: Start experiment: luna-275699
2021-08-29 19:29:38,781 :: INFO :: Control node : Starting of control node serial interface
2021-08-29 19:29:38,783 :: INFO :: Control node : reset
2021-08-29 19:29:38,786 :: INFO :: Reset Control Node
2021-08-29 19:29:41,691 :: INFO :: Control node : start power of open node
2021-08-29 19:29:41,746 :: INFO :: Node OpenOCD: Setup of openocd node
2021-08-29 19:29:44,786 :: INFO :: Node OpenOCD: flash of openocd node
2021-08-29 19:29:44,804 :: INFO :: Flash firmware on OpenOCD: /tmp/tmpsEDQdL--c646a7bd7eca22cfbffed9b70d2e0c90_unicast-sender-count-60T-100B.iotlab-m3
2021-08-29 19:29:51,758 :: INFO :: Control node : Start experiment
2021-08-29 19:29:51,812 :: INFO :: Control Node set time delay: 1373 us
2021-08-29 19:29:51,834 :: INFO :: Control node : profile configuration
2021-08-29 19:29:51,838 :: INFO :: Configure profile on Control Node
2021-08-29 19:29:51,879 :: INFO :: Start experiment succeeded
2021-08-29 20:30:57,707 :: INFO :: Gateway Manager : Stop experiment
2021-08-29 20:30:57,719 :: INFO :: Stop experiment
2021-08-29 20:30:57,727 :: INFO :: Control node : stop of the experiment
2021-08-29 20:30:57,735 :: INFO :: Control node : profile configuration
2021-08-29 20:30:57,742 :: INFO :: Configure profile on Control Node
2021-08-29 20:30:57,817 :: INFO :: Control node : start power of open node
2021-08-29 20:30:57,862 :: INFO :: Node OpenOCD: teardown of openocd node
2021-08-29 20:31:00,899 :: INFO :: openocd node debugger stop
2021-08-29 20:31:01,613 :: INFO :: Node OpenOCD: flash of openocd node
2021-08-29 20:31:01,631 :: INFO :: Flash firmware on OpenOCD: /usr/lib/python2.7/site-packages/gateway_code/static/m3_idle.elf
2021-08-29 20:31:04,268 :: INFO :: Control node : Stop control node serial interface
2021-08-29 20:31:04,277 :: INFO :: Control node : stop power of open node
2021-08-29 20:31:04,343 :: INFO :: Control node : reset
2021-08-29 20:31:04,349 :: INFO :: Reset Control Node
2021-08-29 20:31:07,189 :: INFO :: Stop experiment succeeded
