2021-08-29 19:29:38,795 :: INFO :: Start experiment: luna-275699
2021-08-29 19:29:38,799 :: INFO :: Control node : Starting of control node serial interface
2021-08-29 19:29:38,801 :: INFO :: Control node : reset
2021-08-29 19:29:38,804 :: INFO :: Reset Control Node
2021-08-29 19:29:41,761 :: INFO :: Control node : start power of open node
2021-08-29 19:29:41,817 :: INFO :: Node OpenOCD: Setup of openocd node
2021-08-29 19:29:44,860 :: INFO :: Node OpenOCD: flash of openocd node
2021-08-29 19:29:44,875 :: INFO :: Flash firmware on OpenOCD: /tmp/tmpurlhpF--c646a7bd7eca22cfbffed9b70d2e0c90_unicast-sender-count-60T-100B.iotlab-m3
2021-08-29 19:29:51,788 :: INFO :: Control node : Start experiment
2021-08-29 19:29:51,860 :: INFO :: Control Node set time delay: 1160 us
2021-08-29 19:29:51,884 :: INFO :: Control node : profile configuration
2021-08-29 19:29:51,891 :: INFO :: Configure profile on Control Node
2021-08-29 19:29:51,970 :: INFO :: Start experiment succeeded
2021-08-29 20:30:57,746 :: INFO :: Gateway Manager : Stop experiment
2021-08-29 20:30:57,766 :: INFO :: Stop experiment
2021-08-29 20:30:57,777 :: INFO :: Control node : stop of the experiment
2021-08-29 20:30:57,784 :: INFO :: Control node : profile configuration
2021-08-29 20:30:57,791 :: INFO :: Configure profile on Control Node
2021-08-29 20:30:57,863 :: INFO :: Control node : start power of open node
2021-08-29 20:30:57,906 :: INFO :: Node OpenOCD: teardown of openocd node
2021-08-29 20:31:00,956 :: INFO :: openocd node debugger stop
2021-08-29 20:31:01,657 :: INFO :: Node OpenOCD: flash of openocd node
2021-08-29 20:31:01,681 :: INFO :: Flash firmware on OpenOCD: /usr/lib/python2.7/site-packages/gateway_code/static/m3_idle.elf
2021-08-29 20:31:04,333 :: INFO :: Control node : Stop control node serial interface
2021-08-29 20:31:04,342 :: INFO :: Control node : stop power of open node
2021-08-29 20:31:04,409 :: INFO :: Control node : reset
2021-08-29 20:31:04,415 :: INFO :: Reset Control Node
2021-08-29 20:31:07,255 :: INFO :: Stop experiment succeeded
