2021-08-29 19:29:38,817 :: INFO :: Start experiment: luna-275699
2021-08-29 19:29:38,821 :: INFO :: Control node : Starting of control node serial interface
2021-08-29 19:29:38,823 :: INFO :: Control node : reset
2021-08-29 19:29:38,826 :: INFO :: Reset Control Node
2021-08-29 19:29:41,779 :: INFO :: Control node : start power of open node
2021-08-29 19:29:41,836 :: INFO :: Node OpenOCD: Setup of openocd node
2021-08-29 19:29:44,876 :: INFO :: Node OpenOCD: flash of openocd node
2021-08-29 19:29:44,891 :: INFO :: Flash firmware on OpenOCD: /tmp/tmpTfe49w--c646a7bd7eca22cfbffed9b70d2e0c90_unicast-sender-count-60T-100B.iotlab-m3
2021-08-29 19:29:51,792 :: INFO :: Control node : Start experiment
2021-08-29 19:29:51,844 :: INFO :: Control Node set time delay: 1617 us
2021-08-29 19:29:51,877 :: INFO :: Control node : profile configuration
2021-08-29 19:29:51,883 :: INFO :: Configure profile on Control Node
2021-08-29 19:29:51,961 :: INFO :: Start experiment succeeded
2021-08-29 20:30:57,700 :: INFO :: Gateway Manager : Stop experiment
2021-08-29 20:30:57,711 :: INFO :: Stop experiment
2021-08-29 20:30:57,719 :: INFO :: Control node : stop of the experiment
2021-08-29 20:30:57,727 :: INFO :: Control node : profile configuration
2021-08-29 20:30:57,734 :: INFO :: Configure profile on Control Node
2021-08-29 20:30:57,807 :: INFO :: Control node : start power of open node
2021-08-29 20:30:57,851 :: INFO :: Node OpenOCD: teardown of openocd node
2021-08-29 20:31:00,900 :: INFO :: openocd node debugger stop
2021-08-29 20:31:01,591 :: INFO :: Node OpenOCD: flash of openocd node
2021-08-29 20:31:01,606 :: INFO :: Flash firmware on OpenOCD: /usr/lib/python2.7/site-packages/gateway_code/static/m3_idle.elf
2021-08-29 20:31:04,191 :: INFO :: Control node : Stop control node serial interface
2021-08-29 20:31:04,200 :: INFO :: Control node : stop power of open node
2021-08-29 20:31:04,268 :: INFO :: Control node : reset
2021-08-29 20:31:04,275 :: INFO :: Reset Control Node
2021-08-29 20:31:07,157 :: INFO :: Stop experiment succeeded
