2021-08-29 19:29:38,752 :: INFO :: Start experiment: luna-275699
2021-08-29 19:29:38,756 :: INFO :: Control node : Starting of control node serial interface
2021-08-29 19:29:38,758 :: INFO :: Control node : reset
2021-08-29 19:29:38,761 :: INFO :: Reset Control Node
2021-08-29 19:29:41,663 :: INFO :: Control node : start power of open node
2021-08-29 19:29:41,721 :: INFO :: Node OpenOCD: Setup of openocd node
2021-08-29 19:29:44,765 :: INFO :: Node OpenOCD: flash of openocd node
2021-08-29 19:29:44,783 :: INFO :: Flash firmware on OpenOCD: /tmp/tmpVLwZed--c646a7bd7eca22cfbffed9b70d2e0c90_unicast-sender-count-60T-100B.iotlab-m3
2021-08-29 19:29:51,720 :: INFO :: Control node : Start experiment
2021-08-29 19:29:51,770 :: INFO :: Control Node set time delay: 1221 us
2021-08-29 19:29:51,804 :: INFO :: Control node : profile configuration
2021-08-29 19:29:51,811 :: INFO :: Configure profile on Control Node
2021-08-29 19:29:51,857 :: INFO :: Start experiment succeeded
2021-08-29 20:30:57,709 :: INFO :: Gateway Manager : Stop experiment
2021-08-29 20:30:57,718 :: INFO :: Stop experiment
2021-08-29 20:30:57,727 :: INFO :: Control node : stop of the experiment
2021-08-29 20:30:57,734 :: INFO :: Control node : profile configuration
2021-08-29 20:30:57,741 :: INFO :: Configure profile on Control Node
2021-08-29 20:30:57,813 :: INFO :: Control node : start power of open node
2021-08-29 20:30:57,855 :: INFO :: Node OpenOCD: teardown of openocd node
2021-08-29 20:31:00,898 :: INFO :: openocd node debugger stop
2021-08-29 20:31:01,581 :: INFO :: Node OpenOCD: flash of openocd node
2021-08-29 20:31:01,598 :: INFO :: Flash firmware on OpenOCD: /usr/lib/python2.7/site-packages/gateway_code/static/m3_idle.elf
2021-08-29 20:31:04,202 :: INFO :: Control node : Stop control node serial interface
2021-08-29 20:31:04,206 :: INFO :: Control node : stop power of open node
2021-08-29 20:31:04,256 :: INFO :: Control node : reset
2021-08-29 20:31:04,259 :: INFO :: Reset Control Node
2021-08-29 20:31:07,177 :: INFO :: Stop experiment succeeded
