2021-08-29 19:29:38,764 :: INFO :: Start experiment: luna-275699
2021-08-29 19:29:38,767 :: INFO :: Control node : Starting of control node serial interface
2021-08-29 19:29:38,770 :: INFO :: Control node : reset
2021-08-29 19:29:38,773 :: INFO :: Reset Control Node
2021-08-29 19:29:41,694 :: INFO :: Control node : start power of open node
2021-08-29 19:29:41,724 :: INFO :: Node OpenOCD: Setup of openocd node
2021-08-29 19:29:44,762 :: INFO :: Node OpenOCD: flash of openocd node
2021-08-29 19:29:44,779 :: INFO :: Flash firmware on OpenOCD: /tmp/tmpFl3hDQ--c646a7bd7eca22cfbffed9b70d2e0c90_unicast-sender-count-60T-100B.iotlab-m3
2021-08-29 19:29:51,650 :: INFO :: Control node : Start experiment
2021-08-29 19:29:51,708 :: INFO :: Control Node set time delay: 1831 us
2021-08-29 19:29:51,740 :: INFO :: Control node : profile configuration
2021-08-29 19:29:51,746 :: INFO :: Configure profile on Control Node
2021-08-29 19:29:51,824 :: INFO :: Start experiment succeeded
2021-08-29 20:30:57,729 :: INFO :: Gateway Manager : Stop experiment
2021-08-29 20:30:57,748 :: INFO :: Stop experiment
2021-08-29 20:30:57,768 :: INFO :: Control node : stop of the experiment
2021-08-29 20:30:57,784 :: INFO :: Control node : profile configuration
2021-08-29 20:30:57,799 :: INFO :: Configure profile on Control Node
2021-08-29 20:30:57,949 :: INFO :: Control node : start power of open node
2021-08-29 20:30:57,992 :: INFO :: Node OpenOCD: teardown of openocd node
2021-08-29 20:31:01,032 :: INFO :: openocd node debugger stop
2021-08-29 20:31:01,728 :: INFO :: Node OpenOCD: flash of openocd node
2021-08-29 20:31:01,743 :: INFO :: Flash firmware on OpenOCD: /usr/lib/python2.7/site-packages/gateway_code/static/m3_idle.elf
2021-08-29 20:31:04,327 :: INFO :: Control node : Stop control node serial interface
2021-08-29 20:31:04,336 :: INFO :: Control node : stop power of open node
2021-08-29 20:31:04,420 :: INFO :: Control node : reset
2021-08-29 20:31:04,426 :: INFO :: Reset Control Node
2021-08-29 20:31:07,319 :: INFO :: Stop experiment succeeded
