2021-08-29 19:29:38,742 :: INFO :: Start experiment: luna-275699
2021-08-29 19:29:38,745 :: INFO :: Control node : Starting of control node serial interface
2021-08-29 19:29:38,748 :: INFO :: Control node : reset
2021-08-29 19:29:38,751 :: INFO :: Reset Control Node
2021-08-29 19:29:41,655 :: INFO :: Control node : start power of open node
2021-08-29 19:29:41,682 :: INFO :: Node OpenOCD: Setup of openocd node
2021-08-29 19:29:44,719 :: INFO :: Node OpenOCD: flash of openocd node
2021-08-29 19:29:44,737 :: INFO :: Flash firmware on OpenOCD: /tmp/tmpGhydRK--c646a7bd7eca22cfbffed9b70d2e0c90_unicast-sender-count-60T-100B.iotlab-m3
2021-08-29 19:29:51,630 :: INFO :: Control node : Start experiment
2021-08-29 19:29:51,694 :: INFO :: Control Node set time delay: 1434 us
2021-08-29 19:29:51,727 :: INFO :: Control node : profile configuration
2021-08-29 19:29:51,734 :: INFO :: Configure profile on Control Node
2021-08-29 19:29:51,813 :: INFO :: Start experiment succeeded
2021-08-29 20:30:57,696 :: INFO :: Gateway Manager : Stop experiment
2021-08-29 20:30:57,705 :: INFO :: Stop experiment
2021-08-29 20:30:57,714 :: INFO :: Control node : stop of the experiment
2021-08-29 20:30:57,721 :: INFO :: Control node : profile configuration
2021-08-29 20:30:57,732 :: INFO :: Configure profile on Control Node
2021-08-29 20:30:57,803 :: INFO :: Control node : start power of open node
2021-08-29 20:30:57,847 :: INFO :: Node OpenOCD: teardown of openocd node
2021-08-29 20:31:00,902 :: INFO :: openocd node debugger stop
2021-08-29 20:31:01,583 :: INFO :: Node OpenOCD: flash of openocd node
2021-08-29 20:31:01,590 :: INFO :: Flash firmware on OpenOCD: /usr/lib/python2.7/site-packages/gateway_code/static/m3_idle.elf
2021-08-29 20:31:04,102 :: INFO :: Control node : Stop control node serial interface
2021-08-29 20:31:04,110 :: INFO :: Control node : stop power of open node
2021-08-29 20:31:04,181 :: INFO :: Control node : reset
2021-08-29 20:31:04,187 :: INFO :: Reset Control Node
2021-08-29 20:31:07,079 :: INFO :: Stop experiment succeeded
