2021-08-29 19:29:38,795 :: INFO :: Start experiment: luna-275699
2021-08-29 19:29:38,799 :: INFO :: Control node : Starting of control node serial interface
2021-08-29 19:29:38,801 :: INFO :: Control node : reset
2021-08-29 19:29:38,804 :: INFO :: Reset Control Node
2021-08-29 19:29:41,754 :: INFO :: Control node : start power of open node
2021-08-29 19:29:41,811 :: INFO :: Node OpenOCD: Setup of openocd node
2021-08-29 19:29:44,850 :: INFO :: Node OpenOCD: flash of openocd node
2021-08-29 19:29:44,865 :: INFO :: Flash firmware on OpenOCD: /tmp/tmpbmpBl8--c646a7bd7eca22cfbffed9b70d2e0c90_unicast-sender-count-60T-100B.iotlab-m3
2021-08-29 19:29:51,832 :: INFO :: Control node : Start experiment
2021-08-29 19:29:51,880 :: INFO :: Control Node set time delay: 1374 us
2021-08-29 19:29:51,912 :: INFO :: Control node : profile configuration
2021-08-29 19:29:51,917 :: INFO :: Configure profile on Control Node
2021-08-29 19:29:51,959 :: INFO :: Start experiment succeeded
2021-08-29 20:30:57,708 :: INFO :: Gateway Manager : Stop experiment
2021-08-29 20:30:57,718 :: INFO :: Stop experiment
2021-08-29 20:30:57,726 :: INFO :: Control node : stop of the experiment
2021-08-29 20:30:57,733 :: INFO :: Control node : profile configuration
2021-08-29 20:30:57,743 :: INFO :: Configure profile on Control Node
2021-08-29 20:30:57,815 :: INFO :: Control node : start power of open node
2021-08-29 20:30:57,858 :: INFO :: Node OpenOCD: teardown of openocd node
2021-08-29 20:31:00,910 :: INFO :: openocd node debugger stop
2021-08-29 20:31:01,604 :: INFO :: Node OpenOCD: flash of openocd node
2021-08-29 20:31:01,621 :: INFO :: Flash firmware on OpenOCD: /usr/lib/python2.7/site-packages/gateway_code/static/m3_idle.elf
2021-08-29 20:31:04,206 :: INFO :: Control node : Stop control node serial interface
2021-08-29 20:31:04,211 :: INFO :: Control node : stop power of open node
2021-08-29 20:31:04,259 :: INFO :: Control node : reset
2021-08-29 20:31:04,263 :: INFO :: Reset Control Node
2021-08-29 20:31:07,152 :: INFO :: Stop experiment succeeded
