2021-08-29 19:29:38,773 :: INFO :: Start experiment: luna-275699
2021-08-29 19:29:38,776 :: INFO :: Control node : Starting of control node serial interface
2021-08-29 19:29:38,779 :: INFO :: Control node : reset
2021-08-29 19:29:38,782 :: INFO :: Reset Control Node
2021-08-29 19:29:41,685 :: INFO :: Control node : start power of open node
2021-08-29 19:29:41,717 :: INFO :: Node OpenOCD: Setup of openocd node
2021-08-29 19:29:44,750 :: INFO :: Node OpenOCD: flash of openocd node
2021-08-29 19:29:44,767 :: INFO :: Flash firmware on OpenOCD: /tmp/tmpvI4qrL--c646a7bd7eca22cfbffed9b70d2e0c90_unicast-sender-count-60T-100B.iotlab-m3
2021-08-29 19:29:51,749 :: INFO :: Control node : Start experiment
2021-08-29 19:29:51,776 :: INFO :: Control Node set time delay: 1373 us
2021-08-29 19:29:51,793 :: INFO :: Control node : profile configuration
2021-08-29 19:29:51,797 :: INFO :: Configure profile on Control Node
2021-08-29 19:29:51,841 :: INFO :: Start experiment succeeded
2021-08-29 20:30:57,729 :: INFO :: Gateway Manager : Stop experiment
2021-08-29 20:30:57,750 :: INFO :: Stop experiment
2021-08-29 20:30:57,767 :: INFO :: Control node : stop of the experiment
2021-08-29 20:30:57,783 :: INFO :: Control node : profile configuration
2021-08-29 20:30:57,804 :: INFO :: Configure profile on Control Node
2021-08-29 20:30:57,946 :: INFO :: Control node : start power of open node
2021-08-29 20:30:57,974 :: INFO :: Node OpenOCD: teardown of openocd node
2021-08-29 20:31:01,032 :: INFO :: openocd node debugger stop
2021-08-29 20:31:01,729 :: INFO :: Node OpenOCD: flash of openocd node
2021-08-29 20:31:01,745 :: INFO :: Flash firmware on OpenOCD: /usr/lib/python2.7/site-packages/gateway_code/static/m3_idle.elf
2021-08-29 20:31:04,343 :: INFO :: Control node : Stop control node serial interface
2021-08-29 20:31:04,352 :: INFO :: Control node : stop power of open node
2021-08-29 20:31:04,431 :: INFO :: Control node : reset
2021-08-29 20:31:04,438 :: INFO :: Reset Control Node
2021-08-29 20:31:07,275 :: INFO :: Stop experiment succeeded
