2021-08-29 19:29:38,804 :: INFO :: Start experiment: luna-275699
2021-08-29 19:29:38,808 :: INFO :: Control node : Starting of control node serial interface
2021-08-29 19:29:38,810 :: INFO :: Control node : reset
2021-08-29 19:29:38,813 :: INFO :: Reset Control Node
2021-08-29 19:29:41,731 :: INFO :: Control node : start power of open node
2021-08-29 19:29:41,759 :: INFO :: Node OpenOCD: Setup of openocd node
2021-08-29 19:29:44,798 :: INFO :: Node OpenOCD: flash of openocd node
2021-08-29 19:29:44,816 :: INFO :: Flash firmware on OpenOCD: /tmp/tmpPdo2lK--c646a7bd7eca22cfbffed9b70d2e0c90_unicast-sender-count-60T-100B.iotlab-m3
2021-08-29 19:29:51,829 :: INFO :: Control node : Start experiment
2021-08-29 19:29:51,874 :: INFO :: Control Node set time delay: 1464 us
2021-08-29 19:29:51,892 :: INFO :: Control node : profile configuration
2021-08-29 19:29:51,895 :: INFO :: Configure profile on Control Node
2021-08-29 19:29:51,939 :: INFO :: Start experiment succeeded
2021-08-29 20:30:57,705 :: INFO :: Gateway Manager : Stop experiment
2021-08-29 20:30:57,714 :: INFO :: Stop experiment
2021-08-29 20:30:57,723 :: INFO :: Control node : stop of the experiment
2021-08-29 20:30:57,730 :: INFO :: Control node : profile configuration
2021-08-29 20:30:57,737 :: INFO :: Configure profile on Control Node
2021-08-29 20:30:57,812 :: INFO :: Control node : start power of open node
2021-08-29 20:30:57,857 :: INFO :: Node OpenOCD: teardown of openocd node
2021-08-29 20:31:00,920 :: INFO :: openocd node debugger stop
2021-08-29 20:31:01,608 :: INFO :: Node OpenOCD: flash of openocd node
2021-08-29 20:31:01,615 :: INFO :: Flash firmware on OpenOCD: /usr/lib/python2.7/site-packages/gateway_code/static/m3_idle.elf
2021-08-29 20:31:04,080 :: INFO :: Control node : Stop control node serial interface
2021-08-29 20:31:04,088 :: INFO :: Control node : stop power of open node
2021-08-29 20:31:04,187 :: INFO :: Control node : reset
2021-08-29 20:31:04,193 :: INFO :: Reset Control Node
2021-08-29 20:31:07,084 :: INFO :: Stop experiment succeeded
