2021-08-29 19:29:38,820 :: INFO :: Start experiment: luna-275699
2021-08-29 19:29:38,824 :: INFO :: Control node : Starting of control node serial interface
2021-08-29 19:29:38,826 :: INFO :: Control node : reset
2021-08-29 19:29:38,829 :: INFO :: Reset Control Node
2021-08-29 19:29:41,781 :: INFO :: Control node : start power of open node
2021-08-29 19:29:41,831 :: INFO :: Node OpenOCD: Setup of openocd node
2021-08-29 19:29:44,860 :: INFO :: Node OpenOCD: flash of openocd node
2021-08-29 19:29:44,879 :: INFO :: Flash firmware on OpenOCD: /tmp/tmpDrS8_g--c646a7bd7eca22cfbffed9b70d2e0c90_unicast-sender-count-60T-100B.iotlab-m3
2021-08-29 19:29:51,749 :: INFO :: Control node : Start experiment
2021-08-29 19:29:51,824 :: INFO :: Control Node set time delay: 2502 us
2021-08-29 19:29:51,869 :: INFO :: Control node : profile configuration
2021-08-29 19:29:51,876 :: INFO :: Configure profile on Control Node
2021-08-29 19:29:51,955 :: INFO :: Start experiment succeeded
2021-08-29 20:30:57,716 :: INFO :: Gateway Manager : Stop experiment
2021-08-29 20:30:57,726 :: INFO :: Stop experiment
2021-08-29 20:30:57,735 :: INFO :: Control node : stop of the experiment
2021-08-29 20:30:57,742 :: INFO :: Control node : profile configuration
2021-08-29 20:30:57,749 :: INFO :: Configure profile on Control Node
2021-08-29 20:30:57,823 :: INFO :: Control node : start power of open node
2021-08-29 20:30:57,868 :: INFO :: Node OpenOCD: teardown of openocd node
2021-08-29 20:31:00,922 :: INFO :: openocd node debugger stop
2021-08-29 20:31:01,513 :: INFO :: Node OpenOCD: flash of openocd node
2021-08-29 20:31:01,529 :: INFO :: Flash firmware on OpenOCD: /usr/lib/python2.7/site-packages/gateway_code/static/m3_idle.elf
2021-08-29 20:31:04,116 :: INFO :: Control node : Stop control node serial interface
2021-08-29 20:31:04,121 :: INFO :: Control node : stop power of open node
2021-08-29 20:31:04,159 :: INFO :: Control node : reset
2021-08-29 20:31:04,166 :: INFO :: Reset Control Node
2021-08-29 20:31:07,059 :: INFO :: Stop experiment succeeded
