2021-08-29 19:29:38,765 :: INFO :: Start experiment: luna-275699
2021-08-29 19:29:38,769 :: INFO :: Control node : Starting of control node serial interface
2021-08-29 19:29:38,771 :: INFO :: Control node : reset
2021-08-29 19:29:38,774 :: INFO :: Reset Control Node
2021-08-29 19:29:41,723 :: INFO :: Control node : start power of open node
2021-08-29 19:29:41,780 :: INFO :: Node OpenOCD: Setup of openocd node
2021-08-29 19:29:44,830 :: INFO :: Node OpenOCD: flash of openocd node
2021-08-29 19:29:44,845 :: INFO :: Flash firmware on OpenOCD: /tmp/tmpo2dFqi--c646a7bd7eca22cfbffed9b70d2e0c90_unicast-sender-count-60T-100B.iotlab-m3
2021-08-29 19:29:51,752 :: INFO :: Control node : Start experiment
2021-08-29 19:29:51,800 :: INFO :: Control Node set time delay: 1861 us
2021-08-29 19:29:51,819 :: INFO :: Control node : profile configuration
2021-08-29 19:29:51,823 :: INFO :: Configure profile on Control Node
2021-08-29 19:29:51,863 :: INFO :: Start experiment succeeded
2021-08-29 20:30:57,744 :: INFO :: Gateway Manager : Stop experiment
2021-08-29 20:30:57,766 :: INFO :: Stop experiment
2021-08-29 20:30:57,784 :: INFO :: Control node : stop of the experiment
2021-08-29 20:30:57,801 :: INFO :: Control node : profile configuration
2021-08-29 20:30:57,824 :: INFO :: Configure profile on Control Node
2021-08-29 20:30:57,923 :: INFO :: Control node : start power of open node
2021-08-29 20:30:57,948 :: INFO :: Node OpenOCD: teardown of openocd node
2021-08-29 20:31:01,000 :: INFO :: openocd node debugger stop
2021-08-29 20:31:01,696 :: INFO :: Node OpenOCD: flash of openocd node
2021-08-29 20:31:01,706 :: INFO :: Flash firmware on OpenOCD: /usr/lib/python2.7/site-packages/gateway_code/static/m3_idle.elf
2021-08-29 20:31:04,165 :: INFO :: Control node : Stop control node serial interface
2021-08-29 20:31:04,174 :: INFO :: Control node : stop power of open node
2021-08-29 20:31:04,254 :: INFO :: Control node : reset
2021-08-29 20:31:04,261 :: INFO :: Reset Control Node
2021-08-29 20:31:07,106 :: INFO :: Stop experiment succeeded
