2021-08-29 19:29:38,753 :: INFO :: Start experiment: luna-275699
2021-08-29 19:29:38,757 :: INFO :: Control node : Starting of control node serial interface
2021-08-29 19:29:38,760 :: INFO :: Control node : reset
2021-08-29 19:29:38,763 :: INFO :: Reset Control Node
2021-08-29 19:29:41,719 :: INFO :: Control node : start power of open node
2021-08-29 19:29:41,776 :: INFO :: Node OpenOCD: Setup of openocd node
2021-08-29 19:29:44,823 :: INFO :: Node OpenOCD: flash of openocd node
2021-08-29 19:29:44,839 :: INFO :: Flash firmware on OpenOCD: /tmp/tmpKr_0rP--c646a7bd7eca22cfbffed9b70d2e0c90_unicast-sender-count-60T-100B.iotlab-m3
2021-08-29 19:29:51,715 :: INFO :: Control node : Start experiment
2021-08-29 19:29:51,787 :: INFO :: Control Node set time delay: 1099 us
2021-08-29 19:29:51,821 :: INFO :: Control node : profile configuration
2021-08-29 19:29:51,827 :: INFO :: Configure profile on Control Node
2021-08-29 19:29:51,905 :: INFO :: Start experiment succeeded
2021-08-29 20:30:57,748 :: INFO :: Gateway Manager : Stop experiment
2021-08-29 20:30:57,771 :: INFO :: Stop experiment
2021-08-29 20:30:57,779 :: INFO :: Control node : stop of the experiment
2021-08-29 20:30:57,787 :: INFO :: Control node : profile configuration
2021-08-29 20:30:57,794 :: INFO :: Configure profile on Control Node
2021-08-29 20:30:57,868 :: INFO :: Control node : start power of open node
2021-08-29 20:30:57,913 :: INFO :: Node OpenOCD: teardown of openocd node
2021-08-29 20:31:00,959 :: INFO :: openocd node debugger stop
2021-08-29 20:31:01,640 :: INFO :: Node OpenOCD: flash of openocd node
2021-08-29 20:31:01,655 :: INFO :: Flash firmware on OpenOCD: /usr/lib/python2.7/site-packages/gateway_code/static/m3_idle.elf
2021-08-29 20:31:04,191 :: INFO :: Control node : Stop control node serial interface
2021-08-29 20:31:04,199 :: INFO :: Control node : stop power of open node
2021-08-29 20:31:04,280 :: INFO :: Control node : reset
2021-08-29 20:31:04,286 :: INFO :: Reset Control Node
2021-08-29 20:31:07,127 :: INFO :: Stop experiment succeeded
