2021-08-29 19:29:38,739 :: INFO :: Start experiment: luna-275699
2021-08-29 19:29:38,742 :: INFO :: Control node : Starting of control node serial interface
2021-08-29 19:29:38,745 :: INFO :: Control node : reset
2021-08-29 19:29:38,747 :: INFO :: Reset Control Node
2021-08-29 19:29:41,700 :: INFO :: Control node : start power of open node
2021-08-29 19:29:41,755 :: INFO :: Node OpenOCD: Setup of openocd node
2021-08-29 19:29:44,795 :: INFO :: Node OpenOCD: flash of openocd node
2021-08-29 19:29:44,810 :: INFO :: Flash firmware on OpenOCD: /tmp/tmpvzmliB--c646a7bd7eca22cfbffed9b70d2e0c90_unicast-sender-count-60T-100B.iotlab-m3
2021-08-29 19:29:51,819 :: INFO :: Control node : Start experiment
2021-08-29 19:29:51,878 :: INFO :: Control Node set time delay: 1007 us
2021-08-29 19:29:51,891 :: INFO :: Control node : profile configuration
2021-08-29 19:29:51,895 :: INFO :: Configure profile on Control Node
2021-08-29 19:29:51,936 :: INFO :: Start experiment succeeded
2021-08-29 20:30:57,689 :: INFO :: Gateway Manager : Stop experiment
2021-08-29 20:30:57,700 :: INFO :: Stop experiment
2021-08-29 20:30:57,709 :: INFO :: Control node : stop of the experiment
2021-08-29 20:30:57,716 :: INFO :: Control node : profile configuration
2021-08-29 20:30:57,724 :: INFO :: Configure profile on Control Node
2021-08-29 20:30:57,798 :: INFO :: Control node : start power of open node
2021-08-29 20:30:57,843 :: INFO :: Node OpenOCD: teardown of openocd node
2021-08-29 20:31:00,892 :: INFO :: openocd node debugger stop
2021-08-29 20:31:01,589 :: INFO :: Node OpenOCD: flash of openocd node
2021-08-29 20:31:01,603 :: INFO :: Flash firmware on OpenOCD: /usr/lib/python2.7/site-packages/gateway_code/static/m3_idle.elf
2021-08-29 20:31:04,141 :: INFO :: Control node : Stop control node serial interface
2021-08-29 20:31:04,150 :: INFO :: Control node : stop power of open node
2021-08-29 20:31:04,220 :: INFO :: Control node : reset
2021-08-29 20:31:04,227 :: INFO :: Reset Control Node
2021-08-29 20:31:07,106 :: INFO :: Stop experiment succeeded
