2021-08-29 19:29:38,763 :: INFO :: Start experiment: luna-275699
2021-08-29 19:29:38,766 :: INFO :: Control node : Starting of control node serial interface
2021-08-29 19:29:38,769 :: INFO :: Control node : reset
2021-08-29 19:29:38,772 :: INFO :: Reset Control Node
2021-08-29 19:29:41,725 :: INFO :: Control node : start power of open node
2021-08-29 19:29:41,780 :: INFO :: Node OpenOCD: Setup of openocd node
2021-08-29 19:29:44,825 :: INFO :: Node OpenOCD: flash of openocd node
2021-08-29 19:29:44,840 :: INFO :: Flash firmware on OpenOCD: /tmp/tmpcm9leY--c646a7bd7eca22cfbffed9b70d2e0c90_unicast-sender-count-60T-100B.iotlab-m3
2021-08-29 19:29:51,778 :: INFO :: Control node : Start experiment
2021-08-29 19:29:51,826 :: INFO :: Control Node set time delay: 1801 us
2021-08-29 19:29:51,859 :: INFO :: Control node : profile configuration
2021-08-29 19:29:51,866 :: INFO :: Configure profile on Control Node
2021-08-29 19:29:51,911 :: INFO :: Start experiment succeeded
2021-08-29 20:30:57,718 :: INFO :: Gateway Manager : Stop experiment
2021-08-29 20:30:57,727 :: INFO :: Stop experiment
2021-08-29 20:30:57,736 :: INFO :: Control node : stop of the experiment
2021-08-29 20:30:57,744 :: INFO :: Control node : profile configuration
2021-08-29 20:30:57,751 :: INFO :: Configure profile on Control Node
2021-08-29 20:30:57,824 :: INFO :: Control node : start power of open node
2021-08-29 20:30:57,868 :: INFO :: Node OpenOCD: teardown of openocd node
2021-08-29 20:31:00,918 :: INFO :: openocd node debugger stop
2021-08-29 20:31:01,601 :: INFO :: Node OpenOCD: flash of openocd node
2021-08-29 20:31:01,608 :: INFO :: Flash firmware on OpenOCD: /usr/lib/python2.7/site-packages/gateway_code/static/m3_idle.elf
2021-08-29 20:31:04,123 :: INFO :: Control node : Stop control node serial interface
2021-08-29 20:31:04,132 :: INFO :: Control node : stop power of open node
2021-08-29 20:31:04,215 :: INFO :: Control node : reset
2021-08-29 20:31:04,221 :: INFO :: Reset Control Node
2021-08-29 20:31:07,063 :: INFO :: Stop experiment succeeded
