2021-08-29 19:29:38,782 :: INFO :: Start experiment: luna-275699
2021-08-29 19:29:38,785 :: INFO :: Control node : Starting of control node serial interface
2021-08-29 19:29:38,788 :: INFO :: Control node : reset
2021-08-29 19:29:38,790 :: INFO :: Reset Control Node
2021-08-29 19:29:41,743 :: INFO :: Control node : start power of open node
2021-08-29 19:29:41,800 :: INFO :: Node OpenOCD: Setup of openocd node
2021-08-29 19:29:44,847 :: INFO :: Node OpenOCD: flash of openocd node
2021-08-29 19:29:44,862 :: INFO :: Flash firmware on OpenOCD: /tmp/tmpmQeE2C--c646a7bd7eca22cfbffed9b70d2e0c90_unicast-sender-count-60T-100B.iotlab-m3
2021-08-29 19:29:51,886 :: INFO :: Control node : Start experiment
2021-08-29 19:29:51,930 :: INFO :: Control Node set time delay: 1679 us
2021-08-29 19:29:51,958 :: INFO :: Control node : profile configuration
2021-08-29 19:29:51,961 :: INFO :: Configure profile on Control Node
2021-08-29 19:29:52,001 :: INFO :: Start experiment succeeded
2021-08-29 20:30:57,704 :: INFO :: Gateway Manager : Stop experiment
2021-08-29 20:30:57,713 :: INFO :: Stop experiment
2021-08-29 20:30:57,722 :: INFO :: Control node : stop of the experiment
2021-08-29 20:30:57,729 :: INFO :: Control node : profile configuration
2021-08-29 20:30:57,739 :: INFO :: Configure profile on Control Node
2021-08-29 20:30:57,810 :: INFO :: Control node : start power of open node
2021-08-29 20:30:57,854 :: INFO :: Node OpenOCD: teardown of openocd node
2021-08-29 20:31:00,904 :: INFO :: openocd node debugger stop
2021-08-29 20:31:01,590 :: INFO :: Node OpenOCD: flash of openocd node
2021-08-29 20:31:01,597 :: INFO :: Flash firmware on OpenOCD: /usr/lib/python2.7/site-packages/gateway_code/static/m3_idle.elf
2021-08-29 20:31:04,116 :: INFO :: Control node : Stop control node serial interface
2021-08-29 20:31:04,122 :: INFO :: Control node : stop power of open node
2021-08-29 20:31:04,190 :: INFO :: Control node : reset
2021-08-29 20:31:04,196 :: INFO :: Reset Control Node
2021-08-29 20:31:07,086 :: INFO :: Stop experiment succeeded
