2021-09-01 05:04:54,516 :: INFO :: Start experiment: luna-275851
2021-09-01 05:04:54,519 :: INFO :: Control node : Starting of control node serial interface
2021-09-01 05:04:54,522 :: INFO :: Control node : reset
2021-09-01 05:04:54,525 :: INFO :: Reset Control Node
2021-09-01 05:04:57,481 :: INFO :: Control node : start power of open node
2021-09-01 05:04:57,540 :: INFO :: Node OpenOCD: Setup of openocd node
2021-09-01 05:05:00,583 :: INFO :: Node OpenOCD: flash of openocd node
2021-09-01 05:05:00,598 :: INFO :: Flash firmware on OpenOCD: /tmp/tmpvJEWbN--3e6b491341ebfbb107b5d3aaa6c4431d_unicast-sender-count-10T-191B.iotlab-m3
2021-09-01 05:05:07,612 :: INFO :: Control node : Start experiment
2021-09-01 05:05:07,664 :: INFO :: Control Node set time delay: 1159 us
2021-09-01 05:05:07,696 :: INFO :: Control node : profile configuration
2021-09-01 05:05:07,703 :: INFO :: Configure profile on Control Node
2021-09-01 05:05:07,766 :: INFO :: Start experiment succeeded
2021-09-01 06:06:13,428 :: INFO :: Gateway Manager : Stop experiment
2021-09-01 06:06:13,441 :: INFO :: Stop experiment
2021-09-01 06:06:13,452 :: INFO :: Control node : stop of the experiment
2021-09-01 06:06:13,465 :: INFO :: Control node : profile configuration
2021-09-01 06:06:13,473 :: INFO :: Configure profile on Control Node
2021-09-01 06:06:13,572 :: INFO :: Control node : start power of open node
2021-09-01 06:06:13,616 :: INFO :: Node OpenOCD: teardown of openocd node
2021-09-01 06:06:16,661 :: INFO :: openocd node debugger stop
2021-09-01 06:06:17,356 :: INFO :: Node OpenOCD: flash of openocd node
2021-09-01 06:06:17,371 :: INFO :: Flash firmware on OpenOCD: /usr/lib/python2.7/site-packages/gateway_code/static/m3_idle.elf
2021-09-01 06:06:19,937 :: INFO :: Control node : Stop control node serial interface
2021-09-01 06:06:19,946 :: INFO :: Control node : stop power of open node
2021-09-01 06:06:20,018 :: INFO :: Control node : reset
2021-09-01 06:06:20,024 :: INFO :: Reset Control Node
2021-09-01 06:06:22,911 :: INFO :: Stop experiment succeeded
