2021-09-01 05:04:54,513 :: INFO :: Start experiment: luna-275851
2021-09-01 05:04:54,516 :: INFO :: Control node : Starting of control node serial interface
2021-09-01 05:04:54,519 :: INFO :: Control node : reset
2021-09-01 05:04:54,522 :: INFO :: Reset Control Node
2021-09-01 05:04:57,478 :: INFO :: Control node : start power of open node
2021-09-01 05:04:57,535 :: INFO :: Node OpenOCD: Setup of openocd node
2021-09-01 05:05:00,579 :: INFO :: Node OpenOCD: flash of openocd node
2021-09-01 05:05:00,594 :: INFO :: Flash firmware on OpenOCD: /tmp/tmpDiRAiP--3e6b491341ebfbb107b5d3aaa6c4431d_unicast-sender-count-10T-191B.iotlab-m3
2021-09-01 05:05:07,548 :: INFO :: Control node : Start experiment
2021-09-01 05:05:07,621 :: INFO :: Control Node set time delay: 1648 us
2021-09-01 05:05:07,644 :: INFO :: Control node : profile configuration
2021-09-01 05:05:07,651 :: INFO :: Configure profile on Control Node
2021-09-01 05:05:07,729 :: INFO :: Start experiment succeeded
2021-09-01 06:06:13,422 :: INFO :: Gateway Manager : Stop experiment
2021-09-01 06:06:13,433 :: INFO :: Stop experiment
2021-09-01 06:06:13,443 :: INFO :: Control node : stop of the experiment
2021-09-01 06:06:13,455 :: INFO :: Control node : profile configuration
2021-09-01 06:06:13,464 :: INFO :: Configure profile on Control Node
2021-09-01 06:06:13,552 :: INFO :: Control node : start power of open node
2021-09-01 06:06:13,592 :: INFO :: Node OpenOCD: teardown of openocd node
2021-09-01 06:06:16,628 :: INFO :: openocd node debugger stop
2021-09-01 06:06:17,204 :: INFO :: Node OpenOCD: flash of openocd node
2021-09-01 06:06:17,218 :: INFO :: Flash firmware on OpenOCD: /usr/lib/python2.7/site-packages/gateway_code/static/m3_idle.elf
2021-09-01 06:06:19,786 :: INFO :: Control node : Stop control node serial interface
2021-09-01 06:06:19,795 :: INFO :: Control node : stop power of open node
2021-09-01 06:06:19,868 :: INFO :: Control node : reset
2021-09-01 06:06:19,875 :: INFO :: Reset Control Node
2021-09-01 06:06:22,765 :: INFO :: Stop experiment succeeded
