2021-09-01 05:04:54,514 :: INFO :: Start experiment: luna-275851
2021-09-01 05:04:54,518 :: INFO :: Control node : Starting of control node serial interface
2021-09-01 05:04:54,521 :: INFO :: Control node : reset
2021-09-01 05:04:54,523 :: INFO :: Reset Control Node
2021-09-01 05:04:57,478 :: INFO :: Control node : start power of open node
2021-09-01 05:04:57,515 :: INFO :: Node OpenOCD: Setup of openocd node
2021-09-01 05:05:00,549 :: INFO :: Node OpenOCD: flash of openocd node
2021-09-01 05:05:00,566 :: INFO :: Flash firmware on OpenOCD: /tmp/tmpZGqw8W--3e6b491341ebfbb107b5d3aaa6c4431d_unicast-sender-count-10T-191B.iotlab-m3
2021-09-01 05:05:07,425 :: INFO :: Control node : Start experiment
2021-09-01 05:05:07,495 :: INFO :: Control Node set time delay: 1434 us
2021-09-01 05:05:07,511 :: INFO :: Control node : profile configuration
2021-09-01 05:05:07,518 :: INFO :: Configure profile on Control Node
2021-09-01 05:05:07,595 :: INFO :: Start experiment succeeded
2021-09-01 06:06:13,416 :: INFO :: Gateway Manager : Stop experiment
2021-09-01 06:06:13,426 :: INFO :: Stop experiment
2021-09-01 06:06:13,435 :: INFO :: Control node : stop of the experiment
2021-09-01 06:06:13,442 :: INFO :: Control node : profile configuration
2021-09-01 06:06:13,450 :: INFO :: Configure profile on Control Node
2021-09-01 06:06:13,535 :: INFO :: Control node : start power of open node
2021-09-01 06:06:13,579 :: INFO :: Node OpenOCD: teardown of openocd node
2021-09-01 06:06:16,634 :: INFO :: openocd node debugger stop
2021-09-01 06:06:17,318 :: INFO :: Node OpenOCD: flash of openocd node
2021-09-01 06:06:17,325 :: INFO :: Flash firmware on OpenOCD: /usr/lib/python2.7/site-packages/gateway_code/static/m3_idle.elf
2021-09-01 06:06:19,833 :: INFO :: Control node : Stop control node serial interface
2021-09-01 06:06:19,839 :: INFO :: Control node : stop power of open node
2021-09-01 06:06:19,892 :: INFO :: Control node : reset
2021-09-01 06:06:19,896 :: INFO :: Reset Control Node
2021-09-01 06:06:22,786 :: INFO :: Stop experiment succeeded
