2021-09-01 05:04:54,521 :: INFO :: Start experiment: luna-275851
2021-09-01 05:04:54,525 :: INFO :: Control node : Starting of control node serial interface
2021-09-01 05:04:54,528 :: INFO :: Control node : reset
2021-09-01 05:04:54,530 :: INFO :: Reset Control Node
2021-09-01 05:04:57,478 :: INFO :: Control node : start power of open node
2021-09-01 05:04:57,533 :: INFO :: Node OpenOCD: Setup of openocd node
2021-09-01 05:05:00,577 :: INFO :: Node OpenOCD: flash of openocd node
2021-09-01 05:05:00,594 :: INFO :: Flash firmware on OpenOCD: /tmp/tmpgrjrdn--3e6b491341ebfbb107b5d3aaa6c4431d_unicast-sender-count-10T-191B.iotlab-m3
2021-09-01 05:05:07,537 :: INFO :: Control node : Start experiment
2021-09-01 05:05:07,586 :: INFO :: Control Node set time delay: 1831 us
2021-09-01 05:05:07,609 :: INFO :: Control node : profile configuration
2021-09-01 05:05:07,612 :: INFO :: Configure profile on Control Node
2021-09-01 05:05:07,653 :: INFO :: Start experiment succeeded
2021-09-01 06:06:13,422 :: INFO :: Gateway Manager : Stop experiment
2021-09-01 06:06:13,432 :: INFO :: Stop experiment
2021-09-01 06:06:13,440 :: INFO :: Control node : stop of the experiment
2021-09-01 06:06:13,448 :: INFO :: Control node : profile configuration
2021-09-01 06:06:13,458 :: INFO :: Configure profile on Control Node
2021-09-01 06:06:13,541 :: INFO :: Control node : start power of open node
2021-09-01 06:06:13,585 :: INFO :: Node OpenOCD: teardown of openocd node
2021-09-01 06:06:16,626 :: INFO :: openocd node debugger stop
2021-09-01 06:06:17,273 :: INFO :: Node OpenOCD: flash of openocd node
2021-09-01 06:06:17,280 :: INFO :: Flash firmware on OpenOCD: /usr/lib/python2.7/site-packages/gateway_code/static/m3_idle.elf
2021-09-01 06:06:19,784 :: INFO :: Control node : Stop control node serial interface
2021-09-01 06:06:19,793 :: INFO :: Control node : stop power of open node
2021-09-01 06:06:19,859 :: INFO :: Control node : reset
2021-09-01 06:06:19,865 :: INFO :: Reset Control Node
2021-09-01 06:06:22,755 :: INFO :: Stop experiment succeeded
