2021-09-01 05:04:54,509 :: INFO :: Start experiment: luna-275851
2021-09-01 05:04:54,512 :: INFO :: Control node : Starting of control node serial interface
2021-09-01 05:04:54,515 :: INFO :: Control node : reset
2021-09-01 05:04:54,518 :: INFO :: Reset Control Node
2021-09-01 05:04:57,473 :: INFO :: Control node : start power of open node
2021-09-01 05:04:57,527 :: INFO :: Node OpenOCD: Setup of openocd node
2021-09-01 05:05:00,557 :: INFO :: Node OpenOCD: flash of openocd node
2021-09-01 05:05:00,575 :: INFO :: Flash firmware on OpenOCD: /tmp/tmpVpv1_N--ddd0625ff8382e7208c25657471d6a4a_unicast-receiver-count.iotlab-m3
2021-09-01 05:05:07,190 :: INFO :: Control node : Start experiment
2021-09-01 05:05:07,234 :: INFO :: Control Node set time delay: 2136 us
2021-09-01 05:05:07,267 :: INFO :: Control node : profile configuration
2021-09-01 05:05:07,270 :: INFO :: Configure profile on Control Node
2021-09-01 05:05:07,309 :: INFO :: Start experiment succeeded
2021-09-01 06:06:13,451 :: INFO :: Gateway Manager : Stop experiment
2021-09-01 06:06:13,461 :: INFO :: Stop experiment
2021-09-01 06:06:13,469 :: INFO :: Control node : stop of the experiment
2021-09-01 06:06:13,476 :: INFO :: Control node : profile configuration
2021-09-01 06:06:13,483 :: INFO :: Configure profile on Control Node
2021-09-01 06:06:13,555 :: INFO :: Control node : start power of open node
2021-09-01 06:06:13,598 :: INFO :: Node OpenOCD: teardown of openocd node
2021-09-01 06:06:16,650 :: INFO :: openocd node debugger stop
2021-09-01 06:06:17,335 :: INFO :: Node OpenOCD: flash of openocd node
2021-09-01 06:06:17,342 :: INFO :: Flash firmware on OpenOCD: /usr/lib/python2.7/site-packages/gateway_code/static/m3_idle.elf
2021-09-01 06:06:19,801 :: INFO :: Control node : Stop control node serial interface
2021-09-01 06:06:19,810 :: INFO :: Control node : stop power of open node
2021-09-01 06:06:19,891 :: INFO :: Control node : reset
2021-09-01 06:06:19,898 :: INFO :: Reset Control Node
2021-09-01 06:06:22,742 :: INFO :: Stop experiment succeeded
