2021-09-01 05:04:54,532 :: INFO :: Start experiment: luna-275851
2021-09-01 05:04:54,536 :: INFO :: Control node : Starting of control node serial interface
2021-09-01 05:04:54,539 :: INFO :: Control node : reset
2021-09-01 05:04:54,541 :: INFO :: Reset Control Node
2021-09-01 05:04:57,493 :: INFO :: Control node : start power of open node
2021-09-01 05:04:57,509 :: INFO :: Node OpenOCD: Setup of openocd node
2021-09-01 05:05:00,537 :: INFO :: Node OpenOCD: flash of openocd node
2021-09-01 05:05:00,555 :: INFO :: Flash firmware on OpenOCD: /tmp/tmpF3MhLW--3e6b491341ebfbb107b5d3aaa6c4431d_unicast-sender-count-10T-191B.iotlab-m3
2021-09-01 05:05:07,389 :: INFO :: Control node : Start experiment
2021-09-01 05:05:07,439 :: INFO :: Control Node set time delay: 1496 us
2021-09-01 05:05:07,472 :: INFO :: Control node : profile configuration
2021-09-01 05:05:07,478 :: INFO :: Configure profile on Control Node
2021-09-01 05:05:07,556 :: INFO :: Start experiment succeeded
2021-09-01 06:06:13,456 :: INFO :: Gateway Manager : Stop experiment
2021-09-01 06:06:13,466 :: INFO :: Stop experiment
2021-09-01 06:06:13,475 :: INFO :: Control node : stop of the experiment
2021-09-01 06:06:13,482 :: INFO :: Control node : profile configuration
2021-09-01 06:06:13,489 :: INFO :: Configure profile on Control Node
2021-09-01 06:06:13,560 :: INFO :: Control node : start power of open node
2021-09-01 06:06:13,601 :: INFO :: Node OpenOCD: teardown of openocd node
2021-09-01 06:06:16,637 :: INFO :: openocd node debugger stop
2021-09-01 06:06:17,331 :: INFO :: Node OpenOCD: flash of openocd node
2021-09-01 06:06:17,345 :: INFO :: Flash firmware on OpenOCD: /usr/lib/python2.7/site-packages/gateway_code/static/m3_idle.elf
2021-09-01 06:06:19,965 :: INFO :: Control node : Stop control node serial interface
2021-09-01 06:06:19,973 :: INFO :: Control node : stop power of open node
2021-09-01 06:06:20,053 :: INFO :: Control node : reset
2021-09-01 06:06:20,060 :: INFO :: Reset Control Node
2021-09-01 06:06:22,950 :: INFO :: Stop experiment succeeded
