2021-09-01 05:04:54,491 :: INFO :: Start experiment: luna-275851
2021-09-01 05:04:54,494 :: INFO :: Control node : Starting of control node serial interface
2021-09-01 05:04:54,497 :: INFO :: Control node : reset
2021-09-01 05:04:54,500 :: INFO :: Reset Control Node
2021-09-01 05:04:57,448 :: INFO :: Control node : start power of open node
2021-09-01 05:04:57,505 :: INFO :: Node OpenOCD: Setup of openocd node
2021-09-01 05:05:00,556 :: INFO :: Node OpenOCD: flash of openocd node
2021-09-01 05:05:00,574 :: INFO :: Flash firmware on OpenOCD: /tmp/tmprMoliq--3e6b491341ebfbb107b5d3aaa6c4431d_unicast-sender-count-10T-191B.iotlab-m3
2021-09-01 05:05:07,553 :: INFO :: Control node : Start experiment
2021-09-01 05:05:07,605 :: INFO :: Control Node set time delay: 1648 us
2021-09-01 05:05:07,623 :: INFO :: Control node : profile configuration
2021-09-01 05:05:07,627 :: INFO :: Configure profile on Control Node
2021-09-01 05:05:07,668 :: INFO :: Start experiment succeeded
2021-09-01 06:06:13,419 :: INFO :: Gateway Manager : Stop experiment
2021-09-01 06:06:13,428 :: INFO :: Stop experiment
2021-09-01 06:06:13,436 :: INFO :: Control node : stop of the experiment
2021-09-01 06:06:13,443 :: INFO :: Control node : profile configuration
2021-09-01 06:06:13,450 :: INFO :: Configure profile on Control Node
2021-09-01 06:06:13,520 :: INFO :: Control node : start power of open node
2021-09-01 06:06:13,562 :: INFO :: Node OpenOCD: teardown of openocd node
2021-09-01 06:06:16,605 :: INFO :: openocd node debugger stop
2021-09-01 06:06:17,296 :: INFO :: Node OpenOCD: flash of openocd node
2021-09-01 06:06:17,311 :: INFO :: Flash firmware on OpenOCD: /usr/lib/python2.7/site-packages/gateway_code/static/m3_idle.elf
2021-09-01 06:06:19,874 :: INFO :: Control node : Stop control node serial interface
2021-09-01 06:06:19,880 :: INFO :: Control node : stop power of open node
2021-09-01 06:06:19,928 :: INFO :: Control node : reset
2021-09-01 06:06:19,932 :: INFO :: Reset Control Node
2021-09-01 06:06:22,872 :: INFO :: Stop experiment succeeded
