2021-09-01 05:04:54,503 :: INFO :: Start experiment: luna-275851
2021-09-01 05:04:54,506 :: INFO :: Control node : Starting of control node serial interface
2021-09-01 05:04:54,509 :: INFO :: Control node : reset
2021-09-01 05:04:54,512 :: INFO :: Reset Control Node
2021-09-01 05:04:57,469 :: INFO :: Control node : start power of open node
2021-09-01 05:04:57,523 :: INFO :: Node OpenOCD: Setup of openocd node
2021-09-01 05:05:00,574 :: INFO :: Node OpenOCD: flash of openocd node
2021-09-01 05:05:00,589 :: INFO :: Flash firmware on OpenOCD: /tmp/tmpm1Kep1--3e6b491341ebfbb107b5d3aaa6c4431d_unicast-sender-count-10T-191B.iotlab-m3
2021-09-01 05:05:07,598 :: INFO :: Control node : Start experiment
2021-09-01 05:05:07,667 :: INFO :: Control Node set time delay: 1923 us
2021-09-01 05:05:07,676 :: INFO :: Control node : profile configuration
2021-09-01 05:05:07,680 :: INFO :: Configure profile on Control Node
2021-09-01 05:05:07,721 :: INFO :: Start experiment succeeded
2021-09-01 06:06:13,453 :: INFO :: Gateway Manager : Stop experiment
2021-09-01 06:06:13,463 :: INFO :: Stop experiment
2021-09-01 06:06:13,471 :: INFO :: Control node : stop of the experiment
2021-09-01 06:06:13,479 :: INFO :: Control node : profile configuration
2021-09-01 06:06:13,486 :: INFO :: Configure profile on Control Node
2021-09-01 06:06:13,561 :: INFO :: Control node : start power of open node
2021-09-01 06:06:13,604 :: INFO :: Node OpenOCD: teardown of openocd node
2021-09-01 06:06:16,654 :: INFO :: openocd node debugger stop
2021-09-01 06:06:17,353 :: INFO :: Node OpenOCD: flash of openocd node
2021-09-01 06:06:17,367 :: INFO :: Flash firmware on OpenOCD: /usr/lib/python2.7/site-packages/gateway_code/static/m3_idle.elf
2021-09-01 06:06:19,954 :: INFO :: Control node : Stop control node serial interface
2021-09-01 06:06:19,959 :: INFO :: Control node : stop power of open node
2021-09-01 06:06:20,009 :: INFO :: Control node : reset
2021-09-01 06:06:20,015 :: INFO :: Reset Control Node
2021-09-01 06:06:22,887 :: INFO :: Stop experiment succeeded
