2021-08-31 04:31:09,355 :: INFO :: Start experiment: luna-275841
2021-08-31 04:31:09,358 :: INFO :: Control node : Starting of control node serial interface
2021-08-31 04:31:09,361 :: INFO :: Control node : reset
2021-08-31 04:31:09,363 :: INFO :: Reset Control Node
2021-08-31 04:31:12,276 :: INFO :: Control node : start power of open node
2021-08-31 04:31:12,331 :: INFO :: Node OpenOCD: Setup of openocd node
2021-08-31 04:31:15,376 :: INFO :: Node OpenOCD: flash of openocd node
2021-08-31 04:31:15,393 :: INFO :: Flash firmware on OpenOCD: /tmp/tmpP2rTiz--cb924b41fcfd3e3c0bada58631722ec6_unicast-sender-count-30T-100B.iotlab-m3
2021-08-31 04:31:22,344 :: INFO :: Control node : Start experiment
2021-08-31 04:31:22,396 :: INFO :: Control Node set time delay: 1221 us
2021-08-31 04:31:22,413 :: INFO :: Control node : profile configuration
2021-08-31 04:31:22,417 :: INFO :: Configure profile on Control Node
2021-08-31 04:31:22,457 :: INFO :: Start experiment succeeded
2021-08-31 05:32:28,427 :: INFO :: Gateway Manager : Stop experiment
2021-08-31 05:32:28,436 :: INFO :: Stop experiment
2021-08-31 05:32:28,444 :: INFO :: Control node : stop of the experiment
2021-08-31 05:32:28,451 :: INFO :: Control node : profile configuration
2021-08-31 05:32:28,457 :: INFO :: Configure profile on Control Node
2021-08-31 05:32:28,526 :: INFO :: Control node : start power of open node
2021-08-31 05:32:28,567 :: INFO :: Node OpenOCD: teardown of openocd node
2021-08-31 05:32:31,615 :: INFO :: openocd node debugger stop
2021-08-31 05:32:32,307 :: INFO :: Node OpenOCD: flash of openocd node
2021-08-31 05:32:32,322 :: INFO :: Flash firmware on OpenOCD: /usr/lib/python2.7/site-packages/gateway_code/static/m3_idle.elf
2021-08-31 05:32:34,884 :: INFO :: Control node : Stop control node serial interface
2021-08-31 05:32:34,889 :: INFO :: Control node : stop power of open node
2021-08-31 05:32:34,930 :: INFO :: Control node : reset
2021-08-31 05:32:34,933 :: INFO :: Reset Control Node
2021-08-31 05:32:37,849 :: INFO :: Stop experiment succeeded
