2021-08-31 04:31:09,362 :: INFO :: Start experiment: luna-275841
2021-08-31 04:31:09,365 :: INFO :: Control node : Starting of control node serial interface
2021-08-31 04:31:09,368 :: INFO :: Control node : reset
2021-08-31 04:31:09,370 :: INFO :: Reset Control Node
2021-08-31 04:31:12,278 :: INFO :: Control node : start power of open node
2021-08-31 04:31:12,304 :: INFO :: Node OpenOCD: Setup of openocd node
2021-08-31 04:31:15,343 :: INFO :: Node OpenOCD: flash of openocd node
2021-08-31 04:31:15,361 :: INFO :: Flash firmware on OpenOCD: /tmp/tmpHjdad_--cb924b41fcfd3e3c0bada58631722ec6_unicast-sender-count-30T-100B.iotlab-m3
2021-08-31 04:31:22,312 :: INFO :: Control node : Start experiment
2021-08-31 04:31:22,374 :: INFO :: Control Node set time delay: 1495 us
2021-08-31 04:31:22,406 :: INFO :: Control node : profile configuration
2021-08-31 04:31:22,413 :: INFO :: Configure profile on Control Node
2021-08-31 04:31:22,490 :: INFO :: Start experiment succeeded
2021-08-31 05:32:28,395 :: INFO :: Gateway Manager : Stop experiment
2021-08-31 05:32:28,405 :: INFO :: Stop experiment
2021-08-31 05:32:28,413 :: INFO :: Control node : stop of the experiment
2021-08-31 05:32:28,423 :: INFO :: Control node : profile configuration
2021-08-31 05:32:28,431 :: INFO :: Configure profile on Control Node
2021-08-31 05:32:28,504 :: INFO :: Control node : start power of open node
2021-08-31 05:32:28,549 :: INFO :: Node OpenOCD: teardown of openocd node
2021-08-31 05:32:31,602 :: INFO :: openocd node debugger stop
2021-08-31 05:32:32,285 :: INFO :: Node OpenOCD: flash of openocd node
2021-08-31 05:32:32,300 :: INFO :: Flash firmware on OpenOCD: /usr/lib/python2.7/site-packages/gateway_code/static/m3_idle.elf
2021-08-31 05:32:34,868 :: INFO :: Control node : Stop control node serial interface
2021-08-31 05:32:34,877 :: INFO :: Control node : stop power of open node
2021-08-31 05:32:34,951 :: INFO :: Control node : reset
2021-08-31 05:32:34,957 :: INFO :: Reset Control Node
2021-08-31 05:32:37,851 :: INFO :: Stop experiment succeeded
