2021-08-31 04:31:09,346 :: INFO :: Start experiment: luna-275841
2021-08-31 04:31:09,350 :: INFO :: Control node : Starting of control node serial interface
2021-08-31 04:31:09,353 :: INFO :: Control node : reset
2021-08-31 04:31:09,355 :: INFO :: Reset Control Node
2021-08-31 04:31:12,315 :: INFO :: Control node : start power of open node
2021-08-31 04:31:12,369 :: INFO :: Node OpenOCD: Setup of openocd node
2021-08-31 04:31:15,414 :: INFO :: Node OpenOCD: flash of openocd node
2021-08-31 04:31:15,429 :: INFO :: Flash firmware on OpenOCD: /tmp/tmpGffyB7--cb924b41fcfd3e3c0bada58631722ec6_unicast-sender-count-30T-100B.iotlab-m3
2021-08-31 04:31:22,439 :: INFO :: Control node : Start experiment
2021-08-31 04:31:22,501 :: INFO :: Control Node set time delay: 1495 us
2021-08-31 04:31:22,513 :: INFO :: Control node : profile configuration
2021-08-31 04:31:22,517 :: INFO :: Configure profile on Control Node
2021-08-31 04:31:22,558 :: INFO :: Start experiment succeeded
2021-08-31 05:32:28,441 :: INFO :: Gateway Manager : Stop experiment
2021-08-31 05:32:28,451 :: INFO :: Stop experiment
2021-08-31 05:32:28,459 :: INFO :: Control node : stop of the experiment
2021-08-31 05:32:28,467 :: INFO :: Control node : profile configuration
2021-08-31 05:32:28,475 :: INFO :: Configure profile on Control Node
2021-08-31 05:32:28,550 :: INFO :: Control node : start power of open node
2021-08-31 05:32:28,594 :: INFO :: Node OpenOCD: teardown of openocd node
2021-08-31 05:32:31,651 :: INFO :: openocd node debugger stop
2021-08-31 05:32:32,319 :: INFO :: Node OpenOCD: flash of openocd node
2021-08-31 05:32:32,326 :: INFO :: Flash firmware on OpenOCD: /usr/lib/python2.7/site-packages/gateway_code/static/m3_idle.elf
2021-08-31 05:32:34,837 :: INFO :: Control node : Stop control node serial interface
2021-08-31 05:32:34,842 :: INFO :: Control node : stop power of open node
2021-08-31 05:32:34,889 :: INFO :: Control node : reset
2021-08-31 05:32:34,893 :: INFO :: Reset Control Node
2021-08-31 05:32:37,826 :: INFO :: Stop experiment succeeded
