2021-08-31 04:31:09,353 :: INFO :: Start experiment: luna-275841
2021-08-31 04:31:09,357 :: INFO :: Control node : Starting of control node serial interface
2021-08-31 04:31:09,360 :: INFO :: Control node : reset
2021-08-31 04:31:09,362 :: INFO :: Reset Control Node
2021-08-31 04:31:12,319 :: INFO :: Control node : start power of open node
2021-08-31 04:31:12,375 :: INFO :: Node OpenOCD: Setup of openocd node
2021-08-31 04:31:15,425 :: INFO :: Node OpenOCD: flash of openocd node
2021-08-31 04:31:15,440 :: INFO :: Flash firmware on OpenOCD: /tmp/tmpjMu1WP--ddd0625ff8382e7208c25657471d6a4a_unicast-receiver-count.iotlab-m3
2021-08-31 04:31:22,028 :: INFO :: Control node : Start experiment
2021-08-31 04:31:22,085 :: INFO :: Control Node set time delay: 1892 us
2021-08-31 04:31:22,093 :: INFO :: Control node : profile configuration
2021-08-31 04:31:22,097 :: INFO :: Configure profile on Control Node
2021-08-31 04:31:22,139 :: INFO :: Start experiment succeeded
2021-08-31 05:32:28,435 :: INFO :: Gateway Manager : Stop experiment
2021-08-31 05:32:28,447 :: INFO :: Stop experiment
2021-08-31 05:32:28,455 :: INFO :: Control node : stop of the experiment
2021-08-31 05:32:28,464 :: INFO :: Control node : profile configuration
2021-08-31 05:32:28,471 :: INFO :: Configure profile on Control Node
2021-08-31 05:32:28,535 :: INFO :: Control node : start power of open node
2021-08-31 05:32:28,575 :: INFO :: Node OpenOCD: teardown of openocd node
2021-08-31 05:32:31,611 :: INFO :: openocd node debugger stop
2021-08-31 05:32:32,301 :: INFO :: Node OpenOCD: flash of openocd node
2021-08-31 05:32:32,316 :: INFO :: Flash firmware on OpenOCD: /usr/lib/python2.7/site-packages/gateway_code/static/m3_idle.elf
2021-08-31 05:32:34,825 :: INFO :: Control node : Stop control node serial interface
2021-08-31 05:32:34,834 :: INFO :: Control node : stop power of open node
2021-08-31 05:32:34,901 :: INFO :: Control node : reset
2021-08-31 05:32:34,907 :: INFO :: Reset Control Node
2021-08-31 05:32:37,802 :: INFO :: Stop experiment succeeded
