2021-08-31 04:31:09,310 :: INFO :: Start experiment: luna-275841
2021-08-31 04:31:09,313 :: INFO :: Control node : Starting of control node serial interface
2021-08-31 04:31:09,316 :: INFO :: Control node : reset
2021-08-31 04:31:09,319 :: INFO :: Reset Control Node
2021-08-31 04:31:12,276 :: INFO :: Control node : start power of open node
2021-08-31 04:31:12,330 :: INFO :: Node OpenOCD: Setup of openocd node
2021-08-31 04:31:15,372 :: INFO :: Node OpenOCD: flash of openocd node
2021-08-31 04:31:15,387 :: INFO :: Flash firmware on OpenOCD: /tmp/tmpeBJuT2--cb924b41fcfd3e3c0bada58631722ec6_unicast-sender-count-30T-100B.iotlab-m3
2021-08-31 04:31:22,287 :: INFO :: Control node : Start experiment
2021-08-31 04:31:22,352 :: INFO :: Control Node set time delay: 1190 us
2021-08-31 04:31:22,376 :: INFO :: Control node : profile configuration
2021-08-31 04:31:22,383 :: INFO :: Configure profile on Control Node
2021-08-31 04:31:22,462 :: INFO :: Start experiment succeeded
2021-08-31 05:32:28,392 :: INFO :: Gateway Manager : Stop experiment
2021-08-31 05:32:28,402 :: INFO :: Stop experiment
2021-08-31 05:32:28,415 :: INFO :: Control node : stop of the experiment
2021-08-31 05:32:28,426 :: INFO :: Control node : profile configuration
2021-08-31 05:32:28,433 :: INFO :: Configure profile on Control Node
2021-08-31 05:32:28,504 :: INFO :: Control node : start power of open node
2021-08-31 05:32:28,548 :: INFO :: Node OpenOCD: teardown of openocd node
2021-08-31 05:32:31,588 :: INFO :: openocd node debugger stop
2021-08-31 05:32:32,276 :: INFO :: Node OpenOCD: flash of openocd node
2021-08-31 05:32:32,291 :: INFO :: Flash firmware on OpenOCD: /usr/lib/python2.7/site-packages/gateway_code/static/m3_idle.elf
2021-08-31 05:32:34,862 :: INFO :: Control node : Stop control node serial interface
2021-08-31 05:32:34,871 :: INFO :: Control node : stop power of open node
2021-08-31 05:32:34,932 :: INFO :: Control node : reset
2021-08-31 05:32:34,938 :: INFO :: Reset Control Node
2021-08-31 05:32:37,829 :: INFO :: Stop experiment succeeded
