2021-08-31 04:31:09,357 :: INFO :: Start experiment: luna-275841
2021-08-31 04:31:09,361 :: INFO :: Control node : Starting of control node serial interface
2021-08-31 04:31:09,364 :: INFO :: Control node : reset
2021-08-31 04:31:09,366 :: INFO :: Reset Control Node
2021-08-31 04:31:12,322 :: INFO :: Control node : start power of open node
2021-08-31 04:31:12,377 :: INFO :: Node OpenOCD: Setup of openocd node
2021-08-31 04:31:15,419 :: INFO :: Node OpenOCD: flash of openocd node
2021-08-31 04:31:15,435 :: INFO :: Flash firmware on OpenOCD: /tmp/tmpHQ7kok--cb924b41fcfd3e3c0bada58631722ec6_unicast-sender-count-30T-100B.iotlab-m3
2021-08-31 04:31:22,377 :: INFO :: Control node : Start experiment
2021-08-31 04:31:22,450 :: INFO :: Control Node set time delay: 1068 us
2021-08-31 04:31:22,475 :: INFO :: Control node : profile configuration
2021-08-31 04:31:22,481 :: INFO :: Configure profile on Control Node
2021-08-31 04:31:22,563 :: INFO :: Start experiment succeeded
2021-08-31 05:32:28,398 :: INFO :: Gateway Manager : Stop experiment
2021-08-31 05:32:28,409 :: INFO :: Stop experiment
2021-08-31 05:32:28,421 :: INFO :: Control node : stop of the experiment
2021-08-31 05:32:28,431 :: INFO :: Control node : profile configuration
2021-08-31 05:32:28,438 :: INFO :: Configure profile on Control Node
2021-08-31 05:32:28,507 :: INFO :: Control node : start power of open node
2021-08-31 05:32:28,551 :: INFO :: Node OpenOCD: teardown of openocd node
2021-08-31 05:32:31,600 :: INFO :: openocd node debugger stop
2021-08-31 05:32:32,288 :: INFO :: Node OpenOCD: flash of openocd node
2021-08-31 05:32:32,295 :: INFO :: Flash firmware on OpenOCD: /usr/lib/python2.7/site-packages/gateway_code/static/m3_idle.elf
2021-08-31 05:32:34,804 :: INFO :: Control node : Stop control node serial interface
2021-08-31 05:32:34,809 :: INFO :: Control node : stop power of open node
2021-08-31 05:32:34,861 :: INFO :: Control node : reset
2021-08-31 05:32:34,867 :: INFO :: Reset Control Node
2021-08-31 05:32:37,762 :: INFO :: Stop experiment succeeded
