2021-08-31 04:31:09,361 :: INFO :: Start experiment: luna-275841
2021-08-31 04:31:09,364 :: INFO :: Control node : Starting of control node serial interface
2021-08-31 04:31:09,367 :: INFO :: Control node : reset
2021-08-31 04:31:09,370 :: INFO :: Reset Control Node
2021-08-31 04:31:12,274 :: INFO :: Control node : start power of open node
2021-08-31 04:31:12,302 :: INFO :: Node OpenOCD: Setup of openocd node
2021-08-31 04:31:15,341 :: INFO :: Node OpenOCD: flash of openocd node
2021-08-31 04:31:15,359 :: INFO :: Flash firmware on OpenOCD: /tmp/tmpItKAkI--cb924b41fcfd3e3c0bada58631722ec6_unicast-sender-count-30T-100B.iotlab-m3
2021-08-31 04:31:22,304 :: INFO :: Control node : Start experiment
2021-08-31 04:31:22,375 :: INFO :: Control Node set time delay: 1922 us
2021-08-31 04:31:22,408 :: INFO :: Control node : profile configuration
2021-08-31 04:31:22,414 :: INFO :: Configure profile on Control Node
2021-08-31 04:31:22,492 :: INFO :: Start experiment succeeded
2021-08-31 05:32:28,418 :: INFO :: Gateway Manager : Stop experiment
2021-08-31 05:32:28,427 :: INFO :: Stop experiment
2021-08-31 05:32:28,435 :: INFO :: Control node : stop of the experiment
2021-08-31 05:32:28,442 :: INFO :: Control node : profile configuration
2021-08-31 05:32:28,448 :: INFO :: Configure profile on Control Node
2021-08-31 05:32:28,515 :: INFO :: Control node : start power of open node
2021-08-31 05:32:28,552 :: INFO :: Node OpenOCD: teardown of openocd node
2021-08-31 05:32:31,590 :: INFO :: openocd node debugger stop
2021-08-31 05:32:32,269 :: INFO :: Node OpenOCD: flash of openocd node
2021-08-31 05:32:32,284 :: INFO :: Flash firmware on OpenOCD: /usr/lib/python2.7/site-packages/gateway_code/static/m3_idle.elf
2021-08-31 05:32:34,855 :: INFO :: Control node : Stop control node serial interface
2021-08-31 05:32:34,860 :: INFO :: Control node : stop power of open node
2021-08-31 05:32:34,899 :: INFO :: Control node : reset
2021-08-31 05:32:34,903 :: INFO :: Reset Control Node
2021-08-31 05:32:37,825 :: INFO :: Stop experiment succeeded
