2021-08-28 02:10:05,015 :: INFO :: Start experiment: luna-275607
2021-08-28 02:10:05,019 :: INFO :: Control node : Starting of control node serial interface
2021-08-28 02:10:05,022 :: INFO :: Control node : reset
2021-08-28 02:10:05,024 :: INFO :: Reset Control Node
2021-08-28 02:10:08,023 :: INFO :: Control node : start power of open node
2021-08-28 02:10:08,082 :: INFO :: Node OpenOCD: Setup of openocd node
2021-08-28 02:10:11,124 :: INFO :: Node OpenOCD: flash of openocd node
2021-08-28 02:10:11,142 :: INFO :: Flash firmware on OpenOCD: /tmp/tmpPNsWRO--9eca698c47b1367377dfc6ae1bda6964_unicast-sender-count-60T-20B.iotlab-m3
2021-08-28 02:10:18,032 :: INFO :: Control node : Start experiment
2021-08-28 02:10:18,084 :: INFO :: Control Node set time delay: 1679 us
2021-08-28 02:10:18,117 :: INFO :: Control node : profile configuration
2021-08-28 02:10:18,124 :: INFO :: Configure profile on Control Node
2021-08-28 02:10:18,203 :: INFO :: Start experiment succeeded
2021-08-28 02:52:33,101 :: INFO :: Check 'control' node ftdi
2021-08-28 02:52:33,265 :: INFO :: 'control' node ftdi found
2021-08-28 02:52:33,271 :: INFO :: Check 'm3' node ftdi
2021-08-28 02:52:33,350 :: INFO :: 'm3' node ftdi found
2021-08-28 03:11:24,011 :: INFO :: Gateway Manager : Stop experiment
2021-08-28 03:11:24,020 :: INFO :: Stop experiment
2021-08-28 03:11:24,030 :: INFO :: Control node : stop of the experiment
2021-08-28 03:11:24,037 :: INFO :: Control node : profile configuration
2021-08-28 03:11:24,047 :: INFO :: Configure profile on Control Node
2021-08-28 03:11:24,119 :: INFO :: Control node : start power of open node
2021-08-28 03:11:24,161 :: INFO :: Node OpenOCD: teardown of openocd node
2021-08-28 03:11:27,199 :: INFO :: openocd node debugger stop
2021-08-28 03:11:27,889 :: INFO :: Node OpenOCD: flash of openocd node
2021-08-28 03:11:27,903 :: INFO :: Flash firmware on OpenOCD: /usr/lib/python2.7/site-packages/gateway_code/static/m3_idle.elf
2021-08-28 03:11:30,440 :: INFO :: Control node : Stop control node serial interface
2021-08-28 03:11:30,445 :: INFO :: Control node : stop power of open node
2021-08-28 03:11:30,484 :: INFO :: Control node : reset
2021-08-28 03:11:30,488 :: INFO :: Reset Control Node
2021-08-28 03:11:33,417 :: INFO :: Stop experiment succeeded
