2021-08-28 02:10:05,002 :: INFO :: Start experiment: luna-275607
2021-08-28 02:10:05,006 :: INFO :: Control node : Starting of control node serial interface
2021-08-28 02:10:05,009 :: INFO :: Control node : reset
2021-08-28 02:10:05,011 :: INFO :: Reset Control Node
2021-08-28 02:10:07,964 :: INFO :: Control node : start power of open node
2021-08-28 02:10:08,021 :: INFO :: Node OpenOCD: Setup of openocd node
2021-08-28 02:10:11,060 :: INFO :: Node OpenOCD: flash of openocd node
2021-08-28 02:10:11,076 :: INFO :: Flash firmware on OpenOCD: /tmp/tmpNpa5tR--ddd0625ff8382e7208c25657471d6a4a_unicast-receiver-count.iotlab-m3
2021-08-28 02:10:17,617 :: INFO :: Control node : Start experiment
2021-08-28 02:10:17,661 :: INFO :: Control Node set time delay: 1160 us
2021-08-28 02:10:17,693 :: INFO :: Control node : profile configuration
2021-08-28 02:10:17,700 :: INFO :: Configure profile on Control Node
2021-08-28 02:10:17,778 :: INFO :: Start experiment succeeded
2021-08-28 02:55:45,237 :: INFO :: Check 'control' node ftdi
2021-08-28 02:55:45,399 :: INFO :: 'control' node ftdi found
2021-08-28 02:55:45,409 :: INFO :: Check 'm3' node ftdi
2021-08-28 02:55:45,532 :: INFO :: 'm3' node ftdi found
2021-08-28 03:11:24,040 :: INFO :: Gateway Manager : Stop experiment
2021-08-28 03:11:24,060 :: INFO :: Stop experiment
2021-08-28 03:11:24,080 :: INFO :: Control node : stop of the experiment
2021-08-28 03:11:24,104 :: INFO :: Control node : profile configuration
2021-08-28 03:11:24,121 :: INFO :: Configure profile on Control Node
2021-08-28 03:11:24,282 :: INFO :: Control node : start power of open node
2021-08-28 03:11:24,302 :: INFO :: Node OpenOCD: teardown of openocd node
2021-08-28 03:11:27,350 :: INFO :: openocd node debugger stop
2021-08-28 03:11:28,033 :: INFO :: Node OpenOCD: flash of openocd node
2021-08-28 03:11:28,040 :: INFO :: Flash firmware on OpenOCD: /usr/lib/python2.7/site-packages/gateway_code/static/m3_idle.elf
2021-08-28 03:11:30,490 :: INFO :: Control node : Stop control node serial interface
2021-08-28 03:11:30,496 :: INFO :: Control node : stop power of open node
2021-08-28 03:11:30,568 :: INFO :: Control node : reset
2021-08-28 03:11:30,575 :: INFO :: Reset Control Node
2021-08-28 03:11:33,461 :: INFO :: Stop experiment succeeded
