2021-08-28 02:10:05,010 :: INFO :: Start experiment: luna-275607
2021-08-28 02:10:05,013 :: INFO :: Control node : Starting of control node serial interface
2021-08-28 02:10:05,016 :: INFO :: Control node : reset
2021-08-28 02:10:05,019 :: INFO :: Reset Control Node
2021-08-28 02:10:07,968 :: INFO :: Control node : start power of open node
2021-08-28 02:10:08,021 :: INFO :: Node OpenOCD: Setup of openocd node
2021-08-28 02:10:11,063 :: INFO :: Node OpenOCD: flash of openocd node
2021-08-28 02:10:11,081 :: INFO :: Flash firmware on OpenOCD: /tmp/tmpxHBDbt--9eca698c47b1367377dfc6ae1bda6964_unicast-sender-count-60T-20B.iotlab-m3
2021-08-28 02:10:17,914 :: INFO :: Control node : Start experiment
2021-08-28 02:10:17,976 :: INFO :: Control Node set time delay: 1037 us
2021-08-28 02:10:18,000 :: INFO :: Control node : profile configuration
2021-08-28 02:10:18,007 :: INFO :: Configure profile on Control Node
2021-08-28 02:10:18,084 :: INFO :: Start experiment succeeded
2021-08-28 02:53:32,323 :: INFO :: Check 'control' node ftdi
2021-08-28 02:53:32,590 :: INFO :: 'control' node ftdi found
2021-08-28 02:53:32,594 :: INFO :: Check 'm3' node ftdi
2021-08-28 02:53:32,666 :: INFO :: 'm3' node ftdi found
2021-08-28 03:11:24,023 :: INFO :: Gateway Manager : Stop experiment
2021-08-28 03:11:24,032 :: INFO :: Stop experiment
2021-08-28 03:11:24,040 :: INFO :: Control node : stop of the experiment
2021-08-28 03:11:24,048 :: INFO :: Control node : profile configuration
2021-08-28 03:11:24,055 :: INFO :: Configure profile on Control Node
2021-08-28 03:11:24,129 :: INFO :: Control node : start power of open node
2021-08-28 03:11:24,173 :: INFO :: Node OpenOCD: teardown of openocd node
2021-08-28 03:11:27,224 :: INFO :: openocd node debugger stop
2021-08-28 03:11:27,912 :: INFO :: Node OpenOCD: flash of openocd node
2021-08-28 03:11:27,926 :: INFO :: Flash firmware on OpenOCD: /usr/lib/python2.7/site-packages/gateway_code/static/m3_idle.elf
2021-08-28 03:11:30,494 :: INFO :: Control node : Stop control node serial interface
2021-08-28 03:11:30,503 :: INFO :: Control node : stop power of open node
2021-08-28 03:11:30,576 :: INFO :: Control node : reset
2021-08-28 03:11:30,582 :: INFO :: Reset Control Node
2021-08-28 03:11:33,470 :: INFO :: Stop experiment succeeded
