2021-08-28 02:10:05,014 :: INFO :: Start experiment: luna-275607
2021-08-28 02:10:05,017 :: INFO :: Control node : Starting of control node serial interface
2021-08-28 02:10:05,020 :: INFO :: Control node : reset
2021-08-28 02:10:05,023 :: INFO :: Reset Control Node
2021-08-28 02:10:07,972 :: INFO :: Control node : start power of open node
2021-08-28 02:10:08,026 :: INFO :: Node OpenOCD: Setup of openocd node
2021-08-28 02:10:11,076 :: INFO :: Node OpenOCD: flash of openocd node
2021-08-28 02:10:11,094 :: INFO :: Flash firmware on OpenOCD: /tmp/tmp5qSM1b--9eca698c47b1367377dfc6ae1bda6964_unicast-sender-count-60T-20B.iotlab-m3
2021-08-28 02:10:18,092 :: INFO :: Control node : Start experiment
2021-08-28 02:10:18,149 :: INFO :: Control Node set time delay: 1098 us
2021-08-28 02:10:18,172 :: INFO :: Control node : profile configuration
2021-08-28 02:10:18,178 :: INFO :: Configure profile on Control Node
2021-08-28 02:10:18,219 :: INFO :: Start experiment succeeded
2021-08-28 02:53:42,373 :: INFO :: Check 'control' node ftdi
2021-08-28 02:53:42,587 :: INFO :: 'control' node ftdi found
2021-08-28 02:53:42,591 :: INFO :: Check 'm3' node ftdi
2021-08-28 02:53:42,659 :: INFO :: 'm3' node ftdi found
2021-08-28 03:11:24,005 :: INFO :: Gateway Manager : Stop experiment
2021-08-28 03:11:24,014 :: INFO :: Stop experiment
2021-08-28 03:11:24,023 :: INFO :: Control node : stop of the experiment
2021-08-28 03:11:24,030 :: INFO :: Control node : profile configuration
2021-08-28 03:11:24,037 :: INFO :: Configure profile on Control Node
2021-08-28 03:11:24,108 :: INFO :: Control node : start power of open node
2021-08-28 03:11:24,151 :: INFO :: Node OpenOCD: teardown of openocd node
2021-08-28 03:11:27,208 :: INFO :: openocd node debugger stop
2021-08-28 03:11:27,893 :: INFO :: Node OpenOCD: flash of openocd node
2021-08-28 03:11:27,908 :: INFO :: Flash firmware on OpenOCD: /usr/lib/python2.7/site-packages/gateway_code/static/m3_idle.elf
2021-08-28 03:11:30,469 :: INFO :: Control node : Stop control node serial interface
2021-08-28 03:11:30,478 :: INFO :: Control node : stop power of open node
2021-08-28 03:11:30,558 :: INFO :: Control node : reset
2021-08-28 03:11:30,565 :: INFO :: Reset Control Node
2021-08-28 03:11:33,451 :: INFO :: Stop experiment succeeded
