2021-08-28 02:10:05,033 :: INFO :: Start experiment: luna-275607
2021-08-28 02:10:05,036 :: INFO :: Control node : Starting of control node serial interface
2021-08-28 02:10:05,039 :: INFO :: Control node : reset
2021-08-28 02:10:05,042 :: INFO :: Reset Control Node
2021-08-28 02:10:07,935 :: INFO :: Control node : start power of open node
2021-08-28 02:10:07,963 :: INFO :: Node OpenOCD: Setup of openocd node
2021-08-28 02:10:11,002 :: INFO :: Node OpenOCD: flash of openocd node
2021-08-28 02:10:11,019 :: INFO :: Flash firmware on OpenOCD: /tmp/tmpG8hai_--9eca698c47b1367377dfc6ae1bda6964_unicast-sender-count-60T-20B.iotlab-m3
2021-08-28 02:10:18,040 :: INFO :: Control node : Start experiment
2021-08-28 02:10:18,067 :: INFO :: Control Node set time delay: 1129 us
2021-08-28 02:10:18,085 :: INFO :: Control node : profile configuration
2021-08-28 02:10:18,089 :: INFO :: Configure profile on Control Node
2021-08-28 02:10:18,133 :: INFO :: Start experiment succeeded
2021-08-28 02:50:21,568 :: INFO :: Check 'control' node ftdi
2021-08-28 02:50:21,737 :: INFO :: 'control' node ftdi found
2021-08-28 02:50:21,747 :: INFO :: Check 'm3' node ftdi
2021-08-28 02:50:21,892 :: INFO :: 'm3' node ftdi found
2021-08-28 03:11:24,023 :: INFO :: Gateway Manager : Stop experiment
2021-08-28 03:11:24,033 :: INFO :: Stop experiment
2021-08-28 03:11:24,041 :: INFO :: Control node : stop of the experiment
2021-08-28 03:11:24,049 :: INFO :: Control node : profile configuration
2021-08-28 03:11:24,056 :: INFO :: Configure profile on Control Node
2021-08-28 03:11:24,132 :: INFO :: Control node : start power of open node
2021-08-28 03:11:24,175 :: INFO :: Node OpenOCD: teardown of openocd node
2021-08-28 03:11:27,227 :: INFO :: openocd node debugger stop
2021-08-28 03:11:27,922 :: INFO :: Node OpenOCD: flash of openocd node
2021-08-28 03:11:27,931 :: INFO :: Flash firmware on OpenOCD: /usr/lib/python2.7/site-packages/gateway_code/static/m3_idle.elf
2021-08-28 03:11:30,442 :: INFO :: Control node : Stop control node serial interface
2021-08-28 03:11:30,447 :: INFO :: Control node : stop power of open node
2021-08-28 03:11:30,482 :: INFO :: Control node : reset
2021-08-28 03:11:30,486 :: INFO :: Reset Control Node
2021-08-28 03:11:33,403 :: INFO :: Stop experiment succeeded
