2021-08-28 02:10:05,022 :: INFO :: Start experiment: luna-275607
2021-08-28 02:10:05,026 :: INFO :: Control node : Starting of control node serial interface
2021-08-28 02:10:05,029 :: INFO :: Control node : reset
2021-08-28 02:10:05,031 :: INFO :: Reset Control Node
2021-08-28 02:10:07,985 :: INFO :: Control node : start power of open node
2021-08-28 02:10:08,016 :: INFO :: Node OpenOCD: Setup of openocd node
2021-08-28 02:10:11,056 :: INFO :: Node OpenOCD: flash of openocd node
2021-08-28 02:10:11,075 :: INFO :: Flash firmware on OpenOCD: /tmp/tmplE3N9_--9eca698c47b1367377dfc6ae1bda6964_unicast-sender-count-60T-20B.iotlab-m3
2021-08-28 02:10:18,025 :: INFO :: Control node : Start experiment
2021-08-28 02:10:18,107 :: INFO :: Control Node set time delay: 1679 us
2021-08-28 02:10:18,140 :: INFO :: Control node : profile configuration
2021-08-28 02:10:18,147 :: INFO :: Configure profile on Control Node
2021-08-28 02:10:18,225 :: INFO :: Start experiment succeeded
2021-08-28 02:50:28,575 :: INFO :: Check 'control' node ftdi
2021-08-28 02:50:28,748 :: INFO :: 'control' node ftdi found
2021-08-28 02:50:28,757 :: INFO :: Check 'm3' node ftdi
2021-08-28 02:50:28,886 :: INFO :: 'm3' node ftdi found
2021-08-28 03:11:24,064 :: INFO :: Gateway Manager : Stop experiment
2021-08-28 03:11:24,084 :: INFO :: Stop experiment
2021-08-28 03:11:24,105 :: INFO :: Control node : stop of the experiment
2021-08-28 03:11:24,122 :: INFO :: Control node : profile configuration
2021-08-28 03:11:24,145 :: INFO :: Configure profile on Control Node
2021-08-28 03:11:24,285 :: INFO :: Control node : start power of open node
2021-08-28 03:11:24,305 :: INFO :: Node OpenOCD: teardown of openocd node
2021-08-28 03:11:27,342 :: INFO :: openocd node debugger stop
2021-08-28 03:11:28,036 :: INFO :: Node OpenOCD: flash of openocd node
2021-08-28 03:11:28,051 :: INFO :: Flash firmware on OpenOCD: /usr/lib/python2.7/site-packages/gateway_code/static/m3_idle.elf
2021-08-28 03:11:30,614 :: INFO :: Control node : Stop control node serial interface
2021-08-28 03:11:30,623 :: INFO :: Control node : stop power of open node
2021-08-28 03:11:30,700 :: INFO :: Control node : reset
2021-08-28 03:11:30,707 :: INFO :: Reset Control Node
2021-08-28 03:11:33,598 :: INFO :: Stop experiment succeeded
