2021-08-28 02:10:05,015 :: INFO :: Start experiment: luna-275607
2021-08-28 02:10:05,019 :: INFO :: Control node : Starting of control node serial interface
2021-08-28 02:10:05,022 :: INFO :: Control node : reset
2021-08-28 02:10:05,024 :: INFO :: Reset Control Node
2021-08-28 02:10:07,972 :: INFO :: Control node : start power of open node
2021-08-28 02:10:08,028 :: INFO :: Node OpenOCD: Setup of openocd node
2021-08-28 02:10:11,078 :: INFO :: Node OpenOCD: flash of openocd node
2021-08-28 02:10:11,093 :: INFO :: Flash firmware on OpenOCD: /tmp/tmp5op3iE--9eca698c47b1367377dfc6ae1bda6964_unicast-sender-count-60T-20B.iotlab-m3
2021-08-28 02:10:17,985 :: INFO :: Control node : Start experiment
2021-08-28 02:10:18,025 :: INFO :: Control Node set time delay: 1556 us
2021-08-28 02:10:18,056 :: INFO :: Control node : profile configuration
2021-08-28 02:10:18,063 :: INFO :: Configure profile on Control Node
2021-08-28 02:10:18,141 :: INFO :: Start experiment succeeded
2021-08-28 02:52:59,295 :: INFO :: Check 'control' node ftdi
2021-08-28 02:52:59,458 :: INFO :: 'control' node ftdi found
2021-08-28 02:52:59,463 :: INFO :: Check 'm3' node ftdi
2021-08-28 02:52:59,540 :: INFO :: 'm3' node ftdi found
2021-08-28 03:11:24,007 :: INFO :: Gateway Manager : Stop experiment
2021-08-28 03:11:24,017 :: INFO :: Stop experiment
2021-08-28 03:11:24,026 :: INFO :: Control node : stop of the experiment
2021-08-28 03:11:24,033 :: INFO :: Control node : profile configuration
2021-08-28 03:11:24,040 :: INFO :: Configure profile on Control Node
2021-08-28 03:11:24,113 :: INFO :: Control node : start power of open node
2021-08-28 03:11:24,155 :: INFO :: Node OpenOCD: teardown of openocd node
2021-08-28 03:11:27,211 :: INFO :: openocd node debugger stop
2021-08-28 03:11:27,896 :: INFO :: Node OpenOCD: flash of openocd node
2021-08-28 03:11:27,903 :: INFO :: Flash firmware on OpenOCD: /usr/lib/python2.7/site-packages/gateway_code/static/m3_idle.elf
2021-08-28 03:11:30,410 :: INFO :: Control node : Stop control node serial interface
2021-08-28 03:11:30,414 :: INFO :: Control node : stop power of open node
2021-08-28 03:11:30,452 :: INFO :: Control node : reset
2021-08-28 03:11:30,456 :: INFO :: Reset Control Node
2021-08-28 03:11:33,350 :: INFO :: Stop experiment succeeded
