2021-08-28 02:10:05,029 :: INFO :: Start experiment: luna-275607
2021-08-28 02:10:05,033 :: INFO :: Control node : Starting of control node serial interface
2021-08-28 02:10:05,035 :: INFO :: Control node : reset
2021-08-28 02:10:05,038 :: INFO :: Reset Control Node
2021-08-28 02:10:07,993 :: INFO :: Control node : start power of open node
2021-08-28 02:10:08,044 :: INFO :: Node OpenOCD: Setup of openocd node
2021-08-28 02:10:11,074 :: INFO :: Node OpenOCD: flash of openocd node
2021-08-28 02:10:11,092 :: INFO :: Flash firmware on OpenOCD: /tmp/tmpWYHu1Q--9eca698c47b1367377dfc6ae1bda6964_unicast-sender-count-60T-20B.iotlab-m3
2021-08-28 02:10:18,100 :: INFO :: Control node : Start experiment
2021-08-28 02:10:18,126 :: INFO :: Control Node set time delay: 1403 us
2021-08-28 02:10:18,144 :: INFO :: Control node : profile configuration
2021-08-28 02:10:18,148 :: INFO :: Configure profile on Control Node
2021-08-28 02:10:18,192 :: INFO :: Start experiment succeeded
2021-08-28 02:51:41,515 :: INFO :: Check 'control' node ftdi
2021-08-28 02:51:41,777 :: INFO :: 'control' node ftdi found
2021-08-28 02:51:41,781 :: INFO :: Check 'm3' node ftdi
2021-08-28 02:51:41,851 :: INFO :: 'm3' node ftdi found
2021-08-28 03:11:24,002 :: INFO :: Gateway Manager : Stop experiment
2021-08-28 03:11:24,013 :: INFO :: Stop experiment
2021-08-28 03:11:24,022 :: INFO :: Control node : stop of the experiment
2021-08-28 03:11:24,029 :: INFO :: Control node : profile configuration
2021-08-28 03:11:24,036 :: INFO :: Configure profile on Control Node
2021-08-28 03:11:24,108 :: INFO :: Control node : start power of open node
2021-08-28 03:11:24,150 :: INFO :: Node OpenOCD: teardown of openocd node
2021-08-28 03:11:27,217 :: INFO :: openocd node debugger stop
2021-08-28 03:11:27,902 :: INFO :: Node OpenOCD: flash of openocd node
2021-08-28 03:11:27,909 :: INFO :: Flash firmware on OpenOCD: /usr/lib/python2.7/site-packages/gateway_code/static/m3_idle.elf
2021-08-28 03:11:30,370 :: INFO :: Control node : Stop control node serial interface
2021-08-28 03:11:30,379 :: INFO :: Control node : stop power of open node
2021-08-28 03:11:30,455 :: INFO :: Control node : reset
2021-08-28 03:11:30,462 :: INFO :: Reset Control Node
2021-08-28 03:11:33,352 :: INFO :: Stop experiment succeeded
