2021-08-28 02:10:05,017 :: INFO :: Start experiment: luna-275607
2021-08-28 02:10:05,021 :: INFO :: Control node : Starting of control node serial interface
2021-08-28 02:10:05,023 :: INFO :: Control node : reset
2021-08-28 02:10:05,026 :: INFO :: Reset Control Node
2021-08-28 02:10:07,978 :: INFO :: Control node : start power of open node
2021-08-28 02:10:08,032 :: INFO :: Node OpenOCD: Setup of openocd node
2021-08-28 02:10:11,068 :: INFO :: Node OpenOCD: flash of openocd node
2021-08-28 02:10:11,085 :: INFO :: Flash firmware on OpenOCD: /tmp/tmpMz80v9--9eca698c47b1367377dfc6ae1bda6964_unicast-sender-count-60T-20B.iotlab-m3
2021-08-28 02:10:17,945 :: INFO :: Control node : Start experiment
2021-08-28 02:10:18,015 :: INFO :: Control Node set time delay: 1983 us
2021-08-28 02:10:18,040 :: INFO :: Control node : profile configuration
2021-08-28 02:10:18,046 :: INFO :: Configure profile on Control Node
2021-08-28 02:10:18,125 :: INFO :: Start experiment succeeded
2021-08-28 02:49:55,391 :: INFO :: Check 'control' node ftdi
2021-08-28 02:49:55,669 :: INFO :: 'control' node ftdi found
2021-08-28 02:49:55,674 :: INFO :: Check 'm3' node ftdi
2021-08-28 02:49:55,743 :: INFO :: 'm3' node ftdi found
2021-08-28 03:11:24,032 :: INFO :: Gateway Manager : Stop experiment
2021-08-28 03:11:24,051 :: INFO :: Stop experiment
2021-08-28 03:11:24,070 :: INFO :: Control node : stop of the experiment
2021-08-28 03:11:24,086 :: INFO :: Control node : profile configuration
2021-08-28 03:11:24,101 :: INFO :: Configure profile on Control Node
2021-08-28 03:11:24,272 :: INFO :: Control node : start power of open node
2021-08-28 03:11:24,294 :: INFO :: Node OpenOCD: teardown of openocd node
2021-08-28 03:11:27,348 :: INFO :: openocd node debugger stop
2021-08-28 03:11:28,042 :: INFO :: Node OpenOCD: flash of openocd node
2021-08-28 03:11:28,057 :: INFO :: Flash firmware on OpenOCD: /usr/lib/python2.7/site-packages/gateway_code/static/m3_idle.elf
2021-08-28 03:11:30,667 :: INFO :: Control node : Stop control node serial interface
2021-08-28 03:11:30,676 :: INFO :: Control node : stop power of open node
2021-08-28 03:11:30,750 :: INFO :: Control node : reset
2021-08-28 03:11:30,756 :: INFO :: Reset Control Node
2021-08-28 03:11:33,652 :: INFO :: Stop experiment succeeded
