2021-08-31 10:41:29,025 :: INFO :: Start experiment: luna-275856
2021-08-31 10:41:29,029 :: INFO :: Control node : Starting of control node serial interface
2021-08-31 10:41:29,032 :: INFO :: Control node : reset
2021-08-31 10:41:29,035 :: INFO :: Reset Control Node
2021-08-31 10:41:31,991 :: INFO :: Control node : start power of open node
2021-08-31 10:41:32,047 :: INFO :: Node OpenOCD: Setup of openocd node
2021-08-31 10:41:35,088 :: INFO :: Node OpenOCD: flash of openocd node
2021-08-31 10:41:35,103 :: INFO :: Flash firmware on OpenOCD: /tmp/tmpngU9nR--9eca698c47b1367377dfc6ae1bda6964_unicast-sender-count-60T-20B.iotlab-m3
2021-08-31 10:41:42,113 :: INFO :: Control node : Start experiment
2021-08-31 10:41:42,166 :: INFO :: Control Node set time delay: 1892 us
2021-08-31 10:41:42,195 :: INFO :: Control node : profile configuration
2021-08-31 10:41:42,198 :: INFO :: Configure profile on Control Node
2021-08-31 10:41:42,240 :: INFO :: Start experiment succeeded
2021-08-31 11:42:48,232 :: INFO :: Gateway Manager : Stop experiment
2021-08-31 11:42:48,241 :: INFO :: Stop experiment
2021-08-31 11:42:48,250 :: INFO :: Control node : stop of the experiment
2021-08-31 11:42:48,258 :: INFO :: Control node : profile configuration
2021-08-31 11:42:48,265 :: INFO :: Configure profile on Control Node
2021-08-31 11:42:48,338 :: INFO :: Control node : start power of open node
2021-08-31 11:42:48,382 :: INFO :: Node OpenOCD: teardown of openocd node
2021-08-31 11:42:51,420 :: INFO :: openocd node debugger stop
2021-08-31 11:42:52,110 :: INFO :: Node OpenOCD: flash of openocd node
2021-08-31 11:42:52,125 :: INFO :: Flash firmware on OpenOCD: /usr/lib/python2.7/site-packages/gateway_code/static/m3_idle.elf
2021-08-31 11:42:54,693 :: INFO :: Control node : Stop control node serial interface
2021-08-31 11:42:54,701 :: INFO :: Control node : stop power of open node
2021-08-31 11:42:54,779 :: INFO :: Control node : reset
2021-08-31 11:42:54,786 :: INFO :: Reset Control Node
2021-08-31 11:42:57,676 :: INFO :: Stop experiment succeeded
