2021-08-31 10:41:29,045 :: INFO :: Start experiment: luna-275856
2021-08-31 10:41:29,048 :: INFO :: Control node : Starting of control node serial interface
2021-08-31 10:41:29,051 :: INFO :: Control node : reset
2021-08-31 10:41:29,054 :: INFO :: Reset Control Node
2021-08-31 10:41:32,007 :: INFO :: Control node : start power of open node
2021-08-31 10:41:32,064 :: INFO :: Node OpenOCD: Setup of openocd node
2021-08-31 10:41:35,112 :: INFO :: Node OpenOCD: flash of openocd node
2021-08-31 10:41:35,127 :: INFO :: Flash firmware on OpenOCD: /tmp/tmptNuIfg--9eca698c47b1367377dfc6ae1bda6964_unicast-sender-count-60T-20B.iotlab-m3
2021-08-31 10:41:42,281 :: INFO :: Control node : Start experiment
2021-08-31 10:41:42,341 :: INFO :: Control Node set time delay: 1770 us
2021-08-31 10:41:42,366 :: INFO :: Control node : profile configuration
2021-08-31 10:41:42,369 :: INFO :: Configure profile on Control Node
2021-08-31 10:41:42,411 :: INFO :: Start experiment succeeded
2021-08-31 11:42:48,212 :: INFO :: Gateway Manager : Stop experiment
2021-08-31 11:42:48,223 :: INFO :: Stop experiment
2021-08-31 11:42:48,231 :: INFO :: Control node : stop of the experiment
2021-08-31 11:42:48,241 :: INFO :: Control node : profile configuration
2021-08-31 11:42:48,249 :: INFO :: Configure profile on Control Node
2021-08-31 11:42:48,318 :: INFO :: Control node : start power of open node
2021-08-31 11:42:48,360 :: INFO :: Node OpenOCD: teardown of openocd node
2021-08-31 11:42:51,414 :: INFO :: openocd node debugger stop
2021-08-31 11:42:52,099 :: INFO :: Node OpenOCD: flash of openocd node
2021-08-31 11:42:52,106 :: INFO :: Flash firmware on OpenOCD: /usr/lib/python2.7/site-packages/gateway_code/static/m3_idle.elf
2021-08-31 11:42:54,611 :: INFO :: Control node : Stop control node serial interface
2021-08-31 11:42:54,620 :: INFO :: Control node : stop power of open node
2021-08-31 11:42:54,699 :: INFO :: Control node : reset
2021-08-31 11:42:54,706 :: INFO :: Reset Control Node
2021-08-31 11:42:57,592 :: INFO :: Stop experiment succeeded
