2021-08-31 10:41:29,039 :: INFO :: Start experiment: luna-275856
2021-08-31 10:41:29,042 :: INFO :: Control node : Starting of control node serial interface
2021-08-31 10:41:29,045 :: INFO :: Control node : reset
2021-08-31 10:41:29,048 :: INFO :: Reset Control Node
2021-08-31 10:41:32,005 :: INFO :: Control node : start power of open node
2021-08-31 10:41:32,061 :: INFO :: Node OpenOCD: Setup of openocd node
2021-08-31 10:41:35,102 :: INFO :: Node OpenOCD: flash of openocd node
2021-08-31 10:41:35,117 :: INFO :: Flash firmware on OpenOCD: /tmp/tmp4rAl7P--9eca698c47b1367377dfc6ae1bda6964_unicast-sender-count-60T-20B.iotlab-m3
2021-08-31 10:41:42,063 :: INFO :: Control node : Start experiment
2021-08-31 10:41:42,144 :: INFO :: Control Node set time delay: 1922 us
2021-08-31 10:41:42,169 :: INFO :: Control node : profile configuration
2021-08-31 10:41:42,176 :: INFO :: Configure profile on Control Node
2021-08-31 10:41:42,256 :: INFO :: Start experiment succeeded
2021-08-31 11:42:48,205 :: INFO :: Gateway Manager : Stop experiment
2021-08-31 11:42:48,216 :: INFO :: Stop experiment
2021-08-31 11:42:48,225 :: INFO :: Control node : stop of the experiment
2021-08-31 11:42:48,233 :: INFO :: Control node : profile configuration
2021-08-31 11:42:48,241 :: INFO :: Configure profile on Control Node
2021-08-31 11:42:48,315 :: INFO :: Control node : start power of open node
2021-08-31 11:42:48,359 :: INFO :: Node OpenOCD: teardown of openocd node
2021-08-31 11:42:51,398 :: INFO :: openocd node debugger stop
2021-08-31 11:42:52,083 :: INFO :: Node OpenOCD: flash of openocd node
2021-08-31 11:42:52,098 :: INFO :: Flash firmware on OpenOCD: /usr/lib/python2.7/site-packages/gateway_code/static/m3_idle.elf
2021-08-31 11:42:54,614 :: INFO :: Control node : Stop control node serial interface
2021-08-31 11:42:54,623 :: INFO :: Control node : stop power of open node
2021-08-31 11:42:54,702 :: INFO :: Control node : reset
2021-08-31 11:42:54,709 :: INFO :: Reset Control Node
2021-08-31 11:42:57,598 :: INFO :: Stop experiment succeeded
