2021-08-31 10:41:28,974 :: INFO :: Start experiment: luna-275856
2021-08-31 10:41:28,978 :: INFO :: Control node : Starting of control node serial interface
2021-08-31 10:41:28,980 :: INFO :: Control node : reset
2021-08-31 10:41:28,983 :: INFO :: Reset Control Node
2021-08-31 10:41:31,986 :: INFO :: Control node : start power of open node
2021-08-31 10:41:32,045 :: INFO :: Node OpenOCD: Setup of openocd node
2021-08-31 10:41:35,085 :: INFO :: Node OpenOCD: flash of openocd node
2021-08-31 10:41:35,100 :: INFO :: Flash firmware on OpenOCD: /tmp/tmpERaIFh--9eca698c47b1367377dfc6ae1bda6964_unicast-sender-count-60T-20B.iotlab-m3
2021-08-31 10:41:41,994 :: INFO :: Control node : Start experiment
2021-08-31 10:41:42,055 :: INFO :: Control Node set time delay: 1740 us
2021-08-31 10:41:42,079 :: INFO :: Control node : profile configuration
2021-08-31 10:41:42,085 :: INFO :: Configure profile on Control Node
2021-08-31 10:41:42,165 :: INFO :: Start experiment succeeded
2021-08-31 11:42:48,248 :: INFO :: Gateway Manager : Stop experiment
2021-08-31 11:42:48,257 :: INFO :: Stop experiment
2021-08-31 11:42:48,266 :: INFO :: Control node : stop of the experiment
2021-08-31 11:42:48,274 :: INFO :: Control node : profile configuration
2021-08-31 11:42:48,281 :: INFO :: Configure profile on Control Node
2021-08-31 11:42:48,355 :: INFO :: Control node : start power of open node
2021-08-31 11:42:48,400 :: INFO :: Node OpenOCD: teardown of openocd node
2021-08-31 11:42:51,447 :: INFO :: openocd node debugger stop
2021-08-31 11:42:52,133 :: INFO :: Node OpenOCD: flash of openocd node
2021-08-31 11:42:52,140 :: INFO :: Flash firmware on OpenOCD: /usr/lib/python2.7/site-packages/gateway_code/static/m3_idle.elf
2021-08-31 11:42:54,598 :: INFO :: Control node : Stop control node serial interface
2021-08-31 11:42:54,607 :: INFO :: Control node : stop power of open node
2021-08-31 11:42:54,675 :: INFO :: Control node : reset
2021-08-31 11:42:54,682 :: INFO :: Reset Control Node
2021-08-31 11:42:57,524 :: INFO :: Stop experiment succeeded
