2021-08-31 10:41:29,043 :: INFO :: Start experiment: luna-275856
2021-08-31 10:41:29,046 :: INFO :: Control node : Starting of control node serial interface
2021-08-31 10:41:29,049 :: INFO :: Control node : reset
2021-08-31 10:41:29,052 :: INFO :: Reset Control Node
2021-08-31 10:41:32,007 :: INFO :: Control node : start power of open node
2021-08-31 10:41:32,062 :: INFO :: Node OpenOCD: Setup of openocd node
2021-08-31 10:41:35,103 :: INFO :: Node OpenOCD: flash of openocd node
2021-08-31 10:41:35,118 :: INFO :: Flash firmware on OpenOCD: /tmp/tmpY1lcQR--9eca698c47b1367377dfc6ae1bda6964_unicast-sender-count-60T-20B.iotlab-m3
2021-08-31 10:41:42,097 :: INFO :: Control node : Start experiment
2021-08-31 10:41:42,184 :: INFO :: Control Node set time delay: 1099 us
2021-08-31 10:41:42,217 :: INFO :: Control node : profile configuration
2021-08-31 10:41:42,224 :: INFO :: Configure profile on Control Node
2021-08-31 10:41:42,266 :: INFO :: Start experiment succeeded
2021-08-31 11:42:48,232 :: INFO :: Gateway Manager : Stop experiment
2021-08-31 11:42:48,242 :: INFO :: Stop experiment
2021-08-31 11:42:48,252 :: INFO :: Control node : stop of the experiment
2021-08-31 11:42:48,259 :: INFO :: Control node : profile configuration
2021-08-31 11:42:48,266 :: INFO :: Configure profile on Control Node
2021-08-31 11:42:48,338 :: INFO :: Control node : start power of open node
2021-08-31 11:42:48,381 :: INFO :: Node OpenOCD: teardown of openocd node
2021-08-31 11:42:51,430 :: INFO :: openocd node debugger stop
2021-08-31 11:42:52,127 :: INFO :: Node OpenOCD: flash of openocd node
2021-08-31 11:42:52,141 :: INFO :: Flash firmware on OpenOCD: /usr/lib/python2.7/site-packages/gateway_code/static/m3_idle.elf
2021-08-31 11:42:54,676 :: INFO :: Control node : Stop control node serial interface
2021-08-31 11:42:54,681 :: INFO :: Control node : stop power of open node
2021-08-31 11:42:54,730 :: INFO :: Control node : reset
2021-08-31 11:42:54,733 :: INFO :: Reset Control Node
2021-08-31 11:42:57,667 :: INFO :: Stop experiment succeeded
