2021-08-31 10:41:29,046 :: INFO :: Start experiment: luna-275856
2021-08-31 10:41:29,049 :: INFO :: Control node : Starting of control node serial interface
2021-08-31 10:41:29,052 :: INFO :: Control node : reset
2021-08-31 10:41:29,055 :: INFO :: Reset Control Node
2021-08-31 10:41:32,013 :: INFO :: Control node : start power of open node
2021-08-31 10:41:32,071 :: INFO :: Node OpenOCD: Setup of openocd node
2021-08-31 10:41:35,114 :: INFO :: Node OpenOCD: flash of openocd node
2021-08-31 10:41:35,129 :: INFO :: Flash firmware on OpenOCD: /tmp/tmpCJ8Ga3--9eca698c47b1367377dfc6ae1bda6964_unicast-sender-count-60T-20B.iotlab-m3
2021-08-31 10:41:41,947 :: INFO :: Control node : Start experiment
2021-08-31 10:41:41,978 :: INFO :: Control Node set time delay: 1312 us
2021-08-31 10:41:41,995 :: INFO :: Control node : profile configuration
2021-08-31 10:41:41,999 :: INFO :: Configure profile on Control Node
2021-08-31 10:41:42,044 :: INFO :: Start experiment succeeded
2021-08-31 11:42:48,227 :: INFO :: Gateway Manager : Stop experiment
2021-08-31 11:42:48,239 :: INFO :: Stop experiment
2021-08-31 11:42:48,247 :: INFO :: Control node : stop of the experiment
2021-08-31 11:42:48,255 :: INFO :: Control node : profile configuration
2021-08-31 11:42:48,262 :: INFO :: Configure profile on Control Node
2021-08-31 11:42:48,335 :: INFO :: Control node : start power of open node
2021-08-31 11:42:48,379 :: INFO :: Node OpenOCD: teardown of openocd node
2021-08-31 11:42:51,417 :: INFO :: openocd node debugger stop
2021-08-31 11:42:52,083 :: INFO :: Node OpenOCD: flash of openocd node
2021-08-31 11:42:52,090 :: INFO :: Flash firmware on OpenOCD: /usr/lib/python2.7/site-packages/gateway_code/static/m3_idle.elf
2021-08-31 11:42:54,597 :: INFO :: Control node : Stop control node serial interface
2021-08-31 11:42:54,606 :: INFO :: Control node : stop power of open node
2021-08-31 11:42:54,687 :: INFO :: Control node : reset
2021-08-31 11:42:54,693 :: INFO :: Reset Control Node
2021-08-31 11:42:57,555 :: INFO :: Stop experiment succeeded
