2021-08-31 10:41:28,980 :: INFO :: Start experiment: luna-275856
2021-08-31 10:41:28,984 :: INFO :: Control node : Starting of control node serial interface
2021-08-31 10:41:28,986 :: INFO :: Control node : reset
2021-08-31 10:41:28,989 :: INFO :: Reset Control Node
2021-08-31 10:41:31,952 :: INFO :: Control node : start power of open node
2021-08-31 10:41:32,008 :: INFO :: Node OpenOCD: Setup of openocd node
2021-08-31 10:41:35,050 :: INFO :: Node OpenOCD: flash of openocd node
2021-08-31 10:41:35,064 :: INFO :: Flash firmware on OpenOCD: /tmp/tmp6wknPx--9eca698c47b1367377dfc6ae1bda6964_unicast-sender-count-60T-20B.iotlab-m3
2021-08-31 10:41:42,058 :: INFO :: Control node : Start experiment
2021-08-31 10:41:42,116 :: INFO :: Control Node set time delay: 1129 us
2021-08-31 10:41:42,124 :: INFO :: Control node : profile configuration
2021-08-31 10:41:42,128 :: INFO :: Configure profile on Control Node
2021-08-31 10:41:42,170 :: INFO :: Start experiment succeeded
2021-08-31 11:42:48,238 :: INFO :: Gateway Manager : Stop experiment
2021-08-31 11:42:48,262 :: INFO :: Stop experiment
2021-08-31 11:42:48,281 :: INFO :: Control node : stop of the experiment
2021-08-31 11:42:48,303 :: INFO :: Control node : profile configuration
2021-08-31 11:42:48,320 :: INFO :: Configure profile on Control Node
2021-08-31 11:42:48,480 :: INFO :: Control node : start power of open node
2021-08-31 11:42:48,499 :: INFO :: Node OpenOCD: teardown of openocd node
2021-08-31 11:42:51,533 :: INFO :: openocd node debugger stop
2021-08-31 11:42:52,230 :: INFO :: Node OpenOCD: flash of openocd node
2021-08-31 11:42:52,245 :: INFO :: Flash firmware on OpenOCD: /usr/lib/python2.7/site-packages/gateway_code/static/m3_idle.elf
2021-08-31 11:42:54,852 :: INFO :: Control node : Stop control node serial interface
2021-08-31 11:42:54,857 :: INFO :: Control node : stop power of open node
2021-08-31 11:42:54,904 :: INFO :: Control node : reset
2021-08-31 11:42:54,911 :: INFO :: Reset Control Node
2021-08-31 11:42:57,809 :: INFO :: Stop experiment succeeded
