2021-08-31 10:41:29,016 :: INFO :: Start experiment: luna-275856
2021-08-31 10:41:29,019 :: INFO :: Control node : Starting of control node serial interface
2021-08-31 10:41:29,022 :: INFO :: Control node : reset
2021-08-31 10:41:29,025 :: INFO :: Reset Control Node
2021-08-31 10:41:31,980 :: INFO :: Control node : start power of open node
2021-08-31 10:41:32,035 :: INFO :: Node OpenOCD: Setup of openocd node
2021-08-31 10:41:35,076 :: INFO :: Node OpenOCD: flash of openocd node
2021-08-31 10:41:35,090 :: INFO :: Flash firmware on OpenOCD: /tmp/tmpZkvMmL--9eca698c47b1367377dfc6ae1bda6964_unicast-sender-count-60T-20B.iotlab-m3
2021-08-31 10:41:42,030 :: INFO :: Control node : Start experiment
2021-08-31 10:41:42,085 :: INFO :: Control Node set time delay: 1526 us
2021-08-31 10:41:42,110 :: INFO :: Control node : profile configuration
2021-08-31 10:41:42,118 :: INFO :: Configure profile on Control Node
2021-08-31 10:41:42,171 :: INFO :: Start experiment succeeded
2021-08-31 11:42:48,210 :: INFO :: Gateway Manager : Stop experiment
2021-08-31 11:42:48,220 :: INFO :: Stop experiment
2021-08-31 11:42:48,228 :: INFO :: Control node : stop of the experiment
2021-08-31 11:42:48,235 :: INFO :: Control node : profile configuration
2021-08-31 11:42:48,242 :: INFO :: Configure profile on Control Node
2021-08-31 11:42:48,312 :: INFO :: Control node : start power of open node
2021-08-31 11:42:48,353 :: INFO :: Node OpenOCD: teardown of openocd node
2021-08-31 11:42:51,389 :: INFO :: openocd node debugger stop
2021-08-31 11:42:52,075 :: INFO :: Node OpenOCD: flash of openocd node
2021-08-31 11:42:52,089 :: INFO :: Flash firmware on OpenOCD: /usr/lib/python2.7/site-packages/gateway_code/static/m3_idle.elf
2021-08-31 11:42:54,704 :: INFO :: Control node : Stop control node serial interface
2021-08-31 11:42:54,709 :: INFO :: Control node : stop power of open node
2021-08-31 11:42:54,746 :: INFO :: Control node : reset
2021-08-31 11:42:54,750 :: INFO :: Reset Control Node
2021-08-31 11:42:57,636 :: INFO :: Stop experiment succeeded
