2021-08-30 23:22:36,035 :: INFO :: Start experiment: luna-275836
2021-08-30 23:22:36,039 :: INFO :: Control node : Starting of control node serial interface
2021-08-30 23:22:36,041 :: INFO :: Control node : reset
2021-08-30 23:22:36,044 :: INFO :: Reset Control Node
2021-08-30 23:22:39,064 :: INFO :: Control node : start power of open node
2021-08-30 23:22:39,124 :: INFO :: Node OpenOCD: Setup of openocd node
2021-08-30 23:22:42,164 :: INFO :: Node OpenOCD: flash of openocd node
2021-08-30 23:22:42,179 :: INFO :: Flash firmware on OpenOCD: /tmp/tmpRgb2YJ--a14ddd1a1d6cc1c4ffb46cbabc9d20fe_unicast-sender-count-10T-20B.iotlab-m3
2021-08-30 23:22:49,075 :: INFO :: Control node : Start experiment
2021-08-30 23:22:49,141 :: INFO :: Control Node set time delay: 1404 us
2021-08-30 23:22:49,173 :: INFO :: Control node : profile configuration
2021-08-30 23:22:49,180 :: INFO :: Configure profile on Control Node
2021-08-30 23:22:49,259 :: INFO :: Start experiment succeeded
2021-08-31 00:23:55,243 :: INFO :: Gateway Manager : Stop experiment
2021-08-31 00:23:55,253 :: INFO :: Stop experiment
2021-08-31 00:23:55,261 :: INFO :: Control node : stop of the experiment
2021-08-31 00:23:55,268 :: INFO :: Control node : profile configuration
2021-08-31 00:23:55,275 :: INFO :: Configure profile on Control Node
2021-08-31 00:23:55,349 :: INFO :: Control node : start power of open node
2021-08-31 00:23:55,391 :: INFO :: Node OpenOCD: teardown of openocd node
2021-08-31 00:23:58,434 :: INFO :: openocd node debugger stop
2021-08-31 00:23:59,120 :: INFO :: Node OpenOCD: flash of openocd node
2021-08-31 00:23:59,127 :: INFO :: Flash firmware on OpenOCD: /usr/lib/python2.7/site-packages/gateway_code/static/m3_idle.elf
2021-08-31 00:24:01,642 :: INFO :: Control node : Stop control node serial interface
2021-08-31 00:24:01,652 :: INFO :: Control node : stop power of open node
2021-08-31 00:24:01,752 :: INFO :: Control node : reset
2021-08-31 00:24:01,759 :: INFO :: Reset Control Node
2021-08-31 00:24:04,653 :: INFO :: Stop experiment succeeded
