2021-08-30 23:22:35,988 :: INFO :: Start experiment: luna-275836
2021-08-30 23:22:35,992 :: INFO :: Control node : Starting of control node serial interface
2021-08-30 23:22:35,995 :: INFO :: Control node : reset
2021-08-30 23:22:35,997 :: INFO :: Reset Control Node
2021-08-30 23:22:38,964 :: INFO :: Control node : start power of open node
2021-08-30 23:22:39,021 :: INFO :: Node OpenOCD: Setup of openocd node
2021-08-30 23:22:42,069 :: INFO :: Node OpenOCD: flash of openocd node
2021-08-30 23:22:42,083 :: INFO :: Flash firmware on OpenOCD: /tmp/tmpvITXPU--a14ddd1a1d6cc1c4ffb46cbabc9d20fe_unicast-sender-count-10T-20B.iotlab-m3
2021-08-30 23:22:48,986 :: INFO :: Control node : Start experiment
2021-08-30 23:22:49,047 :: INFO :: Control Node set time delay: 1862 us
2021-08-30 23:22:49,074 :: INFO :: Control node : profile configuration
2021-08-30 23:22:49,078 :: INFO :: Configure profile on Control Node
2021-08-30 23:22:49,119 :: INFO :: Start experiment succeeded
2021-08-31 00:23:55,221 :: INFO :: Gateway Manager : Stop experiment
2021-08-31 00:23:55,231 :: INFO :: Stop experiment
2021-08-31 00:23:55,239 :: INFO :: Control node : stop of the experiment
2021-08-31 00:23:55,246 :: INFO :: Control node : profile configuration
2021-08-31 00:23:55,252 :: INFO :: Configure profile on Control Node
2021-08-31 00:23:55,323 :: INFO :: Control node : start power of open node
2021-08-31 00:23:55,365 :: INFO :: Node OpenOCD: teardown of openocd node
2021-08-31 00:23:58,431 :: INFO :: openocd node debugger stop
2021-08-31 00:23:59,115 :: INFO :: Node OpenOCD: flash of openocd node
2021-08-31 00:23:59,122 :: INFO :: Flash firmware on OpenOCD: /usr/lib/python2.7/site-packages/gateway_code/static/m3_idle.elf
2021-08-31 00:24:01,585 :: INFO :: Control node : Stop control node serial interface
2021-08-31 00:24:01,594 :: INFO :: Control node : stop power of open node
2021-08-31 00:24:01,663 :: INFO :: Control node : reset
2021-08-31 00:24:01,670 :: INFO :: Reset Control Node
2021-08-31 00:24:04,571 :: INFO :: Stop experiment succeeded
