2021-08-30 23:22:35,993 :: INFO :: Start experiment: luna-275836
2021-08-30 23:22:35,997 :: INFO :: Control node : Starting of control node serial interface
2021-08-30 23:22:36,000 :: INFO :: Control node : reset
2021-08-30 23:22:36,002 :: INFO :: Reset Control Node
2021-08-30 23:22:39,026 :: INFO :: Control node : start power of open node
2021-08-30 23:22:39,086 :: INFO :: Node OpenOCD: Setup of openocd node
2021-08-30 23:22:42,133 :: INFO :: Node OpenOCD: flash of openocd node
2021-08-30 23:22:42,149 :: INFO :: Flash firmware on OpenOCD: /tmp/tmpj1xwPy--a14ddd1a1d6cc1c4ffb46cbabc9d20fe_unicast-sender-count-10T-20B.iotlab-m3
2021-08-30 23:22:49,274 :: INFO :: Control node : Start experiment
2021-08-30 23:22:49,329 :: INFO :: Control Node set time delay: 1312 us
2021-08-30 23:22:49,348 :: INFO :: Control node : profile configuration
2021-08-30 23:22:49,352 :: INFO :: Configure profile on Control Node
2021-08-30 23:22:49,397 :: INFO :: Start experiment succeeded
2021-08-31 00:23:55,220 :: INFO :: Gateway Manager : Stop experiment
2021-08-31 00:23:55,228 :: INFO :: Stop experiment
2021-08-31 00:23:55,236 :: INFO :: Control node : stop of the experiment
2021-08-31 00:23:55,246 :: INFO :: Control node : profile configuration
2021-08-31 00:23:55,253 :: INFO :: Configure profile on Control Node
2021-08-31 00:23:55,320 :: INFO :: Control node : start power of open node
2021-08-31 00:23:55,361 :: INFO :: Node OpenOCD: teardown of openocd node
2021-08-31 00:23:58,424 :: INFO :: openocd node debugger stop
2021-08-31 00:23:59,117 :: INFO :: Node OpenOCD: flash of openocd node
2021-08-31 00:23:59,132 :: INFO :: Flash firmware on OpenOCD: /usr/lib/python2.7/site-packages/gateway_code/static/m3_idle.elf
2021-08-31 00:24:01,675 :: INFO :: Control node : Stop control node serial interface
2021-08-31 00:24:01,680 :: INFO :: Control node : stop power of open node
2021-08-31 00:24:01,731 :: INFO :: Control node : reset
2021-08-31 00:24:01,735 :: INFO :: Reset Control Node
2021-08-31 00:24:04,650 :: INFO :: Stop experiment succeeded
