2021-08-30 23:22:36,021 :: INFO :: Start experiment: luna-275836
2021-08-30 23:22:36,025 :: INFO :: Control node : Starting of control node serial interface
2021-08-30 23:22:36,028 :: INFO :: Control node : reset
2021-08-30 23:22:36,030 :: INFO :: Reset Control Node
2021-08-30 23:22:39,051 :: INFO :: Control node : start power of open node
2021-08-30 23:22:39,082 :: INFO :: Node OpenOCD: Setup of openocd node
2021-08-30 23:22:42,115 :: INFO :: Node OpenOCD: flash of openocd node
2021-08-30 23:22:42,131 :: INFO :: Flash firmware on OpenOCD: /tmp/tmpqpR0nh--a14ddd1a1d6cc1c4ffb46cbabc9d20fe_unicast-sender-count-10T-20B.iotlab-m3
2021-08-30 23:22:49,102 :: INFO :: Control node : Start experiment
2021-08-30 23:22:49,163 :: INFO :: Control Node set time delay: 1678 us
2021-08-30 23:22:49,192 :: INFO :: Control node : profile configuration
2021-08-30 23:22:49,195 :: INFO :: Configure profile on Control Node
2021-08-30 23:22:49,234 :: INFO :: Start experiment succeeded
2021-08-31 00:23:55,212 :: INFO :: Gateway Manager : Stop experiment
2021-08-31 00:23:55,221 :: INFO :: Stop experiment
2021-08-31 00:23:55,229 :: INFO :: Control node : stop of the experiment
2021-08-31 00:23:55,239 :: INFO :: Control node : profile configuration
2021-08-31 00:23:55,245 :: INFO :: Configure profile on Control Node
2021-08-31 00:23:55,312 :: INFO :: Control node : start power of open node
2021-08-31 00:23:55,353 :: INFO :: Node OpenOCD: teardown of openocd node
2021-08-31 00:23:58,423 :: INFO :: openocd node debugger stop
2021-08-31 00:23:59,105 :: INFO :: Node OpenOCD: flash of openocd node
2021-08-31 00:23:59,112 :: INFO :: Flash firmware on OpenOCD: /usr/lib/python2.7/site-packages/gateway_code/static/m3_idle.elf
2021-08-31 00:24:01,625 :: INFO :: Control node : Stop control node serial interface
2021-08-31 00:24:01,630 :: INFO :: Control node : stop power of open node
2021-08-31 00:24:01,680 :: INFO :: Control node : reset
2021-08-31 00:24:01,687 :: INFO :: Reset Control Node
2021-08-31 00:24:04,585 :: INFO :: Stop experiment succeeded
