2021-08-30 23:22:35,993 :: INFO :: Start experiment: luna-275836
2021-08-30 23:22:35,997 :: INFO :: Control node : Starting of control node serial interface
2021-08-30 23:22:36,000 :: INFO :: Control node : reset
2021-08-30 23:22:36,002 :: INFO :: Reset Control Node
2021-08-30 23:22:38,966 :: INFO :: Control node : start power of open node
2021-08-30 23:22:39,020 :: INFO :: Node OpenOCD: Setup of openocd node
2021-08-30 23:22:42,063 :: INFO :: Node OpenOCD: flash of openocd node
2021-08-30 23:22:42,078 :: INFO :: Flash firmware on OpenOCD: /tmp/tmpUupn1d--a14ddd1a1d6cc1c4ffb46cbabc9d20fe_unicast-sender-count-10T-20B.iotlab-m3
2021-08-30 23:22:49,065 :: INFO :: Control node : Start experiment
2021-08-30 23:22:49,117 :: INFO :: Control Node set time delay: 1679 us
2021-08-30 23:22:49,135 :: INFO :: Control node : profile configuration
2021-08-30 23:22:49,139 :: INFO :: Configure profile on Control Node
2021-08-30 23:22:49,183 :: INFO :: Start experiment succeeded
2021-08-31 00:23:55,246 :: INFO :: Gateway Manager : Stop experiment
2021-08-31 00:23:55,256 :: INFO :: Stop experiment
2021-08-31 00:23:55,264 :: INFO :: Control node : stop of the experiment
2021-08-31 00:23:55,275 :: INFO :: Control node : profile configuration
2021-08-31 00:23:55,282 :: INFO :: Configure profile on Control Node
2021-08-31 00:23:55,354 :: INFO :: Control node : start power of open node
2021-08-31 00:23:55,398 :: INFO :: Node OpenOCD: teardown of openocd node
2021-08-31 00:23:58,451 :: INFO :: openocd node debugger stop
2021-08-31 00:23:59,139 :: INFO :: Node OpenOCD: flash of openocd node
2021-08-31 00:23:59,146 :: INFO :: Flash firmware on OpenOCD: /usr/lib/python2.7/site-packages/gateway_code/static/m3_idle.elf
2021-08-31 00:24:01,656 :: INFO :: Control node : Stop control node serial interface
2021-08-31 00:24:01,661 :: INFO :: Control node : stop power of open node
2021-08-31 00:24:01,698 :: INFO :: Control node : reset
2021-08-31 00:24:01,702 :: INFO :: Reset Control Node
2021-08-31 00:24:04,629 :: INFO :: Stop experiment succeeded
