2021-09-01 01:59:41,057 :: INFO :: Start experiment: luna-275860
2021-09-01 01:59:41,061 :: INFO :: Control node : Starting of control node serial interface
2021-09-01 01:59:41,064 :: INFO :: Control node : reset
2021-09-01 01:59:41,067 :: INFO :: Reset Control Node
2021-09-01 01:59:44,024 :: INFO :: Control node : start power of open node
2021-09-01 01:59:44,081 :: INFO :: Node OpenOCD: Setup of openocd node
2021-09-01 01:59:47,130 :: INFO :: Node OpenOCD: flash of openocd node
2021-09-01 01:59:47,145 :: INFO :: Flash firmware on OpenOCD: /tmp/tmpZkDZ0K--3e6b491341ebfbb107b5d3aaa6c4431d_unicast-sender-count-10T-191B.iotlab-m3
2021-09-01 01:59:53,983 :: INFO :: Control node : Start experiment
2021-09-01 01:59:54,054 :: INFO :: Control Node set time delay: 1800 us
2021-09-01 01:59:54,079 :: INFO :: Control node : profile configuration
2021-09-01 01:59:54,086 :: INFO :: Configure profile on Control Node
2021-09-01 01:59:54,165 :: INFO :: Start experiment succeeded
2021-09-01 02:50:28,676 :: INFO :: Check 'control' node ftdi
2021-09-01 02:50:28,847 :: INFO :: 'control' node ftdi found
2021-09-01 02:50:28,856 :: INFO :: Check 'm3' node ftdi
2021-09-01 02:50:28,976 :: INFO :: 'm3' node ftdi found
2021-09-01 03:01:00,097 :: INFO :: Gateway Manager : Stop experiment
2021-09-01 03:01:00,107 :: INFO :: Stop experiment
2021-09-01 03:01:00,116 :: INFO :: Control node : stop of the experiment
2021-09-01 03:01:00,123 :: INFO :: Control node : profile configuration
2021-09-01 03:01:00,130 :: INFO :: Configure profile on Control Node
2021-09-01 03:01:00,203 :: INFO :: Control node : start power of open node
2021-09-01 03:01:00,246 :: INFO :: Node OpenOCD: teardown of openocd node
2021-09-01 03:01:03,288 :: INFO :: openocd node debugger stop
2021-09-01 03:01:03,972 :: INFO :: Node OpenOCD: flash of openocd node
2021-09-01 03:01:03,980 :: INFO :: Flash firmware on OpenOCD: /usr/lib/python2.7/site-packages/gateway_code/static/m3_idle.elf
2021-09-01 03:01:06,490 :: INFO :: Control node : Stop control node serial interface
2021-09-01 03:01:06,499 :: INFO :: Control node : stop power of open node
2021-09-01 03:01:06,572 :: INFO :: Control node : reset
2021-09-01 03:01:06,579 :: INFO :: Reset Control Node
2021-09-01 03:01:09,418 :: INFO :: Stop experiment succeeded
