2021-09-01 01:59:41,097 :: INFO :: Start experiment: luna-275860
2021-09-01 01:59:41,101 :: INFO :: Control node : Starting of control node serial interface
2021-09-01 01:59:41,104 :: INFO :: Control node : reset
2021-09-01 01:59:41,106 :: INFO :: Reset Control Node
2021-09-01 01:59:44,064 :: INFO :: Control node : start power of open node
2021-09-01 01:59:44,120 :: INFO :: Node OpenOCD: Setup of openocd node
2021-09-01 01:59:47,163 :: INFO :: Node OpenOCD: flash of openocd node
2021-09-01 01:59:47,178 :: INFO :: Flash firmware on OpenOCD: /tmp/tmpOJmYOo--3e6b491341ebfbb107b5d3aaa6c4431d_unicast-sender-count-10T-191B.iotlab-m3
2021-09-01 01:59:54,147 :: INFO :: Control node : Start experiment
2021-09-01 01:59:54,202 :: INFO :: Control Node set time delay: 1404 us
2021-09-01 01:59:54,219 :: INFO :: Control node : profile configuration
2021-09-01 01:59:54,223 :: INFO :: Configure profile on Control Node
2021-09-01 01:59:54,268 :: INFO :: Start experiment succeeded
2021-09-01 02:49:42,574 :: INFO :: Check 'control' node ftdi
2021-09-01 02:49:42,737 :: INFO :: 'control' node ftdi found
2021-09-01 02:49:42,746 :: INFO :: Check 'm3' node ftdi
2021-09-01 02:49:42,866 :: INFO :: 'm3' node ftdi found
2021-09-01 03:01:00,089 :: INFO :: Gateway Manager : Stop experiment
2021-09-01 03:01:00,099 :: INFO :: Stop experiment
2021-09-01 03:01:00,108 :: INFO :: Control node : stop of the experiment
2021-09-01 03:01:00,116 :: INFO :: Control node : profile configuration
2021-09-01 03:01:00,123 :: INFO :: Configure profile on Control Node
2021-09-01 03:01:00,201 :: INFO :: Control node : start power of open node
2021-09-01 03:01:00,245 :: INFO :: Node OpenOCD: teardown of openocd node
2021-09-01 03:01:03,301 :: INFO :: openocd node debugger stop
2021-09-01 03:01:03,984 :: INFO :: Node OpenOCD: flash of openocd node
2021-09-01 03:01:03,999 :: INFO :: Flash firmware on OpenOCD: /usr/lib/python2.7/site-packages/gateway_code/static/m3_idle.elf
2021-09-01 03:01:06,622 :: INFO :: Control node : Stop control node serial interface
2021-09-01 03:01:06,627 :: INFO :: Control node : stop power of open node
2021-09-01 03:01:06,678 :: INFO :: Control node : reset
2021-09-01 03:01:06,684 :: INFO :: Reset Control Node
2021-09-01 03:01:09,573 :: INFO :: Stop experiment succeeded
