2021-09-01 01:59:41,036 :: INFO :: Start experiment: luna-275860
2021-09-01 01:59:41,040 :: INFO :: Control node : Starting of control node serial interface
2021-09-01 01:59:41,042 :: INFO :: Control node : reset
2021-09-01 01:59:41,045 :: INFO :: Reset Control Node
2021-09-01 01:59:44,003 :: INFO :: Control node : start power of open node
2021-09-01 01:59:44,060 :: INFO :: Node OpenOCD: Setup of openocd node
2021-09-01 01:59:47,102 :: INFO :: Node OpenOCD: flash of openocd node
2021-09-01 01:59:47,117 :: INFO :: Flash firmware on OpenOCD: /tmp/tmpeQDU6A--3e6b491341ebfbb107b5d3aaa6c4431d_unicast-sender-count-10T-191B.iotlab-m3
2021-09-01 01:59:54,017 :: INFO :: Control node : Start experiment
2021-09-01 01:59:54,094 :: INFO :: Control Node set time delay: 1160 us
2021-09-01 01:59:54,117 :: INFO :: Control node : profile configuration
2021-09-01 01:59:54,124 :: INFO :: Configure profile on Control Node
2021-09-01 01:59:54,204 :: INFO :: Start experiment succeeded
2021-09-01 02:52:50,259 :: INFO :: Check 'control' node ftdi
2021-09-01 02:52:50,427 :: INFO :: 'control' node ftdi found
2021-09-01 02:52:50,438 :: INFO :: Check 'm3' node ftdi
2021-09-01 02:52:50,560 :: INFO :: 'm3' node ftdi found
2021-09-01 03:01:00,079 :: INFO :: Gateway Manager : Stop experiment
2021-09-01 03:01:00,089 :: INFO :: Stop experiment
2021-09-01 03:01:00,098 :: INFO :: Control node : stop of the experiment
2021-09-01 03:01:00,106 :: INFO :: Control node : profile configuration
2021-09-01 03:01:00,116 :: INFO :: Configure profile on Control Node
2021-09-01 03:01:00,189 :: INFO :: Control node : start power of open node
2021-09-01 03:01:00,234 :: INFO :: Node OpenOCD: teardown of openocd node
2021-09-01 03:01:03,277 :: INFO :: openocd node debugger stop
2021-09-01 03:01:03,969 :: INFO :: Node OpenOCD: flash of openocd node
2021-09-01 03:01:03,983 :: INFO :: Flash firmware on OpenOCD: /usr/lib/python2.7/site-packages/gateway_code/static/m3_idle.elf
2021-09-01 03:01:06,545 :: INFO :: Control node : Stop control node serial interface
2021-09-01 03:01:06,550 :: INFO :: Control node : stop power of open node
2021-09-01 03:01:06,596 :: INFO :: Control node : reset
2021-09-01 03:01:06,600 :: INFO :: Reset Control Node
2021-09-01 03:01:09,518 :: INFO :: Stop experiment succeeded
