2021-09-01 01:59:41,095 :: INFO :: Start experiment: luna-275860
2021-09-01 01:59:41,098 :: INFO :: Control node : Starting of control node serial interface
2021-09-01 01:59:41,101 :: INFO :: Control node : reset
2021-09-01 01:59:41,104 :: INFO :: Reset Control Node
2021-09-01 01:59:44,055 :: INFO :: Control node : start power of open node
2021-09-01 01:59:44,110 :: INFO :: Node OpenOCD: Setup of openocd node
2021-09-01 01:59:47,161 :: INFO :: Node OpenOCD: flash of openocd node
2021-09-01 01:59:47,176 :: INFO :: Flash firmware on OpenOCD: /tmp/tmp0C9taX--3e6b491341ebfbb107b5d3aaa6c4431d_unicast-sender-count-10T-191B.iotlab-m3
2021-09-01 01:59:54,074 :: INFO :: Control node : Start experiment
2021-09-01 01:59:54,129 :: INFO :: Control Node set time delay: 1892 us
2021-09-01 01:59:54,152 :: INFO :: Control node : profile configuration
2021-09-01 01:59:54,159 :: INFO :: Configure profile on Control Node
2021-09-01 01:59:54,239 :: INFO :: Start experiment succeeded
2021-09-01 02:53:29,931 :: INFO :: Check 'control' node ftdi
2021-09-01 02:53:30,086 :: INFO :: 'control' node ftdi found
2021-09-01 02:53:30,095 :: INFO :: Check 'm3' node ftdi
2021-09-01 02:53:30,215 :: INFO :: 'm3' node ftdi found
2021-09-01 03:01:00,086 :: INFO :: Gateway Manager : Stop experiment
2021-09-01 03:01:00,096 :: INFO :: Stop experiment
2021-09-01 03:01:00,105 :: INFO :: Control node : stop of the experiment
2021-09-01 03:01:00,113 :: INFO :: Control node : profile configuration
2021-09-01 03:01:00,120 :: INFO :: Configure profile on Control Node
2021-09-01 03:01:00,194 :: INFO :: Control node : start power of open node
2021-09-01 03:01:00,238 :: INFO :: Node OpenOCD: teardown of openocd node
2021-09-01 03:01:03,288 :: INFO :: openocd node debugger stop
2021-09-01 03:01:03,948 :: INFO :: Node OpenOCD: flash of openocd node
2021-09-01 03:01:03,955 :: INFO :: Flash firmware on OpenOCD: /usr/lib/python2.7/site-packages/gateway_code/static/m3_idle.elf
2021-09-01 03:01:06,522 :: INFO :: Control node : Stop control node serial interface
2021-09-01 03:01:06,531 :: INFO :: Control node : stop power of open node
2021-09-01 03:01:06,608 :: INFO :: Control node : reset
2021-09-01 03:01:06,614 :: INFO :: Reset Control Node
2021-09-01 03:01:09,508 :: INFO :: Stop experiment succeeded
