2021-09-01 01:59:41,041 :: INFO :: Start experiment: luna-275860
2021-09-01 01:59:41,044 :: INFO :: Control node : Starting of control node serial interface
2021-09-01 01:59:41,047 :: INFO :: Control node : reset
2021-09-01 01:59:41,050 :: INFO :: Reset Control Node
2021-09-01 01:59:44,003 :: INFO :: Control node : start power of open node
2021-09-01 01:59:44,058 :: INFO :: Node OpenOCD: Setup of openocd node
2021-09-01 01:59:47,105 :: INFO :: Node OpenOCD: flash of openocd node
2021-09-01 01:59:47,120 :: INFO :: Flash firmware on OpenOCD: /tmp/tmpDdsywD--3e6b491341ebfbb107b5d3aaa6c4431d_unicast-sender-count-10T-191B.iotlab-m3
2021-09-01 01:59:54,063 :: INFO :: Control node : Start experiment
2021-09-01 01:59:54,111 :: INFO :: Control Node set time delay: 1587 us
2021-09-01 01:59:54,140 :: INFO :: Control node : profile configuration
2021-09-01 01:59:54,143 :: INFO :: Configure profile on Control Node
2021-09-01 01:59:54,185 :: INFO :: Start experiment succeeded
2021-09-01 02:52:14,981 :: INFO :: Check 'control' node ftdi
2021-09-01 02:52:15,149 :: INFO :: 'control' node ftdi found
2021-09-01 02:52:15,161 :: INFO :: Check 'm3' node ftdi
2021-09-01 02:52:15,289 :: INFO :: 'm3' node ftdi found
2021-09-01 03:01:00,100 :: INFO :: Gateway Manager : Stop experiment
2021-09-01 03:01:00,109 :: INFO :: Stop experiment
2021-09-01 03:01:00,118 :: INFO :: Control node : stop of the experiment
2021-09-01 03:01:00,126 :: INFO :: Control node : profile configuration
2021-09-01 03:01:00,136 :: INFO :: Configure profile on Control Node
2021-09-01 03:01:00,210 :: INFO :: Control node : start power of open node
2021-09-01 03:01:00,251 :: INFO :: Node OpenOCD: teardown of openocd node
2021-09-01 03:01:03,291 :: INFO :: openocd node debugger stop
2021-09-01 03:01:03,976 :: INFO :: Node OpenOCD: flash of openocd node
2021-09-01 03:01:03,983 :: INFO :: Flash firmware on OpenOCD: /usr/lib/python2.7/site-packages/gateway_code/static/m3_idle.elf
2021-09-01 03:01:06,436 :: INFO :: Control node : Stop control node serial interface
2021-09-01 03:01:06,440 :: INFO :: Control node : stop power of open node
2021-09-01 03:01:06,492 :: INFO :: Control node : reset
2021-09-01 03:01:06,496 :: INFO :: Reset Control Node
2021-09-01 03:01:09,418 :: INFO :: Stop experiment succeeded
