2021-09-01 03:01:27,328 :: INFO :: Start experiment: luna-275861
2021-09-01 03:01:27,331 :: INFO :: Control node : Starting of control node serial interface
2021-09-01 03:01:27,334 :: INFO :: Control node : reset
2021-09-01 03:01:27,337 :: INFO :: Reset Control Node
2021-09-01 03:01:30,290 :: INFO :: Control node : start power of open node
2021-09-01 03:01:30,347 :: INFO :: Node OpenOCD: Setup of openocd node
2021-09-01 03:01:33,392 :: INFO :: Node OpenOCD: flash of openocd node
2021-09-01 03:01:33,407 :: INFO :: Flash firmware on OpenOCD: /tmp/tmpAUTI8F--07af995c71c4c03e0b354753e4bf4313_unicast-sender-count-30T-191B.iotlab-m3
2021-09-01 03:01:40,299 :: INFO :: Control node : Start experiment
2021-09-01 03:01:40,361 :: INFO :: Control Node set time delay: 1038 us
2021-09-01 03:01:40,396 :: INFO :: Control node : profile configuration
2021-09-01 03:01:40,402 :: INFO :: Configure profile on Control Node
2021-09-01 03:01:40,481 :: INFO :: Start experiment succeeded
2021-09-01 04:02:46,280 :: INFO :: Gateway Manager : Stop experiment
2021-09-01 04:02:46,289 :: INFO :: Stop experiment
2021-09-01 04:02:46,298 :: INFO :: Control node : stop of the experiment
2021-09-01 04:02:46,308 :: INFO :: Control node : profile configuration
2021-09-01 04:02:46,316 :: INFO :: Configure profile on Control Node
2021-09-01 04:02:46,388 :: INFO :: Control node : start power of open node
2021-09-01 04:02:46,432 :: INFO :: Node OpenOCD: teardown of openocd node
2021-09-01 04:02:49,490 :: INFO :: openocd node debugger stop
2021-09-01 04:02:50,176 :: INFO :: Node OpenOCD: flash of openocd node
2021-09-01 04:02:50,190 :: INFO :: Flash firmware on OpenOCD: /usr/lib/python2.7/site-packages/gateway_code/static/m3_idle.elf
2021-09-01 04:02:52,759 :: INFO :: Control node : Stop control node serial interface
2021-09-01 04:02:52,768 :: INFO :: Control node : stop power of open node
2021-09-01 04:02:52,834 :: INFO :: Control node : reset
2021-09-01 04:02:52,841 :: INFO :: Reset Control Node
2021-09-01 04:02:55,728 :: INFO :: Stop experiment succeeded
