2021-09-01 03:01:27,318 :: INFO :: Start experiment: luna-275861
2021-09-01 03:01:27,321 :: INFO :: Control node : Starting of control node serial interface
2021-09-01 03:01:27,324 :: INFO :: Control node : reset
2021-09-01 03:01:27,327 :: INFO :: Reset Control Node
2021-09-01 03:01:30,278 :: INFO :: Control node : start power of open node
2021-09-01 03:01:30,334 :: INFO :: Node OpenOCD: Setup of openocd node
2021-09-01 03:01:33,377 :: INFO :: Node OpenOCD: flash of openocd node
2021-09-01 03:01:33,393 :: INFO :: Flash firmware on OpenOCD: /tmp/tmpHqlDHZ--07af995c71c4c03e0b354753e4bf4313_unicast-sender-count-30T-191B.iotlab-m3
2021-09-01 03:01:40,341 :: INFO :: Control node : Start experiment
2021-09-01 03:01:40,410 :: INFO :: Control Node set time delay: 1404 us
2021-09-01 03:01:40,442 :: INFO :: Control node : profile configuration
2021-09-01 03:01:40,448 :: INFO :: Configure profile on Control Node
2021-09-01 03:01:40,526 :: INFO :: Start experiment succeeded
2021-09-01 04:02:46,310 :: INFO :: Gateway Manager : Stop experiment
2021-09-01 04:02:46,319 :: INFO :: Stop experiment
2021-09-01 04:02:46,328 :: INFO :: Control node : stop of the experiment
2021-09-01 04:02:46,336 :: INFO :: Control node : profile configuration
2021-09-01 04:02:46,343 :: INFO :: Configure profile on Control Node
2021-09-01 04:02:46,424 :: INFO :: Control node : start power of open node
2021-09-01 04:02:46,469 :: INFO :: Node OpenOCD: teardown of openocd node
2021-09-01 04:02:49,507 :: INFO :: openocd node debugger stop
2021-09-01 04:02:50,193 :: INFO :: Node OpenOCD: flash of openocd node
2021-09-01 04:02:50,200 :: INFO :: Flash firmware on OpenOCD: /usr/lib/python2.7/site-packages/gateway_code/static/m3_idle.elf
2021-09-01 04:02:52,710 :: INFO :: Control node : Stop control node serial interface
2021-09-01 04:02:52,719 :: INFO :: Control node : stop power of open node
2021-09-01 04:02:52,785 :: INFO :: Control node : reset
2021-09-01 04:02:52,791 :: INFO :: Reset Control Node
2021-09-01 04:02:55,680 :: INFO :: Stop experiment succeeded
