2021-09-01 03:01:27,328 :: INFO :: Start experiment: luna-275861
2021-09-01 03:01:27,332 :: INFO :: Control node : Starting of control node serial interface
2021-09-01 03:01:27,334 :: INFO :: Control node : reset
2021-09-01 03:01:27,337 :: INFO :: Reset Control Node
2021-09-01 03:01:30,230 :: INFO :: Control node : start power of open node
2021-09-01 03:01:30,258 :: INFO :: Node OpenOCD: Setup of openocd node
2021-09-01 03:01:33,299 :: INFO :: Node OpenOCD: flash of openocd node
2021-09-01 03:01:33,317 :: INFO :: Flash firmware on OpenOCD: /tmp/tmpkehFtM--07af995c71c4c03e0b354753e4bf4313_unicast-sender-count-30T-191B.iotlab-m3
2021-09-01 03:01:40,215 :: INFO :: Control node : Start experiment
2021-09-01 03:01:40,260 :: INFO :: Control Node set time delay: 1983 us
2021-09-01 03:01:40,293 :: INFO :: Control node : profile configuration
2021-09-01 03:01:40,299 :: INFO :: Configure profile on Control Node
2021-09-01 03:01:40,377 :: INFO :: Start experiment succeeded
2021-09-01 04:02:46,280 :: INFO :: Gateway Manager : Stop experiment
2021-09-01 04:02:46,289 :: INFO :: Stop experiment
2021-09-01 04:02:46,298 :: INFO :: Control node : stop of the experiment
2021-09-01 04:02:46,306 :: INFO :: Control node : profile configuration
2021-09-01 04:02:46,316 :: INFO :: Configure profile on Control Node
2021-09-01 04:02:46,387 :: INFO :: Control node : start power of open node
2021-09-01 04:02:46,432 :: INFO :: Node OpenOCD: teardown of openocd node
2021-09-01 04:02:49,484 :: INFO :: openocd node debugger stop
2021-09-01 04:02:50,167 :: INFO :: Node OpenOCD: flash of openocd node
2021-09-01 04:02:50,174 :: INFO :: Flash firmware on OpenOCD: /usr/lib/python2.7/site-packages/gateway_code/static/m3_idle.elf
2021-09-01 04:02:52,681 :: INFO :: Control node : Stop control node serial interface
2021-09-01 04:02:52,686 :: INFO :: Control node : stop power of open node
2021-09-01 04:02:52,734 :: INFO :: Control node : reset
2021-09-01 04:02:52,738 :: INFO :: Reset Control Node
2021-09-01 04:02:55,678 :: INFO :: Stop experiment succeeded
