2021-09-01 03:01:27,340 :: INFO :: Start experiment: luna-275861
2021-09-01 03:01:27,344 :: INFO :: Control node : Starting of control node serial interface
2021-09-01 03:01:27,347 :: INFO :: Control node : reset
2021-09-01 03:01:27,349 :: INFO :: Reset Control Node
2021-09-01 03:01:30,257 :: INFO :: Control node : start power of open node
2021-09-01 03:01:30,284 :: INFO :: Node OpenOCD: Setup of openocd node
2021-09-01 03:01:33,325 :: INFO :: Node OpenOCD: flash of openocd node
2021-09-01 03:01:33,343 :: INFO :: Flash firmware on OpenOCD: /tmp/tmpQDr_LO--07af995c71c4c03e0b354753e4bf4313_unicast-sender-count-30T-191B.iotlab-m3
2021-09-01 03:01:40,352 :: INFO :: Control node : Start experiment
2021-09-01 03:01:40,402 :: INFO :: Control Node set time delay: 1190 us
2021-09-01 03:01:40,435 :: INFO :: Control node : profile configuration
2021-09-01 03:01:40,438 :: INFO :: Configure profile on Control Node
2021-09-01 03:01:40,478 :: INFO :: Start experiment succeeded
2021-09-01 04:02:46,321 :: INFO :: Gateway Manager : Stop experiment
2021-09-01 04:02:46,341 :: INFO :: Stop experiment
2021-09-01 04:02:46,360 :: INFO :: Control node : stop of the experiment
2021-09-01 04:02:46,382 :: INFO :: Control node : profile configuration
2021-09-01 04:02:46,399 :: INFO :: Configure profile on Control Node
2021-09-01 04:02:46,580 :: INFO :: Control node : start power of open node
2021-09-01 04:02:46,600 :: INFO :: Node OpenOCD: teardown of openocd node
2021-09-01 04:02:49,634 :: INFO :: openocd node debugger stop
2021-09-01 04:02:50,321 :: INFO :: Node OpenOCD: flash of openocd node
2021-09-01 04:02:50,336 :: INFO :: Flash firmware on OpenOCD: /usr/lib/python2.7/site-packages/gateway_code/static/m3_idle.elf
2021-09-01 04:02:52,901 :: INFO :: Control node : Stop control node serial interface
2021-09-01 04:02:52,910 :: INFO :: Control node : stop power of open node
2021-09-01 04:02:52,981 :: INFO :: Control node : reset
2021-09-01 04:02:52,988 :: INFO :: Reset Control Node
2021-09-01 04:02:55,873 :: INFO :: Stop experiment succeeded
