2021-09-01 03:01:27,311 :: INFO :: Start experiment: luna-275861
2021-09-01 03:01:27,315 :: INFO :: Control node : Starting of control node serial interface
2021-09-01 03:01:27,318 :: INFO :: Control node : reset
2021-09-01 03:01:27,320 :: INFO :: Reset Control Node
2021-09-01 03:01:30,268 :: INFO :: Control node : start power of open node
2021-09-01 03:01:30,283 :: INFO :: Node OpenOCD: Setup of openocd node
2021-09-01 03:01:33,318 :: INFO :: Node OpenOCD: flash of openocd node
2021-09-01 03:01:33,331 :: INFO :: Flash firmware on OpenOCD: /tmp/tmpDCdx3c--07af995c71c4c03e0b354753e4bf4313_unicast-sender-count-30T-191B.iotlab-m3
2021-09-01 03:01:40,187 :: INFO :: Control node : Start experiment
2021-09-01 03:01:40,271 :: INFO :: Control Node set time delay: 1984 us
2021-09-01 03:01:40,305 :: INFO :: Control node : profile configuration
2021-09-01 03:01:40,311 :: INFO :: Configure profile on Control Node
2021-09-01 03:01:40,362 :: INFO :: Start experiment succeeded
2021-09-01 04:02:46,304 :: INFO :: Gateway Manager : Stop experiment
2021-09-01 04:02:46,312 :: INFO :: Stop experiment
2021-09-01 04:02:46,320 :: INFO :: Control node : stop of the experiment
2021-09-01 04:02:46,328 :: INFO :: Control node : profile configuration
2021-09-01 04:02:46,335 :: INFO :: Configure profile on Control Node
2021-09-01 04:02:46,406 :: INFO :: Control node : start power of open node
2021-09-01 04:02:46,449 :: INFO :: Node OpenOCD: teardown of openocd node
2021-09-01 04:02:49,506 :: INFO :: openocd node debugger stop
2021-09-01 04:02:50,189 :: INFO :: Node OpenOCD: flash of openocd node
2021-09-01 04:02:50,196 :: INFO :: Flash firmware on OpenOCD: /usr/lib/python2.7/site-packages/gateway_code/static/m3_idle.elf
2021-09-01 04:02:52,702 :: INFO :: Control node : Stop control node serial interface
2021-09-01 04:02:52,707 :: INFO :: Control node : stop power of open node
2021-09-01 04:02:52,758 :: INFO :: Control node : reset
2021-09-01 04:02:52,762 :: INFO :: Reset Control Node
2021-09-01 04:02:55,691 :: INFO :: Stop experiment succeeded
