2021-09-01 03:01:27,333 :: INFO :: Start experiment: luna-275861
2021-09-01 03:01:27,336 :: INFO :: Control node : Starting of control node serial interface
2021-09-01 03:01:27,339 :: INFO :: Control node : reset
2021-09-01 03:01:27,342 :: INFO :: Reset Control Node
2021-09-01 03:01:30,298 :: INFO :: Control node : start power of open node
2021-09-01 03:01:30,355 :: INFO :: Node OpenOCD: Setup of openocd node
2021-09-01 03:01:33,398 :: INFO :: Node OpenOCD: flash of openocd node
2021-09-01 03:01:33,413 :: INFO :: Flash firmware on OpenOCD: /tmp/tmp85Kxxo--07af995c71c4c03e0b354753e4bf4313_unicast-sender-count-30T-191B.iotlab-m3
2021-09-01 03:01:40,359 :: INFO :: Control node : Start experiment
2021-09-01 03:01:40,436 :: INFO :: Control Node set time delay: 1648 us
2021-09-01 03:01:40,470 :: INFO :: Control node : profile configuration
2021-09-01 03:01:40,477 :: INFO :: Configure profile on Control Node
2021-09-01 03:01:40,555 :: INFO :: Start experiment succeeded
2021-09-01 04:02:46,316 :: INFO :: Gateway Manager : Stop experiment
2021-09-01 04:02:46,337 :: INFO :: Stop experiment
2021-09-01 04:02:46,356 :: INFO :: Control node : stop of the experiment
2021-09-01 04:02:46,378 :: INFO :: Control node : profile configuration
2021-09-01 04:02:46,395 :: INFO :: Configure profile on Control Node
2021-09-01 04:02:46,576 :: INFO :: Control node : start power of open node
2021-09-01 04:02:46,596 :: INFO :: Node OpenOCD: teardown of openocd node
2021-09-01 04:02:49,641 :: INFO :: openocd node debugger stop
2021-09-01 04:02:50,328 :: INFO :: Node OpenOCD: flash of openocd node
2021-09-01 04:02:50,342 :: INFO :: Flash firmware on OpenOCD: /usr/lib/python2.7/site-packages/gateway_code/static/m3_idle.elf
2021-09-01 04:02:52,957 :: INFO :: Control node : Stop control node serial interface
2021-09-01 04:02:52,966 :: INFO :: Control node : stop power of open node
2021-09-01 04:02:53,045 :: INFO :: Control node : reset
2021-09-01 04:02:53,051 :: INFO :: Reset Control Node
2021-09-01 04:02:55,929 :: INFO :: Stop experiment succeeded
