2021-09-01 03:01:27,328 :: INFO :: Start experiment: luna-275861
2021-09-01 03:01:27,332 :: INFO :: Control node : Starting of control node serial interface
2021-09-01 03:01:27,334 :: INFO :: Control node : reset
2021-09-01 03:01:27,337 :: INFO :: Reset Control Node
2021-09-01 03:01:30,271 :: INFO :: Control node : start power of open node
2021-09-01 03:01:30,299 :: INFO :: Node OpenOCD: Setup of openocd node
2021-09-01 03:01:33,336 :: INFO :: Node OpenOCD: flash of openocd node
2021-09-01 03:01:33,353 :: INFO :: Flash firmware on OpenOCD: /tmp/tmp5orkha--07af995c71c4c03e0b354753e4bf4313_unicast-sender-count-30T-191B.iotlab-m3
2021-09-01 03:01:40,363 :: INFO :: Control node : Start experiment
2021-09-01 03:01:40,389 :: INFO :: Control Node set time delay: 1281 us
2021-09-01 03:01:40,407 :: INFO :: Control node : profile configuration
2021-09-01 03:01:40,411 :: INFO :: Configure profile on Control Node
2021-09-01 03:01:40,455 :: INFO :: Start experiment succeeded
2021-09-01 04:02:46,314 :: INFO :: Gateway Manager : Stop experiment
2021-09-01 04:02:46,324 :: INFO :: Stop experiment
2021-09-01 04:02:46,332 :: INFO :: Control node : stop of the experiment
2021-09-01 04:02:46,340 :: INFO :: Control node : profile configuration
2021-09-01 04:02:46,350 :: INFO :: Configure profile on Control Node
2021-09-01 04:02:46,424 :: INFO :: Control node : start power of open node
2021-09-01 04:02:46,470 :: INFO :: Node OpenOCD: teardown of openocd node
2021-09-01 04:02:49,532 :: INFO :: openocd node debugger stop
2021-09-01 04:02:50,216 :: INFO :: Node OpenOCD: flash of openocd node
2021-09-01 04:02:50,223 :: INFO :: Flash firmware on OpenOCD: /usr/lib/python2.7/site-packages/gateway_code/static/m3_idle.elf
2021-09-01 04:02:52,727 :: INFO :: Control node : Stop control node serial interface
2021-09-01 04:02:52,732 :: INFO :: Control node : stop power of open node
2021-09-01 04:02:52,773 :: INFO :: Control node : reset
2021-09-01 04:02:52,777 :: INFO :: Reset Control Node
2021-09-01 04:02:55,701 :: INFO :: Stop experiment succeeded
