2021-09-01 03:01:27,302 :: INFO :: Start experiment: luna-275861
2021-09-01 03:01:27,306 :: INFO :: Control node : Starting of control node serial interface
2021-09-01 03:01:27,309 :: INFO :: Control node : reset
2021-09-01 03:01:27,311 :: INFO :: Reset Control Node
2021-09-01 03:01:30,198 :: INFO :: Control node : start power of open node
2021-09-01 03:01:30,226 :: INFO :: Node OpenOCD: Setup of openocd node
2021-09-01 03:01:33,260 :: INFO :: Node OpenOCD: flash of openocd node
2021-09-01 03:01:33,278 :: INFO :: Flash firmware on OpenOCD: /tmp/tmpJ9H7He--ddd0625ff8382e7208c25657471d6a4a_unicast-receiver-count.iotlab-m3
2021-09-01 03:01:39,869 :: INFO :: Control node : Start experiment
2021-09-01 03:01:39,925 :: INFO :: Control Node set time delay: 1678 us
2021-09-01 03:01:39,957 :: INFO :: Control node : profile configuration
2021-09-01 03:01:39,963 :: INFO :: Configure profile on Control Node
2021-09-01 03:01:40,041 :: INFO :: Start experiment succeeded
2021-09-01 04:02:46,284 :: INFO :: Gateway Manager : Stop experiment
2021-09-01 04:02:46,293 :: INFO :: Stop experiment
2021-09-01 04:02:46,301 :: INFO :: Control node : stop of the experiment
2021-09-01 04:02:46,308 :: INFO :: Control node : profile configuration
2021-09-01 04:02:46,315 :: INFO :: Configure profile on Control Node
2021-09-01 04:02:46,385 :: INFO :: Control node : start power of open node
2021-09-01 04:02:46,426 :: INFO :: Node OpenOCD: teardown of openocd node
2021-09-01 04:02:49,498 :: INFO :: openocd node debugger stop
2021-09-01 04:02:50,187 :: INFO :: Node OpenOCD: flash of openocd node
2021-09-01 04:02:50,201 :: INFO :: Flash firmware on OpenOCD: /usr/lib/python2.7/site-packages/gateway_code/static/m3_idle.elf
2021-09-01 04:02:52,768 :: INFO :: Control node : Stop control node serial interface
2021-09-01 04:02:52,777 :: INFO :: Control node : stop power of open node
2021-09-01 04:02:52,854 :: INFO :: Control node : reset
2021-09-01 04:02:52,861 :: INFO :: Reset Control Node
2021-09-01 04:02:55,749 :: INFO :: Stop experiment succeeded
