2021-08-29 18:27:51,856 :: INFO :: Start experiment: luna-275698
2021-08-29 18:27:51,859 :: INFO :: Control node : Starting of control node serial interface
2021-08-29 18:27:51,862 :: INFO :: Control node : reset
2021-08-29 18:27:51,864 :: INFO :: Reset Control Node
2021-08-29 18:27:54,804 :: INFO :: Control node : start power of open node
2021-08-29 18:27:54,822 :: INFO :: Node OpenOCD: Setup of openocd node
2021-08-29 18:27:57,863 :: INFO :: Node OpenOCD: flash of openocd node
2021-08-29 18:27:57,881 :: INFO :: Flash firmware on OpenOCD: /tmp/tmpHLI8UE--cb924b41fcfd3e3c0bada58631722ec6_unicast-sender-count-30T-100B.iotlab-m3
2021-08-29 18:28:04,783 :: INFO :: Control node : Start experiment
2021-08-29 18:28:04,846 :: INFO :: Control Node set time delay: 1190 us
2021-08-29 18:28:04,870 :: INFO :: Control node : profile configuration
2021-08-29 18:28:04,876 :: INFO :: Configure profile on Control Node
2021-08-29 18:28:04,954 :: INFO :: Start experiment succeeded
2021-08-29 19:29:10,989 :: INFO :: Gateway Manager : Stop experiment
2021-08-29 19:29:10,998 :: INFO :: Stop experiment
2021-08-29 19:29:11,007 :: INFO :: Control node : stop of the experiment
2021-08-29 19:29:11,019 :: INFO :: Control node : profile configuration
2021-08-29 19:29:11,028 :: INFO :: Configure profile on Control Node
2021-08-29 19:29:11,123 :: INFO :: Control node : start power of open node
2021-08-29 19:29:11,166 :: INFO :: Node OpenOCD: teardown of openocd node
2021-08-29 19:29:14,201 :: INFO :: openocd node debugger stop
2021-08-29 19:29:14,895 :: INFO :: Node OpenOCD: flash of openocd node
2021-08-29 19:29:14,909 :: INFO :: Flash firmware on OpenOCD: /usr/lib/python2.7/site-packages/gateway_code/static/m3_idle.elf
2021-08-29 19:29:17,449 :: INFO :: Control node : Stop control node serial interface
2021-08-29 19:29:17,458 :: INFO :: Control node : stop power of open node
2021-08-29 19:29:17,527 :: INFO :: Control node : reset
2021-08-29 19:29:17,533 :: INFO :: Reset Control Node
2021-08-29 19:29:20,418 :: INFO :: Stop experiment succeeded
