2021-08-29 18:27:51,843 :: INFO :: Start experiment: luna-275698
2021-08-29 18:27:51,847 :: INFO :: Control node : Starting of control node serial interface
2021-08-29 18:27:51,849 :: INFO :: Control node : reset
2021-08-29 18:27:51,852 :: INFO :: Reset Control Node
2021-08-29 18:27:54,762 :: INFO :: Control node : start power of open node
2021-08-29 18:27:54,790 :: INFO :: Node OpenOCD: Setup of openocd node
2021-08-29 18:27:57,826 :: INFO :: Node OpenOCD: flash of openocd node
2021-08-29 18:27:57,844 :: INFO :: Flash firmware on OpenOCD: /tmp/tmpNl6IRA--cb924b41fcfd3e3c0bada58631722ec6_unicast-sender-count-30T-100B.iotlab-m3
2021-08-29 18:28:04,851 :: INFO :: Control node : Start experiment
2021-08-29 18:28:04,901 :: INFO :: Control Node set time delay: 1862 us
2021-08-29 18:28:04,932 :: INFO :: Control node : profile configuration
2021-08-29 18:28:04,938 :: INFO :: Configure profile on Control Node
2021-08-29 18:28:04,979 :: INFO :: Start experiment succeeded
2021-08-29 19:29:10,951 :: INFO :: Gateway Manager : Stop experiment
2021-08-29 19:29:10,960 :: INFO :: Stop experiment
2021-08-29 19:29:10,969 :: INFO :: Control node : stop of the experiment
2021-08-29 19:29:10,976 :: INFO :: Control node : profile configuration
2021-08-29 19:29:10,983 :: INFO :: Configure profile on Control Node
2021-08-29 19:29:11,056 :: INFO :: Control node : start power of open node
2021-08-29 19:29:11,100 :: INFO :: Node OpenOCD: teardown of openocd node
2021-08-29 19:29:14,155 :: INFO :: openocd node debugger stop
2021-08-29 19:29:14,839 :: INFO :: Node OpenOCD: flash of openocd node
2021-08-29 19:29:14,846 :: INFO :: Flash firmware on OpenOCD: /usr/lib/python2.7/site-packages/gateway_code/static/m3_idle.elf
2021-08-29 19:29:17,405 :: INFO :: Control node : Stop control node serial interface
2021-08-29 19:29:17,410 :: INFO :: Control node : stop power of open node
2021-08-29 19:29:17,464 :: INFO :: Control node : reset
2021-08-29 19:29:17,471 :: INFO :: Reset Control Node
2021-08-29 19:29:20,359 :: INFO :: Stop experiment succeeded
