2021-08-29 18:27:51,850 :: INFO :: Start experiment: luna-275698
2021-08-29 18:27:51,854 :: INFO :: Control node : Starting of control node serial interface
2021-08-29 18:27:51,857 :: INFO :: Control node : reset
2021-08-29 18:27:51,859 :: INFO :: Reset Control Node
2021-08-29 18:27:54,812 :: INFO :: Control node : start power of open node
2021-08-29 18:27:54,869 :: INFO :: Node OpenOCD: Setup of openocd node
2021-08-29 18:27:57,922 :: INFO :: Node OpenOCD: flash of openocd node
2021-08-29 18:27:57,937 :: INFO :: Flash firmware on OpenOCD: /tmp/tmp9_c_Gt--cb924b41fcfd3e3c0bada58631722ec6_unicast-sender-count-30T-100B.iotlab-m3
2021-08-29 18:28:04,876 :: INFO :: Control node : Start experiment
2021-08-29 18:28:04,926 :: INFO :: Control Node set time delay: 1922 us
2021-08-29 18:28:04,959 :: INFO :: Control node : profile configuration
2021-08-29 18:28:04,962 :: INFO :: Configure profile on Control Node
2021-08-29 18:28:05,003 :: INFO :: Start experiment succeeded
2021-08-29 19:29:10,955 :: INFO :: Gateway Manager : Stop experiment
2021-08-29 19:29:10,964 :: INFO :: Stop experiment
2021-08-29 19:29:10,972 :: INFO :: Control node : stop of the experiment
2021-08-29 19:29:10,980 :: INFO :: Control node : profile configuration
2021-08-29 19:29:10,987 :: INFO :: Configure profile on Control Node
2021-08-29 19:29:11,061 :: INFO :: Control node : start power of open node
2021-08-29 19:29:11,105 :: INFO :: Node OpenOCD: teardown of openocd node
2021-08-29 19:29:14,163 :: INFO :: openocd node debugger stop
2021-08-29 19:29:14,850 :: INFO :: Node OpenOCD: flash of openocd node
2021-08-29 19:29:14,865 :: INFO :: Flash firmware on OpenOCD: /usr/lib/python2.7/site-packages/gateway_code/static/m3_idle.elf
2021-08-29 19:29:17,433 :: INFO :: Control node : Stop control node serial interface
2021-08-29 19:29:17,442 :: INFO :: Control node : stop power of open node
2021-08-29 19:29:17,520 :: INFO :: Control node : reset
2021-08-29 19:29:17,527 :: INFO :: Reset Control Node
2021-08-29 19:29:20,415 :: INFO :: Stop experiment succeeded
