2021-08-29 18:27:51,880 :: INFO :: Start experiment: luna-275698
2021-08-29 18:27:51,884 :: INFO :: Control node : Starting of control node serial interface
2021-08-29 18:27:51,887 :: INFO :: Control node : reset
2021-08-29 18:27:51,889 :: INFO :: Reset Control Node
2021-08-29 18:27:54,849 :: INFO :: Control node : start power of open node
2021-08-29 18:27:54,905 :: INFO :: Node OpenOCD: Setup of openocd node
2021-08-29 18:27:57,956 :: INFO :: Node OpenOCD: flash of openocd node
2021-08-29 18:27:57,971 :: INFO :: Flash firmware on OpenOCD: /tmp/tmpDiUOwy--cb924b41fcfd3e3c0bada58631722ec6_unicast-sender-count-30T-100B.iotlab-m3
2021-08-29 18:28:04,996 :: INFO :: Control node : Start experiment
2021-08-29 18:28:05,049 :: INFO :: Control Node set time delay: 1678 us
2021-08-29 18:28:05,068 :: INFO :: Control node : profile configuration
2021-08-29 18:28:05,071 :: INFO :: Configure profile on Control Node
2021-08-29 18:28:05,112 :: INFO :: Start experiment succeeded
2021-08-29 19:29:10,960 :: INFO :: Gateway Manager : Stop experiment
2021-08-29 19:29:10,970 :: INFO :: Stop experiment
2021-08-29 19:29:10,980 :: INFO :: Control node : stop of the experiment
2021-08-29 19:29:10,987 :: INFO :: Control node : profile configuration
2021-08-29 19:29:10,994 :: INFO :: Configure profile on Control Node
2021-08-29 19:29:11,067 :: INFO :: Control node : start power of open node
2021-08-29 19:29:11,110 :: INFO :: Node OpenOCD: teardown of openocd node
2021-08-29 19:29:14,177 :: INFO :: openocd node debugger stop
2021-08-29 19:29:14,869 :: INFO :: Node OpenOCD: flash of openocd node
2021-08-29 19:29:14,884 :: INFO :: Flash firmware on OpenOCD: /usr/lib/python2.7/site-packages/gateway_code/static/m3_idle.elf
2021-08-29 19:29:17,370 :: INFO :: Control node : Stop control node serial interface
2021-08-29 19:29:17,375 :: INFO :: Control node : stop power of open node
2021-08-29 19:29:17,425 :: INFO :: Control node : reset
2021-08-29 19:29:17,430 :: INFO :: Reset Control Node
2021-08-29 19:29:20,354 :: INFO :: Stop experiment succeeded
