2021-08-29 18:27:51,817 :: INFO :: Start experiment: luna-275698
2021-08-29 18:27:51,820 :: INFO :: Control node : Starting of control node serial interface
2021-08-29 18:27:51,823 :: INFO :: Control node : reset
2021-08-29 18:27:51,826 :: INFO :: Reset Control Node
2021-08-29 18:27:54,779 :: INFO :: Control node : start power of open node
2021-08-29 18:27:54,821 :: INFO :: Node OpenOCD: Setup of openocd node
2021-08-29 18:27:57,854 :: INFO :: Node OpenOCD: flash of openocd node
2021-08-29 18:27:57,872 :: INFO :: Flash firmware on OpenOCD: /tmp/tmpI8Tvs0--cb924b41fcfd3e3c0bada58631722ec6_unicast-sender-count-30T-100B.iotlab-m3
2021-08-29 18:28:04,775 :: INFO :: Control node : Start experiment
2021-08-29 18:28:04,825 :: INFO :: Control Node set time delay: 1373 us
2021-08-29 18:28:04,851 :: INFO :: Control node : profile configuration
2021-08-29 18:28:04,858 :: INFO :: Configure profile on Control Node
2021-08-29 18:28:04,936 :: INFO :: Start experiment succeeded
2021-08-29 19:29:10,946 :: INFO :: Gateway Manager : Stop experiment
2021-08-29 19:29:10,955 :: INFO :: Stop experiment
2021-08-29 19:29:10,963 :: INFO :: Control node : stop of the experiment
2021-08-29 19:29:10,971 :: INFO :: Control node : profile configuration
2021-08-29 19:29:10,978 :: INFO :: Configure profile on Control Node
2021-08-29 19:29:11,048 :: INFO :: Control node : start power of open node
2021-08-29 19:29:11,089 :: INFO :: Node OpenOCD: teardown of openocd node
2021-08-29 19:29:14,159 :: INFO :: openocd node debugger stop
2021-08-29 19:29:14,845 :: INFO :: Node OpenOCD: flash of openocd node
2021-08-29 19:29:14,860 :: INFO :: Flash firmware on OpenOCD: /usr/lib/python2.7/site-packages/gateway_code/static/m3_idle.elf
2021-08-29 19:29:17,430 :: INFO :: Control node : Stop control node serial interface
2021-08-29 19:29:17,435 :: INFO :: Control node : stop power of open node
2021-08-29 19:29:17,488 :: INFO :: Control node : reset
2021-08-29 19:29:17,491 :: INFO :: Reset Control Node
2021-08-29 19:29:20,306 :: INFO :: Stop experiment succeeded
