2021-08-29 18:27:51,851 :: INFO :: Start experiment: luna-275698
2021-08-29 18:27:51,854 :: INFO :: Control node : Starting of control node serial interface
2021-08-29 18:27:51,857 :: INFO :: Control node : reset
2021-08-29 18:27:51,860 :: INFO :: Reset Control Node
2021-08-29 18:27:54,811 :: INFO :: Control node : start power of open node
2021-08-29 18:27:54,867 :: INFO :: Node OpenOCD: Setup of openocd node
2021-08-29 18:27:57,908 :: INFO :: Node OpenOCD: flash of openocd node
2021-08-29 18:27:57,922 :: INFO :: Flash firmware on OpenOCD: /tmp/tmpp2Wwr6--cb924b41fcfd3e3c0bada58631722ec6_unicast-sender-count-30T-100B.iotlab-m3
2021-08-29 18:28:04,875 :: INFO :: Control node : Start experiment
2021-08-29 18:28:04,948 :: INFO :: Control Node set time delay: 1648 us
2021-08-29 18:28:04,981 :: INFO :: Control node : profile configuration
2021-08-29 18:28:04,987 :: INFO :: Configure profile on Control Node
2021-08-29 18:28:05,065 :: INFO :: Start experiment succeeded
2021-08-29 19:29:10,961 :: INFO :: Gateway Manager : Stop experiment
2021-08-29 19:29:10,970 :: INFO :: Stop experiment
2021-08-29 19:29:10,978 :: INFO :: Control node : stop of the experiment
2021-08-29 19:29:10,986 :: INFO :: Control node : profile configuration
2021-08-29 19:29:10,993 :: INFO :: Configure profile on Control Node
2021-08-29 19:29:11,065 :: INFO :: Control node : start power of open node
2021-08-29 19:29:11,108 :: INFO :: Node OpenOCD: teardown of openocd node
2021-08-29 19:29:14,163 :: INFO :: openocd node debugger stop
2021-08-29 19:29:14,845 :: INFO :: Node OpenOCD: flash of openocd node
2021-08-29 19:29:14,859 :: INFO :: Flash firmware on OpenOCD: /usr/lib/python2.7/site-packages/gateway_code/static/m3_idle.elf
2021-08-29 19:29:17,423 :: INFO :: Control node : Stop control node serial interface
2021-08-29 19:29:17,428 :: INFO :: Control node : stop power of open node
2021-08-29 19:29:17,476 :: INFO :: Control node : reset
2021-08-29 19:29:17,480 :: INFO :: Reset Control Node
2021-08-29 19:29:20,401 :: INFO :: Stop experiment succeeded
