2021-08-29 18:27:51,893 :: INFO :: Start experiment: luna-275698
2021-08-29 18:27:51,897 :: INFO :: Control node : Starting of control node serial interface
2021-08-29 18:27:51,899 :: INFO :: Control node : reset
2021-08-29 18:27:51,902 :: INFO :: Reset Control Node
2021-08-29 18:27:54,858 :: INFO :: Control node : start power of open node
2021-08-29 18:27:54,912 :: INFO :: Node OpenOCD: Setup of openocd node
2021-08-29 18:27:57,962 :: INFO :: Node OpenOCD: flash of openocd node
2021-08-29 18:27:57,977 :: INFO :: Flash firmware on OpenOCD: /tmp/tmp2pisgf--cb924b41fcfd3e3c0bada58631722ec6_unicast-sender-count-30T-100B.iotlab-m3
2021-08-29 18:28:04,997 :: INFO :: Control node : Start experiment
2021-08-29 18:28:05,056 :: INFO :: Control Node set time delay: 1099 us
2021-08-29 18:28:05,078 :: INFO :: Control node : profile configuration
2021-08-29 18:28:05,081 :: INFO :: Configure profile on Control Node
2021-08-29 18:28:05,122 :: INFO :: Start experiment succeeded
2021-08-29 19:29:11,009 :: INFO :: Gateway Manager : Stop experiment
2021-08-29 19:29:11,020 :: INFO :: Stop experiment
2021-08-29 19:29:11,028 :: INFO :: Control node : stop of the experiment
2021-08-29 19:29:11,036 :: INFO :: Control node : profile configuration
2021-08-29 19:29:11,043 :: INFO :: Configure profile on Control Node
2021-08-29 19:29:11,117 :: INFO :: Control node : start power of open node
2021-08-29 19:29:11,161 :: INFO :: Node OpenOCD: teardown of openocd node
2021-08-29 19:29:14,196 :: INFO :: openocd node debugger stop
2021-08-29 19:29:14,871 :: INFO :: Node OpenOCD: flash of openocd node
2021-08-29 19:29:14,886 :: INFO :: Flash firmware on OpenOCD: /usr/lib/python2.7/site-packages/gateway_code/static/m3_idle.elf
2021-08-29 19:29:17,450 :: INFO :: Control node : Stop control node serial interface
2021-08-29 19:29:17,455 :: INFO :: Control node : stop power of open node
2021-08-29 19:29:17,505 :: INFO :: Control node : reset
2021-08-29 19:29:17,508 :: INFO :: Reset Control Node
2021-08-29 19:29:20,443 :: INFO :: Stop experiment succeeded
