2021-08-29 18:27:51,868 :: INFO :: Start experiment: luna-275698
2021-08-29 18:27:51,871 :: INFO :: Control node : Starting of control node serial interface
2021-08-29 18:27:51,874 :: INFO :: Control node : reset
2021-08-29 18:27:51,876 :: INFO :: Reset Control Node
2021-08-29 18:27:54,834 :: INFO :: Control node : start power of open node
2021-08-29 18:27:54,891 :: INFO :: Node OpenOCD: Setup of openocd node
2021-08-29 18:27:57,932 :: INFO :: Node OpenOCD: flash of openocd node
2021-08-29 18:27:57,947 :: INFO :: Flash firmware on OpenOCD: /tmp/tmpFysG47--cb924b41fcfd3e3c0bada58631722ec6_unicast-sender-count-30T-100B.iotlab-m3
2021-08-29 18:28:04,828 :: INFO :: Control node : Start experiment
2021-08-29 18:28:04,893 :: INFO :: Control Node set time delay: 1495 us
2021-08-29 18:28:04,914 :: INFO :: Control node : profile configuration
2021-08-29 18:28:04,921 :: INFO :: Configure profile on Control Node
2021-08-29 18:28:05,000 :: INFO :: Start experiment succeeded
2021-08-29 19:29:10,975 :: INFO :: Gateway Manager : Stop experiment
2021-08-29 19:29:10,996 :: INFO :: Stop experiment
2021-08-29 19:29:11,018 :: INFO :: Control node : stop of the experiment
2021-08-29 19:29:11,056 :: INFO :: Control node : profile configuration
2021-08-29 19:29:11,084 :: INFO :: Configure profile on Control Node
2021-08-29 19:29:11,250 :: INFO :: Control node : start power of open node
2021-08-29 19:29:11,270 :: INFO :: Node OpenOCD: teardown of openocd node
2021-08-29 19:29:14,308 :: INFO :: openocd node debugger stop
2021-08-29 19:29:15,003 :: INFO :: Node OpenOCD: flash of openocd node
2021-08-29 19:29:15,018 :: INFO :: Flash firmware on OpenOCD: /usr/lib/python2.7/site-packages/gateway_code/static/m3_idle.elf
2021-08-29 19:29:17,630 :: INFO :: Control node : Stop control node serial interface
2021-08-29 19:29:17,634 :: INFO :: Control node : stop power of open node
2021-08-29 19:29:17,687 :: INFO :: Control node : reset
2021-08-29 19:29:17,694 :: INFO :: Reset Control Node
2021-08-29 19:29:20,588 :: INFO :: Stop experiment succeeded
