2021-08-29 18:27:51,779 :: INFO :: Start experiment: luna-275698
2021-08-29 18:27:51,783 :: INFO :: Control node : Starting of control node serial interface
2021-08-29 18:27:51,786 :: INFO :: Control node : reset
2021-08-29 18:27:51,788 :: INFO :: Reset Control Node
2021-08-29 18:27:54,741 :: INFO :: Control node : start power of open node
2021-08-29 18:27:54,796 :: INFO :: Node OpenOCD: Setup of openocd node
2021-08-29 18:27:57,846 :: INFO :: Node OpenOCD: flash of openocd node
2021-08-29 18:27:57,861 :: INFO :: Flash firmware on OpenOCD: /tmp/tmp_iCo_T--cb924b41fcfd3e3c0bada58631722ec6_unicast-sender-count-30T-100B.iotlab-m3
2021-08-29 18:28:04,830 :: INFO :: Control node : Start experiment
2021-08-29 18:28:04,878 :: INFO :: Control Node set time delay: 1037 us
2021-08-29 18:28:04,897 :: INFO :: Control node : profile configuration
2021-08-29 18:28:04,901 :: INFO :: Configure profile on Control Node
2021-08-29 18:28:04,945 :: INFO :: Start experiment succeeded
2021-08-29 19:29:10,946 :: INFO :: Gateway Manager : Stop experiment
2021-08-29 19:29:10,956 :: INFO :: Stop experiment
2021-08-29 19:29:10,965 :: INFO :: Control node : stop of the experiment
2021-08-29 19:29:10,972 :: INFO :: Control node : profile configuration
2021-08-29 19:29:10,983 :: INFO :: Configure profile on Control Node
2021-08-29 19:29:11,054 :: INFO :: Control node : start power of open node
2021-08-29 19:29:11,099 :: INFO :: Node OpenOCD: teardown of openocd node
2021-08-29 19:29:14,157 :: INFO :: openocd node debugger stop
2021-08-29 19:29:14,847 :: INFO :: Node OpenOCD: flash of openocd node
2021-08-29 19:29:14,861 :: INFO :: Flash firmware on OpenOCD: /usr/lib/python2.7/site-packages/gateway_code/static/m3_idle.elf
2021-08-29 19:29:17,431 :: INFO :: Control node : Stop control node serial interface
2021-08-29 19:29:17,436 :: INFO :: Control node : stop power of open node
2021-08-29 19:29:17,487 :: INFO :: Control node : reset
2021-08-29 19:29:17,491 :: INFO :: Reset Control Node
2021-08-29 19:29:20,304 :: INFO :: Stop experiment succeeded
