2021-08-29 18:27:51,806 :: INFO :: Start experiment: luna-275698
2021-08-29 18:27:51,809 :: INFO :: Control node : Starting of control node serial interface
2021-08-29 18:27:51,812 :: INFO :: Control node : reset
2021-08-29 18:27:51,814 :: INFO :: Reset Control Node
2021-08-29 18:27:54,718 :: INFO :: Control node : start power of open node
2021-08-29 18:27:54,745 :: INFO :: Node OpenOCD: Setup of openocd node
2021-08-29 18:27:57,782 :: INFO :: Node OpenOCD: flash of openocd node
2021-08-29 18:27:57,800 :: INFO :: Flash firmware on OpenOCD: /tmp/tmpkOfrMr--cb924b41fcfd3e3c0bada58631722ec6_unicast-sender-count-30T-100B.iotlab-m3
2021-08-29 18:28:04,702 :: INFO :: Control node : Start experiment
2021-08-29 18:28:04,779 :: INFO :: Control Node set time delay: 1892 us
2021-08-29 18:28:04,824 :: INFO :: Control node : profile configuration
2021-08-29 18:28:04,831 :: INFO :: Configure profile on Control Node
2021-08-29 18:28:04,909 :: INFO :: Start experiment succeeded
2021-08-29 19:29:10,986 :: INFO :: Gateway Manager : Stop experiment
2021-08-29 19:29:10,995 :: INFO :: Stop experiment
2021-08-29 19:29:11,004 :: INFO :: Control node : stop of the experiment
2021-08-29 19:29:11,011 :: INFO :: Control node : profile configuration
2021-08-29 19:29:11,018 :: INFO :: Configure profile on Control Node
2021-08-29 19:29:11,096 :: INFO :: Control node : start power of open node
2021-08-29 19:29:11,138 :: INFO :: Node OpenOCD: teardown of openocd node
2021-08-29 19:29:14,172 :: INFO :: openocd node debugger stop
2021-08-29 19:29:14,846 :: INFO :: Node OpenOCD: flash of openocd node
2021-08-29 19:29:14,860 :: INFO :: Flash firmware on OpenOCD: /usr/lib/python2.7/site-packages/gateway_code/static/m3_idle.elf
2021-08-29 19:29:17,425 :: INFO :: Control node : Stop control node serial interface
2021-08-29 19:29:17,430 :: INFO :: Control node : stop power of open node
2021-08-29 19:29:17,505 :: INFO :: Control node : reset
2021-08-29 19:29:17,512 :: INFO :: Reset Control Node
2021-08-29 19:29:20,400 :: INFO :: Stop experiment succeeded
