2021-08-29 18:27:51,837 :: INFO :: Start experiment: luna-275698
2021-08-29 18:27:51,840 :: INFO :: Control node : Starting of control node serial interface
2021-08-29 18:27:51,843 :: INFO :: Control node : reset
2021-08-29 18:27:51,845 :: INFO :: Reset Control Node
2021-08-29 18:27:54,798 :: INFO :: Control node : start power of open node
2021-08-29 18:27:54,855 :: INFO :: Node OpenOCD: Setup of openocd node
2021-08-29 18:27:57,906 :: INFO :: Node OpenOCD: flash of openocd node
2021-08-29 18:27:57,921 :: INFO :: Flash firmware on OpenOCD: /tmp/tmpu1509i--cb924b41fcfd3e3c0bada58631722ec6_unicast-sender-count-30T-100B.iotlab-m3
2021-08-29 18:28:04,889 :: INFO :: Control node : Start experiment
2021-08-29 18:28:04,947 :: INFO :: Control Node set time delay: 1892 us
2021-08-29 18:28:04,968 :: INFO :: Control node : profile configuration
2021-08-29 18:28:04,971 :: INFO :: Configure profile on Control Node
2021-08-29 18:28:05,012 :: INFO :: Start experiment succeeded
2021-08-29 19:29:10,973 :: INFO :: Gateway Manager : Stop experiment
2021-08-29 19:29:10,994 :: INFO :: Stop experiment
2021-08-29 19:29:11,012 :: INFO :: Control node : stop of the experiment
2021-08-29 19:29:11,028 :: INFO :: Control node : profile configuration
2021-08-29 19:29:11,049 :: INFO :: Configure profile on Control Node
2021-08-29 19:29:11,234 :: INFO :: Control node : start power of open node
2021-08-29 19:29:11,255 :: INFO :: Node OpenOCD: teardown of openocd node
2021-08-29 19:29:14,304 :: INFO :: openocd node debugger stop
2021-08-29 19:29:15,000 :: INFO :: Node OpenOCD: flash of openocd node
2021-08-29 19:29:15,014 :: INFO :: Flash firmware on OpenOCD: /usr/lib/python2.7/site-packages/gateway_code/static/m3_idle.elf
2021-08-29 19:29:17,626 :: INFO :: Control node : Stop control node serial interface
2021-08-29 19:29:17,635 :: INFO :: Control node : stop power of open node
2021-08-29 19:29:17,711 :: INFO :: Control node : reset
2021-08-29 19:29:17,717 :: INFO :: Reset Control Node
2021-08-29 19:29:20,613 :: INFO :: Stop experiment succeeded
