2021-08-29 18:27:51,783 :: INFO :: Start experiment: luna-275698
2021-08-29 18:27:51,787 :: INFO :: Control node : Starting of control node serial interface
2021-08-29 18:27:51,790 :: INFO :: Control node : reset
2021-08-29 18:27:51,793 :: INFO :: Reset Control Node
2021-08-29 18:27:54,753 :: INFO :: Control node : start power of open node
2021-08-29 18:27:54,810 :: INFO :: Node OpenOCD: Setup of openocd node
2021-08-29 18:27:57,851 :: INFO :: Node OpenOCD: flash of openocd node
2021-08-29 18:27:57,866 :: INFO :: Flash firmware on OpenOCD: /tmp/tmplALPPa--cb924b41fcfd3e3c0bada58631722ec6_unicast-sender-count-30T-100B.iotlab-m3
2021-08-29 18:28:04,774 :: INFO :: Control node : Start experiment
2021-08-29 18:28:04,841 :: INFO :: Control Node set time delay: 1404 us
2021-08-29 18:28:04,857 :: INFO :: Control node : profile configuration
2021-08-29 18:28:04,863 :: INFO :: Configure profile on Control Node
2021-08-29 18:28:04,941 :: INFO :: Start experiment succeeded
2021-08-29 19:29:10,959 :: INFO :: Gateway Manager : Stop experiment
2021-08-29 19:29:10,968 :: INFO :: Stop experiment
2021-08-29 19:29:10,977 :: INFO :: Control node : stop of the experiment
2021-08-29 19:29:10,985 :: INFO :: Control node : profile configuration
2021-08-29 19:29:10,995 :: INFO :: Configure profile on Control Node
2021-08-29 19:29:11,065 :: INFO :: Control node : start power of open node
2021-08-29 19:29:11,108 :: INFO :: Node OpenOCD: teardown of openocd node
2021-08-29 19:29:14,152 :: INFO :: openocd node debugger stop
2021-08-29 19:29:14,841 :: INFO :: Node OpenOCD: flash of openocd node
2021-08-29 19:29:14,856 :: INFO :: Flash firmware on OpenOCD: /usr/lib/python2.7/site-packages/gateway_code/static/m3_idle.elf
2021-08-29 19:29:17,426 :: INFO :: Control node : Stop control node serial interface
2021-08-29 19:29:17,434 :: INFO :: Control node : stop power of open node
2021-08-29 19:29:17,509 :: INFO :: Control node : reset
2021-08-29 19:29:17,516 :: INFO :: Reset Control Node
2021-08-29 19:29:20,405 :: INFO :: Stop experiment succeeded
