2021-08-29 18:27:51,852 :: INFO :: Start experiment: luna-275698
2021-08-29 18:27:51,855 :: INFO :: Control node : Starting of control node serial interface
2021-08-29 18:27:51,858 :: INFO :: Control node : reset
2021-08-29 18:27:51,861 :: INFO :: Reset Control Node
2021-08-29 18:27:54,813 :: INFO :: Control node : start power of open node
2021-08-29 18:27:54,869 :: INFO :: Node OpenOCD: Setup of openocd node
2021-08-29 18:27:57,909 :: INFO :: Node OpenOCD: flash of openocd node
2021-08-29 18:27:57,924 :: INFO :: Flash firmware on OpenOCD: /tmp/tmpfPCvC4--cb924b41fcfd3e3c0bada58631722ec6_unicast-sender-count-30T-100B.iotlab-m3
2021-08-29 18:28:04,838 :: INFO :: Control node : Start experiment
2021-08-29 18:28:04,915 :: INFO :: Control Node set time delay: 1129 us
2021-08-29 18:28:04,947 :: INFO :: Control node : profile configuration
2021-08-29 18:28:04,954 :: INFO :: Configure profile on Control Node
2021-08-29 18:28:05,032 :: INFO :: Start experiment succeeded
2021-08-29 19:29:11,010 :: INFO :: Gateway Manager : Stop experiment
2021-08-29 19:29:11,023 :: INFO :: Stop experiment
2021-08-29 19:29:11,035 :: INFO :: Control node : stop of the experiment
2021-08-29 19:29:11,045 :: INFO :: Control node : profile configuration
2021-08-29 19:29:11,056 :: INFO :: Configure profile on Control Node
2021-08-29 19:29:11,137 :: INFO :: Control node : start power of open node
2021-08-29 19:29:11,180 :: INFO :: Node OpenOCD: teardown of openocd node
2021-08-29 19:29:14,228 :: INFO :: openocd node debugger stop
2021-08-29 19:29:14,916 :: INFO :: Node OpenOCD: flash of openocd node
2021-08-29 19:29:14,923 :: INFO :: Flash firmware on OpenOCD: /usr/lib/python2.7/site-packages/gateway_code/static/m3_idle.elf
2021-08-29 19:29:17,379 :: INFO :: Control node : Stop control node serial interface
2021-08-29 19:29:17,383 :: INFO :: Control node : stop power of open node
2021-08-29 19:29:17,422 :: INFO :: Control node : reset
2021-08-29 19:29:17,426 :: INFO :: Reset Control Node
2021-08-29 19:29:20,340 :: INFO :: Stop experiment succeeded
