2021-08-29 18:27:51,878 :: INFO :: Start experiment: luna-275698
2021-08-29 18:27:51,881 :: INFO :: Control node : Starting of control node serial interface
2021-08-29 18:27:51,884 :: INFO :: Control node : reset
2021-08-29 18:27:51,886 :: INFO :: Reset Control Node
2021-08-29 18:27:54,843 :: INFO :: Control node : start power of open node
2021-08-29 18:27:54,897 :: INFO :: Node OpenOCD: Setup of openocd node
2021-08-29 18:27:57,942 :: INFO :: Node OpenOCD: flash of openocd node
2021-08-29 18:27:57,957 :: INFO :: Flash firmware on OpenOCD: /tmp/tmpVorVRH--cb924b41fcfd3e3c0bada58631722ec6_unicast-sender-count-30T-100B.iotlab-m3
2021-08-29 18:28:04,918 :: INFO :: Control node : Start experiment
2021-08-29 18:28:04,964 :: INFO :: Control Node set time delay: 1953 us
2021-08-29 18:28:04,998 :: INFO :: Control node : profile configuration
2021-08-29 18:28:05,005 :: INFO :: Configure profile on Control Node
2021-08-29 18:28:05,065 :: INFO :: Start experiment succeeded
2021-08-29 19:29:10,963 :: INFO :: Gateway Manager : Stop experiment
2021-08-29 19:29:10,975 :: INFO :: Stop experiment
2021-08-29 19:29:10,986 :: INFO :: Control node : stop of the experiment
2021-08-29 19:29:11,000 :: INFO :: Control node : profile configuration
2021-08-29 19:29:11,011 :: INFO :: Configure profile on Control Node
2021-08-29 19:29:11,105 :: INFO :: Control node : start power of open node
2021-08-29 19:29:11,150 :: INFO :: Node OpenOCD: teardown of openocd node
2021-08-29 19:29:14,210 :: INFO :: openocd node debugger stop
2021-08-29 19:29:14,896 :: INFO :: Node OpenOCD: flash of openocd node
2021-08-29 19:29:14,904 :: INFO :: Flash firmware on OpenOCD: /usr/lib/python2.7/site-packages/gateway_code/static/m3_idle.elf
2021-08-29 19:29:17,409 :: INFO :: Control node : Stop control node serial interface
2021-08-29 19:29:17,414 :: INFO :: Control node : stop power of open node
2021-08-29 19:29:17,451 :: INFO :: Control node : reset
2021-08-29 19:29:17,455 :: INFO :: Reset Control Node
2021-08-29 19:29:20,368 :: INFO :: Stop experiment succeeded
