2021-08-29 18:27:51,862 :: INFO :: Start experiment: luna-275698
2021-08-29 18:27:51,865 :: INFO :: Control node : Starting of control node serial interface
2021-08-29 18:27:51,868 :: INFO :: Control node : reset
2021-08-29 18:27:51,871 :: INFO :: Reset Control Node
2021-08-29 18:27:54,884 :: INFO :: Control node : start power of open node
2021-08-29 18:27:54,904 :: INFO :: Node OpenOCD: Setup of openocd node
2021-08-29 18:27:57,935 :: INFO :: Node OpenOCD: flash of openocd node
2021-08-29 18:27:57,950 :: INFO :: Flash firmware on OpenOCD: /tmp/tmpW50JqS--cb924b41fcfd3e3c0bada58631722ec6_unicast-sender-count-30T-100B.iotlab-m3
2021-08-29 18:28:04,907 :: INFO :: Control node : Start experiment
2021-08-29 18:28:04,984 :: INFO :: Control Node set time delay: 1709 us
2021-08-29 18:28:05,017 :: INFO :: Control node : profile configuration
2021-08-29 18:28:05,024 :: INFO :: Configure profile on Control Node
2021-08-29 18:28:05,101 :: INFO :: Start experiment succeeded
2021-08-29 19:29:10,971 :: INFO :: Gateway Manager : Stop experiment
2021-08-29 19:29:10,984 :: INFO :: Stop experiment
2021-08-29 19:29:10,994 :: INFO :: Control node : stop of the experiment
2021-08-29 19:29:11,005 :: INFO :: Control node : profile configuration
2021-08-29 19:29:11,016 :: INFO :: Configure profile on Control Node
2021-08-29 19:29:11,106 :: INFO :: Control node : start power of open node
2021-08-29 19:29:11,149 :: INFO :: Node OpenOCD: teardown of openocd node
2021-08-29 19:29:14,224 :: INFO :: openocd node debugger stop
2021-08-29 19:29:14,904 :: INFO :: Node OpenOCD: flash of openocd node
2021-08-29 19:29:14,911 :: INFO :: Flash firmware on OpenOCD: /usr/lib/python2.7/site-packages/gateway_code/static/m3_idle.elf
2021-08-29 19:29:17,416 :: INFO :: Control node : Stop control node serial interface
2021-08-29 19:29:17,420 :: INFO :: Control node : stop power of open node
2021-08-29 19:29:17,469 :: INFO :: Control node : reset
2021-08-29 19:29:17,473 :: INFO :: Reset Control Node
2021-08-29 19:29:20,361 :: INFO :: Stop experiment succeeded
