2021-08-29 18:27:51,796 :: INFO :: Start experiment: luna-275698
2021-08-29 18:27:51,799 :: INFO :: Control node : Starting of control node serial interface
2021-08-29 18:27:51,802 :: INFO :: Control node : reset
2021-08-29 18:27:51,805 :: INFO :: Reset Control Node
2021-08-29 18:27:54,757 :: INFO :: Control node : start power of open node
2021-08-29 18:27:54,814 :: INFO :: Node OpenOCD: Setup of openocd node
2021-08-29 18:27:57,862 :: INFO :: Node OpenOCD: flash of openocd node
2021-08-29 18:27:57,877 :: INFO :: Flash firmware on OpenOCD: /tmp/tmpZfrVw7--cb924b41fcfd3e3c0bada58631722ec6_unicast-sender-count-30T-100B.iotlab-m3
2021-08-29 18:28:04,737 :: INFO :: Control node : Start experiment
2021-08-29 18:28:04,814 :: INFO :: Control Node set time delay: 1831 us
2021-08-29 18:28:04,844 :: INFO :: Control node : profile configuration
2021-08-29 18:28:04,850 :: INFO :: Configure profile on Control Node
2021-08-29 18:28:04,927 :: INFO :: Start experiment succeeded
2021-08-29 19:29:10,970 :: INFO :: Gateway Manager : Stop experiment
2021-08-29 19:29:10,981 :: INFO :: Stop experiment
2021-08-29 19:29:10,992 :: INFO :: Control node : stop of the experiment
2021-08-29 19:29:11,002 :: INFO :: Control node : profile configuration
2021-08-29 19:29:11,013 :: INFO :: Configure profile on Control Node
2021-08-29 19:29:11,102 :: INFO :: Control node : start power of open node
2021-08-29 19:29:11,145 :: INFO :: Node OpenOCD: teardown of openocd node
2021-08-29 19:29:14,194 :: INFO :: openocd node debugger stop
2021-08-29 19:29:14,889 :: INFO :: Node OpenOCD: flash of openocd node
2021-08-29 19:29:14,904 :: INFO :: Flash firmware on OpenOCD: /usr/lib/python2.7/site-packages/gateway_code/static/m3_idle.elf
2021-08-29 19:29:17,432 :: INFO :: Control node : Stop control node serial interface
2021-08-29 19:29:17,440 :: INFO :: Control node : stop power of open node
2021-08-29 19:29:17,506 :: INFO :: Control node : reset
2021-08-29 19:29:17,512 :: INFO :: Reset Control Node
2021-08-29 19:29:20,400 :: INFO :: Stop experiment succeeded
