2021-08-29 18:27:51,748 :: INFO :: Start experiment: luna-275698
2021-08-29 18:27:51,752 :: INFO :: Control node : Starting of control node serial interface
2021-08-29 18:27:51,755 :: INFO :: Control node : reset
2021-08-29 18:27:51,757 :: INFO :: Reset Control Node
2021-08-29 18:27:54,715 :: INFO :: Control node : start power of open node
2021-08-29 18:27:54,772 :: INFO :: Node OpenOCD: Setup of openocd node
2021-08-29 18:27:57,811 :: INFO :: Node OpenOCD: flash of openocd node
2021-08-29 18:27:57,825 :: INFO :: Flash firmware on OpenOCD: /tmp/tmpHifjUB--cb924b41fcfd3e3c0bada58631722ec6_unicast-sender-count-30T-100B.iotlab-m3
2021-08-29 18:28:04,755 :: INFO :: Control node : Start experiment
2021-08-29 18:28:04,805 :: INFO :: Control Node set time delay: 1862 us
2021-08-29 18:28:04,838 :: INFO :: Control node : profile configuration
2021-08-29 18:28:04,844 :: INFO :: Configure profile on Control Node
2021-08-29 18:28:04,896 :: INFO :: Start experiment succeeded
2021-08-29 19:29:10,984 :: INFO :: Gateway Manager : Stop experiment
2021-08-29 19:29:10,997 :: INFO :: Stop experiment
2021-08-29 19:29:11,010 :: INFO :: Control node : stop of the experiment
2021-08-29 19:29:11,017 :: INFO :: Control node : profile configuration
2021-08-29 19:29:11,024 :: INFO :: Configure profile on Control Node
2021-08-29 19:29:11,099 :: INFO :: Control node : start power of open node
2021-08-29 19:29:11,142 :: INFO :: Node OpenOCD: teardown of openocd node
2021-08-29 19:29:14,190 :: INFO :: openocd node debugger stop
2021-08-29 19:29:14,879 :: INFO :: Node OpenOCD: flash of openocd node
2021-08-29 19:29:14,894 :: INFO :: Flash firmware on OpenOCD: /usr/lib/python2.7/site-packages/gateway_code/static/m3_idle.elf
2021-08-29 19:29:17,465 :: INFO :: Control node : Stop control node serial interface
2021-08-29 19:29:17,474 :: INFO :: Control node : stop power of open node
2021-08-29 19:29:17,545 :: INFO :: Control node : reset
2021-08-29 19:29:17,552 :: INFO :: Reset Control Node
2021-08-29 19:29:20,394 :: INFO :: Stop experiment succeeded
