2021-08-29 18:27:51,747 :: INFO :: Start experiment: luna-275698
2021-08-29 18:27:51,751 :: INFO :: Control node : Starting of control node serial interface
2021-08-29 18:27:51,753 :: INFO :: Control node : reset
2021-08-29 18:27:51,756 :: INFO :: Reset Control Node
2021-08-29 18:27:54,714 :: INFO :: Control node : start power of open node
2021-08-29 18:27:54,769 :: INFO :: Node OpenOCD: Setup of openocd node
2021-08-29 18:27:57,816 :: INFO :: Node OpenOCD: flash of openocd node
2021-08-29 18:27:57,831 :: INFO :: Flash firmware on OpenOCD: /tmp/tmppiPTLr--cb924b41fcfd3e3c0bada58631722ec6_unicast-sender-count-30T-100B.iotlab-m3
2021-08-29 18:28:04,737 :: INFO :: Control node : Start experiment
2021-08-29 18:28:04,798 :: INFO :: Control Node set time delay: 1465 us
2021-08-29 18:28:04,831 :: INFO :: Control node : profile configuration
2021-08-29 18:28:04,838 :: INFO :: Configure profile on Control Node
2021-08-29 18:28:04,915 :: INFO :: Start experiment succeeded
2021-08-29 19:29:10,953 :: INFO :: Gateway Manager : Stop experiment
2021-08-29 19:29:10,966 :: INFO :: Stop experiment
2021-08-29 19:29:10,975 :: INFO :: Control node : stop of the experiment
2021-08-29 19:29:10,986 :: INFO :: Control node : profile configuration
2021-08-29 19:29:10,999 :: INFO :: Configure profile on Control Node
2021-08-29 19:29:11,086 :: INFO :: Control node : start power of open node
2021-08-29 19:29:11,129 :: INFO :: Node OpenOCD: teardown of openocd node
2021-08-29 19:29:14,179 :: INFO :: openocd node debugger stop
2021-08-29 19:29:14,877 :: INFO :: Node OpenOCD: flash of openocd node
2021-08-29 19:29:14,892 :: INFO :: Flash firmware on OpenOCD: /usr/lib/python2.7/site-packages/gateway_code/static/m3_idle.elf
2021-08-29 19:29:17,511 :: INFO :: Control node : Stop control node serial interface
2021-08-29 19:29:17,516 :: INFO :: Control node : stop power of open node
2021-08-29 19:29:17,555 :: INFO :: Control node : reset
2021-08-29 19:29:17,558 :: INFO :: Reset Control Node
2021-08-29 19:29:20,447 :: INFO :: Stop experiment succeeded
