2021-08-28 07:18:41,819 :: INFO :: Start experiment: luna-275612
2021-08-28 07:18:41,822 :: INFO :: Control node : Starting of control node serial interface
2021-08-28 07:18:41,825 :: INFO :: Control node : reset
2021-08-28 07:18:41,828 :: INFO :: Reset Control Node
2021-08-28 07:18:44,746 :: INFO :: Control node : start power of open node
2021-08-28 07:18:44,773 :: INFO :: Node OpenOCD: Setup of openocd node
2021-08-28 07:18:47,808 :: INFO :: Node OpenOCD: flash of openocd node
2021-08-28 07:18:47,826 :: INFO :: Flash firmware on OpenOCD: /tmp/tmpYX1zjV--07af995c71c4c03e0b354753e4bf4313_unicast-sender-count-30T-191B.iotlab-m3
2021-08-28 07:18:54,828 :: INFO :: Control node : Start experiment
2021-08-28 07:18:54,873 :: INFO :: Control Node set time delay: 977 us
2021-08-28 07:18:54,904 :: INFO :: Control node : profile configuration
2021-08-28 07:18:54,911 :: INFO :: Configure profile on Control Node
2021-08-28 07:18:54,989 :: INFO :: Start experiment succeeded
2021-08-28 08:20:00,892 :: INFO :: Gateway Manager : Stop experiment
2021-08-28 08:20:00,903 :: INFO :: Stop experiment
2021-08-28 08:20:00,911 :: INFO :: Control node : stop of the experiment
2021-08-28 08:20:00,919 :: INFO :: Control node : profile configuration
2021-08-28 08:20:00,926 :: INFO :: Configure profile on Control Node
2021-08-28 08:20:00,999 :: INFO :: Control node : start power of open node
2021-08-28 08:20:01,046 :: INFO :: Node OpenOCD: teardown of openocd node
2021-08-28 08:20:04,091 :: INFO :: openocd node debugger stop
2021-08-28 08:20:04,784 :: INFO :: Node OpenOCD: flash of openocd node
2021-08-28 08:20:04,798 :: INFO :: Flash firmware on OpenOCD: /usr/lib/python2.7/site-packages/gateway_code/static/m3_idle.elf
2021-08-28 08:20:07,338 :: INFO :: Control node : Stop control node serial interface
2021-08-28 08:20:07,342 :: INFO :: Control node : stop power of open node
2021-08-28 08:20:07,395 :: INFO :: Control node : reset
2021-08-28 08:20:07,401 :: INFO :: Reset Control Node
2021-08-28 08:20:10,292 :: INFO :: Stop experiment succeeded
