2021-08-28 07:18:41,855 :: INFO :: Start experiment: luna-275612
2021-08-28 07:18:41,859 :: INFO :: Control node : Starting of control node serial interface
2021-08-28 07:18:41,862 :: INFO :: Control node : reset
2021-08-28 07:18:41,864 :: INFO :: Reset Control Node
2021-08-28 07:18:44,727 :: INFO :: Control node : start power of open node
2021-08-28 07:18:44,754 :: INFO :: Node OpenOCD: Setup of openocd node
2021-08-28 07:18:47,794 :: INFO :: Node OpenOCD: flash of openocd node
2021-08-28 07:18:47,812 :: INFO :: Flash firmware on OpenOCD: /tmp/tmpz2rK_w--07af995c71c4c03e0b354753e4bf4313_unicast-sender-count-30T-191B.iotlab-m3
2021-08-28 07:18:54,823 :: INFO :: Control node : Start experiment
2021-08-28 07:18:54,875 :: INFO :: Control Node set time delay: 1709 us
2021-08-28 07:18:54,894 :: INFO :: Control node : profile configuration
2021-08-28 07:18:54,897 :: INFO :: Configure profile on Control Node
2021-08-28 07:18:54,938 :: INFO :: Start experiment succeeded
2021-08-28 08:20:00,878 :: INFO :: Gateway Manager : Stop experiment
2021-08-28 08:20:00,888 :: INFO :: Stop experiment
2021-08-28 08:20:00,897 :: INFO :: Control node : stop of the experiment
2021-08-28 08:20:00,904 :: INFO :: Control node : profile configuration
2021-08-28 08:20:00,911 :: INFO :: Configure profile on Control Node
2021-08-28 08:20:00,988 :: INFO :: Control node : start power of open node
2021-08-28 08:20:01,034 :: INFO :: Node OpenOCD: teardown of openocd node
2021-08-28 08:20:04,073 :: INFO :: openocd node debugger stop
2021-08-28 08:20:04,747 :: INFO :: Node OpenOCD: flash of openocd node
2021-08-28 08:20:04,754 :: INFO :: Flash firmware on OpenOCD: /usr/lib/python2.7/site-packages/gateway_code/static/m3_idle.elf
2021-08-28 08:20:07,211 :: INFO :: Control node : Stop control node serial interface
2021-08-28 08:20:07,220 :: INFO :: Control node : stop power of open node
2021-08-28 08:20:07,311 :: INFO :: Control node : reset
2021-08-28 08:20:07,318 :: INFO :: Reset Control Node
2021-08-28 08:20:10,209 :: INFO :: Stop experiment succeeded
