2021-08-28 07:18:41,865 :: INFO :: Start experiment: luna-275612
2021-08-28 07:18:41,869 :: INFO :: Control node : Starting of control node serial interface
2021-08-28 07:18:41,872 :: INFO :: Control node : reset
2021-08-28 07:18:41,874 :: INFO :: Reset Control Node
2021-08-28 07:18:44,826 :: INFO :: Control node : start power of open node
2021-08-28 07:18:44,881 :: INFO :: Node OpenOCD: Setup of openocd node
2021-08-28 07:18:47,933 :: INFO :: Node OpenOCD: flash of openocd node
2021-08-28 07:18:47,948 :: INFO :: Flash firmware on OpenOCD: /tmp/tmpim_paf--07af995c71c4c03e0b354753e4bf4313_unicast-sender-count-30T-191B.iotlab-m3
2021-08-28 07:18:54,889 :: INFO :: Control node : Start experiment
2021-08-28 07:18:54,946 :: INFO :: Control Node set time delay: 1618 us
2021-08-28 07:18:54,969 :: INFO :: Control node : profile configuration
2021-08-28 07:18:54,972 :: INFO :: Configure profile on Control Node
2021-08-28 07:18:55,013 :: INFO :: Start experiment succeeded
2021-08-28 08:20:00,903 :: INFO :: Gateway Manager : Stop experiment
2021-08-28 08:20:00,912 :: INFO :: Stop experiment
2021-08-28 08:20:00,921 :: INFO :: Control node : stop of the experiment
2021-08-28 08:20:00,928 :: INFO :: Control node : profile configuration
2021-08-28 08:20:00,935 :: INFO :: Configure profile on Control Node
2021-08-28 08:20:01,009 :: INFO :: Control node : start power of open node
2021-08-28 08:20:01,058 :: INFO :: Node OpenOCD: teardown of openocd node
2021-08-28 08:20:04,108 :: INFO :: openocd node debugger stop
2021-08-28 08:20:04,804 :: INFO :: Node OpenOCD: flash of openocd node
2021-08-28 08:20:04,818 :: INFO :: Flash firmware on OpenOCD: /usr/lib/python2.7/site-packages/gateway_code/static/m3_idle.elf
2021-08-28 08:20:07,424 :: INFO :: Control node : Stop control node serial interface
2021-08-28 08:20:07,429 :: INFO :: Control node : stop power of open node
2021-08-28 08:20:07,482 :: INFO :: Control node : reset
2021-08-28 08:20:07,488 :: INFO :: Reset Control Node
2021-08-28 08:20:10,373 :: INFO :: Stop experiment succeeded
