2021-08-28 07:18:41,855 :: INFO :: Start experiment: luna-275612
2021-08-28 07:18:41,858 :: INFO :: Control node : Starting of control node serial interface
2021-08-28 07:18:41,861 :: INFO :: Control node : reset
2021-08-28 07:18:41,863 :: INFO :: Reset Control Node
2021-08-28 07:18:44,762 :: INFO :: Control node : start power of open node
2021-08-28 07:18:44,817 :: INFO :: Node OpenOCD: Setup of openocd node
2021-08-28 07:18:47,861 :: INFO :: Node OpenOCD: flash of openocd node
2021-08-28 07:18:47,879 :: INFO :: Flash firmware on OpenOCD: /tmp/tmpWqGFy5--ddd0625ff8382e7208c25657471d6a4a_unicast-receiver-count.iotlab-m3
2021-08-28 07:18:54,429 :: INFO :: Control node : Start experiment
2021-08-28 07:18:54,481 :: INFO :: Control Node set time delay: 1862 us
2021-08-28 07:18:54,515 :: INFO :: Control node : profile configuration
2021-08-28 07:18:54,522 :: INFO :: Configure profile on Control Node
2021-08-28 07:18:54,600 :: INFO :: Start experiment succeeded
2021-08-28 08:20:00,891 :: INFO :: Gateway Manager : Stop experiment
2021-08-28 08:20:00,901 :: INFO :: Stop experiment
2021-08-28 08:20:00,909 :: INFO :: Control node : stop of the experiment
2021-08-28 08:20:00,916 :: INFO :: Control node : profile configuration
2021-08-28 08:20:00,923 :: INFO :: Configure profile on Control Node
2021-08-28 08:20:00,995 :: INFO :: Control node : start power of open node
2021-08-28 08:20:01,041 :: INFO :: Node OpenOCD: teardown of openocd node
2021-08-28 08:20:04,080 :: INFO :: openocd node debugger stop
2021-08-28 08:20:04,766 :: INFO :: Node OpenOCD: flash of openocd node
2021-08-28 08:20:04,773 :: INFO :: Flash firmware on OpenOCD: /usr/lib/python2.7/site-packages/gateway_code/static/m3_idle.elf
2021-08-28 08:20:07,232 :: INFO :: Control node : Stop control node serial interface
2021-08-28 08:20:07,241 :: INFO :: Control node : stop power of open node
2021-08-28 08:20:07,308 :: INFO :: Control node : reset
2021-08-28 08:20:07,315 :: INFO :: Reset Control Node
2021-08-28 08:20:10,211 :: INFO :: Stop experiment succeeded
