2021-08-28 07:18:41,851 :: INFO :: Start experiment: luna-275612
2021-08-28 07:18:41,854 :: INFO :: Control node : Starting of control node serial interface
2021-08-28 07:18:41,857 :: INFO :: Control node : reset
2021-08-28 07:18:41,860 :: INFO :: Reset Control Node
2021-08-28 07:18:44,806 :: INFO :: Control node : start power of open node
2021-08-28 07:18:44,865 :: INFO :: Node OpenOCD: Setup of openocd node
2021-08-28 07:18:47,909 :: INFO :: Node OpenOCD: flash of openocd node
2021-08-28 07:18:47,927 :: INFO :: Flash firmware on OpenOCD: /tmp/tmp9E50Vr--07af995c71c4c03e0b354753e4bf4313_unicast-sender-count-30T-191B.iotlab-m3
2021-08-28 07:18:54,814 :: INFO :: Control node : Start experiment
2021-08-28 07:18:54,858 :: INFO :: Control Node set time delay: 1862 us
2021-08-28 07:18:54,890 :: INFO :: Control node : profile configuration
2021-08-28 07:18:54,897 :: INFO :: Configure profile on Control Node
2021-08-28 07:18:54,977 :: INFO :: Start experiment succeeded
2021-08-28 08:20:00,858 :: INFO :: Gateway Manager : Stop experiment
2021-08-28 08:20:00,868 :: INFO :: Stop experiment
2021-08-28 08:20:00,877 :: INFO :: Control node : stop of the experiment
2021-08-28 08:20:00,885 :: INFO :: Control node : profile configuration
2021-08-28 08:20:00,895 :: INFO :: Configure profile on Control Node
2021-08-28 08:20:00,969 :: INFO :: Control node : start power of open node
2021-08-28 08:20:01,015 :: INFO :: Node OpenOCD: teardown of openocd node
2021-08-28 08:20:04,080 :: INFO :: openocd node debugger stop
2021-08-28 08:20:04,750 :: INFO :: Node OpenOCD: flash of openocd node
2021-08-28 08:20:04,764 :: INFO :: Flash firmware on OpenOCD: /usr/lib/python2.7/site-packages/gateway_code/static/m3_idle.elf
2021-08-28 08:20:07,298 :: INFO :: Control node : Stop control node serial interface
2021-08-28 08:20:07,303 :: INFO :: Control node : stop power of open node
2021-08-28 08:20:07,353 :: INFO :: Control node : reset
2021-08-28 08:20:07,356 :: INFO :: Reset Control Node
2021-08-28 08:20:10,249 :: INFO :: Stop experiment succeeded
