2021-08-28 07:18:41,857 :: INFO :: Start experiment: luna-275612
2021-08-28 07:18:41,861 :: INFO :: Control node : Starting of control node serial interface
2021-08-28 07:18:41,863 :: INFO :: Control node : reset
2021-08-28 07:18:41,866 :: INFO :: Reset Control Node
2021-08-28 07:18:44,815 :: INFO :: Control node : start power of open node
2021-08-28 07:18:44,871 :: INFO :: Node OpenOCD: Setup of openocd node
2021-08-28 07:18:47,917 :: INFO :: Node OpenOCD: flash of openocd node
2021-08-28 07:18:47,936 :: INFO :: Flash firmware on OpenOCD: /tmp/tmpnjhIYh--07af995c71c4c03e0b354753e4bf4313_unicast-sender-count-30T-191B.iotlab-m3
2021-08-28 07:18:54,921 :: INFO :: Control node : Start experiment
2021-08-28 07:18:54,972 :: INFO :: Control Node set time delay: 1984 us
2021-08-28 07:18:54,996 :: INFO :: Control node : profile configuration
2021-08-28 07:18:55,000 :: INFO :: Configure profile on Control Node
2021-08-28 07:18:55,041 :: INFO :: Start experiment succeeded
2021-08-28 08:20:00,903 :: INFO :: Gateway Manager : Stop experiment
2021-08-28 08:20:00,912 :: INFO :: Stop experiment
2021-08-28 08:20:00,921 :: INFO :: Control node : stop of the experiment
2021-08-28 08:20:00,932 :: INFO :: Control node : profile configuration
2021-08-28 08:20:00,939 :: INFO :: Configure profile on Control Node
2021-08-28 08:20:01,011 :: INFO :: Control node : start power of open node
2021-08-28 08:20:01,058 :: INFO :: Node OpenOCD: teardown of openocd node
2021-08-28 08:20:04,098 :: INFO :: openocd node debugger stop
2021-08-28 08:20:04,701 :: INFO :: Node OpenOCD: flash of openocd node
2021-08-28 08:20:04,716 :: INFO :: Flash firmware on OpenOCD: /usr/lib/python2.7/site-packages/gateway_code/static/m3_idle.elf
2021-08-28 08:20:07,291 :: INFO :: Control node : Stop control node serial interface
2021-08-28 08:20:07,300 :: INFO :: Control node : stop power of open node
2021-08-28 08:20:07,368 :: INFO :: Control node : reset
2021-08-28 08:20:07,375 :: INFO :: Reset Control Node
2021-08-28 08:20:10,268 :: INFO :: Stop experiment succeeded
