2021-08-28 07:18:41,858 :: INFO :: Start experiment: luna-275612
2021-08-28 07:18:41,861 :: INFO :: Control node : Starting of control node serial interface
2021-08-28 07:18:41,864 :: INFO :: Control node : reset
2021-08-28 07:18:41,866 :: INFO :: Reset Control Node
2021-08-28 07:18:44,818 :: INFO :: Control node : start power of open node
2021-08-28 07:18:44,872 :: INFO :: Node OpenOCD: Setup of openocd node
2021-08-28 07:18:47,917 :: INFO :: Node OpenOCD: flash of openocd node
2021-08-28 07:18:47,935 :: INFO :: Flash firmware on OpenOCD: /tmp/tmpPuUhGa--07af995c71c4c03e0b354753e4bf4313_unicast-sender-count-30T-191B.iotlab-m3
2021-08-28 07:18:54,941 :: INFO :: Control node : Start experiment
2021-08-28 07:18:54,990 :: INFO :: Control Node set time delay: 1160 us
2021-08-28 07:18:55,023 :: INFO :: Control node : profile configuration
2021-08-28 07:18:55,027 :: INFO :: Configure profile on Control Node
2021-08-28 07:18:55,068 :: INFO :: Start experiment succeeded
2021-08-28 08:20:00,866 :: INFO :: Gateway Manager : Stop experiment
2021-08-28 08:20:00,876 :: INFO :: Stop experiment
2021-08-28 08:20:00,884 :: INFO :: Control node : stop of the experiment
2021-08-28 08:20:00,894 :: INFO :: Control node : profile configuration
2021-08-28 08:20:00,901 :: INFO :: Configure profile on Control Node
2021-08-28 08:20:00,971 :: INFO :: Control node : start power of open node
2021-08-28 08:20:01,016 :: INFO :: Node OpenOCD: teardown of openocd node
2021-08-28 08:20:04,067 :: INFO :: openocd node debugger stop
2021-08-28 08:20:04,761 :: INFO :: Node OpenOCD: flash of openocd node
2021-08-28 08:20:04,776 :: INFO :: Flash firmware on OpenOCD: /usr/lib/python2.7/site-packages/gateway_code/static/m3_idle.elf
2021-08-28 08:20:07,339 :: INFO :: Control node : Stop control node serial interface
2021-08-28 08:20:07,344 :: INFO :: Control node : stop power of open node
2021-08-28 08:20:07,396 :: INFO :: Control node : reset
2021-08-28 08:20:07,399 :: INFO :: Reset Control Node
2021-08-28 08:20:10,276 :: INFO :: Stop experiment succeeded
