2021-08-28 07:18:41,803 :: INFO :: Start experiment: luna-275612
2021-08-28 07:18:41,807 :: INFO :: Control node : Starting of control node serial interface
2021-08-28 07:18:41,809 :: INFO :: Control node : reset
2021-08-28 07:18:41,812 :: INFO :: Reset Control Node
2021-08-28 07:18:44,768 :: INFO :: Control node : start power of open node
2021-08-28 07:18:44,825 :: INFO :: Node OpenOCD: Setup of openocd node
2021-08-28 07:18:47,867 :: INFO :: Node OpenOCD: flash of openocd node
2021-08-28 07:18:47,881 :: INFO :: Flash firmware on OpenOCD: /tmp/tmpuaYlPX--07af995c71c4c03e0b354753e4bf4313_unicast-sender-count-30T-191B.iotlab-m3
2021-08-28 07:18:54,891 :: INFO :: Control node : Start experiment
2021-08-28 07:18:54,940 :: INFO :: Control Node set time delay: 1068 us
2021-08-28 07:18:54,956 :: INFO :: Control node : profile configuration
2021-08-28 07:18:54,959 :: INFO :: Configure profile on Control Node
2021-08-28 07:18:55,002 :: INFO :: Start experiment succeeded
2021-08-28 08:20:00,905 :: INFO :: Gateway Manager : Stop experiment
2021-08-28 08:20:00,927 :: INFO :: Stop experiment
2021-08-28 08:20:00,946 :: INFO :: Control node : stop of the experiment
2021-08-28 08:20:00,962 :: INFO :: Control node : profile configuration
2021-08-28 08:20:00,985 :: INFO :: Configure profile on Control Node
2021-08-28 08:20:01,155 :: INFO :: Control node : start power of open node
2021-08-28 08:20:01,176 :: INFO :: Node OpenOCD: teardown of openocd node
2021-08-28 08:20:04,209 :: INFO :: openocd node debugger stop
2021-08-28 08:20:04,892 :: INFO :: Node OpenOCD: flash of openocd node
2021-08-28 08:20:04,907 :: INFO :: Flash firmware on OpenOCD: /usr/lib/python2.7/site-packages/gateway_code/static/m3_idle.elf
2021-08-28 08:20:07,475 :: INFO :: Control node : Stop control node serial interface
2021-08-28 08:20:07,484 :: INFO :: Control node : stop power of open node
2021-08-28 08:20:07,556 :: INFO :: Control node : reset
2021-08-28 08:20:07,562 :: INFO :: Reset Control Node
2021-08-28 08:20:10,458 :: INFO :: Stop experiment succeeded
