2021-08-28 07:18:41,853 :: INFO :: Start experiment: luna-275612
2021-08-28 07:18:41,857 :: INFO :: Control node : Starting of control node serial interface
2021-08-28 07:18:41,860 :: INFO :: Control node : reset
2021-08-28 07:18:41,862 :: INFO :: Reset Control Node
2021-08-28 07:18:44,758 :: INFO :: Control node : start power of open node
2021-08-28 07:18:44,785 :: INFO :: Node OpenOCD: Setup of openocd node
2021-08-28 07:18:47,823 :: INFO :: Node OpenOCD: flash of openocd node
2021-08-28 07:18:47,841 :: INFO :: Flash firmware on OpenOCD: /tmp/tmpUrpgTo--07af995c71c4c03e0b354753e4bf4313_unicast-sender-count-30T-191B.iotlab-m3
2021-08-28 07:18:54,850 :: INFO :: Control node : Start experiment
2021-08-28 07:18:54,902 :: INFO :: Control Node set time delay: 1587 us
2021-08-28 07:18:54,935 :: INFO :: Control node : profile configuration
2021-08-28 07:18:54,939 :: INFO :: Configure profile on Control Node
2021-08-28 07:18:54,978 :: INFO :: Start experiment succeeded
2021-08-28 08:20:00,864 :: INFO :: Gateway Manager : Stop experiment
2021-08-28 08:20:00,874 :: INFO :: Stop experiment
2021-08-28 08:20:00,883 :: INFO :: Control node : stop of the experiment
2021-08-28 08:20:00,891 :: INFO :: Control node : profile configuration
2021-08-28 08:20:00,898 :: INFO :: Configure profile on Control Node
2021-08-28 08:20:00,971 :: INFO :: Control node : start power of open node
2021-08-28 08:20:01,014 :: INFO :: Node OpenOCD: teardown of openocd node
2021-08-28 08:20:04,068 :: INFO :: openocd node debugger stop
2021-08-28 08:20:04,758 :: INFO :: Node OpenOCD: flash of openocd node
2021-08-28 08:20:04,773 :: INFO :: Flash firmware on OpenOCD: /usr/lib/python2.7/site-packages/gateway_code/static/m3_idle.elf
2021-08-28 08:20:07,339 :: INFO :: Control node : Stop control node serial interface
2021-08-28 08:20:07,348 :: INFO :: Control node : stop power of open node
2021-08-28 08:20:07,429 :: INFO :: Control node : reset
2021-08-28 08:20:07,435 :: INFO :: Reset Control Node
2021-08-28 08:20:10,277 :: INFO :: Stop experiment succeeded
