2021-08-31 07:36:17,528 :: INFO :: Start experiment: luna-275844
2021-08-31 07:36:17,532 :: INFO :: Control node : Starting of control node serial interface
2021-08-31 07:36:17,535 :: INFO :: Control node : reset
2021-08-31 07:36:17,537 :: INFO :: Reset Control Node
2021-08-31 07:36:20,493 :: INFO :: Control node : start power of open node
2021-08-31 07:36:20,508 :: INFO :: Node OpenOCD: Setup of openocd node
2021-08-31 07:36:23,547 :: INFO :: Node OpenOCD: flash of openocd node
2021-08-31 07:36:23,565 :: INFO :: Flash firmware on OpenOCD: /tmp/tmpoyDZ4d--11b39be0afbe655a47f82e084cf5704d_unicast-sender-count-60T-191B.iotlab-m3
2021-08-31 07:36:30,574 :: INFO :: Control node : Start experiment
2021-08-31 07:36:30,632 :: INFO :: Control Node set time delay: 1313 us
2021-08-31 07:36:30,656 :: INFO :: Control node : profile configuration
2021-08-31 07:36:30,663 :: INFO :: Configure profile on Control Node
2021-08-31 07:36:30,707 :: INFO :: Start experiment succeeded
2021-08-31 08:37:36,609 :: INFO :: Gateway Manager : Stop experiment
2021-08-31 08:37:36,618 :: INFO :: Stop experiment
2021-08-31 08:37:36,626 :: INFO :: Control node : stop of the experiment
2021-08-31 08:37:36,632 :: INFO :: Control node : profile configuration
2021-08-31 08:37:36,639 :: INFO :: Configure profile on Control Node
2021-08-31 08:37:36,709 :: INFO :: Control node : start power of open node
2021-08-31 08:37:36,750 :: INFO :: Node OpenOCD: teardown of openocd node
2021-08-31 08:37:39,817 :: INFO :: openocd node debugger stop
2021-08-31 08:37:40,509 :: INFO :: Node OpenOCD: flash of openocd node
2021-08-31 08:37:40,524 :: INFO :: Flash firmware on OpenOCD: /usr/lib/python2.7/site-packages/gateway_code/static/m3_idle.elf
2021-08-31 08:37:43,065 :: INFO :: Control node : Stop control node serial interface
2021-08-31 08:37:43,070 :: INFO :: Control node : stop power of open node
2021-08-31 08:37:43,111 :: INFO :: Control node : reset
2021-08-31 08:37:43,115 :: INFO :: Reset Control Node
2021-08-31 08:37:46,032 :: INFO :: Stop experiment succeeded
