2021-08-31 07:36:17,533 :: INFO :: Start experiment: luna-275844
2021-08-31 07:36:17,536 :: INFO :: Control node : Starting of control node serial interface
2021-08-31 07:36:17,539 :: INFO :: Control node : reset
2021-08-31 07:36:17,542 :: INFO :: Reset Control Node
2021-08-31 07:36:20,460 :: INFO :: Control node : start power of open node
2021-08-31 07:36:20,487 :: INFO :: Node OpenOCD: Setup of openocd node
2021-08-31 07:36:23,521 :: INFO :: Node OpenOCD: flash of openocd node
2021-08-31 07:36:23,539 :: INFO :: Flash firmware on OpenOCD: /tmp/tmpKAhhRp--11b39be0afbe655a47f82e084cf5704d_unicast-sender-count-60T-191B.iotlab-m3
2021-08-31 07:36:30,510 :: INFO :: Control node : Start experiment
2021-08-31 07:36:30,608 :: INFO :: Control Node set time delay: 1587 us
2021-08-31 07:36:30,632 :: INFO :: Control node : profile configuration
2021-08-31 07:36:30,639 :: INFO :: Configure profile on Control Node
2021-08-31 07:36:30,690 :: INFO :: Start experiment succeeded
2021-08-31 08:37:36,649 :: INFO :: Gateway Manager : Stop experiment
2021-08-31 08:37:36,672 :: INFO :: Stop experiment
2021-08-31 08:37:36,693 :: INFO :: Control node : stop of the experiment
2021-08-31 08:37:36,711 :: INFO :: Control node : profile configuration
2021-08-31 08:37:36,727 :: INFO :: Configure profile on Control Node
2021-08-31 08:37:36,887 :: INFO :: Control node : start power of open node
2021-08-31 08:37:36,908 :: INFO :: Node OpenOCD: teardown of openocd node
2021-08-31 08:37:39,965 :: INFO :: openocd node debugger stop
2021-08-31 08:37:40,651 :: INFO :: Node OpenOCD: flash of openocd node
2021-08-31 08:37:40,658 :: INFO :: Flash firmware on OpenOCD: /usr/lib/python2.7/site-packages/gateway_code/static/m3_idle.elf
2021-08-31 08:37:43,163 :: INFO :: Control node : Stop control node serial interface
2021-08-31 08:37:43,169 :: INFO :: Control node : stop power of open node
2021-08-31 08:37:43,209 :: INFO :: Control node : reset
2021-08-31 08:37:43,213 :: INFO :: Reset Control Node
2021-08-31 08:37:46,093 :: INFO :: Stop experiment succeeded
