2021-08-31 07:36:17,532 :: INFO :: Start experiment: luna-275844
2021-08-31 07:36:17,536 :: INFO :: Control node : Starting of control node serial interface
2021-08-31 07:36:17,539 :: INFO :: Control node : reset
2021-08-31 07:36:17,541 :: INFO :: Reset Control Node
2021-08-31 07:36:20,432 :: INFO :: Control node : start power of open node
2021-08-31 07:36:20,461 :: INFO :: Node OpenOCD: Setup of openocd node
2021-08-31 07:36:23,497 :: INFO :: Node OpenOCD: flash of openocd node
2021-08-31 07:36:23,515 :: INFO :: Flash firmware on OpenOCD: /tmp/tmpp75Lpb--11b39be0afbe655a47f82e084cf5704d_unicast-sender-count-60T-191B.iotlab-m3
2021-08-31 07:36:30,465 :: INFO :: Control node : Start experiment
2021-08-31 07:36:30,516 :: INFO :: Control Node set time delay: 1343 us
2021-08-31 07:36:30,549 :: INFO :: Control node : profile configuration
2021-08-31 07:36:30,556 :: INFO :: Configure profile on Control Node
2021-08-31 07:36:30,633 :: INFO :: Start experiment succeeded
2021-08-31 08:37:36,612 :: INFO :: Gateway Manager : Stop experiment
2021-08-31 08:37:36,621 :: INFO :: Stop experiment
2021-08-31 08:37:36,630 :: INFO :: Control node : stop of the experiment
2021-08-31 08:37:36,638 :: INFO :: Control node : profile configuration
2021-08-31 08:37:36,645 :: INFO :: Configure profile on Control Node
2021-08-31 08:37:36,718 :: INFO :: Control node : start power of open node
2021-08-31 08:37:36,762 :: INFO :: Node OpenOCD: teardown of openocd node
2021-08-31 08:37:39,825 :: INFO :: openocd node debugger stop
2021-08-31 08:37:40,509 :: INFO :: Node OpenOCD: flash of openocd node
2021-08-31 08:37:40,516 :: INFO :: Flash firmware on OpenOCD: /usr/lib/python2.7/site-packages/gateway_code/static/m3_idle.elf
2021-08-31 08:37:43,028 :: INFO :: Control node : Stop control node serial interface
2021-08-31 08:37:43,033 :: INFO :: Control node : stop power of open node
2021-08-31 08:37:43,072 :: INFO :: Control node : reset
2021-08-31 08:37:43,076 :: INFO :: Reset Control Node
2021-08-31 08:37:46,005 :: INFO :: Stop experiment succeeded
