2021-08-31 09:39:45,484 :: INFO :: Start experiment: luna-275855
2021-08-31 09:39:45,487 :: INFO :: Control node : Starting of control node serial interface
2021-08-31 09:39:45,490 :: INFO :: Control node : reset
2021-08-31 09:39:45,493 :: INFO :: Reset Control Node
2021-08-31 09:39:48,397 :: INFO :: Control node : start power of open node
2021-08-31 09:39:48,451 :: INFO :: Node OpenOCD: Setup of openocd node
2021-08-31 09:39:51,501 :: INFO :: Node OpenOCD: flash of openocd node
2021-08-31 09:39:51,519 :: INFO :: Flash firmware on OpenOCD: /tmp/tmphPMd2U--d4a0543b7d1f359d92f0e4afc0b7f0cf_unicast-sender-count-30T-20B.iotlab-m3
2021-08-31 09:39:58,366 :: INFO :: Control node : Start experiment
2021-08-31 09:39:58,419 :: INFO :: Control Node set time delay: 1374 us
2021-08-31 09:39:58,451 :: INFO :: Control node : profile configuration
2021-08-31 09:39:58,458 :: INFO :: Configure profile on Control Node
2021-08-31 09:39:58,538 :: INFO :: Start experiment succeeded
2021-08-31 10:41:04,413 :: INFO :: Gateway Manager : Stop experiment
2021-08-31 10:41:04,422 :: INFO :: Stop experiment
2021-08-31 10:41:04,432 :: INFO :: Control node : stop of the experiment
2021-08-31 10:41:04,439 :: INFO :: Control node : profile configuration
2021-08-31 10:41:04,446 :: INFO :: Configure profile on Control Node
2021-08-31 10:41:04,521 :: INFO :: Control node : start power of open node
2021-08-31 10:41:04,566 :: INFO :: Node OpenOCD: teardown of openocd node
2021-08-31 10:41:07,617 :: INFO :: openocd node debugger stop
2021-08-31 10:41:08,303 :: INFO :: Node OpenOCD: flash of openocd node
2021-08-31 10:41:08,310 :: INFO :: Flash firmware on OpenOCD: /usr/lib/python2.7/site-packages/gateway_code/static/m3_idle.elf
2021-08-31 10:41:10,817 :: INFO :: Control node : Stop control node serial interface
2021-08-31 10:41:10,826 :: INFO :: Control node : stop power of open node
2021-08-31 10:41:10,893 :: INFO :: Control node : reset
2021-08-31 10:41:10,899 :: INFO :: Reset Control Node
2021-08-31 10:41:13,791 :: INFO :: Stop experiment succeeded
