2021-08-31 09:39:45,479 :: INFO :: Start experiment: luna-275855
2021-08-31 09:39:45,482 :: INFO :: Control node : Starting of control node serial interface
2021-08-31 09:39:45,485 :: INFO :: Control node : reset
2021-08-31 09:39:45,488 :: INFO :: Reset Control Node
2021-08-31 09:39:48,396 :: INFO :: Control node : start power of open node
2021-08-31 09:39:48,450 :: INFO :: Node OpenOCD: Setup of openocd node
2021-08-31 09:39:51,489 :: INFO :: Node OpenOCD: flash of openocd node
2021-08-31 09:39:51,507 :: INFO :: Flash firmware on OpenOCD: /tmp/tmpKJRQUr--d4a0543b7d1f359d92f0e4afc0b7f0cf_unicast-sender-count-30T-20B.iotlab-m3
2021-08-31 09:39:58,406 :: INFO :: Control node : Start experiment
2021-08-31 09:39:58,460 :: INFO :: Control Node set time delay: 1709 us
2021-08-31 09:39:58,492 :: INFO :: Control node : profile configuration
2021-08-31 09:39:58,499 :: INFO :: Configure profile on Control Node
2021-08-31 09:39:58,577 :: INFO :: Start experiment succeeded
2021-08-31 10:41:04,443 :: INFO :: Gateway Manager : Stop experiment
2021-08-31 10:41:04,463 :: INFO :: Stop experiment
2021-08-31 10:41:04,483 :: INFO :: Control node : stop of the experiment
2021-08-31 10:41:04,499 :: INFO :: Control node : profile configuration
2021-08-31 10:41:04,515 :: INFO :: Configure profile on Control Node
2021-08-31 10:41:04,691 :: INFO :: Control node : start power of open node
2021-08-31 10:41:04,711 :: INFO :: Node OpenOCD: teardown of openocd node
2021-08-31 10:41:07,756 :: INFO :: openocd node debugger stop
2021-08-31 10:41:08,451 :: INFO :: Node OpenOCD: flash of openocd node
2021-08-31 10:41:08,465 :: INFO :: Flash firmware on OpenOCD: /usr/lib/python2.7/site-packages/gateway_code/static/m3_idle.elf
2021-08-31 10:41:11,080 :: INFO :: Control node : Stop control node serial interface
2021-08-31 10:41:11,088 :: INFO :: Control node : stop power of open node
2021-08-31 10:41:11,161 :: INFO :: Control node : reset
2021-08-31 10:41:11,168 :: INFO :: Reset Control Node
2021-08-31 10:41:14,058 :: INFO :: Stop experiment succeeded
