2021-08-31 09:39:45,481 :: INFO :: Start experiment: luna-275855
2021-08-31 09:39:45,484 :: INFO :: Control node : Starting of control node serial interface
2021-08-31 09:39:45,487 :: INFO :: Control node : reset
2021-08-31 09:39:45,490 :: INFO :: Reset Control Node
2021-08-31 09:39:48,449 :: INFO :: Control node : start power of open node
2021-08-31 09:39:48,485 :: INFO :: Node OpenOCD: Setup of openocd node
2021-08-31 09:39:51,522 :: INFO :: Node OpenOCD: flash of openocd node
2021-08-31 09:39:51,540 :: INFO :: Flash firmware on OpenOCD: /tmp/tmpd4RI5j--d4a0543b7d1f359d92f0e4afc0b7f0cf_unicast-sender-count-30T-20B.iotlab-m3
2021-08-31 09:39:58,550 :: INFO :: Control node : Start experiment
2021-08-31 09:39:58,616 :: INFO :: Control Node set time delay: 1526 us
2021-08-31 09:39:58,639 :: INFO :: Control node : profile configuration
2021-08-31 09:39:58,647 :: INFO :: Configure profile on Control Node
2021-08-31 09:39:58,693 :: INFO :: Start experiment succeeded
2021-08-31 10:41:04,410 :: INFO :: Gateway Manager : Stop experiment
2021-08-31 10:41:04,419 :: INFO :: Stop experiment
2021-08-31 10:41:04,427 :: INFO :: Control node : stop of the experiment
2021-08-31 10:41:04,435 :: INFO :: Control node : profile configuration
2021-08-31 10:41:04,442 :: INFO :: Configure profile on Control Node
2021-08-31 10:41:04,513 :: INFO :: Control node : start power of open node
2021-08-31 10:41:04,557 :: INFO :: Node OpenOCD: teardown of openocd node
2021-08-31 10:41:07,603 :: INFO :: openocd node debugger stop
2021-08-31 10:41:08,285 :: INFO :: Node OpenOCD: flash of openocd node
2021-08-31 10:41:08,292 :: INFO :: Flash firmware on OpenOCD: /usr/lib/python2.7/site-packages/gateway_code/static/m3_idle.elf
2021-08-31 10:41:10,747 :: INFO :: Control node : Stop control node serial interface
2021-08-31 10:41:10,756 :: INFO :: Control node : stop power of open node
2021-08-31 10:41:10,854 :: INFO :: Control node : reset
2021-08-31 10:41:10,861 :: INFO :: Reset Control Node
2021-08-31 10:41:13,752 :: INFO :: Stop experiment succeeded
