2021-08-31 09:39:45,464 :: INFO :: Start experiment: luna-275855
2021-08-31 09:39:45,467 :: INFO :: Control node : Starting of control node serial interface
2021-08-31 09:39:45,470 :: INFO :: Control node : reset
2021-08-31 09:39:45,473 :: INFO :: Reset Control Node
2021-08-31 09:39:48,427 :: INFO :: Control node : start power of open node
2021-08-31 09:39:48,485 :: INFO :: Node OpenOCD: Setup of openocd node
2021-08-31 09:39:51,527 :: INFO :: Node OpenOCD: flash of openocd node
2021-08-31 09:39:51,542 :: INFO :: Flash firmware on OpenOCD: /tmp/tmpQYJmGg--d4a0543b7d1f359d92f0e4afc0b7f0cf_unicast-sender-count-30T-20B.iotlab-m3
2021-08-31 09:39:58,415 :: INFO :: Control node : Start experiment
2021-08-31 09:39:58,485 :: INFO :: Control Node set time delay: 1160 us
2021-08-31 09:39:58,510 :: INFO :: Control node : profile configuration
2021-08-31 09:39:58,517 :: INFO :: Configure profile on Control Node
2021-08-31 09:39:58,596 :: INFO :: Start experiment succeeded
2021-08-31 10:41:04,417 :: INFO :: Gateway Manager : Stop experiment
2021-08-31 10:41:04,428 :: INFO :: Stop experiment
2021-08-31 10:41:04,437 :: INFO :: Control node : stop of the experiment
2021-08-31 10:41:04,445 :: INFO :: Control node : profile configuration
2021-08-31 10:41:04,452 :: INFO :: Configure profile on Control Node
2021-08-31 10:41:04,524 :: INFO :: Control node : start power of open node
2021-08-31 10:41:04,568 :: INFO :: Node OpenOCD: teardown of openocd node
2021-08-31 10:41:07,607 :: INFO :: openocd node debugger stop
2021-08-31 10:41:08,292 :: INFO :: Node OpenOCD: flash of openocd node
2021-08-31 10:41:08,306 :: INFO :: Flash firmware on OpenOCD: /usr/lib/python2.7/site-packages/gateway_code/static/m3_idle.elf
2021-08-31 10:41:10,866 :: INFO :: Control node : Stop control node serial interface
2021-08-31 10:41:10,871 :: INFO :: Control node : stop power of open node
2021-08-31 10:41:10,922 :: INFO :: Control node : reset
2021-08-31 10:41:10,926 :: INFO :: Reset Control Node
2021-08-31 10:41:13,863 :: INFO :: Stop experiment succeeded
