2021-08-31 09:39:45,500 :: INFO :: Start experiment: luna-275855
2021-08-31 09:39:45,503 :: INFO :: Control node : Starting of control node serial interface
2021-08-31 09:39:45,506 :: INFO :: Control node : reset
2021-08-31 09:39:45,509 :: INFO :: Reset Control Node
2021-08-31 09:39:48,467 :: INFO :: Control node : start power of open node
2021-08-31 09:39:48,488 :: INFO :: Node OpenOCD: Setup of openocd node
2021-08-31 09:39:51,519 :: INFO :: Node OpenOCD: flash of openocd node
2021-08-31 09:39:51,537 :: INFO :: Flash firmware on OpenOCD: /tmp/tmpEYC2Xa--d4a0543b7d1f359d92f0e4afc0b7f0cf_unicast-sender-count-30T-20B.iotlab-m3
2021-08-31 09:39:58,432 :: INFO :: Control node : Start experiment
2021-08-31 09:39:58,488 :: INFO :: Control Node set time delay: 1770 us
2021-08-31 09:39:58,521 :: INFO :: Control node : profile configuration
2021-08-31 09:39:58,528 :: INFO :: Configure profile on Control Node
2021-08-31 09:39:58,607 :: INFO :: Start experiment succeeded
2021-08-31 10:41:04,419 :: INFO :: Gateway Manager : Stop experiment
2021-08-31 10:41:04,429 :: INFO :: Stop experiment
2021-08-31 10:41:04,438 :: INFO :: Control node : stop of the experiment
2021-08-31 10:41:04,445 :: INFO :: Control node : profile configuration
2021-08-31 10:41:04,452 :: INFO :: Configure profile on Control Node
2021-08-31 10:41:04,525 :: INFO :: Control node : start power of open node
2021-08-31 10:41:04,570 :: INFO :: Node OpenOCD: teardown of openocd node
2021-08-31 10:41:07,611 :: INFO :: openocd node debugger stop
2021-08-31 10:41:08,292 :: INFO :: Node OpenOCD: flash of openocd node
2021-08-31 10:41:08,299 :: INFO :: Flash firmware on OpenOCD: /usr/lib/python2.7/site-packages/gateway_code/static/m3_idle.elf
2021-08-31 10:41:10,754 :: INFO :: Control node : Stop control node serial interface
2021-08-31 10:41:10,762 :: INFO :: Control node : stop power of open node
2021-08-31 10:41:10,840 :: INFO :: Control node : reset
2021-08-31 10:41:10,846 :: INFO :: Reset Control Node
2021-08-31 10:41:13,740 :: INFO :: Stop experiment succeeded
