2021-08-31 09:39:45,494 :: INFO :: Start experiment: luna-275855
2021-08-31 09:39:45,498 :: INFO :: Control node : Starting of control node serial interface
2021-08-31 09:39:45,501 :: INFO :: Control node : reset
2021-08-31 09:39:45,503 :: INFO :: Reset Control Node
2021-08-31 09:39:48,462 :: INFO :: Control node : start power of open node
2021-08-31 09:39:48,509 :: INFO :: Node OpenOCD: Setup of openocd node
2021-08-31 09:39:51,548 :: INFO :: Node OpenOCD: flash of openocd node
2021-08-31 09:39:51,566 :: INFO :: Flash firmware on OpenOCD: /tmp/tmpHE6y0H--d4a0543b7d1f359d92f0e4afc0b7f0cf_unicast-sender-count-30T-20B.iotlab-m3
2021-08-31 09:39:58,435 :: INFO :: Control node : Start experiment
2021-08-31 09:39:58,485 :: INFO :: Control Node set time delay: 1740 us
2021-08-31 09:39:58,517 :: INFO :: Control node : profile configuration
2021-08-31 09:39:58,524 :: INFO :: Configure profile on Control Node
2021-08-31 09:39:58,602 :: INFO :: Start experiment succeeded
2021-08-31 10:41:04,415 :: INFO :: Gateway Manager : Stop experiment
2021-08-31 10:41:04,425 :: INFO :: Stop experiment
2021-08-31 10:41:04,433 :: INFO :: Control node : stop of the experiment
2021-08-31 10:41:04,442 :: INFO :: Control node : profile configuration
2021-08-31 10:41:04,449 :: INFO :: Configure profile on Control Node
2021-08-31 10:41:04,523 :: INFO :: Control node : start power of open node
2021-08-31 10:41:04,566 :: INFO :: Node OpenOCD: teardown of openocd node
2021-08-31 10:41:07,617 :: INFO :: openocd node debugger stop
2021-08-31 10:41:08,306 :: INFO :: Node OpenOCD: flash of openocd node
2021-08-31 10:41:08,320 :: INFO :: Flash firmware on OpenOCD: /usr/lib/python2.7/site-packages/gateway_code/static/m3_idle.elf
2021-08-31 10:41:10,858 :: INFO :: Control node : Stop control node serial interface
2021-08-31 10:41:10,866 :: INFO :: Control node : stop power of open node
2021-08-31 10:41:10,965 :: INFO :: Control node : reset
2021-08-31 10:41:10,971 :: INFO :: Reset Control Node
2021-08-31 10:41:13,857 :: INFO :: Stop experiment succeeded
