2021-08-31 09:39:45,514 :: INFO :: Start experiment: luna-275855
2021-08-31 09:39:45,517 :: INFO :: Control node : Starting of control node serial interface
2021-08-31 09:39:45,520 :: INFO :: Control node : reset
2021-08-31 09:39:45,523 :: INFO :: Reset Control Node
2021-08-31 09:39:48,451 :: INFO :: Control node : start power of open node
2021-08-31 09:39:48,479 :: INFO :: Node OpenOCD: Setup of openocd node
2021-08-31 09:39:51,519 :: INFO :: Node OpenOCD: flash of openocd node
2021-08-31 09:39:51,537 :: INFO :: Flash firmware on OpenOCD: /tmp/tmpHYn4Hs--d4a0543b7d1f359d92f0e4afc0b7f0cf_unicast-sender-count-30T-20B.iotlab-m3
2021-08-31 09:39:58,405 :: INFO :: Control node : Start experiment
2021-08-31 09:39:58,461 :: INFO :: Control Node set time delay: 1098 us
2021-08-31 09:39:58,491 :: INFO :: Control node : profile configuration
2021-08-31 09:39:58,498 :: INFO :: Configure profile on Control Node
2021-08-31 09:39:58,576 :: INFO :: Start experiment succeeded
2021-08-31 10:41:04,435 :: INFO :: Gateway Manager : Stop experiment
2021-08-31 10:41:04,444 :: INFO :: Stop experiment
2021-08-31 10:41:04,453 :: INFO :: Control node : stop of the experiment
2021-08-31 10:41:04,460 :: INFO :: Control node : profile configuration
2021-08-31 10:41:04,467 :: INFO :: Configure profile on Control Node
2021-08-31 10:41:04,540 :: INFO :: Control node : start power of open node
2021-08-31 10:41:04,584 :: INFO :: Node OpenOCD: teardown of openocd node
2021-08-31 10:41:07,639 :: INFO :: openocd node debugger stop
2021-08-31 10:41:08,333 :: INFO :: Node OpenOCD: flash of openocd node
2021-08-31 10:41:08,348 :: INFO :: Flash firmware on OpenOCD: /usr/lib/python2.7/site-packages/gateway_code/static/m3_idle.elf
2021-08-31 10:41:10,962 :: INFO :: Control node : Stop control node serial interface
2021-08-31 10:41:10,967 :: INFO :: Control node : stop power of open node
2021-08-31 10:41:11,016 :: INFO :: Control node : reset
2021-08-31 10:41:11,022 :: INFO :: Reset Control Node
2021-08-31 10:41:13,894 :: INFO :: Stop experiment succeeded
