2021-08-31 09:39:45,497 :: INFO :: Start experiment: luna-275855
2021-08-31 09:39:45,500 :: INFO :: Control node : Starting of control node serial interface
2021-08-31 09:39:45,503 :: INFO :: Control node : reset
2021-08-31 09:39:45,506 :: INFO :: Reset Control Node
2021-08-31 09:39:48,412 :: INFO :: Control node : start power of open node
2021-08-31 09:39:48,469 :: INFO :: Node OpenOCD: Setup of openocd node
2021-08-31 09:39:51,517 :: INFO :: Node OpenOCD: flash of openocd node
2021-08-31 09:39:51,536 :: INFO :: Flash firmware on OpenOCD: /tmp/tmps_BJ_F--d4a0543b7d1f359d92f0e4afc0b7f0cf_unicast-sender-count-30T-20B.iotlab-m3
2021-08-31 09:39:58,540 :: INFO :: Control node : Start experiment
2021-08-31 09:39:58,574 :: INFO :: Control Node set time delay: 1435 us
2021-08-31 09:39:58,592 :: INFO :: Control node : profile configuration
2021-08-31 09:39:58,595 :: INFO :: Configure profile on Control Node
2021-08-31 09:39:58,639 :: INFO :: Start experiment succeeded
2021-08-31 10:41:04,448 :: INFO :: Gateway Manager : Stop experiment
2021-08-31 10:41:04,458 :: INFO :: Stop experiment
2021-08-31 10:41:04,466 :: INFO :: Control node : stop of the experiment
2021-08-31 10:41:04,474 :: INFO :: Control node : profile configuration
2021-08-31 10:41:04,481 :: INFO :: Configure profile on Control Node
2021-08-31 10:41:04,553 :: INFO :: Control node : start power of open node
2021-08-31 10:41:04,596 :: INFO :: Node OpenOCD: teardown of openocd node
2021-08-31 10:41:07,630 :: INFO :: openocd node debugger stop
2021-08-31 10:41:08,305 :: INFO :: Node OpenOCD: flash of openocd node
2021-08-31 10:41:08,319 :: INFO :: Flash firmware on OpenOCD: /usr/lib/python2.7/site-packages/gateway_code/static/m3_idle.elf
2021-08-31 10:41:10,930 :: INFO :: Control node : Stop control node serial interface
2021-08-31 10:41:10,939 :: INFO :: Control node : stop power of open node
2021-08-31 10:41:11,035 :: INFO :: Control node : reset
2021-08-31 10:41:11,042 :: INFO :: Reset Control Node
2021-08-31 10:41:13,928 :: INFO :: Stop experiment succeeded
