2021-09-01 07:08:21,142 :: INFO :: Start experiment: luna-275853
2021-09-01 07:08:21,146 :: INFO :: Control node : Starting of control node serial interface
2021-09-01 07:08:21,148 :: INFO :: Control node : reset
2021-09-01 07:08:21,151 :: INFO :: Reset Control Node
2021-09-01 07:08:24,106 :: INFO :: Control node : start power of open node
2021-09-01 07:08:24,130 :: INFO :: Node OpenOCD: Setup of openocd node
2021-09-01 07:08:27,162 :: INFO :: Node OpenOCD: flash of openocd node
2021-09-01 07:08:27,179 :: INFO :: Flash firmware on OpenOCD: /tmp/tmpK8Of1V--11b39be0afbe655a47f82e084cf5704d_unicast-sender-count-60T-191B.iotlab-m3
2021-09-01 07:08:34,080 :: INFO :: Control node : Start experiment
2021-09-01 07:08:34,144 :: INFO :: Control Node set time delay: 1892 us
2021-09-01 07:08:34,177 :: INFO :: Control node : profile configuration
2021-09-01 07:08:34,183 :: INFO :: Configure profile on Control Node
2021-09-01 07:08:34,261 :: INFO :: Start experiment succeeded
2021-09-01 08:09:40,157 :: INFO :: Gateway Manager : Stop experiment
2021-09-01 08:09:40,167 :: INFO :: Stop experiment
2021-09-01 08:09:40,175 :: INFO :: Control node : stop of the experiment
2021-09-01 08:09:40,182 :: INFO :: Control node : profile configuration
2021-09-01 08:09:40,192 :: INFO :: Configure profile on Control Node
2021-09-01 08:09:40,265 :: INFO :: Control node : start power of open node
2021-09-01 08:09:40,309 :: INFO :: Node OpenOCD: teardown of openocd node
2021-09-01 08:09:43,353 :: INFO :: openocd node debugger stop
2021-09-01 08:09:44,041 :: INFO :: Node OpenOCD: flash of openocd node
2021-09-01 08:09:44,056 :: INFO :: Flash firmware on OpenOCD: /usr/lib/python2.7/site-packages/gateway_code/static/m3_idle.elf
2021-09-01 08:09:46,623 :: INFO :: Control node : Stop control node serial interface
2021-09-01 08:09:46,628 :: INFO :: Control node : stop power of open node
2021-09-01 08:09:46,681 :: INFO :: Control node : reset
2021-09-01 08:09:46,685 :: INFO :: Reset Control Node
2021-09-01 08:09:49,607 :: INFO :: Stop experiment succeeded
