2021-09-01 07:08:21,113 :: INFO :: Start experiment: luna-275853
2021-09-01 07:08:21,117 :: INFO :: Control node : Starting of control node serial interface
2021-09-01 07:08:21,119 :: INFO :: Control node : reset
2021-09-01 07:08:21,122 :: INFO :: Reset Control Node
2021-09-01 07:08:24,075 :: INFO :: Control node : start power of open node
2021-09-01 07:08:24,131 :: INFO :: Node OpenOCD: Setup of openocd node
2021-09-01 07:08:27,173 :: INFO :: Node OpenOCD: flash of openocd node
2021-09-01 07:08:27,188 :: INFO :: Flash firmware on OpenOCD: /tmp/tmpksCs2P--11b39be0afbe655a47f82e084cf5704d_unicast-sender-count-60T-191B.iotlab-m3
2021-09-01 07:08:34,083 :: INFO :: Control node : Start experiment
2021-09-01 07:08:34,142 :: INFO :: Control Node set time delay: 1862 us
2021-09-01 07:08:34,167 :: INFO :: Control node : profile configuration
2021-09-01 07:08:34,173 :: INFO :: Configure profile on Control Node
2021-09-01 07:08:34,251 :: INFO :: Start experiment succeeded
2021-09-01 08:09:40,152 :: INFO :: Gateway Manager : Stop experiment
2021-09-01 08:09:40,161 :: INFO :: Stop experiment
2021-09-01 08:09:40,171 :: INFO :: Control node : stop of the experiment
2021-09-01 08:09:40,178 :: INFO :: Control node : profile configuration
2021-09-01 08:09:40,186 :: INFO :: Configure profile on Control Node
2021-09-01 08:09:40,258 :: INFO :: Control node : start power of open node
2021-09-01 08:09:40,301 :: INFO :: Node OpenOCD: teardown of openocd node
2021-09-01 08:09:43,360 :: INFO :: openocd node debugger stop
2021-09-01 08:09:44,042 :: INFO :: Node OpenOCD: flash of openocd node
2021-09-01 08:09:44,056 :: INFO :: Flash firmware on OpenOCD: /usr/lib/python2.7/site-packages/gateway_code/static/m3_idle.elf
2021-09-01 08:09:46,671 :: INFO :: Control node : Stop control node serial interface
2021-09-01 08:09:46,680 :: INFO :: Control node : stop power of open node
2021-09-01 08:09:46,761 :: INFO :: Control node : reset
2021-09-01 08:09:46,767 :: INFO :: Reset Control Node
2021-09-01 08:09:49,656 :: INFO :: Stop experiment succeeded
