2021-09-01 07:08:21,130 :: INFO :: Start experiment: luna-275853
2021-09-01 07:08:21,133 :: INFO :: Control node : Starting of control node serial interface
2021-09-01 07:08:21,136 :: INFO :: Control node : reset
2021-09-01 07:08:21,139 :: INFO :: Reset Control Node
2021-09-01 07:08:24,045 :: INFO :: Control node : start power of open node
2021-09-01 07:08:24,102 :: INFO :: Node OpenOCD: Setup of openocd node
2021-09-01 07:08:27,143 :: INFO :: Node OpenOCD: flash of openocd node
2021-09-01 07:08:27,161 :: INFO :: Flash firmware on OpenOCD: /tmp/tmpuKP_6E--11b39be0afbe655a47f82e084cf5704d_unicast-sender-count-60T-191B.iotlab-m3
2021-09-01 07:08:34,166 :: INFO :: Control node : Start experiment
2021-09-01 07:08:34,216 :: INFO :: Control Node set time delay: 1435 us
2021-09-01 07:08:34,248 :: INFO :: Control node : profile configuration
2021-09-01 07:08:34,255 :: INFO :: Configure profile on Control Node
2021-09-01 07:08:34,306 :: INFO :: Start experiment succeeded
2021-09-01 08:09:40,154 :: INFO :: Gateway Manager : Stop experiment
2021-09-01 08:09:40,165 :: INFO :: Stop experiment
2021-09-01 08:09:40,173 :: INFO :: Control node : stop of the experiment
2021-09-01 08:09:40,180 :: INFO :: Control node : profile configuration
2021-09-01 08:09:40,188 :: INFO :: Configure profile on Control Node
2021-09-01 08:09:40,260 :: INFO :: Control node : start power of open node
2021-09-01 08:09:40,302 :: INFO :: Node OpenOCD: teardown of openocd node
2021-09-01 08:09:43,373 :: INFO :: openocd node debugger stop
2021-09-01 08:09:44,065 :: INFO :: Node OpenOCD: flash of openocd node
2021-09-01 08:09:44,079 :: INFO :: Flash firmware on OpenOCD: /usr/lib/python2.7/site-packages/gateway_code/static/m3_idle.elf
2021-09-01 08:09:46,641 :: INFO :: Control node : Stop control node serial interface
2021-09-01 08:09:46,646 :: INFO :: Control node : stop power of open node
2021-09-01 08:09:46,701 :: INFO :: Control node : reset
2021-09-01 08:09:46,704 :: INFO :: Reset Control Node
2021-09-01 08:09:49,638 :: INFO :: Stop experiment succeeded
