2021-09-01 07:08:21,144 :: INFO :: Start experiment: luna-275853
2021-09-01 07:08:21,148 :: INFO :: Control node : Starting of control node serial interface
2021-09-01 07:08:21,150 :: INFO :: Control node : reset
2021-09-01 07:08:21,153 :: INFO :: Reset Control Node
2021-09-01 07:08:24,044 :: INFO :: Control node : start power of open node
2021-09-01 07:08:24,073 :: INFO :: Node OpenOCD: Setup of openocd node
2021-09-01 07:08:27,114 :: INFO :: Node OpenOCD: flash of openocd node
2021-09-01 07:08:27,133 :: INFO :: Flash firmware on OpenOCD: /tmp/tmpYbjqpX--11b39be0afbe655a47f82e084cf5704d_unicast-sender-count-60T-191B.iotlab-m3
2021-09-01 07:08:34,083 :: INFO :: Control node : Start experiment
2021-09-01 07:08:34,136 :: INFO :: Control Node set time delay: 1129 us
2021-09-01 07:08:34,168 :: INFO :: Control node : profile configuration
2021-09-01 07:08:34,175 :: INFO :: Configure profile on Control Node
2021-09-01 07:08:34,253 :: INFO :: Start experiment succeeded
2021-09-01 08:09:40,182 :: INFO :: Gateway Manager : Stop experiment
2021-09-01 08:09:40,200 :: INFO :: Stop experiment
2021-09-01 08:09:40,217 :: INFO :: Control node : stop of the experiment
2021-09-01 08:09:40,232 :: INFO :: Control node : profile configuration
2021-09-01 08:09:40,251 :: INFO :: Configure profile on Control Node
2021-09-01 08:09:40,395 :: INFO :: Control node : start power of open node
2021-09-01 08:09:40,448 :: INFO :: Node OpenOCD: teardown of openocd node
2021-09-01 08:09:43,498 :: INFO :: openocd node debugger stop
2021-09-01 08:09:44,178 :: INFO :: Node OpenOCD: flash of openocd node
2021-09-01 08:09:44,194 :: INFO :: Flash firmware on OpenOCD: /usr/lib/python2.7/site-packages/gateway_code/static/m3_idle.elf
2021-09-01 08:09:46,761 :: INFO :: Control node : Stop control node serial interface
2021-09-01 08:09:46,770 :: INFO :: Control node : stop power of open node
2021-09-01 08:09:46,854 :: INFO :: Control node : reset
2021-09-01 08:09:46,860 :: INFO :: Reset Control Node
2021-09-01 08:09:49,755 :: INFO :: Stop experiment succeeded
