2021-09-01 07:08:21,123 :: INFO :: Start experiment: luna-275853
2021-09-01 07:08:21,127 :: INFO :: Control node : Starting of control node serial interface
2021-09-01 07:08:21,129 :: INFO :: Control node : reset
2021-09-01 07:08:21,132 :: INFO :: Reset Control Node
2021-09-01 07:08:24,038 :: INFO :: Control node : start power of open node
2021-09-01 07:08:24,095 :: INFO :: Node OpenOCD: Setup of openocd node
2021-09-01 07:08:27,133 :: INFO :: Node OpenOCD: flash of openocd node
2021-09-01 07:08:27,152 :: INFO :: Flash firmware on OpenOCD: /tmp/tmpJGIpja--11b39be0afbe655a47f82e084cf5704d_unicast-sender-count-60T-191B.iotlab-m3
2021-09-01 07:08:34,104 :: INFO :: Control node : Start experiment
2021-09-01 07:08:34,178 :: INFO :: Control Node set time delay: 1068 us
2021-09-01 07:08:34,211 :: INFO :: Control node : profile configuration
2021-09-01 07:08:34,218 :: INFO :: Configure profile on Control Node
2021-09-01 07:08:34,296 :: INFO :: Start experiment succeeded
2021-09-01 08:09:40,152 :: INFO :: Gateway Manager : Stop experiment
2021-09-01 08:09:40,162 :: INFO :: Stop experiment
2021-09-01 08:09:40,169 :: INFO :: Control node : stop of the experiment
2021-09-01 08:09:40,176 :: INFO :: Control node : profile configuration
2021-09-01 08:09:40,183 :: INFO :: Configure profile on Control Node
2021-09-01 08:09:40,252 :: INFO :: Control node : start power of open node
2021-09-01 08:09:40,294 :: INFO :: Node OpenOCD: teardown of openocd node
2021-09-01 08:09:43,382 :: INFO :: openocd node debugger stop
2021-09-01 08:09:43,978 :: INFO :: Node OpenOCD: flash of openocd node
2021-09-01 08:09:43,993 :: INFO :: Flash firmware on OpenOCD: /usr/lib/python2.7/site-packages/gateway_code/static/m3_idle.elf
2021-09-01 08:09:46,559 :: INFO :: Control node : Stop control node serial interface
2021-09-01 08:09:46,568 :: INFO :: Control node : stop power of open node
2021-09-01 08:09:46,629 :: INFO :: Control node : reset
2021-09-01 08:09:46,636 :: INFO :: Reset Control Node
2021-09-01 08:09:49,529 :: INFO :: Stop experiment succeeded
