2021-09-01 07:08:21,134 :: INFO :: Start experiment: luna-275853
2021-09-01 07:08:21,137 :: INFO :: Control node : Starting of control node serial interface
2021-09-01 07:08:21,140 :: INFO :: Control node : reset
2021-09-01 07:08:21,142 :: INFO :: Reset Control Node
2021-09-01 07:08:24,091 :: INFO :: Control node : start power of open node
2021-09-01 07:08:24,145 :: INFO :: Node OpenOCD: Setup of openocd node
2021-09-01 07:08:27,184 :: INFO :: Node OpenOCD: flash of openocd node
2021-09-01 07:08:27,201 :: INFO :: Flash firmware on OpenOCD: /tmp/tmpJrN5rE--11b39be0afbe655a47f82e084cf5704d_unicast-sender-count-60T-191B.iotlab-m3
2021-09-01 07:08:34,212 :: INFO :: Control node : Start experiment
2021-09-01 07:08:34,272 :: INFO :: Control Node set time delay: 1953 us
2021-09-01 07:08:34,284 :: INFO :: Control node : profile configuration
2021-09-01 07:08:34,288 :: INFO :: Configure profile on Control Node
2021-09-01 07:08:34,328 :: INFO :: Start experiment succeeded
2021-09-01 08:09:40,154 :: INFO :: Gateway Manager : Stop experiment
2021-09-01 08:09:40,164 :: INFO :: Stop experiment
2021-09-01 08:09:40,172 :: INFO :: Control node : stop of the experiment
2021-09-01 08:09:40,179 :: INFO :: Control node : profile configuration
2021-09-01 08:09:40,188 :: INFO :: Configure profile on Control Node
2021-09-01 08:09:40,257 :: INFO :: Control node : start power of open node
2021-09-01 08:09:40,299 :: INFO :: Node OpenOCD: teardown of openocd node
2021-09-01 08:09:43,373 :: INFO :: openocd node debugger stop
2021-09-01 08:09:44,057 :: INFO :: Node OpenOCD: flash of openocd node
2021-09-01 08:09:44,071 :: INFO :: Flash firmware on OpenOCD: /usr/lib/python2.7/site-packages/gateway_code/static/m3_idle.elf
2021-09-01 08:09:46,689 :: INFO :: Control node : Stop control node serial interface
2021-09-01 08:09:46,698 :: INFO :: Control node : stop power of open node
2021-09-01 08:09:46,763 :: INFO :: Control node : reset
2021-09-01 08:09:46,770 :: INFO :: Reset Control Node
2021-09-01 08:09:49,660 :: INFO :: Stop experiment succeeded
