2021-09-01 07:08:21,129 :: INFO :: Start experiment: luna-275853
2021-09-01 07:08:21,132 :: INFO :: Control node : Starting of control node serial interface
2021-09-01 07:08:21,135 :: INFO :: Control node : reset
2021-09-01 07:08:21,137 :: INFO :: Reset Control Node
2021-09-01 07:08:24,089 :: INFO :: Control node : start power of open node
2021-09-01 07:08:24,139 :: INFO :: Node OpenOCD: Setup of openocd node
2021-09-01 07:08:27,167 :: INFO :: Node OpenOCD: flash of openocd node
2021-09-01 07:08:27,184 :: INFO :: Flash firmware on OpenOCD: /tmp/tmpw5sSoP--11b39be0afbe655a47f82e084cf5704d_unicast-sender-count-60T-191B.iotlab-m3
2021-09-01 07:08:34,195 :: INFO :: Control node : Start experiment
2021-09-01 07:08:34,245 :: INFO :: Control Node set time delay: 1465 us
2021-09-01 07:08:34,263 :: INFO :: Control node : profile configuration
2021-09-01 07:08:34,267 :: INFO :: Configure profile on Control Node
2021-09-01 07:08:34,307 :: INFO :: Start experiment succeeded
2021-09-01 08:09:40,162 :: INFO :: Gateway Manager : Stop experiment
2021-09-01 08:09:40,171 :: INFO :: Stop experiment
2021-09-01 08:09:40,181 :: INFO :: Control node : stop of the experiment
2021-09-01 08:09:40,189 :: INFO :: Control node : profile configuration
2021-09-01 08:09:40,196 :: INFO :: Configure profile on Control Node
2021-09-01 08:09:40,268 :: INFO :: Control node : start power of open node
2021-09-01 08:09:40,311 :: INFO :: Node OpenOCD: teardown of openocd node
2021-09-01 08:09:43,361 :: INFO :: openocd node debugger stop
2021-09-01 08:09:44,028 :: INFO :: Node OpenOCD: flash of openocd node
2021-09-01 08:09:44,035 :: INFO :: Flash firmware on OpenOCD: /usr/lib/python2.7/site-packages/gateway_code/static/m3_idle.elf
2021-09-01 08:09:46,540 :: INFO :: Control node : Stop control node serial interface
2021-09-01 08:09:46,549 :: INFO :: Control node : stop power of open node
2021-09-01 08:09:46,632 :: INFO :: Control node : reset
2021-09-01 08:09:46,639 :: INFO :: Reset Control Node
2021-09-01 08:09:49,534 :: INFO :: Stop experiment succeeded
