2021-09-01 07:08:21,134 :: INFO :: Start experiment: luna-275853
2021-09-01 07:08:21,138 :: INFO :: Control node : Starting of control node serial interface
2021-09-01 07:08:21,141 :: INFO :: Control node : reset
2021-09-01 07:08:21,143 :: INFO :: Reset Control Node
2021-09-01 07:08:24,092 :: INFO :: Control node : start power of open node
2021-09-01 07:08:24,148 :: INFO :: Node OpenOCD: Setup of openocd node
2021-09-01 07:08:27,188 :: INFO :: Node OpenOCD: flash of openocd node
2021-09-01 07:08:27,206 :: INFO :: Flash firmware on OpenOCD: /tmp/tmpgbckec--11b39be0afbe655a47f82e084cf5704d_unicast-sender-count-60T-191B.iotlab-m3
2021-09-01 07:08:34,213 :: INFO :: Control node : Start experiment
2021-09-01 07:08:34,245 :: INFO :: Control Node set time delay: 1099 us
2021-09-01 07:08:34,263 :: INFO :: Control node : profile configuration
2021-09-01 07:08:34,267 :: INFO :: Configure profile on Control Node
2021-09-01 07:08:34,311 :: INFO :: Start experiment succeeded
2021-09-01 08:09:40,145 :: INFO :: Gateway Manager : Stop experiment
2021-09-01 08:09:40,154 :: INFO :: Stop experiment
2021-09-01 08:09:40,162 :: INFO :: Control node : stop of the experiment
2021-09-01 08:09:40,171 :: INFO :: Control node : profile configuration
2021-09-01 08:09:40,179 :: INFO :: Configure profile on Control Node
2021-09-01 08:09:40,246 :: INFO :: Control node : start power of open node
2021-09-01 08:09:40,287 :: INFO :: Node OpenOCD: teardown of openocd node
2021-09-01 08:09:43,325 :: INFO :: openocd node debugger stop
2021-09-01 08:09:44,009 :: INFO :: Node OpenOCD: flash of openocd node
2021-09-01 08:09:44,025 :: INFO :: Flash firmware on OpenOCD: /usr/lib/python2.7/site-packages/gateway_code/static/m3_idle.elf
2021-09-01 08:09:46,600 :: INFO :: Control node : Stop control node serial interface
2021-09-01 08:09:46,608 :: INFO :: Control node : stop power of open node
2021-09-01 08:09:46,677 :: INFO :: Control node : reset
2021-09-01 08:09:46,684 :: INFO :: Reset Control Node
2021-09-01 08:09:49,575 :: INFO :: Stop experiment succeeded
