2021-09-01 07:08:21,115 :: INFO :: Start experiment: luna-275853
2021-09-01 07:08:21,119 :: INFO :: Control node : Starting of control node serial interface
2021-09-01 07:08:21,122 :: INFO :: Control node : reset
2021-09-01 07:08:21,124 :: INFO :: Reset Control Node
2021-09-01 07:08:24,067 :: INFO :: Control node : start power of open node
2021-09-01 07:08:24,082 :: INFO :: Node OpenOCD: Setup of openocd node
2021-09-01 07:08:27,119 :: INFO :: Node OpenOCD: flash of openocd node
2021-09-01 07:08:27,137 :: INFO :: Flash firmware on OpenOCD: /tmp/tmpxJiVJg--11b39be0afbe655a47f82e084cf5704d_unicast-sender-count-60T-191B.iotlab-m3
2021-09-01 07:08:34,156 :: INFO :: Control node : Start experiment
2021-09-01 07:08:34,209 :: INFO :: Control Node set time delay: 1648 us
2021-09-01 07:08:34,228 :: INFO :: Control node : profile configuration
2021-09-01 07:08:34,232 :: INFO :: Configure profile on Control Node
2021-09-01 07:08:34,272 :: INFO :: Start experiment succeeded
2021-09-01 08:09:40,148 :: INFO :: Gateway Manager : Stop experiment
2021-09-01 08:09:40,158 :: INFO :: Stop experiment
2021-09-01 08:09:40,166 :: INFO :: Control node : stop of the experiment
2021-09-01 08:09:40,174 :: INFO :: Control node : profile configuration
2021-09-01 08:09:40,181 :: INFO :: Configure profile on Control Node
2021-09-01 08:09:40,255 :: INFO :: Control node : start power of open node
2021-09-01 08:09:40,297 :: INFO :: Node OpenOCD: teardown of openocd node
2021-09-01 08:09:43,366 :: INFO :: openocd node debugger stop
2021-09-01 08:09:43,956 :: INFO :: Node OpenOCD: flash of openocd node
2021-09-01 08:09:43,963 :: INFO :: Flash firmware on OpenOCD: /usr/lib/python2.7/site-packages/gateway_code/static/m3_idle.elf
2021-09-01 08:09:46,522 :: INFO :: Control node : Stop control node serial interface
2021-09-01 08:09:46,527 :: INFO :: Control node : stop power of open node
2021-09-01 08:09:46,581 :: INFO :: Control node : reset
2021-09-01 08:09:46,584 :: INFO :: Reset Control Node
2021-09-01 08:09:49,498 :: INFO :: Stop experiment succeeded
