2021-09-01 07:08:21,160 :: INFO :: Start experiment: luna-275853
2021-09-01 07:08:21,163 :: INFO :: Control node : Starting of control node serial interface
2021-09-01 07:08:21,166 :: INFO :: Control node : reset
2021-09-01 07:08:21,169 :: INFO :: Reset Control Node
2021-09-01 07:08:24,119 :: INFO :: Control node : start power of open node
2021-09-01 07:08:24,175 :: INFO :: Node OpenOCD: Setup of openocd node
2021-09-01 07:08:27,217 :: INFO :: Node OpenOCD: flash of openocd node
2021-09-01 07:08:27,232 :: INFO :: Flash firmware on OpenOCD: /tmp/tmpu2iG4a--11b39be0afbe655a47f82e084cf5704d_unicast-sender-count-60T-191B.iotlab-m3
2021-09-01 07:08:34,239 :: INFO :: Control node : Start experiment
2021-09-01 07:08:34,290 :: INFO :: Control Node set time delay: 1464 us
2021-09-01 07:08:34,323 :: INFO :: Control node : profile configuration
2021-09-01 07:08:34,328 :: INFO :: Configure profile on Control Node
2021-09-01 07:08:34,369 :: INFO :: Start experiment succeeded
2021-09-01 08:09:40,190 :: INFO :: Gateway Manager : Stop experiment
2021-09-01 08:09:40,203 :: INFO :: Stop experiment
2021-09-01 08:09:40,211 :: INFO :: Control node : stop of the experiment
2021-09-01 08:09:40,218 :: INFO :: Control node : profile configuration
2021-09-01 08:09:40,226 :: INFO :: Configure profile on Control Node
2021-09-01 08:09:40,298 :: INFO :: Control node : start power of open node
2021-09-01 08:09:40,343 :: INFO :: Node OpenOCD: teardown of openocd node
2021-09-01 08:09:43,385 :: INFO :: openocd node debugger stop
2021-09-01 08:09:44,073 :: INFO :: Node OpenOCD: flash of openocd node
2021-09-01 08:09:44,087 :: INFO :: Flash firmware on OpenOCD: /usr/lib/python2.7/site-packages/gateway_code/static/m3_idle.elf
2021-09-01 08:09:46,647 :: INFO :: Control node : Stop control node serial interface
2021-09-01 08:09:46,651 :: INFO :: Control node : stop power of open node
2021-09-01 08:09:46,687 :: INFO :: Control node : reset
2021-09-01 08:09:46,691 :: INFO :: Reset Control Node
2021-09-01 08:09:49,616 :: INFO :: Stop experiment succeeded
