2021-09-01 07:08:21,139 :: INFO :: Start experiment: luna-275853
2021-09-01 07:08:21,142 :: INFO :: Control node : Starting of control node serial interface
2021-09-01 07:08:21,145 :: INFO :: Control node : reset
2021-09-01 07:08:21,147 :: INFO :: Reset Control Node
2021-09-01 07:08:24,050 :: INFO :: Control node : start power of open node
2021-09-01 07:08:24,106 :: INFO :: Node OpenOCD: Setup of openocd node
2021-09-01 07:08:27,142 :: INFO :: Node OpenOCD: flash of openocd node
2021-09-01 07:08:27,160 :: INFO :: Flash firmware on OpenOCD: /tmp/tmp4sGPin--11b39be0afbe655a47f82e084cf5704d_unicast-sender-count-60T-191B.iotlab-m3
2021-09-01 07:08:34,162 :: INFO :: Control node : Start experiment
2021-09-01 07:08:34,218 :: INFO :: Control Node set time delay: 1678 us
2021-09-01 07:08:34,237 :: INFO :: Control node : profile configuration
2021-09-01 07:08:34,240 :: INFO :: Configure profile on Control Node
2021-09-01 07:08:34,281 :: INFO :: Start experiment succeeded
2021-09-01 08:09:40,150 :: INFO :: Gateway Manager : Stop experiment
2021-09-01 08:09:40,160 :: INFO :: Stop experiment
2021-09-01 08:09:40,168 :: INFO :: Control node : stop of the experiment
2021-09-01 08:09:40,176 :: INFO :: Control node : profile configuration
2021-09-01 08:09:40,185 :: INFO :: Configure profile on Control Node
2021-09-01 08:09:40,257 :: INFO :: Control node : start power of open node
2021-09-01 08:09:40,300 :: INFO :: Node OpenOCD: teardown of openocd node
2021-09-01 08:09:43,354 :: INFO :: openocd node debugger stop
2021-09-01 08:09:44,046 :: INFO :: Node OpenOCD: flash of openocd node
2021-09-01 08:09:44,061 :: INFO :: Flash firmware on OpenOCD: /usr/lib/python2.7/site-packages/gateway_code/static/m3_idle.elf
2021-09-01 08:09:46,624 :: INFO :: Control node : Stop control node serial interface
2021-09-01 08:09:46,629 :: INFO :: Control node : stop power of open node
2021-09-01 08:09:46,668 :: INFO :: Control node : reset
2021-09-01 08:09:46,672 :: INFO :: Reset Control Node
2021-09-01 08:09:49,588 :: INFO :: Stop experiment succeeded
