2021-09-01 07:08:21,080 :: INFO :: Start experiment: luna-275853
2021-09-01 07:08:21,083 :: INFO :: Control node : Starting of control node serial interface
2021-09-01 07:08:21,086 :: INFO :: Control node : reset
2021-09-01 07:08:21,088 :: INFO :: Reset Control Node
2021-09-01 07:08:24,045 :: INFO :: Control node : start power of open node
2021-09-01 07:08:24,102 :: INFO :: Node OpenOCD: Setup of openocd node
2021-09-01 07:08:27,152 :: INFO :: Node OpenOCD: flash of openocd node
2021-09-01 07:08:27,167 :: INFO :: Flash firmware on OpenOCD: /tmp/tmpVXWn10--11b39be0afbe655a47f82e084cf5704d_unicast-sender-count-60T-191B.iotlab-m3
2021-09-01 07:08:34,046 :: INFO :: Control node : Start experiment
2021-09-01 07:08:34,107 :: INFO :: Control Node set time delay: 1160 us
2021-09-01 07:08:34,132 :: INFO :: Control node : profile configuration
2021-09-01 07:08:34,138 :: INFO :: Configure profile on Control Node
2021-09-01 07:08:34,216 :: INFO :: Start experiment succeeded
2021-09-01 08:09:40,182 :: INFO :: Gateway Manager : Stop experiment
2021-09-01 08:09:40,196 :: INFO :: Stop experiment
2021-09-01 08:09:40,206 :: INFO :: Control node : stop of the experiment
2021-09-01 08:09:40,213 :: INFO :: Control node : profile configuration
2021-09-01 08:09:40,220 :: INFO :: Configure profile on Control Node
2021-09-01 08:09:40,294 :: INFO :: Control node : start power of open node
2021-09-01 08:09:40,340 :: INFO :: Node OpenOCD: teardown of openocd node
2021-09-01 08:09:43,376 :: INFO :: openocd node debugger stop
2021-09-01 08:09:44,062 :: INFO :: Node OpenOCD: flash of openocd node
2021-09-01 08:09:44,076 :: INFO :: Flash firmware on OpenOCD: /usr/lib/python2.7/site-packages/gateway_code/static/m3_idle.elf
2021-09-01 08:09:46,646 :: INFO :: Control node : Stop control node serial interface
2021-09-01 08:09:46,655 :: INFO :: Control node : stop power of open node
2021-09-01 08:09:46,733 :: INFO :: Control node : reset
2021-09-01 08:09:46,740 :: INFO :: Reset Control Node
2021-09-01 08:09:49,628 :: INFO :: Stop experiment succeeded
