2021-09-01 07:08:21,141 :: INFO :: Start experiment: luna-275853
2021-09-01 07:08:21,145 :: INFO :: Control node : Starting of control node serial interface
2021-09-01 07:08:21,147 :: INFO :: Control node : reset
2021-09-01 07:08:21,150 :: INFO :: Reset Control Node
2021-09-01 07:08:24,054 :: INFO :: Control node : start power of open node
2021-09-01 07:08:24,111 :: INFO :: Node OpenOCD: Setup of openocd node
2021-09-01 07:08:27,159 :: INFO :: Node OpenOCD: flash of openocd node
2021-09-01 07:08:27,177 :: INFO :: Flash firmware on OpenOCD: /tmp/tmpVn4ZsF--11b39be0afbe655a47f82e084cf5704d_unicast-sender-count-60T-191B.iotlab-m3
2021-09-01 07:08:34,181 :: INFO :: Control node : Start experiment
2021-09-01 07:08:34,229 :: INFO :: Control Node set time delay: 1831 us
2021-09-01 07:08:34,260 :: INFO :: Control node : profile configuration
2021-09-01 07:08:34,267 :: INFO :: Configure profile on Control Node
2021-09-01 07:08:34,309 :: INFO :: Start experiment succeeded
2021-09-01 08:09:40,159 :: INFO :: Gateway Manager : Stop experiment
2021-09-01 08:09:40,169 :: INFO :: Stop experiment
2021-09-01 08:09:40,176 :: INFO :: Control node : stop of the experiment
2021-09-01 08:09:40,186 :: INFO :: Control node : profile configuration
2021-09-01 08:09:40,193 :: INFO :: Configure profile on Control Node
2021-09-01 08:09:40,259 :: INFO :: Control node : start power of open node
2021-09-01 08:09:40,300 :: INFO :: Node OpenOCD: teardown of openocd node
2021-09-01 08:09:43,359 :: INFO :: openocd node debugger stop
2021-09-01 08:09:44,017 :: INFO :: Node OpenOCD: flash of openocd node
2021-09-01 08:09:44,024 :: INFO :: Flash firmware on OpenOCD: /usr/lib/python2.7/site-packages/gateway_code/static/m3_idle.elf
2021-09-01 08:09:46,477 :: INFO :: Control node : Stop control node serial interface
2021-09-01 08:09:46,486 :: INFO :: Control node : stop power of open node
2021-09-01 08:09:46,554 :: INFO :: Control node : reset
2021-09-01 08:09:46,560 :: INFO :: Reset Control Node
2021-09-01 08:09:49,453 :: INFO :: Stop experiment succeeded
