2021-09-01 07:08:21,089 :: INFO :: Start experiment: luna-275853
2021-09-01 07:08:21,092 :: INFO :: Control node : Starting of control node serial interface
2021-09-01 07:08:21,095 :: INFO :: Control node : reset
2021-09-01 07:08:21,098 :: INFO :: Reset Control Node
2021-09-01 07:08:24,048 :: INFO :: Control node : start power of open node
2021-09-01 07:08:24,102 :: INFO :: Node OpenOCD: Setup of openocd node
2021-09-01 07:08:27,143 :: INFO :: Node OpenOCD: flash of openocd node
2021-09-01 07:08:27,162 :: INFO :: Flash firmware on OpenOCD: /tmp/tmpu_K6du--ddd0625ff8382e7208c25657471d6a4a_unicast-receiver-count.iotlab-m3
2021-09-01 07:08:33,699 :: INFO :: Control node : Start experiment
2021-09-01 07:08:33,757 :: INFO :: Control Node set time delay: 1160 us
2021-09-01 07:08:33,782 :: INFO :: Control node : profile configuration
2021-09-01 07:08:33,789 :: INFO :: Configure profile on Control Node
2021-09-01 07:08:33,867 :: INFO :: Start experiment succeeded
2021-09-01 08:09:40,200 :: INFO :: Gateway Manager : Stop experiment
2021-09-01 08:09:40,210 :: INFO :: Stop experiment
2021-09-01 08:09:40,218 :: INFO :: Control node : stop of the experiment
2021-09-01 08:09:40,226 :: INFO :: Control node : profile configuration
2021-09-01 08:09:40,233 :: INFO :: Configure profile on Control Node
2021-09-01 08:09:40,309 :: INFO :: Control node : start power of open node
2021-09-01 08:09:40,354 :: INFO :: Node OpenOCD: teardown of openocd node
2021-09-01 08:09:43,393 :: INFO :: openocd node debugger stop
2021-09-01 08:09:44,085 :: INFO :: Node OpenOCD: flash of openocd node
2021-09-01 08:09:44,099 :: INFO :: Flash firmware on OpenOCD: /usr/lib/python2.7/site-packages/gateway_code/static/m3_idle.elf
2021-09-01 08:09:46,640 :: INFO :: Control node : Stop control node serial interface
2021-09-01 08:09:46,649 :: INFO :: Control node : stop power of open node
2021-09-01 08:09:46,730 :: INFO :: Control node : reset
2021-09-01 08:09:46,736 :: INFO :: Reset Control Node
2021-09-01 08:09:49,580 :: INFO :: Stop experiment succeeded
