2021-09-01 07:08:21,124 :: INFO :: Start experiment: luna-275853
2021-09-01 07:08:21,127 :: INFO :: Control node : Starting of control node serial interface
2021-09-01 07:08:21,130 :: INFO :: Control node : reset
2021-09-01 07:08:21,133 :: INFO :: Reset Control Node
2021-09-01 07:08:24,090 :: INFO :: Control node : start power of open node
2021-09-01 07:08:24,145 :: INFO :: Node OpenOCD: Setup of openocd node
2021-09-01 07:08:27,195 :: INFO :: Node OpenOCD: flash of openocd node
2021-09-01 07:08:27,210 :: INFO :: Flash firmware on OpenOCD: /tmp/tmpzMZ5HI--11b39be0afbe655a47f82e084cf5704d_unicast-sender-count-60T-191B.iotlab-m3
2021-09-01 07:08:34,064 :: INFO :: Control node : Start experiment
2021-09-01 07:08:34,134 :: INFO :: Control Node set time delay: 1190 us
2021-09-01 07:08:34,167 :: INFO :: Control node : profile configuration
2021-09-01 07:08:34,173 :: INFO :: Configure profile on Control Node
2021-09-01 07:08:34,252 :: INFO :: Start experiment succeeded
2021-09-01 08:09:40,200 :: INFO :: Gateway Manager : Stop experiment
2021-09-01 08:09:40,218 :: INFO :: Stop experiment
2021-09-01 08:09:40,237 :: INFO :: Control node : stop of the experiment
2021-09-01 08:09:40,252 :: INFO :: Control node : profile configuration
2021-09-01 08:09:40,264 :: INFO :: Configure profile on Control Node
2021-09-01 08:09:40,333 :: INFO :: Control node : start power of open node
2021-09-01 08:09:40,375 :: INFO :: Node OpenOCD: teardown of openocd node
2021-09-01 08:09:43,415 :: INFO :: openocd node debugger stop
2021-09-01 08:09:44,098 :: INFO :: Node OpenOCD: flash of openocd node
2021-09-01 08:09:44,105 :: INFO :: Flash firmware on OpenOCD: /usr/lib/python2.7/site-packages/gateway_code/static/m3_idle.elf
2021-09-01 08:09:46,560 :: INFO :: Control node : Stop control node serial interface
2021-09-01 08:09:46,565 :: INFO :: Control node : stop power of open node
2021-09-01 08:09:46,615 :: INFO :: Control node : reset
2021-09-01 08:09:46,619 :: INFO :: Reset Control Node
2021-09-01 08:09:49,547 :: INFO :: Stop experiment succeeded
