2021-09-01 07:08:21,093 :: INFO :: Start experiment: luna-275853
2021-09-01 07:08:21,096 :: INFO :: Control node : Starting of control node serial interface
2021-09-01 07:08:21,099 :: INFO :: Control node : reset
2021-09-01 07:08:21,102 :: INFO :: Reset Control Node
2021-09-01 07:08:24,104 :: INFO :: Control node : start power of open node
2021-09-01 07:08:24,161 :: INFO :: Node OpenOCD: Setup of openocd node
2021-09-01 07:08:27,199 :: INFO :: Node OpenOCD: flash of openocd node
2021-09-01 07:08:27,214 :: INFO :: Flash firmware on OpenOCD: /tmp/tmpcCbJUW--11b39be0afbe655a47f82e084cf5704d_unicast-sender-count-60T-191B.iotlab-m3
2021-09-01 07:08:34,180 :: INFO :: Control node : Start experiment
2021-09-01 07:08:34,230 :: INFO :: Control Node set time delay: 1373 us
2021-09-01 07:08:34,262 :: INFO :: Control node : profile configuration
2021-09-01 07:08:34,269 :: INFO :: Configure profile on Control Node
2021-09-01 07:08:34,334 :: INFO :: Start experiment succeeded
2021-09-01 08:09:40,153 :: INFO :: Gateway Manager : Stop experiment
2021-09-01 08:09:40,162 :: INFO :: Stop experiment
2021-09-01 08:09:40,171 :: INFO :: Control node : stop of the experiment
2021-09-01 08:09:40,178 :: INFO :: Control node : profile configuration
2021-09-01 08:09:40,188 :: INFO :: Configure profile on Control Node
2021-09-01 08:09:40,259 :: INFO :: Control node : start power of open node
2021-09-01 08:09:40,303 :: INFO :: Node OpenOCD: teardown of openocd node
2021-09-01 08:09:43,358 :: INFO :: openocd node debugger stop
2021-09-01 08:09:44,016 :: INFO :: Node OpenOCD: flash of openocd node
2021-09-01 08:09:44,023 :: INFO :: Flash firmware on OpenOCD: /usr/lib/python2.7/site-packages/gateway_code/static/m3_idle.elf
2021-09-01 08:09:46,579 :: INFO :: Control node : Stop control node serial interface
2021-09-01 08:09:46,587 :: INFO :: Control node : stop power of open node
2021-09-01 08:09:46,654 :: INFO :: Control node : reset
2021-09-01 08:09:46,661 :: INFO :: Reset Control Node
2021-09-01 08:09:49,551 :: INFO :: Stop experiment succeeded
