2021-09-01 07:08:21,117 :: INFO :: Start experiment: luna-275853
2021-09-01 07:08:21,120 :: INFO :: Control node : Starting of control node serial interface
2021-09-01 07:08:21,123 :: INFO :: Control node : reset
2021-09-01 07:08:21,126 :: INFO :: Reset Control Node
2021-09-01 07:08:24,081 :: INFO :: Control node : start power of open node
2021-09-01 07:08:24,137 :: INFO :: Node OpenOCD: Setup of openocd node
2021-09-01 07:08:27,181 :: INFO :: Node OpenOCD: flash of openocd node
2021-09-01 07:08:27,195 :: INFO :: Flash firmware on OpenOCD: /tmp/tmp_AuNuV--11b39be0afbe655a47f82e084cf5704d_unicast-sender-count-60T-191B.iotlab-m3
2021-09-01 07:08:34,084 :: INFO :: Control node : Start experiment
2021-09-01 07:08:34,152 :: INFO :: Control Node set time delay: 1892 us
2021-09-01 07:08:34,174 :: INFO :: Control node : profile configuration
2021-09-01 07:08:34,181 :: INFO :: Configure profile on Control Node
2021-09-01 07:08:34,259 :: INFO :: Start experiment succeeded
2021-09-01 08:09:40,187 :: INFO :: Gateway Manager : Stop experiment
2021-09-01 08:09:40,198 :: INFO :: Stop experiment
2021-09-01 08:09:40,207 :: INFO :: Control node : stop of the experiment
2021-09-01 08:09:40,214 :: INFO :: Control node : profile configuration
2021-09-01 08:09:40,221 :: INFO :: Configure profile on Control Node
2021-09-01 08:09:40,298 :: INFO :: Control node : start power of open node
2021-09-01 08:09:40,342 :: INFO :: Node OpenOCD: teardown of openocd node
2021-09-01 08:09:43,408 :: INFO :: openocd node debugger stop
2021-09-01 08:09:44,101 :: INFO :: Node OpenOCD: flash of openocd node
2021-09-01 08:09:44,115 :: INFO :: Flash firmware on OpenOCD: /usr/lib/python2.7/site-packages/gateway_code/static/m3_idle.elf
2021-09-01 08:09:46,654 :: INFO :: Control node : Stop control node serial interface
2021-09-01 08:09:46,662 :: INFO :: Control node : stop power of open node
2021-09-01 08:09:46,727 :: INFO :: Control node : reset
2021-09-01 08:09:46,734 :: INFO :: Reset Control Node
2021-09-01 08:09:49,622 :: INFO :: Stop experiment succeeded
