2021-08-28 05:15:15,503 :: INFO :: Start experiment: luna-275610
2021-08-28 05:15:15,507 :: INFO :: Control node : Starting of control node serial interface
2021-08-28 05:15:15,510 :: INFO :: Control node : reset
2021-08-28 05:15:15,512 :: INFO :: Reset Control Node
2021-08-28 05:15:18,417 :: INFO :: Control node : start power of open node
2021-08-28 05:15:18,475 :: INFO :: Node OpenOCD: Setup of openocd node
2021-08-28 05:15:21,514 :: INFO :: Node OpenOCD: flash of openocd node
2021-08-28 05:15:21,531 :: INFO :: Flash firmware on OpenOCD: /tmp/tmpAMBdU1--c646a7bd7eca22cfbffed9b70d2e0c90_unicast-sender-count-60T-100B.iotlab-m3
2021-08-28 05:15:28,489 :: INFO :: Control node : Start experiment
2021-08-28 05:15:28,539 :: INFO :: Control Node set time delay: 1678 us
2021-08-28 05:15:28,571 :: INFO :: Control node : profile configuration
2021-08-28 05:15:28,578 :: INFO :: Configure profile on Control Node
2021-08-28 05:15:28,637 :: INFO :: Start experiment succeeded
2021-08-28 06:16:34,517 :: INFO :: Gateway Manager : Stop experiment
2021-08-28 06:16:34,528 :: INFO :: Stop experiment
2021-08-28 06:16:34,536 :: INFO :: Control node : stop of the experiment
2021-08-28 06:16:34,543 :: INFO :: Control node : profile configuration
2021-08-28 06:16:34,550 :: INFO :: Configure profile on Control Node
2021-08-28 06:16:34,620 :: INFO :: Control node : start power of open node
2021-08-28 06:16:34,662 :: INFO :: Node OpenOCD: teardown of openocd node
2021-08-28 06:16:37,701 :: INFO :: openocd node debugger stop
2021-08-28 06:16:38,394 :: INFO :: Node OpenOCD: flash of openocd node
2021-08-28 06:16:38,409 :: INFO :: Flash firmware on OpenOCD: /usr/lib/python2.7/site-packages/gateway_code/static/m3_idle.elf
2021-08-28 06:16:41,006 :: INFO :: Control node : Stop control node serial interface
2021-08-28 06:16:41,011 :: INFO :: Control node : stop power of open node
2021-08-28 06:16:41,061 :: INFO :: Control node : reset
2021-08-28 06:16:41,065 :: INFO :: Reset Control Node
2021-08-28 06:16:43,985 :: INFO :: Stop experiment succeeded
