2021-08-28 05:15:15,538 :: INFO :: Start experiment: luna-275610
2021-08-28 05:15:15,542 :: INFO :: Control node : Starting of control node serial interface
2021-08-28 05:15:15,544 :: INFO :: Control node : reset
2021-08-28 05:15:15,547 :: INFO :: Reset Control Node
2021-08-28 05:15:18,492 :: INFO :: Control node : start power of open node
2021-08-28 05:15:18,546 :: INFO :: Node OpenOCD: Setup of openocd node
2021-08-28 05:15:21,586 :: INFO :: Node OpenOCD: flash of openocd node
2021-08-28 05:15:21,604 :: INFO :: Flash firmware on OpenOCD: /tmp/tmp5efH1h--c646a7bd7eca22cfbffed9b70d2e0c90_unicast-sender-count-60T-100B.iotlab-m3
2021-08-28 05:15:28,557 :: INFO :: Control node : Start experiment
2021-08-28 05:15:28,609 :: INFO :: Control Node set time delay: 1496 us
2021-08-28 05:15:28,637 :: INFO :: Control node : profile configuration
2021-08-28 05:15:28,640 :: INFO :: Configure profile on Control Node
2021-08-28 05:15:28,682 :: INFO :: Start experiment succeeded
2021-08-28 06:16:34,551 :: INFO :: Gateway Manager : Stop experiment
2021-08-28 06:16:34,587 :: INFO :: Stop experiment
2021-08-28 06:16:34,624 :: INFO :: Control node : stop of the experiment
2021-08-28 06:16:34,661 :: INFO :: Control node : profile configuration
2021-08-28 06:16:34,692 :: INFO :: Configure profile on Control Node
2021-08-28 06:16:34,781 :: INFO :: Control node : start power of open node
2021-08-28 06:16:34,801 :: INFO :: Node OpenOCD: teardown of openocd node
2021-08-28 06:16:37,832 :: INFO :: openocd node debugger stop
2021-08-28 06:16:38,516 :: INFO :: Node OpenOCD: flash of openocd node
2021-08-28 06:16:38,530 :: INFO :: Flash firmware on OpenOCD: /usr/lib/python2.7/site-packages/gateway_code/static/m3_idle.elf
2021-08-28 06:16:41,146 :: INFO :: Control node : Stop control node serial interface
2021-08-28 06:16:41,155 :: INFO :: Control node : stop power of open node
2021-08-28 06:16:41,231 :: INFO :: Control node : reset
2021-08-28 06:16:41,237 :: INFO :: Reset Control Node
2021-08-28 06:16:44,128 :: INFO :: Stop experiment succeeded
