2021-08-28 05:15:15,478 :: INFO :: Start experiment: luna-275610
2021-08-28 05:15:15,481 :: INFO :: Control node : Starting of control node serial interface
2021-08-28 05:15:15,484 :: INFO :: Control node : reset
2021-08-28 05:15:15,487 :: INFO :: Reset Control Node
2021-08-28 05:15:18,335 :: INFO :: Control node : start power of open node
2021-08-28 05:15:18,362 :: INFO :: Node OpenOCD: Setup of openocd node
2021-08-28 05:15:21,402 :: INFO :: Node OpenOCD: flash of openocd node
2021-08-28 05:15:21,421 :: INFO :: Flash firmware on OpenOCD: /tmp/tmpArlp_l--c646a7bd7eca22cfbffed9b70d2e0c90_unicast-sender-count-60T-100B.iotlab-m3
2021-08-28 05:15:28,401 :: INFO :: Control node : Start experiment
2021-08-28 05:15:28,481 :: INFO :: Control Node set time delay: 1739 us
2021-08-28 05:15:28,519 :: INFO :: Control node : profile configuration
2021-08-28 05:15:28,525 :: INFO :: Configure profile on Control Node
2021-08-28 05:15:28,564 :: INFO :: Start experiment succeeded
2021-08-28 06:16:34,530 :: INFO :: Gateway Manager : Stop experiment
2021-08-28 06:16:34,549 :: INFO :: Stop experiment
2021-08-28 06:16:34,569 :: INFO :: Control node : stop of the experiment
2021-08-28 06:16:34,586 :: INFO :: Control node : profile configuration
2021-08-28 06:16:34,601 :: INFO :: Configure profile on Control Node
2021-08-28 06:16:34,726 :: INFO :: Control node : start power of open node
2021-08-28 06:16:34,747 :: INFO :: Node OpenOCD: teardown of openocd node
2021-08-28 06:16:37,784 :: INFO :: openocd node debugger stop
2021-08-28 06:16:38,474 :: INFO :: Node OpenOCD: flash of openocd node
2021-08-28 06:16:38,489 :: INFO :: Flash firmware on OpenOCD: /usr/lib/python2.7/site-packages/gateway_code/static/m3_idle.elf
2021-08-28 06:16:41,106 :: INFO :: Control node : Stop control node serial interface
2021-08-28 06:16:41,114 :: INFO :: Control node : stop power of open node
2021-08-28 06:16:41,181 :: INFO :: Control node : reset
2021-08-28 06:16:41,188 :: INFO :: Reset Control Node
2021-08-28 06:16:44,071 :: INFO :: Stop experiment succeeded
