2021-08-28 05:15:15,498 :: INFO :: Start experiment: luna-275610
2021-08-28 05:15:15,502 :: INFO :: Control node : Starting of control node serial interface
2021-08-28 05:15:15,505 :: INFO :: Control node : reset
2021-08-28 05:15:15,507 :: INFO :: Reset Control Node
2021-08-28 05:15:18,427 :: INFO :: Control node : start power of open node
2021-08-28 05:15:18,456 :: INFO :: Node OpenOCD: Setup of openocd node
2021-08-28 05:15:21,491 :: INFO :: Node OpenOCD: flash of openocd node
2021-08-28 05:15:21,509 :: INFO :: Flash firmware on OpenOCD: /tmp/tmpvifBFf--c646a7bd7eca22cfbffed9b70d2e0c90_unicast-sender-count-60T-100B.iotlab-m3
2021-08-28 05:15:28,402 :: INFO :: Control node : Start experiment
2021-08-28 05:15:28,469 :: INFO :: Control Node set time delay: 1770 us
2021-08-28 05:15:28,485 :: INFO :: Control node : profile configuration
2021-08-28 05:15:28,493 :: INFO :: Configure profile on Control Node
2021-08-28 05:15:28,571 :: INFO :: Start experiment succeeded
2021-08-28 06:16:34,481 :: INFO :: Gateway Manager : Stop experiment
2021-08-28 06:16:34,491 :: INFO :: Stop experiment
2021-08-28 06:16:34,500 :: INFO :: Control node : stop of the experiment
2021-08-28 06:16:34,508 :: INFO :: Control node : profile configuration
2021-08-28 06:16:34,515 :: INFO :: Configure profile on Control Node
2021-08-28 06:16:34,589 :: INFO :: Control node : start power of open node
2021-08-28 06:16:34,633 :: INFO :: Node OpenOCD: teardown of openocd node
2021-08-28 06:16:37,697 :: INFO :: openocd node debugger stop
2021-08-28 06:16:38,393 :: INFO :: Node OpenOCD: flash of openocd node
2021-08-28 06:16:38,407 :: INFO :: Flash firmware on OpenOCD: /usr/lib/python2.7/site-packages/gateway_code/static/m3_idle.elf
2021-08-28 06:16:40,925 :: INFO :: Control node : Stop control node serial interface
2021-08-28 06:16:40,933 :: INFO :: Control node : stop power of open node
2021-08-28 06:16:41,003 :: INFO :: Control node : reset
2021-08-28 06:16:41,009 :: INFO :: Reset Control Node
2021-08-28 06:16:43,903 :: INFO :: Stop experiment succeeded
