2021-08-28 05:15:15,447 :: INFO :: Start experiment: luna-275610
2021-08-28 05:15:15,451 :: INFO :: Control node : Starting of control node serial interface
2021-08-28 05:15:15,454 :: INFO :: Control node : reset
2021-08-28 05:15:15,457 :: INFO :: Reset Control Node
2021-08-28 05:15:18,361 :: INFO :: Control node : start power of open node
2021-08-28 05:15:18,390 :: INFO :: Node OpenOCD: Setup of openocd node
2021-08-28 05:15:21,428 :: INFO :: Node OpenOCD: flash of openocd node
2021-08-28 05:15:21,446 :: INFO :: Flash firmware on OpenOCD: /tmp/tmpeNEQM5--c646a7bd7eca22cfbffed9b70d2e0c90_unicast-sender-count-60T-100B.iotlab-m3
2021-08-28 05:15:28,465 :: INFO :: Control node : Start experiment
2021-08-28 05:15:28,520 :: INFO :: Control Node set time delay: 1221 us
2021-08-28 05:15:28,543 :: INFO :: Control node : profile configuration
2021-08-28 05:15:28,549 :: INFO :: Configure profile on Control Node
2021-08-28 05:15:28,606 :: INFO :: Start experiment succeeded
2021-08-28 06:16:34,523 :: INFO :: Gateway Manager : Stop experiment
2021-08-28 06:16:34,532 :: INFO :: Stop experiment
2021-08-28 06:16:34,540 :: INFO :: Control node : stop of the experiment
2021-08-28 06:16:34,547 :: INFO :: Control node : profile configuration
2021-08-28 06:16:34,554 :: INFO :: Configure profile on Control Node
2021-08-28 06:16:34,624 :: INFO :: Control node : start power of open node
2021-08-28 06:16:34,666 :: INFO :: Node OpenOCD: teardown of openocd node
2021-08-28 06:16:37,716 :: INFO :: openocd node debugger stop
2021-08-28 06:16:38,404 :: INFO :: Node OpenOCD: flash of openocd node
2021-08-28 06:16:38,420 :: INFO :: Flash firmware on OpenOCD: /usr/lib/python2.7/site-packages/gateway_code/static/m3_idle.elf
2021-08-28 06:16:41,037 :: INFO :: Control node : Stop control node serial interface
2021-08-28 06:16:41,046 :: INFO :: Control node : stop power of open node
2021-08-28 06:16:41,113 :: INFO :: Control node : reset
2021-08-28 06:16:41,120 :: INFO :: Reset Control Node
2021-08-28 06:16:44,013 :: INFO :: Stop experiment succeeded
