2021-08-28 05:15:15,475 :: INFO :: Start experiment: luna-275610
2021-08-28 05:15:15,479 :: INFO :: Control node : Starting of control node serial interface
2021-08-28 05:15:15,481 :: INFO :: Control node : reset
2021-08-28 05:15:15,484 :: INFO :: Reset Control Node
2021-08-28 05:15:18,437 :: INFO :: Control node : start power of open node
2021-08-28 05:15:18,492 :: INFO :: Node OpenOCD: Setup of openocd node
2021-08-28 05:15:21,533 :: INFO :: Node OpenOCD: flash of openocd node
2021-08-28 05:15:21,548 :: INFO :: Flash firmware on OpenOCD: /tmp/tmpXIYasJ--c646a7bd7eca22cfbffed9b70d2e0c90_unicast-sender-count-60T-100B.iotlab-m3
2021-08-28 05:15:28,547 :: INFO :: Control node : Start experiment
2021-08-28 05:15:28,595 :: INFO :: Control Node set time delay: 1587 us
2021-08-28 05:15:28,618 :: INFO :: Control node : profile configuration
2021-08-28 05:15:28,621 :: INFO :: Configure profile on Control Node
2021-08-28 05:15:28,662 :: INFO :: Start experiment succeeded
2021-08-28 06:16:34,513 :: INFO :: Gateway Manager : Stop experiment
2021-08-28 06:16:34,523 :: INFO :: Stop experiment
2021-08-28 06:16:34,532 :: INFO :: Control node : stop of the experiment
2021-08-28 06:16:34,539 :: INFO :: Control node : profile configuration
2021-08-28 06:16:34,546 :: INFO :: Configure profile on Control Node
2021-08-28 06:16:34,620 :: INFO :: Control node : start power of open node
2021-08-28 06:16:34,664 :: INFO :: Node OpenOCD: teardown of openocd node
2021-08-28 06:16:37,701 :: INFO :: openocd node debugger stop
2021-08-28 06:16:38,386 :: INFO :: Node OpenOCD: flash of openocd node
2021-08-28 06:16:38,393 :: INFO :: Flash firmware on OpenOCD: /usr/lib/python2.7/site-packages/gateway_code/static/m3_idle.elf
2021-08-28 06:16:40,853 :: INFO :: Control node : Stop control node serial interface
2021-08-28 06:16:40,862 :: INFO :: Control node : stop power of open node
2021-08-28 06:16:40,921 :: INFO :: Control node : reset
2021-08-28 06:16:40,928 :: INFO :: Reset Control Node
2021-08-28 06:16:43,808 :: INFO :: Stop experiment succeeded
