2021-08-28 05:15:15,447 :: INFO :: Start experiment: luna-275610
2021-08-28 05:15:15,451 :: INFO :: Control node : Starting of control node serial interface
2021-08-28 05:15:15,453 :: INFO :: Control node : reset
2021-08-28 05:15:15,456 :: INFO :: Reset Control Node
2021-08-28 05:15:18,408 :: INFO :: Control node : start power of open node
2021-08-28 05:15:18,464 :: INFO :: Node OpenOCD: Setup of openocd node
2021-08-28 05:15:21,514 :: INFO :: Node OpenOCD: flash of openocd node
2021-08-28 05:15:21,529 :: INFO :: Flash firmware on OpenOCD: /tmp/tmpmVsqL3--c646a7bd7eca22cfbffed9b70d2e0c90_unicast-sender-count-60T-100B.iotlab-m3
2021-08-28 05:15:28,506 :: INFO :: Control node : Start experiment
2021-08-28 05:15:28,594 :: INFO :: Control Node set time delay: 1831 us
2021-08-28 05:15:28,615 :: INFO :: Control node : profile configuration
2021-08-28 05:15:28,619 :: INFO :: Configure profile on Control Node
2021-08-28 05:15:28,660 :: INFO :: Start experiment succeeded
2021-08-28 06:16:34,529 :: INFO :: Gateway Manager : Stop experiment
2021-08-28 06:16:34,542 :: INFO :: Stop experiment
2021-08-28 06:16:34,553 :: INFO :: Control node : stop of the experiment
2021-08-28 06:16:34,564 :: INFO :: Control node : profile configuration
2021-08-28 06:16:34,575 :: INFO :: Configure profile on Control Node
2021-08-28 06:16:34,673 :: INFO :: Control node : start power of open node
2021-08-28 06:16:34,718 :: INFO :: Node OpenOCD: teardown of openocd node
2021-08-28 06:16:37,774 :: INFO :: openocd node debugger stop
2021-08-28 06:16:38,455 :: INFO :: Node OpenOCD: flash of openocd node
2021-08-28 06:16:38,470 :: INFO :: Flash firmware on OpenOCD: /usr/lib/python2.7/site-packages/gateway_code/static/m3_idle.elf
2021-08-28 06:16:41,083 :: INFO :: Control node : Stop control node serial interface
2021-08-28 06:16:41,091 :: INFO :: Control node : stop power of open node
2021-08-28 06:16:41,157 :: INFO :: Control node : reset
2021-08-28 06:16:41,163 :: INFO :: Reset Control Node
2021-08-28 06:16:44,055 :: INFO :: Stop experiment succeeded
