2021-08-28 05:15:15,496 :: INFO :: Start experiment: luna-275610
2021-08-28 05:15:15,500 :: INFO :: Control node : Starting of control node serial interface
2021-08-28 05:15:15,503 :: INFO :: Control node : reset
2021-08-28 05:15:15,505 :: INFO :: Reset Control Node
2021-08-28 05:15:18,457 :: INFO :: Control node : start power of open node
2021-08-28 05:15:18,513 :: INFO :: Node OpenOCD: Setup of openocd node
2021-08-28 05:15:21,563 :: INFO :: Node OpenOCD: flash of openocd node
2021-08-28 05:15:21,579 :: INFO :: Flash firmware on OpenOCD: /tmp/tmpfe5v4C--c646a7bd7eca22cfbffed9b70d2e0c90_unicast-sender-count-60T-100B.iotlab-m3
2021-08-28 05:15:28,479 :: INFO :: Control node : Start experiment
2021-08-28 05:15:28,535 :: INFO :: Control Node set time delay: 1160 us
2021-08-28 05:15:28,568 :: INFO :: Control node : profile configuration
2021-08-28 05:15:28,574 :: INFO :: Configure profile on Control Node
2021-08-28 05:15:28,653 :: INFO :: Start experiment succeeded
2021-08-28 06:16:34,523 :: INFO :: Gateway Manager : Stop experiment
2021-08-28 06:16:34,537 :: INFO :: Stop experiment
2021-08-28 06:16:34,547 :: INFO :: Control node : stop of the experiment
2021-08-28 06:16:34,561 :: INFO :: Control node : profile configuration
2021-08-28 06:16:34,572 :: INFO :: Configure profile on Control Node
2021-08-28 06:16:34,668 :: INFO :: Control node : start power of open node
2021-08-28 06:16:34,721 :: INFO :: Node OpenOCD: teardown of openocd node
2021-08-28 06:16:37,781 :: INFO :: openocd node debugger stop
2021-08-28 06:16:38,475 :: INFO :: Node OpenOCD: flash of openocd node
2021-08-28 06:16:38,493 :: INFO :: Flash firmware on OpenOCD: /usr/lib/python2.7/site-packages/gateway_code/static/m3_idle.elf
2021-08-28 06:16:41,108 :: INFO :: Control node : Stop control node serial interface
2021-08-28 06:16:41,116 :: INFO :: Control node : stop power of open node
2021-08-28 06:16:41,187 :: INFO :: Control node : reset
2021-08-28 06:16:41,193 :: INFO :: Reset Control Node
2021-08-28 06:16:44,084 :: INFO :: Stop experiment succeeded
