2021-09-01 06:06:37,936 :: INFO :: Start experiment: luna-275852
2021-09-01 06:06:37,940 :: INFO :: Control node : Starting of control node serial interface
2021-09-01 06:06:37,943 :: INFO :: Control node : reset
2021-09-01 06:06:37,945 :: INFO :: Reset Control Node
2021-09-01 06:06:40,904 :: INFO :: Control node : start power of open node
2021-09-01 06:06:40,960 :: INFO :: Node OpenOCD: Setup of openocd node
2021-09-01 06:06:44,012 :: INFO :: Node OpenOCD: flash of openocd node
2021-09-01 06:06:44,027 :: INFO :: Flash firmware on OpenOCD: /tmp/tmp6qvhup--07af995c71c4c03e0b354753e4bf4313_unicast-sender-count-30T-191B.iotlab-m3
2021-09-01 06:06:51,004 :: INFO :: Control node : Start experiment
2021-09-01 06:06:51,049 :: INFO :: Control Node set time delay: 1526 us
2021-09-01 06:06:51,072 :: INFO :: Control node : profile configuration
2021-09-01 06:06:51,075 :: INFO :: Configure profile on Control Node
2021-09-01 06:06:51,116 :: INFO :: Start experiment succeeded
2021-09-01 07:07:57,113 :: INFO :: Gateway Manager : Stop experiment
2021-09-01 07:07:57,123 :: INFO :: Stop experiment
2021-09-01 07:07:57,131 :: INFO :: Control node : stop of the experiment
2021-09-01 07:07:57,138 :: INFO :: Control node : profile configuration
2021-09-01 07:07:57,146 :: INFO :: Configure profile on Control Node
2021-09-01 07:07:57,219 :: INFO :: Control node : start power of open node
2021-09-01 07:07:57,265 :: INFO :: Node OpenOCD: teardown of openocd node
2021-09-01 07:08:00,317 :: INFO :: openocd node debugger stop
2021-09-01 07:08:01,011 :: INFO :: Node OpenOCD: flash of openocd node
2021-09-01 07:08:01,026 :: INFO :: Flash firmware on OpenOCD: /usr/lib/python2.7/site-packages/gateway_code/static/m3_idle.elf
2021-09-01 07:08:03,657 :: INFO :: Control node : Stop control node serial interface
2021-09-01 07:08:03,665 :: INFO :: Control node : stop power of open node
2021-09-01 07:08:03,748 :: INFO :: Control node : reset
2021-09-01 07:08:03,755 :: INFO :: Reset Control Node
2021-09-01 07:08:06,650 :: INFO :: Stop experiment succeeded
