2021-09-01 06:06:37,937 :: INFO :: Start experiment: luna-275852
2021-09-01 06:06:37,941 :: INFO :: Control node : Starting of control node serial interface
2021-09-01 06:06:37,944 :: INFO :: Control node : reset
2021-09-01 06:06:37,946 :: INFO :: Reset Control Node
2021-09-01 06:06:40,900 :: INFO :: Control node : start power of open node
2021-09-01 06:06:40,956 :: INFO :: Node OpenOCD: Setup of openocd node
2021-09-01 06:06:43,998 :: INFO :: Node OpenOCD: flash of openocd node
2021-09-01 06:06:44,014 :: INFO :: Flash firmware on OpenOCD: /tmp/tmpuEsea0--07af995c71c4c03e0b354753e4bf4313_unicast-sender-count-30T-191B.iotlab-m3
2021-09-01 06:06:50,848 :: INFO :: Control node : Start experiment
2021-09-01 06:06:50,923 :: INFO :: Control Node set time delay: 1862 us
2021-09-01 06:06:50,955 :: INFO :: Control node : profile configuration
2021-09-01 06:06:50,961 :: INFO :: Configure profile on Control Node
2021-09-01 06:06:51,039 :: INFO :: Start experiment succeeded
2021-09-01 07:07:57,078 :: INFO :: Gateway Manager : Stop experiment
2021-09-01 07:07:57,087 :: INFO :: Stop experiment
2021-09-01 07:07:57,095 :: INFO :: Control node : stop of the experiment
2021-09-01 07:07:57,105 :: INFO :: Control node : profile configuration
2021-09-01 07:07:57,113 :: INFO :: Configure profile on Control Node
2021-09-01 07:07:57,184 :: INFO :: Control node : start power of open node
2021-09-01 07:07:57,226 :: INFO :: Node OpenOCD: teardown of openocd node
2021-09-01 07:08:00,267 :: INFO :: openocd node debugger stop
2021-09-01 07:08:00,948 :: INFO :: Node OpenOCD: flash of openocd node
2021-09-01 07:08:00,962 :: INFO :: Flash firmware on OpenOCD: /usr/lib/python2.7/site-packages/gateway_code/static/m3_idle.elf
2021-09-01 07:08:03,592 :: INFO :: Control node : Stop control node serial interface
2021-09-01 07:08:03,601 :: INFO :: Control node : stop power of open node
2021-09-01 07:08:03,676 :: INFO :: Control node : reset
2021-09-01 07:08:03,682 :: INFO :: Reset Control Node
2021-09-01 07:08:06,571 :: INFO :: Stop experiment succeeded
