2021-09-01 06:06:37,903 :: INFO :: Start experiment: luna-275852
2021-09-01 06:06:37,907 :: INFO :: Control node : Starting of control node serial interface
2021-09-01 06:06:37,909 :: INFO :: Control node : reset
2021-09-01 06:06:37,912 :: INFO :: Reset Control Node
2021-09-01 06:06:40,869 :: INFO :: Control node : start power of open node
2021-09-01 06:06:40,923 :: INFO :: Node OpenOCD: Setup of openocd node
2021-09-01 06:06:43,977 :: INFO :: Node OpenOCD: flash of openocd node
2021-09-01 06:06:43,992 :: INFO :: Flash firmware on OpenOCD: /tmp/tmp2sD2xE--07af995c71c4c03e0b354753e4bf4313_unicast-sender-count-30T-191B.iotlab-m3
2021-09-01 06:06:50,865 :: INFO :: Control node : Start experiment
2021-09-01 06:06:50,919 :: INFO :: Control Node set time delay: 1831 us
2021-09-01 06:06:50,952 :: INFO :: Control node : profile configuration
2021-09-01 06:06:50,959 :: INFO :: Configure profile on Control Node
2021-09-01 06:06:51,037 :: INFO :: Start experiment succeeded
2021-09-01 07:07:57,079 :: INFO :: Gateway Manager : Stop experiment
2021-09-01 07:07:57,089 :: INFO :: Stop experiment
2021-09-01 07:07:57,097 :: INFO :: Control node : stop of the experiment
2021-09-01 07:07:57,104 :: INFO :: Control node : profile configuration
2021-09-01 07:07:57,111 :: INFO :: Configure profile on Control Node
2021-09-01 07:07:57,183 :: INFO :: Control node : start power of open node
2021-09-01 07:07:57,227 :: INFO :: Node OpenOCD: teardown of openocd node
2021-09-01 07:08:00,281 :: INFO :: openocd node debugger stop
2021-09-01 07:08:00,971 :: INFO :: Node OpenOCD: flash of openocd node
2021-09-01 07:08:00,985 :: INFO :: Flash firmware on OpenOCD: /usr/lib/python2.7/site-packages/gateway_code/static/m3_idle.elf
2021-09-01 07:08:03,530 :: INFO :: Control node : Stop control node serial interface
2021-09-01 07:08:03,535 :: INFO :: Control node : stop power of open node
2021-09-01 07:08:03,574 :: INFO :: Control node : reset
2021-09-01 07:08:03,577 :: INFO :: Reset Control Node
2021-09-01 07:08:06,388 :: INFO :: Stop experiment succeeded
