2021-09-01 06:06:37,936 :: INFO :: Start experiment: luna-275852
2021-09-01 06:06:37,940 :: INFO :: Control node : Starting of control node serial interface
2021-09-01 06:06:37,943 :: INFO :: Control node : reset
2021-09-01 06:06:37,945 :: INFO :: Reset Control Node
2021-09-01 06:06:40,902 :: INFO :: Control node : start power of open node
2021-09-01 06:06:40,956 :: INFO :: Node OpenOCD: Setup of openocd node
2021-09-01 06:06:44,000 :: INFO :: Node OpenOCD: flash of openocd node
2021-09-01 06:06:44,015 :: INFO :: Flash firmware on OpenOCD: /tmp/tmp8XH_du--07af995c71c4c03e0b354753e4bf4313_unicast-sender-count-30T-191B.iotlab-m3
2021-09-01 06:06:50,900 :: INFO :: Control node : Start experiment
2021-09-01 06:06:50,971 :: INFO :: Control Node set time delay: 1953 us
2021-09-01 06:06:51,003 :: INFO :: Control node : profile configuration
2021-09-01 06:06:51,010 :: INFO :: Configure profile on Control Node
2021-09-01 06:06:51,089 :: INFO :: Start experiment succeeded
2021-09-01 07:07:57,081 :: INFO :: Gateway Manager : Stop experiment
2021-09-01 07:07:57,090 :: INFO :: Stop experiment
2021-09-01 07:07:57,098 :: INFO :: Control node : stop of the experiment
2021-09-01 07:07:57,106 :: INFO :: Control node : profile configuration
2021-09-01 07:07:57,113 :: INFO :: Configure profile on Control Node
2021-09-01 07:07:57,186 :: INFO :: Control node : start power of open node
2021-09-01 07:07:57,228 :: INFO :: Node OpenOCD: teardown of openocd node
2021-09-01 07:08:00,279 :: INFO :: openocd node debugger stop
2021-09-01 07:08:00,960 :: INFO :: Node OpenOCD: flash of openocd node
2021-09-01 07:08:00,967 :: INFO :: Flash firmware on OpenOCD: /usr/lib/python2.7/site-packages/gateway_code/static/m3_idle.elf
2021-09-01 07:08:03,478 :: INFO :: Control node : Stop control node serial interface
2021-09-01 07:08:03,487 :: INFO :: Control node : stop power of open node
2021-09-01 07:08:03,558 :: INFO :: Control node : reset
2021-09-01 07:08:03,565 :: INFO :: Reset Control Node
2021-09-01 07:08:06,458 :: INFO :: Stop experiment succeeded
