2021-09-01 06:06:37,883 :: INFO :: Start experiment: luna-275852
2021-09-01 06:06:37,887 :: INFO :: Control node : Starting of control node serial interface
2021-09-01 06:06:37,890 :: INFO :: Control node : reset
2021-09-01 06:06:37,892 :: INFO :: Reset Control Node
2021-09-01 06:06:40,851 :: INFO :: Control node : start power of open node
2021-09-01 06:06:40,906 :: INFO :: Node OpenOCD: Setup of openocd node
2021-09-01 06:06:43,948 :: INFO :: Node OpenOCD: flash of openocd node
2021-09-01 06:06:43,963 :: INFO :: Flash firmware on OpenOCD: /tmp/tmpnrirhI--07af995c71c4c03e0b354753e4bf4313_unicast-sender-count-30T-191B.iotlab-m3
2021-09-01 06:06:50,911 :: INFO :: Control node : Start experiment
2021-09-01 06:06:50,975 :: INFO :: Control Node set time delay: 1954 us
2021-09-01 06:06:51,008 :: INFO :: Control node : profile configuration
2021-09-01 06:06:51,014 :: INFO :: Configure profile on Control Node
2021-09-01 06:06:51,093 :: INFO :: Start experiment succeeded
2021-09-01 07:07:57,105 :: INFO :: Gateway Manager : Stop experiment
2021-09-01 07:07:57,115 :: INFO :: Stop experiment
2021-09-01 07:07:57,124 :: INFO :: Control node : stop of the experiment
2021-09-01 07:07:57,131 :: INFO :: Control node : profile configuration
2021-09-01 07:07:57,138 :: INFO :: Configure profile on Control Node
2021-09-01 07:07:57,211 :: INFO :: Control node : start power of open node
2021-09-01 07:07:57,254 :: INFO :: Node OpenOCD: teardown of openocd node
2021-09-01 07:08:00,295 :: INFO :: openocd node debugger stop
2021-09-01 07:08:00,979 :: INFO :: Node OpenOCD: flash of openocd node
2021-09-01 07:08:00,993 :: INFO :: Flash firmware on OpenOCD: /usr/lib/python2.7/site-packages/gateway_code/static/m3_idle.elf
2021-09-01 07:08:03,590 :: INFO :: Control node : Stop control node serial interface
2021-09-01 07:08:03,594 :: INFO :: Control node : stop power of open node
2021-09-01 07:08:03,645 :: INFO :: Control node : reset
2021-09-01 07:08:03,652 :: INFO :: Reset Control Node
2021-09-01 07:08:06,542 :: INFO :: Stop experiment succeeded
