2021-09-01 06:06:37,922 :: INFO :: Start experiment: luna-275852
2021-09-01 06:06:37,925 :: INFO :: Control node : Starting of control node serial interface
2021-09-01 06:06:37,928 :: INFO :: Control node : reset
2021-09-01 06:06:37,931 :: INFO :: Reset Control Node
2021-09-01 06:06:40,888 :: INFO :: Control node : start power of open node
2021-09-01 06:06:40,942 :: INFO :: Node OpenOCD: Setup of openocd node
2021-09-01 06:06:43,994 :: INFO :: Node OpenOCD: flash of openocd node
2021-09-01 06:06:44,009 :: INFO :: Flash firmware on OpenOCD: /tmp/tmpX7PdDI--07af995c71c4c03e0b354753e4bf4313_unicast-sender-count-30T-191B.iotlab-m3
2021-09-01 06:06:50,964 :: INFO :: Control node : Start experiment
2021-09-01 06:06:51,036 :: INFO :: Control Node set time delay: 2075 us
2021-09-01 06:06:51,070 :: INFO :: Control node : profile configuration
2021-09-01 06:06:51,076 :: INFO :: Configure profile on Control Node
2021-09-01 06:06:51,155 :: INFO :: Start experiment succeeded
2021-09-01 07:07:57,073 :: INFO :: Gateway Manager : Stop experiment
2021-09-01 07:07:57,082 :: INFO :: Stop experiment
2021-09-01 07:07:57,090 :: INFO :: Control node : stop of the experiment
2021-09-01 07:07:57,097 :: INFO :: Control node : profile configuration
2021-09-01 07:07:57,104 :: INFO :: Configure profile on Control Node
2021-09-01 07:07:57,173 :: INFO :: Control node : start power of open node
2021-09-01 07:07:57,214 :: INFO :: Node OpenOCD: teardown of openocd node
2021-09-01 07:08:00,269 :: INFO :: openocd node debugger stop
2021-09-01 07:08:00,928 :: INFO :: Node OpenOCD: flash of openocd node
2021-09-01 07:08:00,935 :: INFO :: Flash firmware on OpenOCD: /usr/lib/python2.7/site-packages/gateway_code/static/m3_idle.elf
2021-09-01 07:08:03,391 :: INFO :: Control node : Stop control node serial interface
2021-09-01 07:08:03,400 :: INFO :: Control node : stop power of open node
2021-09-01 07:08:03,469 :: INFO :: Control node : reset
2021-09-01 07:08:03,475 :: INFO :: Reset Control Node
2021-09-01 07:08:06,367 :: INFO :: Stop experiment succeeded
