2021-09-01 06:06:37,924 :: INFO :: Start experiment: luna-275852
2021-09-01 06:06:37,927 :: INFO :: Control node : Starting of control node serial interface
2021-09-01 06:06:37,930 :: INFO :: Control node : reset
2021-09-01 06:06:37,933 :: INFO :: Reset Control Node
2021-09-01 06:06:40,886 :: INFO :: Control node : start power of open node
2021-09-01 06:06:40,941 :: INFO :: Node OpenOCD: Setup of openocd node
2021-09-01 06:06:43,985 :: INFO :: Node OpenOCD: flash of openocd node
2021-09-01 06:06:44,000 :: INFO :: Flash firmware on OpenOCD: /tmp/tmprX0sWU--07af995c71c4c03e0b354753e4bf4313_unicast-sender-count-30T-191B.iotlab-m3
2021-09-01 06:06:50,948 :: INFO :: Control node : Start experiment
2021-09-01 06:06:51,001 :: INFO :: Control Node set time delay: 1862 us
2021-09-01 06:06:51,025 :: INFO :: Control node : profile configuration
2021-09-01 06:06:51,031 :: INFO :: Configure profile on Control Node
2021-09-01 06:06:51,080 :: INFO :: Start experiment succeeded
2021-09-01 07:07:57,082 :: INFO :: Gateway Manager : Stop experiment
2021-09-01 07:07:57,091 :: INFO :: Stop experiment
2021-09-01 07:07:57,099 :: INFO :: Control node : stop of the experiment
2021-09-01 07:07:57,107 :: INFO :: Control node : profile configuration
2021-09-01 07:07:57,116 :: INFO :: Configure profile on Control Node
2021-09-01 07:07:57,185 :: INFO :: Control node : start power of open node
2021-09-01 07:07:57,225 :: INFO :: Node OpenOCD: teardown of openocd node
2021-09-01 07:08:00,278 :: INFO :: openocd node debugger stop
2021-09-01 07:08:00,969 :: INFO :: Node OpenOCD: flash of openocd node
2021-09-01 07:08:00,983 :: INFO :: Flash firmware on OpenOCD: /usr/lib/python2.7/site-packages/gateway_code/static/m3_idle.elf
2021-09-01 07:08:03,580 :: INFO :: Control node : Stop control node serial interface
2021-09-01 07:08:03,589 :: INFO :: Control node : stop power of open node
2021-09-01 07:08:03,667 :: INFO :: Control node : reset
2021-09-01 07:08:03,673 :: INFO :: Reset Control Node
2021-09-01 07:08:06,562 :: INFO :: Stop experiment succeeded
