2021-08-28 08:20:24,935 :: INFO :: Start experiment: luna-275613
2021-08-28 08:20:24,939 :: INFO :: Control node : Starting of control node serial interface
2021-08-28 08:20:24,942 :: INFO :: Control node : reset
2021-08-28 08:20:24,944 :: INFO :: Reset Control Node
2021-08-28 08:20:27,890 :: INFO :: Control node : start power of open node
2021-08-28 08:20:27,947 :: INFO :: Node OpenOCD: Setup of openocd node
2021-08-28 08:20:30,986 :: INFO :: Node OpenOCD: flash of openocd node
2021-08-28 08:20:31,004 :: INFO :: Flash firmware on OpenOCD: /tmp/tmpyk0lsR--11b39be0afbe655a47f82e084cf5704d_unicast-sender-count-60T-191B.iotlab-m3
2021-08-28 08:20:37,898 :: INFO :: Control node : Start experiment
2021-08-28 08:20:37,971 :: INFO :: Control Node set time delay: 1129 us
2021-08-28 08:20:38,003 :: INFO :: Control node : profile configuration
2021-08-28 08:20:38,010 :: INFO :: Configure profile on Control Node
2021-08-28 08:20:38,088 :: INFO :: Start experiment succeeded
2021-08-28 09:21:44,106 :: INFO :: Gateway Manager : Stop experiment
2021-08-28 09:21:44,116 :: INFO :: Stop experiment
2021-08-28 09:21:44,124 :: INFO :: Control node : stop of the experiment
2021-08-28 09:21:44,131 :: INFO :: Control node : profile configuration
2021-08-28 09:21:44,138 :: INFO :: Configure profile on Control Node
2021-08-28 09:21:44,210 :: INFO :: Control node : start power of open node
2021-08-28 09:21:44,253 :: INFO :: Node OpenOCD: teardown of openocd node
2021-08-28 09:21:47,317 :: INFO :: openocd node debugger stop
2021-08-28 09:21:48,005 :: INFO :: Node OpenOCD: flash of openocd node
2021-08-28 09:21:48,012 :: INFO :: Flash firmware on OpenOCD: /usr/lib/python2.7/site-packages/gateway_code/static/m3_idle.elf
2021-08-28 09:21:50,519 :: INFO :: Control node : Stop control node serial interface
2021-08-28 09:21:50,528 :: INFO :: Control node : stop power of open node
2021-08-28 09:21:50,608 :: INFO :: Control node : reset
2021-08-28 09:21:50,615 :: INFO :: Reset Control Node
2021-08-28 09:21:53,458 :: INFO :: Stop experiment succeeded
