2021-08-28 08:20:24,963 :: INFO :: Start experiment: luna-275613
2021-08-28 08:20:24,966 :: INFO :: Control node : Starting of control node serial interface
2021-08-28 08:20:24,969 :: INFO :: Control node : reset
2021-08-28 08:20:24,972 :: INFO :: Reset Control Node
2021-08-28 08:20:27,924 :: INFO :: Control node : start power of open node
2021-08-28 08:20:27,974 :: INFO :: Node OpenOCD: Setup of openocd node
2021-08-28 08:20:31,007 :: INFO :: Node OpenOCD: flash of openocd node
2021-08-28 08:20:31,025 :: INFO :: Flash firmware on OpenOCD: /tmp/tmprbZVbB--11b39be0afbe655a47f82e084cf5704d_unicast-sender-count-60T-191B.iotlab-m3
2021-08-28 08:20:37,914 :: INFO :: Control node : Start experiment
2021-08-28 08:20:37,973 :: INFO :: Control Node set time delay: 1495 us
2021-08-28 08:20:37,995 :: INFO :: Control node : profile configuration
2021-08-28 08:20:38,002 :: INFO :: Configure profile on Control Node
2021-08-28 08:20:38,080 :: INFO :: Start experiment succeeded
2021-08-28 09:21:44,083 :: INFO :: Gateway Manager : Stop experiment
2021-08-28 09:21:44,092 :: INFO :: Stop experiment
2021-08-28 09:21:44,100 :: INFO :: Control node : stop of the experiment
2021-08-28 09:21:44,108 :: INFO :: Control node : profile configuration
2021-08-28 09:21:44,115 :: INFO :: Configure profile on Control Node
2021-08-28 09:21:44,189 :: INFO :: Control node : start power of open node
2021-08-28 09:21:44,231 :: INFO :: Node OpenOCD: teardown of openocd node
2021-08-28 09:21:47,290 :: INFO :: openocd node debugger stop
2021-08-28 09:21:47,978 :: INFO :: Node OpenOCD: flash of openocd node
2021-08-28 09:21:47,993 :: INFO :: Flash firmware on OpenOCD: /usr/lib/python2.7/site-packages/gateway_code/static/m3_idle.elf
2021-08-28 09:21:50,502 :: INFO :: Control node : Stop control node serial interface
2021-08-28 09:21:50,507 :: INFO :: Control node : stop power of open node
2021-08-28 09:21:50,559 :: INFO :: Control node : reset
2021-08-28 09:21:50,563 :: INFO :: Reset Control Node
2021-08-28 09:21:53,490 :: INFO :: Stop experiment succeeded
