2021-08-28 08:20:24,947 :: INFO :: Start experiment: luna-275613
2021-08-28 08:20:24,951 :: INFO :: Control node : Starting of control node serial interface
2021-08-28 08:20:24,953 :: INFO :: Control node : reset
2021-08-28 08:20:24,956 :: INFO :: Reset Control Node
2021-08-28 08:20:27,906 :: INFO :: Control node : start power of open node
2021-08-28 08:20:27,962 :: INFO :: Node OpenOCD: Setup of openocd node
2021-08-28 08:20:31,008 :: INFO :: Node OpenOCD: flash of openocd node
2021-08-28 08:20:31,023 :: INFO :: Flash firmware on OpenOCD: /tmp/tmp5gzHYF--11b39be0afbe655a47f82e084cf5704d_unicast-sender-count-60T-191B.iotlab-m3
2021-08-28 08:20:37,972 :: INFO :: Control node : Start experiment
2021-08-28 08:20:38,023 :: INFO :: Control Node set time delay: 1923 us
2021-08-28 08:20:38,052 :: INFO :: Control node : profile configuration
2021-08-28 08:20:38,059 :: INFO :: Configure profile on Control Node
2021-08-28 08:20:38,100 :: INFO :: Start experiment succeeded
2021-08-28 09:21:44,065 :: INFO :: Gateway Manager : Stop experiment
2021-08-28 09:21:44,075 :: INFO :: Stop experiment
2021-08-28 09:21:44,084 :: INFO :: Control node : stop of the experiment
2021-08-28 09:21:44,092 :: INFO :: Control node : profile configuration
2021-08-28 09:21:44,099 :: INFO :: Configure profile on Control Node
2021-08-28 09:21:44,171 :: INFO :: Control node : start power of open node
2021-08-28 09:21:44,214 :: INFO :: Node OpenOCD: teardown of openocd node
2021-08-28 09:21:47,266 :: INFO :: openocd node debugger stop
2021-08-28 09:21:47,948 :: INFO :: Node OpenOCD: flash of openocd node
2021-08-28 09:21:47,955 :: INFO :: Flash firmware on OpenOCD: /usr/lib/python2.7/site-packages/gateway_code/static/m3_idle.elf
2021-08-28 09:21:50,460 :: INFO :: Control node : Stop control node serial interface
2021-08-28 09:21:50,465 :: INFO :: Control node : stop power of open node
2021-08-28 09:21:50,503 :: INFO :: Control node : reset
2021-08-28 09:21:50,507 :: INFO :: Reset Control Node
2021-08-28 09:21:53,391 :: INFO :: Stop experiment succeeded
