2021-08-28 08:20:24,956 :: INFO :: Start experiment: luna-275613
2021-08-28 08:20:24,960 :: INFO :: Control node : Starting of control node serial interface
2021-08-28 08:20:24,962 :: INFO :: Control node : reset
2021-08-28 08:20:24,965 :: INFO :: Reset Control Node
2021-08-28 08:20:27,917 :: INFO :: Control node : start power of open node
2021-08-28 08:20:27,973 :: INFO :: Node OpenOCD: Setup of openocd node
2021-08-28 08:20:31,014 :: INFO :: Node OpenOCD: flash of openocd node
2021-08-28 08:20:31,031 :: INFO :: Flash firmware on OpenOCD: /tmp/tmpIRkmOm--11b39be0afbe655a47f82e084cf5704d_unicast-sender-count-60T-191B.iotlab-m3
2021-08-28 08:20:37,897 :: INFO :: Control node : Start experiment
2021-08-28 08:20:37,948 :: INFO :: Control Node set time delay: 977 us
2021-08-28 08:20:37,978 :: INFO :: Control node : profile configuration
2021-08-28 08:20:37,984 :: INFO :: Configure profile on Control Node
2021-08-28 08:20:38,061 :: INFO :: Start experiment succeeded
2021-08-28 09:21:44,106 :: INFO :: Gateway Manager : Stop experiment
2021-08-28 09:21:44,115 :: INFO :: Stop experiment
2021-08-28 09:21:44,124 :: INFO :: Control node : stop of the experiment
2021-08-28 09:21:44,131 :: INFO :: Control node : profile configuration
2021-08-28 09:21:44,138 :: INFO :: Configure profile on Control Node
2021-08-28 09:21:44,210 :: INFO :: Control node : start power of open node
2021-08-28 09:21:44,253 :: INFO :: Node OpenOCD: teardown of openocd node
2021-08-28 09:21:47,304 :: INFO :: openocd node debugger stop
2021-08-28 09:21:47,989 :: INFO :: Node OpenOCD: flash of openocd node
2021-08-28 09:21:47,996 :: INFO :: Flash firmware on OpenOCD: /usr/lib/python2.7/site-packages/gateway_code/static/m3_idle.elf
2021-08-28 09:21:50,455 :: INFO :: Control node : Stop control node serial interface
2021-08-28 09:21:50,464 :: INFO :: Control node : stop power of open node
2021-08-28 09:21:50,530 :: INFO :: Control node : reset
2021-08-28 09:21:50,537 :: INFO :: Reset Control Node
2021-08-28 09:21:53,426 :: INFO :: Stop experiment succeeded
