2021-08-28 08:20:24,963 :: INFO :: Start experiment: luna-275613
2021-08-28 08:20:24,966 :: INFO :: Control node : Starting of control node serial interface
2021-08-28 08:20:24,969 :: INFO :: Control node : reset
2021-08-28 08:20:24,972 :: INFO :: Reset Control Node
2021-08-28 08:20:27,930 :: INFO :: Control node : start power of open node
2021-08-28 08:20:27,985 :: INFO :: Node OpenOCD: Setup of openocd node
2021-08-28 08:20:31,028 :: INFO :: Node OpenOCD: flash of openocd node
2021-08-28 08:20:31,042 :: INFO :: Flash firmware on OpenOCD: /tmp/tmpBtGHu8--11b39be0afbe655a47f82e084cf5704d_unicast-sender-count-60T-191B.iotlab-m3
2021-08-28 08:20:38,310 :: INFO :: Control node : Start experiment
2021-08-28 08:20:38,365 :: INFO :: Control Node set time delay: 1801 us
2021-08-28 08:20:38,387 :: INFO :: Control node : profile configuration
2021-08-28 08:20:38,391 :: INFO :: Configure profile on Control Node
2021-08-28 08:20:38,433 :: INFO :: Start experiment succeeded
2021-08-28 09:21:44,065 :: INFO :: Gateway Manager : Stop experiment
2021-08-28 09:21:44,074 :: INFO :: Stop experiment
2021-08-28 09:21:44,082 :: INFO :: Control node : stop of the experiment
2021-08-28 09:21:44,090 :: INFO :: Control node : profile configuration
2021-08-28 09:21:44,097 :: INFO :: Configure profile on Control Node
2021-08-28 09:21:44,170 :: INFO :: Control node : start power of open node
2021-08-28 09:21:44,212 :: INFO :: Node OpenOCD: teardown of openocd node
2021-08-28 09:21:47,287 :: INFO :: openocd node debugger stop
2021-08-28 09:21:47,975 :: INFO :: Node OpenOCD: flash of openocd node
2021-08-28 09:21:47,982 :: INFO :: Flash firmware on OpenOCD: /usr/lib/python2.7/site-packages/gateway_code/static/m3_idle.elf
2021-08-28 09:21:50,492 :: INFO :: Control node : Stop control node serial interface
2021-08-28 09:21:50,501 :: INFO :: Control node : stop power of open node
2021-08-28 09:21:50,584 :: INFO :: Control node : reset
2021-08-28 09:21:50,590 :: INFO :: Reset Control Node
2021-08-28 09:21:53,479 :: INFO :: Stop experiment succeeded
