2021-08-31 19:14:22,827 :: INFO :: Start experiment: luna-275857
2021-08-31 19:14:22,831 :: INFO :: Control node : Starting of control node serial interface
2021-08-31 19:14:22,833 :: INFO :: Control node : reset
2021-08-31 19:14:22,836 :: INFO :: Reset Control Node
2021-08-31 19:14:25,797 :: INFO :: Control node : start power of open node
2021-08-31 19:14:25,853 :: INFO :: Node OpenOCD: Setup of openocd node
2021-08-31 19:14:28,897 :: INFO :: Node OpenOCD: flash of openocd node
2021-08-31 19:14:28,912 :: INFO :: Flash firmware on OpenOCD: /tmp/tmplDTrT6--ddd0625ff8382e7208c25657471d6a4a_unicast-receiver-count.iotlab-m3
2021-08-31 19:14:35,557 :: INFO :: Control node : Start experiment
2021-08-31 19:14:35,628 :: INFO :: Control Node set time delay: 1190 us
2021-08-31 19:14:35,649 :: INFO :: Control node : profile configuration
2021-08-31 19:14:35,655 :: INFO :: Configure profile on Control Node
2021-08-31 19:14:35,702 :: INFO :: Start experiment succeeded
2021-08-31 20:15:41,689 :: INFO :: Gateway Manager : Stop experiment
2021-08-31 20:15:41,698 :: INFO :: Stop experiment
2021-08-31 20:15:41,706 :: INFO :: Control node : stop of the experiment
2021-08-31 20:15:41,713 :: INFO :: Control node : profile configuration
2021-08-31 20:15:41,719 :: INFO :: Configure profile on Control Node
2021-08-31 20:15:41,784 :: INFO :: Control node : start power of open node
2021-08-31 20:15:41,823 :: INFO :: Node OpenOCD: teardown of openocd node
2021-08-31 20:15:44,865 :: INFO :: openocd node debugger stop
2021-08-31 20:15:45,552 :: INFO :: Node OpenOCD: flash of openocd node
2021-08-31 20:15:45,566 :: INFO :: Flash firmware on OpenOCD: /usr/lib/python2.7/site-packages/gateway_code/static/m3_idle.elf
2021-08-31 20:15:48,139 :: INFO :: Control node : Stop control node serial interface
2021-08-31 20:15:48,147 :: INFO :: Control node : stop power of open node
2021-08-31 20:15:48,224 :: INFO :: Control node : reset
2021-08-31 20:15:48,230 :: INFO :: Reset Control Node
2021-08-31 20:15:51,124 :: INFO :: Stop experiment succeeded
