2021-08-31 19:14:22,846 :: INFO :: Start experiment: luna-275857
2021-08-31 19:14:22,849 :: INFO :: Control node : Starting of control node serial interface
2021-08-31 19:14:22,852 :: INFO :: Control node : reset
2021-08-31 19:14:22,855 :: INFO :: Reset Control Node
2021-08-31 19:14:25,812 :: INFO :: Control node : start power of open node
2021-08-31 19:14:25,870 :: INFO :: Node OpenOCD: Setup of openocd node
2021-08-31 19:14:28,916 :: INFO :: Node OpenOCD: flash of openocd node
2021-08-31 19:14:28,931 :: INFO :: Flash firmware on OpenOCD: /tmp/tmpGMO_jx--93e977ac3781fe5042fd86dcc34ed19b_unicast-sender-count-10T-100B.iotlab-m3
2021-08-31 19:14:35,878 :: INFO :: Control node : Start experiment
2021-08-31 19:14:35,934 :: INFO :: Control Node set time delay: 1129 us
2021-08-31 19:14:35,967 :: INFO :: Control node : profile configuration
2021-08-31 19:14:35,974 :: INFO :: Configure profile on Control Node
2021-08-31 19:14:36,052 :: INFO :: Start experiment succeeded
2021-08-31 20:15:41,698 :: INFO :: Gateway Manager : Stop experiment
2021-08-31 20:15:41,707 :: INFO :: Stop experiment
2021-08-31 20:15:41,715 :: INFO :: Control node : stop of the experiment
2021-08-31 20:15:41,721 :: INFO :: Control node : profile configuration
2021-08-31 20:15:41,728 :: INFO :: Configure profile on Control Node
2021-08-31 20:15:41,796 :: INFO :: Control node : start power of open node
2021-08-31 20:15:41,835 :: INFO :: Node OpenOCD: teardown of openocd node
2021-08-31 20:15:44,877 :: INFO :: openocd node debugger stop
2021-08-31 20:15:45,559 :: INFO :: Node OpenOCD: flash of openocd node
2021-08-31 20:15:45,573 :: INFO :: Flash firmware on OpenOCD: /usr/lib/python2.7/site-packages/gateway_code/static/m3_idle.elf
2021-08-31 20:15:48,148 :: INFO :: Control node : Stop control node serial interface
2021-08-31 20:15:48,157 :: INFO :: Control node : stop power of open node
2021-08-31 20:15:48,259 :: INFO :: Control node : reset
2021-08-31 20:15:48,265 :: INFO :: Reset Control Node
2021-08-31 20:15:51,159 :: INFO :: Stop experiment succeeded
