2021-08-31 19:14:22,863 :: INFO :: Start experiment: luna-275857
2021-08-31 19:14:22,867 :: INFO :: Control node : Starting of control node serial interface
2021-08-31 19:14:22,870 :: INFO :: Control node : reset
2021-08-31 19:14:22,872 :: INFO :: Reset Control Node
2021-08-31 19:14:25,839 :: INFO :: Control node : start power of open node
2021-08-31 19:14:25,896 :: INFO :: Node OpenOCD: Setup of openocd node
2021-08-31 19:14:28,938 :: INFO :: Node OpenOCD: flash of openocd node
2021-08-31 19:14:28,953 :: INFO :: Flash firmware on OpenOCD: /tmp/tmpjv2frp--93e977ac3781fe5042fd86dcc34ed19b_unicast-sender-count-10T-100B.iotlab-m3
2021-08-31 19:14:35,835 :: INFO :: Control node : Start experiment
2021-08-31 19:14:35,920 :: INFO :: Control Node set time delay: 1160 us
2021-08-31 19:14:35,961 :: INFO :: Control node : profile configuration
2021-08-31 19:14:35,968 :: INFO :: Configure profile on Control Node
2021-08-31 19:14:36,046 :: INFO :: Start experiment succeeded
2021-08-31 20:15:41,722 :: INFO :: Gateway Manager : Stop experiment
2021-08-31 20:15:41,739 :: INFO :: Stop experiment
2021-08-31 20:15:41,755 :: INFO :: Control node : stop of the experiment
2021-08-31 20:15:41,774 :: INFO :: Control node : profile configuration
2021-08-31 20:15:41,789 :: INFO :: Configure profile on Control Node
2021-08-31 20:15:41,918 :: INFO :: Control node : start power of open node
2021-08-31 20:15:41,974 :: INFO :: Node OpenOCD: teardown of openocd node
2021-08-31 20:15:45,000 :: INFO :: openocd node debugger stop
2021-08-31 20:15:45,678 :: INFO :: Node OpenOCD: flash of openocd node
2021-08-31 20:15:45,687 :: INFO :: Flash firmware on OpenOCD: /usr/lib/python2.7/site-packages/gateway_code/static/m3_idle.elf
2021-08-31 20:15:48,197 :: INFO :: Control node : Stop control node serial interface
2021-08-31 20:15:48,206 :: INFO :: Control node : stop power of open node
2021-08-31 20:15:48,278 :: INFO :: Control node : reset
2021-08-31 20:15:48,285 :: INFO :: Reset Control Node
2021-08-31 20:15:51,173 :: INFO :: Stop experiment succeeded
