2021-08-31 19:14:22,840 :: INFO :: Start experiment: luna-275857
2021-08-31 19:14:22,844 :: INFO :: Control node : Starting of control node serial interface
2021-08-31 19:14:22,847 :: INFO :: Control node : reset
2021-08-31 19:14:22,849 :: INFO :: Reset Control Node
2021-08-31 19:14:25,757 :: INFO :: Control node : start power of open node
2021-08-31 19:14:25,814 :: INFO :: Node OpenOCD: Setup of openocd node
2021-08-31 19:14:28,857 :: INFO :: Node OpenOCD: flash of openocd node
2021-08-31 19:14:28,875 :: INFO :: Flash firmware on OpenOCD: /tmp/tmpk5wExn--93e977ac3781fe5042fd86dcc34ed19b_unicast-sender-count-10T-100B.iotlab-m3
2021-08-31 19:14:35,752 :: INFO :: Control node : Start experiment
2021-08-31 19:14:35,805 :: INFO :: Control Node set time delay: 1953 us
2021-08-31 19:14:35,837 :: INFO :: Control node : profile configuration
2021-08-31 19:14:35,844 :: INFO :: Configure profile on Control Node
2021-08-31 19:14:35,924 :: INFO :: Start experiment succeeded
2021-08-31 20:15:41,730 :: INFO :: Gateway Manager : Stop experiment
2021-08-31 20:15:41,746 :: INFO :: Stop experiment
2021-08-31 20:15:41,764 :: INFO :: Control node : stop of the experiment
2021-08-31 20:15:41,778 :: INFO :: Control node : profile configuration
2021-08-31 20:15:41,792 :: INFO :: Configure profile on Control Node
2021-08-31 20:15:41,927 :: INFO :: Control node : start power of open node
2021-08-31 20:15:41,984 :: INFO :: Node OpenOCD: teardown of openocd node
2021-08-31 20:15:45,014 :: INFO :: openocd node debugger stop
2021-08-31 20:15:45,705 :: INFO :: Node OpenOCD: flash of openocd node
2021-08-31 20:15:45,719 :: INFO :: Flash firmware on OpenOCD: /usr/lib/python2.7/site-packages/gateway_code/static/m3_idle.elf
2021-08-31 20:15:48,338 :: INFO :: Control node : Stop control node serial interface
2021-08-31 20:15:48,343 :: INFO :: Control node : stop power of open node
2021-08-31 20:15:48,394 :: INFO :: Control node : reset
2021-08-31 20:15:48,401 :: INFO :: Reset Control Node
2021-08-31 20:15:51,296 :: INFO :: Stop experiment succeeded
