2021-08-31 19:14:22,832 :: INFO :: Start experiment: luna-275857
2021-08-31 19:14:22,836 :: INFO :: Control node : Starting of control node serial interface
2021-08-31 19:14:22,839 :: INFO :: Control node : reset
2021-08-31 19:14:22,841 :: INFO :: Reset Control Node
2021-08-31 19:14:25,805 :: INFO :: Control node : start power of open node
2021-08-31 19:14:25,861 :: INFO :: Node OpenOCD: Setup of openocd node
2021-08-31 19:14:28,903 :: INFO :: Node OpenOCD: flash of openocd node
2021-08-31 19:14:28,917 :: INFO :: Flash firmware on OpenOCD: /tmp/tmpGppILk--93e977ac3781fe5042fd86dcc34ed19b_unicast-sender-count-10T-100B.iotlab-m3
2021-08-31 19:14:35,936 :: INFO :: Control node : Start experiment
2021-08-31 19:14:35,991 :: INFO :: Control Node set time delay: 1099 us
2021-08-31 19:14:36,002 :: INFO :: Control node : profile configuration
2021-08-31 19:14:36,005 :: INFO :: Configure profile on Control Node
2021-08-31 19:14:36,049 :: INFO :: Start experiment succeeded
2021-08-31 20:15:41,723 :: INFO :: Gateway Manager : Stop experiment
2021-08-31 20:15:41,740 :: INFO :: Stop experiment
2021-08-31 20:15:41,756 :: INFO :: Control node : stop of the experiment
2021-08-31 20:15:41,771 :: INFO :: Control node : profile configuration
2021-08-31 20:15:41,784 :: INFO :: Configure profile on Control Node
2021-08-31 20:15:41,919 :: INFO :: Control node : start power of open node
2021-08-31 20:15:41,979 :: INFO :: Node OpenOCD: teardown of openocd node
2021-08-31 20:15:45,008 :: INFO :: openocd node debugger stop
2021-08-31 20:15:45,691 :: INFO :: Node OpenOCD: flash of openocd node
2021-08-31 20:15:45,698 :: INFO :: Flash firmware on OpenOCD: /usr/lib/python2.7/site-packages/gateway_code/static/m3_idle.elf
2021-08-31 20:15:48,204 :: INFO :: Control node : Stop control node serial interface
2021-08-31 20:15:48,213 :: INFO :: Control node : stop power of open node
2021-08-31 20:15:48,285 :: INFO :: Control node : reset
2021-08-31 20:15:48,292 :: INFO :: Reset Control Node
2021-08-31 20:15:51,183 :: INFO :: Stop experiment succeeded
