2021-08-31 19:14:22,820 :: INFO :: Start experiment: luna-275857
2021-08-31 19:14:22,823 :: INFO :: Control node : Starting of control node serial interface
2021-08-31 19:14:22,826 :: INFO :: Control node : reset
2021-08-31 19:14:22,829 :: INFO :: Reset Control Node
2021-08-31 19:14:25,784 :: INFO :: Control node : start power of open node
2021-08-31 19:14:25,841 :: INFO :: Node OpenOCD: Setup of openocd node
2021-08-31 19:14:28,881 :: INFO :: Node OpenOCD: flash of openocd node
2021-08-31 19:14:28,896 :: INFO :: Flash firmware on OpenOCD: /tmp/tmpnuZgDr--93e977ac3781fe5042fd86dcc34ed19b_unicast-sender-count-10T-100B.iotlab-m3
2021-08-31 19:14:35,793 :: INFO :: Control node : Start experiment
2021-08-31 19:14:35,861 :: INFO :: Control Node set time delay: 1556 us
2021-08-31 19:14:35,884 :: INFO :: Control node : profile configuration
2021-08-31 19:14:35,891 :: INFO :: Configure profile on Control Node
2021-08-31 19:14:35,969 :: INFO :: Start experiment succeeded
2021-08-31 20:15:41,728 :: INFO :: Gateway Manager : Stop experiment
2021-08-31 20:15:41,744 :: INFO :: Stop experiment
2021-08-31 20:15:41,759 :: INFO :: Control node : stop of the experiment
2021-08-31 20:15:41,778 :: INFO :: Control node : profile configuration
2021-08-31 20:15:41,792 :: INFO :: Configure profile on Control Node
2021-08-31 20:15:41,920 :: INFO :: Control node : start power of open node
2021-08-31 20:15:41,979 :: INFO :: Node OpenOCD: teardown of openocd node
2021-08-31 20:15:45,011 :: INFO :: openocd node debugger stop
2021-08-31 20:15:45,689 :: INFO :: Node OpenOCD: flash of openocd node
2021-08-31 20:15:45,697 :: INFO :: Flash firmware on OpenOCD: /usr/lib/python2.7/site-packages/gateway_code/static/m3_idle.elf
2021-08-31 20:15:48,154 :: INFO :: Control node : Stop control node serial interface
2021-08-31 20:15:48,163 :: INFO :: Control node : stop power of open node
2021-08-31 20:15:48,234 :: INFO :: Control node : reset
2021-08-31 20:15:48,241 :: INFO :: Reset Control Node
2021-08-31 20:15:51,137 :: INFO :: Stop experiment succeeded
