2021-08-31 19:14:22,852 :: INFO :: Start experiment: luna-275857
2021-08-31 19:14:22,855 :: INFO :: Control node : Starting of control node serial interface
2021-08-31 19:14:22,858 :: INFO :: Control node : reset
2021-08-31 19:14:22,860 :: INFO :: Reset Control Node
2021-08-31 19:14:25,821 :: INFO :: Control node : start power of open node
2021-08-31 19:14:25,878 :: INFO :: Node OpenOCD: Setup of openocd node
2021-08-31 19:14:28,921 :: INFO :: Node OpenOCD: flash of openocd node
2021-08-31 19:14:28,937 :: INFO :: Flash firmware on OpenOCD: /tmp/tmpehomdn--93e977ac3781fe5042fd86dcc34ed19b_unicast-sender-count-10T-100B.iotlab-m3
2021-08-31 19:14:35,836 :: INFO :: Control node : Start experiment
2021-08-31 19:14:35,902 :: INFO :: Control Node set time delay: 1740 us
2021-08-31 19:14:35,934 :: INFO :: Control node : profile configuration
2021-08-31 19:14:35,941 :: INFO :: Configure profile on Control Node
2021-08-31 19:14:36,019 :: INFO :: Start experiment succeeded
2021-08-31 20:15:41,718 :: INFO :: Gateway Manager : Stop experiment
2021-08-31 20:15:41,735 :: INFO :: Stop experiment
2021-08-31 20:15:41,750 :: INFO :: Control node : stop of the experiment
2021-08-31 20:15:41,770 :: INFO :: Control node : profile configuration
2021-08-31 20:15:41,783 :: INFO :: Configure profile on Control Node
2021-08-31 20:15:41,910 :: INFO :: Control node : start power of open node
2021-08-31 20:15:41,980 :: INFO :: Node OpenOCD: teardown of openocd node
2021-08-31 20:15:45,009 :: INFO :: openocd node debugger stop
2021-08-31 20:15:45,692 :: INFO :: Node OpenOCD: flash of openocd node
2021-08-31 20:15:45,707 :: INFO :: Flash firmware on OpenOCD: /usr/lib/python2.7/site-packages/gateway_code/static/m3_idle.elf
2021-08-31 20:15:48,325 :: INFO :: Control node : Stop control node serial interface
2021-08-31 20:15:48,333 :: INFO :: Control node : stop power of open node
2021-08-31 20:15:48,415 :: INFO :: Control node : reset
2021-08-31 20:15:48,422 :: INFO :: Reset Control Node
2021-08-31 20:15:51,315 :: INFO :: Stop experiment succeeded
