2021-08-31 19:14:22,856 :: INFO :: Start experiment: luna-275857
2021-08-31 19:14:22,859 :: INFO :: Control node : Starting of control node serial interface
2021-08-31 19:14:22,862 :: INFO :: Control node : reset
2021-08-31 19:14:22,864 :: INFO :: Reset Control Node
2021-08-31 19:14:25,822 :: INFO :: Control node : start power of open node
2021-08-31 19:14:25,863 :: INFO :: Node OpenOCD: Setup of openocd node
2021-08-31 19:14:28,903 :: INFO :: Node OpenOCD: flash of openocd node
2021-08-31 19:14:28,921 :: INFO :: Flash firmware on OpenOCD: /tmp/tmpvPOSj6--93e977ac3781fe5042fd86dcc34ed19b_unicast-sender-count-10T-100B.iotlab-m3
2021-08-31 19:14:35,929 :: INFO :: Control node : Start experiment
2021-08-31 19:14:35,986 :: INFO :: Control Node set time delay: 1098 us
2021-08-31 19:14:36,012 :: INFO :: Control node : profile configuration
2021-08-31 19:14:36,018 :: INFO :: Configure profile on Control Node
2021-08-31 19:14:36,059 :: INFO :: Start experiment succeeded
2021-08-31 20:15:41,703 :: INFO :: Gateway Manager : Stop experiment
2021-08-31 20:15:41,711 :: INFO :: Stop experiment
2021-08-31 20:15:41,719 :: INFO :: Control node : stop of the experiment
2021-08-31 20:15:41,726 :: INFO :: Control node : profile configuration
2021-08-31 20:15:41,732 :: INFO :: Configure profile on Control Node
2021-08-31 20:15:41,801 :: INFO :: Control node : start power of open node
2021-08-31 20:15:41,841 :: INFO :: Node OpenOCD: teardown of openocd node
2021-08-31 20:15:44,878 :: INFO :: openocd node debugger stop
2021-08-31 20:15:45,553 :: INFO :: Node OpenOCD: flash of openocd node
2021-08-31 20:15:45,560 :: INFO :: Flash firmware on OpenOCD: /usr/lib/python2.7/site-packages/gateway_code/static/m3_idle.elf
2021-08-31 20:15:48,071 :: INFO :: Control node : Stop control node serial interface
2021-08-31 20:15:48,080 :: INFO :: Control node : stop power of open node
2021-08-31 20:15:48,178 :: INFO :: Control node : reset
2021-08-31 20:15:48,185 :: INFO :: Reset Control Node
2021-08-31 20:15:51,080 :: INFO :: Stop experiment succeeded
