2021-08-31 03:29:26,608 :: INFO :: Start experiment: luna-275840
2021-08-31 03:29:26,611 :: INFO :: Control node : Starting of control node serial interface
2021-08-31 03:29:26,614 :: INFO :: Control node : reset
2021-08-31 03:29:26,617 :: INFO :: Reset Control Node
2021-08-31 03:29:29,522 :: INFO :: Control node : start power of open node
2021-08-31 03:29:29,550 :: INFO :: Node OpenOCD: Setup of openocd node
2021-08-31 03:29:32,585 :: INFO :: Node OpenOCD: flash of openocd node
2021-08-31 03:29:32,603 :: INFO :: Flash firmware on OpenOCD: /tmp/tmpibsuxe--c646a7bd7eca22cfbffed9b70d2e0c90_unicast-sender-count-60T-100B.iotlab-m3
2021-08-31 03:29:39,606 :: INFO :: Control node : Start experiment
2021-08-31 03:29:39,661 :: INFO :: Control Node set time delay: 1008 us
2021-08-31 03:29:39,693 :: INFO :: Control node : profile configuration
2021-08-31 03:29:39,700 :: INFO :: Configure profile on Control Node
2021-08-31 03:29:39,778 :: INFO :: Start experiment succeeded
2021-08-31 04:30:45,622 :: INFO :: Gateway Manager : Stop experiment
2021-08-31 04:30:45,634 :: INFO :: Stop experiment
2021-08-31 04:30:45,642 :: INFO :: Control node : stop of the experiment
2021-08-31 04:30:45,650 :: INFO :: Control node : profile configuration
2021-08-31 04:30:45,657 :: INFO :: Configure profile on Control Node
2021-08-31 04:30:45,731 :: INFO :: Control node : start power of open node
2021-08-31 04:30:45,775 :: INFO :: Node OpenOCD: teardown of openocd node
2021-08-31 04:30:48,810 :: INFO :: openocd node debugger stop
2021-08-31 04:30:49,486 :: INFO :: Node OpenOCD: flash of openocd node
2021-08-31 04:30:49,501 :: INFO :: Flash firmware on OpenOCD: /usr/lib/python2.7/site-packages/gateway_code/static/m3_idle.elf
2021-08-31 04:30:52,117 :: INFO :: Control node : Stop control node serial interface
2021-08-31 04:30:52,122 :: INFO :: Control node : stop power of open node
2021-08-31 04:30:52,177 :: INFO :: Control node : reset
2021-08-31 04:30:52,180 :: INFO :: Reset Control Node
2021-08-31 04:30:55,123 :: INFO :: Stop experiment succeeded
