2021-08-31 03:29:26,629 :: INFO :: Start experiment: luna-275840
2021-08-31 03:29:26,633 :: INFO :: Control node : Starting of control node serial interface
2021-08-31 03:29:26,635 :: INFO :: Control node : reset
2021-08-31 03:29:26,638 :: INFO :: Reset Control Node
2021-08-31 03:29:29,593 :: INFO :: Control node : start power of open node
2021-08-31 03:29:29,649 :: INFO :: Node OpenOCD: Setup of openocd node
2021-08-31 03:29:32,688 :: INFO :: Node OpenOCD: flash of openocd node
2021-08-31 03:29:32,703 :: INFO :: Flash firmware on OpenOCD: /tmp/tmpUpQKSK--c646a7bd7eca22cfbffed9b70d2e0c90_unicast-sender-count-60T-100B.iotlab-m3
2021-08-31 03:29:39,567 :: INFO :: Control node : Start experiment
2021-08-31 03:29:39,626 :: INFO :: Control Node set time delay: 1404 us
2021-08-31 03:29:39,659 :: INFO :: Control node : profile configuration
2021-08-31 03:29:39,665 :: INFO :: Configure profile on Control Node
2021-08-31 03:29:39,743 :: INFO :: Start experiment succeeded
2021-08-31 04:30:45,660 :: INFO :: Gateway Manager : Stop experiment
2021-08-31 04:30:45,671 :: INFO :: Stop experiment
2021-08-31 04:30:45,679 :: INFO :: Control node : stop of the experiment
2021-08-31 04:30:45,686 :: INFO :: Control node : profile configuration
2021-08-31 04:30:45,693 :: INFO :: Configure profile on Control Node
2021-08-31 04:30:45,765 :: INFO :: Control node : start power of open node
2021-08-31 04:30:45,807 :: INFO :: Node OpenOCD: teardown of openocd node
2021-08-31 04:30:48,849 :: INFO :: openocd node debugger stop
2021-08-31 04:30:49,532 :: INFO :: Node OpenOCD: flash of openocd node
2021-08-31 04:30:49,539 :: INFO :: Flash firmware on OpenOCD: /usr/lib/python2.7/site-packages/gateway_code/static/m3_idle.elf
2021-08-31 04:30:51,996 :: INFO :: Control node : Stop control node serial interface
2021-08-31 04:30:52,005 :: INFO :: Control node : stop power of open node
2021-08-31 04:30:52,081 :: INFO :: Control node : reset
2021-08-31 04:30:52,088 :: INFO :: Reset Control Node
2021-08-31 04:30:54,965 :: INFO :: Stop experiment succeeded
