2021-08-31 03:29:26,629 :: INFO :: Start experiment: luna-275840
2021-08-31 03:29:26,632 :: INFO :: Control node : Starting of control node serial interface
2021-08-31 03:29:26,635 :: INFO :: Control node : reset
2021-08-31 03:29:26,638 :: INFO :: Reset Control Node
2021-08-31 03:29:29,597 :: INFO :: Control node : start power of open node
2021-08-31 03:29:29,652 :: INFO :: Node OpenOCD: Setup of openocd node
2021-08-31 03:29:32,699 :: INFO :: Node OpenOCD: flash of openocd node
2021-08-31 03:29:32,714 :: INFO :: Flash firmware on OpenOCD: /tmp/tmpV7A3bD--c646a7bd7eca22cfbffed9b70d2e0c90_unicast-sender-count-60T-100B.iotlab-m3
2021-08-31 03:29:39,586 :: INFO :: Control node : Start experiment
2021-08-31 03:29:39,650 :: INFO :: Control Node set time delay: 1893 us
2021-08-31 03:29:39,681 :: INFO :: Control node : profile configuration
2021-08-31 03:29:39,688 :: INFO :: Configure profile on Control Node
2021-08-31 03:29:39,766 :: INFO :: Start experiment succeeded
2021-08-31 04:30:45,623 :: INFO :: Gateway Manager : Stop experiment
2021-08-31 04:30:45,633 :: INFO :: Stop experiment
2021-08-31 04:30:45,642 :: INFO :: Control node : stop of the experiment
2021-08-31 04:30:45,649 :: INFO :: Control node : profile configuration
2021-08-31 04:30:45,656 :: INFO :: Configure profile on Control Node
2021-08-31 04:30:45,728 :: INFO :: Control node : start power of open node
2021-08-31 04:30:45,772 :: INFO :: Node OpenOCD: teardown of openocd node
2021-08-31 04:30:48,824 :: INFO :: openocd node debugger stop
2021-08-31 04:30:49,510 :: INFO :: Node OpenOCD: flash of openocd node
2021-08-31 04:30:49,525 :: INFO :: Flash firmware on OpenOCD: /usr/lib/python2.7/site-packages/gateway_code/static/m3_idle.elf
2021-08-31 04:30:52,146 :: INFO :: Control node : Stop control node serial interface
2021-08-31 04:30:52,155 :: INFO :: Control node : stop power of open node
2021-08-31 04:30:52,229 :: INFO :: Control node : reset
2021-08-31 04:30:52,235 :: INFO :: Reset Control Node
2021-08-31 04:30:55,127 :: INFO :: Stop experiment succeeded
