2021-08-31 03:29:26,572 :: INFO :: Start experiment: luna-275840
2021-08-31 03:29:26,575 :: INFO :: Control node : Starting of control node serial interface
2021-08-31 03:29:26,578 :: INFO :: Control node : reset
2021-08-31 03:29:26,581 :: INFO :: Reset Control Node
2021-08-31 03:29:29,539 :: INFO :: Control node : start power of open node
2021-08-31 03:29:29,593 :: INFO :: Node OpenOCD: Setup of openocd node
2021-08-31 03:29:32,634 :: INFO :: Node OpenOCD: flash of openocd node
2021-08-31 03:29:32,649 :: INFO :: Flash firmware on OpenOCD: /tmp/tmpmLoT5o--c646a7bd7eca22cfbffed9b70d2e0c90_unicast-sender-count-60T-100B.iotlab-m3
2021-08-31 03:29:39,600 :: INFO :: Control node : Start experiment
2021-08-31 03:29:39,667 :: INFO :: Control Node set time delay: 1374 us
2021-08-31 03:29:39,699 :: INFO :: Control node : profile configuration
2021-08-31 03:29:39,706 :: INFO :: Configure profile on Control Node
2021-08-31 03:29:39,787 :: INFO :: Start experiment succeeded
2021-08-31 04:30:45,672 :: INFO :: Gateway Manager : Stop experiment
2021-08-31 04:30:45,695 :: INFO :: Stop experiment
2021-08-31 04:30:45,712 :: INFO :: Control node : stop of the experiment
2021-08-31 04:30:45,720 :: INFO :: Control node : profile configuration
2021-08-31 04:30:45,727 :: INFO :: Configure profile on Control Node
2021-08-31 04:30:45,808 :: INFO :: Control node : start power of open node
2021-08-31 04:30:45,851 :: INFO :: Node OpenOCD: teardown of openocd node
2021-08-31 04:30:48,905 :: INFO :: openocd node debugger stop
2021-08-31 04:30:49,593 :: INFO :: Node OpenOCD: flash of openocd node
2021-08-31 04:30:49,610 :: INFO :: Flash firmware on OpenOCD: /usr/lib/python2.7/site-packages/gateway_code/static/m3_idle.elf
2021-08-31 04:30:52,179 :: INFO :: Control node : Stop control node serial interface
2021-08-31 04:30:52,188 :: INFO :: Control node : stop power of open node
2021-08-31 04:30:52,260 :: INFO :: Control node : reset
2021-08-31 04:30:52,266 :: INFO :: Reset Control Node
2021-08-31 04:30:55,157 :: INFO :: Stop experiment succeeded
