2021-08-31 03:29:26,616 :: INFO :: Start experiment: luna-275840
2021-08-31 03:29:26,620 :: INFO :: Control node : Starting of control node serial interface
2021-08-31 03:29:26,623 :: INFO :: Control node : reset
2021-08-31 03:29:26,625 :: INFO :: Reset Control Node
2021-08-31 03:29:29,583 :: INFO :: Control node : start power of open node
2021-08-31 03:29:29,637 :: INFO :: Node OpenOCD: Setup of openocd node
2021-08-31 03:29:32,677 :: INFO :: Node OpenOCD: flash of openocd node
2021-08-31 03:29:32,692 :: INFO :: Flash firmware on OpenOCD: /tmp/tmpv3uebL--c646a7bd7eca22cfbffed9b70d2e0c90_unicast-sender-count-60T-100B.iotlab-m3
2021-08-31 03:29:39,695 :: INFO :: Control node : Start experiment
2021-08-31 03:29:39,743 :: INFO :: Control Node set time delay: 1373 us
2021-08-31 03:29:39,773 :: INFO :: Control node : profile configuration
2021-08-31 03:29:39,779 :: INFO :: Configure profile on Control Node
2021-08-31 03:29:39,856 :: INFO :: Start experiment succeeded
2021-08-31 04:30:45,619 :: INFO :: Gateway Manager : Stop experiment
2021-08-31 04:30:45,629 :: INFO :: Stop experiment
2021-08-31 04:30:45,639 :: INFO :: Control node : stop of the experiment
2021-08-31 04:30:45,646 :: INFO :: Control node : profile configuration
2021-08-31 04:30:45,653 :: INFO :: Configure profile on Control Node
2021-08-31 04:30:45,730 :: INFO :: Control node : start power of open node
2021-08-31 04:30:45,773 :: INFO :: Node OpenOCD: teardown of openocd node
2021-08-31 04:30:48,813 :: INFO :: openocd node debugger stop
2021-08-31 04:30:49,502 :: INFO :: Node OpenOCD: flash of openocd node
2021-08-31 04:30:49,517 :: INFO :: Flash firmware on OpenOCD: /usr/lib/python2.7/site-packages/gateway_code/static/m3_idle.elf
2021-08-31 04:30:52,084 :: INFO :: Control node : Stop control node serial interface
2021-08-31 04:30:52,093 :: INFO :: Control node : stop power of open node
2021-08-31 04:30:52,169 :: INFO :: Control node : reset
2021-08-31 04:30:52,175 :: INFO :: Reset Control Node
2021-08-31 04:30:55,067 :: INFO :: Stop experiment succeeded
