2021-08-31 03:29:26,628 :: INFO :: Start experiment: luna-275840
2021-08-31 03:29:26,631 :: INFO :: Control node : Starting of control node serial interface
2021-08-31 03:29:26,634 :: INFO :: Control node : reset
2021-08-31 03:29:26,637 :: INFO :: Reset Control Node
2021-08-31 03:29:29,593 :: INFO :: Control node : start power of open node
2021-08-31 03:29:29,647 :: INFO :: Node OpenOCD: Setup of openocd node
2021-08-31 03:29:32,701 :: INFO :: Node OpenOCD: flash of openocd node
2021-08-31 03:29:32,716 :: INFO :: Flash firmware on OpenOCD: /tmp/tmpKi3RAq--c646a7bd7eca22cfbffed9b70d2e0c90_unicast-sender-count-60T-100B.iotlab-m3
2021-08-31 03:29:39,702 :: INFO :: Control node : Start experiment
2021-08-31 03:29:39,769 :: INFO :: Control Node set time delay: 1373 us
2021-08-31 03:29:39,783 :: INFO :: Control node : profile configuration
2021-08-31 03:29:39,786 :: INFO :: Configure profile on Control Node
2021-08-31 03:29:39,831 :: INFO :: Start experiment succeeded
2021-08-31 04:30:45,667 :: INFO :: Gateway Manager : Stop experiment
2021-08-31 04:30:45,690 :: INFO :: Stop experiment
2021-08-31 04:30:45,709 :: INFO :: Control node : stop of the experiment
2021-08-31 04:30:45,717 :: INFO :: Control node : profile configuration
2021-08-31 04:30:45,725 :: INFO :: Configure profile on Control Node
2021-08-31 04:30:45,822 :: INFO :: Control node : start power of open node
2021-08-31 04:30:45,862 :: INFO :: Node OpenOCD: teardown of openocd node
2021-08-31 04:30:48,898 :: INFO :: openocd node debugger stop
2021-08-31 04:30:49,594 :: INFO :: Node OpenOCD: flash of openocd node
2021-08-31 04:30:49,608 :: INFO :: Flash firmware on OpenOCD: /usr/lib/python2.7/site-packages/gateway_code/static/m3_idle.elf
2021-08-31 04:30:52,173 :: INFO :: Control node : Stop control node serial interface
2021-08-31 04:30:52,182 :: INFO :: Control node : stop power of open node
2021-08-31 04:30:52,248 :: INFO :: Control node : reset
2021-08-31 04:30:52,255 :: INFO :: Reset Control Node
2021-08-31 04:30:55,146 :: INFO :: Stop experiment succeeded
