2021-08-31 03:29:26,617 :: INFO :: Start experiment: luna-275840
2021-08-31 03:29:26,621 :: INFO :: Control node : Starting of control node serial interface
2021-08-31 03:29:26,624 :: INFO :: Control node : reset
2021-08-31 03:29:26,626 :: INFO :: Reset Control Node
2021-08-31 03:29:29,585 :: INFO :: Control node : start power of open node
2021-08-31 03:29:29,641 :: INFO :: Node OpenOCD: Setup of openocd node
2021-08-31 03:29:32,692 :: INFO :: Node OpenOCD: flash of openocd node
2021-08-31 03:29:32,707 :: INFO :: Flash firmware on OpenOCD: /tmp/tmpAQNGox--c646a7bd7eca22cfbffed9b70d2e0c90_unicast-sender-count-60T-100B.iotlab-m3
2021-08-31 03:29:39,618 :: INFO :: Control node : Start experiment
2021-08-31 03:29:39,669 :: INFO :: Control Node set time delay: 1618 us
2021-08-31 03:29:39,702 :: INFO :: Control node : profile configuration
2021-08-31 03:29:39,706 :: INFO :: Configure profile on Control Node
2021-08-31 03:29:39,750 :: INFO :: Start experiment succeeded
2021-08-31 04:30:45,675 :: INFO :: Gateway Manager : Stop experiment
2021-08-31 04:30:45,695 :: INFO :: Stop experiment
2021-08-31 04:30:45,713 :: INFO :: Control node : stop of the experiment
2021-08-31 04:30:45,721 :: INFO :: Control node : profile configuration
2021-08-31 04:30:45,731 :: INFO :: Configure profile on Control Node
2021-08-31 04:30:45,806 :: INFO :: Control node : start power of open node
2021-08-31 04:30:45,850 :: INFO :: Node OpenOCD: teardown of openocd node
2021-08-31 04:30:48,901 :: INFO :: openocd node debugger stop
2021-08-31 04:30:49,585 :: INFO :: Node OpenOCD: flash of openocd node
2021-08-31 04:30:49,592 :: INFO :: Flash firmware on OpenOCD: /usr/lib/python2.7/site-packages/gateway_code/static/m3_idle.elf
2021-08-31 04:30:52,049 :: INFO :: Control node : Stop control node serial interface
2021-08-31 04:30:52,057 :: INFO :: Control node : stop power of open node
2021-08-31 04:30:52,125 :: INFO :: Control node : reset
2021-08-31 04:30:52,131 :: INFO :: Reset Control Node
2021-08-31 04:30:55,025 :: INFO :: Stop experiment succeeded
