2021-08-29 14:20:42,960 :: INFO :: Start experiment: luna-275694
2021-08-29 14:20:42,964 :: INFO :: Control node : Starting of control node serial interface
2021-08-29 14:20:42,967 :: INFO :: Control node : reset
2021-08-29 14:20:42,969 :: INFO :: Reset Control Node
2021-08-29 14:20:45,927 :: INFO :: Control node : start power of open node
2021-08-29 14:20:45,982 :: INFO :: Node OpenOCD: Setup of openocd node
2021-08-29 14:20:49,032 :: INFO :: Node OpenOCD: flash of openocd node
2021-08-29 14:20:49,047 :: INFO :: Flash firmware on OpenOCD: /tmp/tmpkGhkgV--a14ddd1a1d6cc1c4ffb46cbabc9d20fe_unicast-sender-count-10T-20B.iotlab-m3
2021-08-29 14:20:55,896 :: INFO :: Control node : Start experiment
2021-08-29 14:20:55,941 :: INFO :: Control Node set time delay: 1617 us
2021-08-29 14:20:55,974 :: INFO :: Control node : profile configuration
2021-08-29 14:20:55,980 :: INFO :: Configure profile on Control Node
2021-08-29 14:20:56,058 :: INFO :: Start experiment succeeded
2021-08-29 15:22:02,257 :: INFO :: Gateway Manager : Stop experiment
2021-08-29 15:22:02,266 :: INFO :: Stop experiment
2021-08-29 15:22:02,274 :: INFO :: Control node : stop of the experiment
2021-08-29 15:22:02,281 :: INFO :: Control node : profile configuration
2021-08-29 15:22:02,291 :: INFO :: Configure profile on Control Node
2021-08-29 15:22:02,361 :: INFO :: Control node : start power of open node
2021-08-29 15:22:02,403 :: INFO :: Node OpenOCD: teardown of openocd node
2021-08-29 15:22:05,451 :: INFO :: openocd node debugger stop
2021-08-29 15:22:06,140 :: INFO :: Node OpenOCD: flash of openocd node
2021-08-29 15:22:06,148 :: INFO :: Flash firmware on OpenOCD: /usr/lib/python2.7/site-packages/gateway_code/static/m3_idle.elf
2021-08-29 15:22:08,651 :: INFO :: Control node : Stop control node serial interface
2021-08-29 15:22:08,656 :: INFO :: Control node : stop power of open node
2021-08-29 15:22:08,706 :: INFO :: Control node : reset
2021-08-29 15:22:08,710 :: INFO :: Reset Control Node
2021-08-29 15:22:11,587 :: INFO :: Stop experiment succeeded
