2021-08-29 14:20:43,014 :: INFO :: Start experiment: luna-275694
2021-08-29 14:20:43,018 :: INFO :: Control node : Starting of control node serial interface
2021-08-29 14:20:43,020 :: INFO :: Control node : reset
2021-08-29 14:20:43,023 :: INFO :: Reset Control Node
2021-08-29 14:20:45,991 :: INFO :: Control node : start power of open node
2021-08-29 14:20:46,048 :: INFO :: Node OpenOCD: Setup of openocd node
2021-08-29 14:20:49,091 :: INFO :: Node OpenOCD: flash of openocd node
2021-08-29 14:20:49,107 :: INFO :: Flash firmware on OpenOCD: /tmp/tmpsAwYx8--a14ddd1a1d6cc1c4ffb46cbabc9d20fe_unicast-sender-count-10T-20B.iotlab-m3
2021-08-29 14:20:56,038 :: INFO :: Control node : Start experiment
2021-08-29 14:20:56,103 :: INFO :: Control Node set time delay: 1800 us
2021-08-29 14:20:56,153 :: INFO :: Control node : profile configuration
2021-08-29 14:20:56,157 :: INFO :: Configure profile on Control Node
2021-08-29 14:20:56,197 :: INFO :: Start experiment succeeded
2021-08-29 15:22:02,238 :: INFO :: Gateway Manager : Stop experiment
2021-08-29 15:22:02,246 :: INFO :: Stop experiment
2021-08-29 15:22:02,254 :: INFO :: Control node : stop of the experiment
2021-08-29 15:22:02,261 :: INFO :: Control node : profile configuration
2021-08-29 15:22:02,270 :: INFO :: Configure profile on Control Node
2021-08-29 15:22:02,337 :: INFO :: Control node : start power of open node
2021-08-29 15:22:02,378 :: INFO :: Node OpenOCD: teardown of openocd node
2021-08-29 15:22:05,444 :: INFO :: openocd node debugger stop
2021-08-29 15:22:06,127 :: INFO :: Node OpenOCD: flash of openocd node
2021-08-29 15:22:06,142 :: INFO :: Flash firmware on OpenOCD: /usr/lib/python2.7/site-packages/gateway_code/static/m3_idle.elf
2021-08-29 15:22:08,713 :: INFO :: Control node : Stop control node serial interface
2021-08-29 15:22:08,721 :: INFO :: Control node : stop power of open node
2021-08-29 15:22:08,788 :: INFO :: Control node : reset
2021-08-29 15:22:08,795 :: INFO :: Reset Control Node
2021-08-29 15:22:11,686 :: INFO :: Stop experiment succeeded
