2021-08-29 14:20:42,968 :: INFO :: Start experiment: luna-275694
2021-08-29 14:20:42,972 :: INFO :: Control node : Starting of control node serial interface
2021-08-29 14:20:42,975 :: INFO :: Control node : reset
2021-08-29 14:20:42,977 :: INFO :: Reset Control Node
2021-08-29 14:20:45,932 :: INFO :: Control node : start power of open node
2021-08-29 14:20:45,989 :: INFO :: Node OpenOCD: Setup of openocd node
2021-08-29 14:20:49,033 :: INFO :: Node OpenOCD: flash of openocd node
2021-08-29 14:20:49,047 :: INFO :: Flash firmware on OpenOCD: /tmp/tmp_yDRl9--a14ddd1a1d6cc1c4ffb46cbabc9d20fe_unicast-sender-count-10T-20B.iotlab-m3
2021-08-29 14:20:56,063 :: INFO :: Control node : Start experiment
2021-08-29 14:20:56,121 :: INFO :: Control Node set time delay: 1648 us
2021-08-29 14:20:56,142 :: INFO :: Control node : profile configuration
2021-08-29 14:20:56,145 :: INFO :: Configure profile on Control Node
2021-08-29 14:20:56,186 :: INFO :: Start experiment succeeded
2021-08-29 15:22:02,291 :: INFO :: Gateway Manager : Stop experiment
2021-08-29 15:22:02,311 :: INFO :: Stop experiment
2021-08-29 15:22:02,329 :: INFO :: Control node : stop of the experiment
2021-08-29 15:22:02,352 :: INFO :: Control node : profile configuration
2021-08-29 15:22:02,369 :: INFO :: Configure profile on Control Node
2021-08-29 15:22:02,483 :: INFO :: Control node : start power of open node
2021-08-29 15:22:02,504 :: INFO :: Node OpenOCD: teardown of openocd node
2021-08-29 15:22:05,541 :: INFO :: openocd node debugger stop
2021-08-29 15:22:06,227 :: INFO :: Node OpenOCD: flash of openocd node
2021-08-29 15:22:06,244 :: INFO :: Flash firmware on OpenOCD: /usr/lib/python2.7/site-packages/gateway_code/static/m3_idle.elf
2021-08-29 15:22:08,859 :: INFO :: Control node : Stop control node serial interface
2021-08-29 15:22:08,868 :: INFO :: Control node : stop power of open node
2021-08-29 15:22:08,938 :: INFO :: Control node : reset
2021-08-29 15:22:08,945 :: INFO :: Reset Control Node
2021-08-29 15:22:11,841 :: INFO :: Stop experiment succeeded
