2021-08-29 14:20:42,950 :: INFO :: Start experiment: luna-275694
2021-08-29 14:20:42,954 :: INFO :: Control node : Starting of control node serial interface
2021-08-29 14:20:42,957 :: INFO :: Control node : reset
2021-08-29 14:20:42,960 :: INFO :: Reset Control Node
2021-08-29 14:20:45,975 :: INFO :: Control node : start power of open node
2021-08-29 14:20:46,034 :: INFO :: Node OpenOCD: Setup of openocd node
2021-08-29 14:20:49,074 :: INFO :: Node OpenOCD: flash of openocd node
2021-08-29 14:20:49,089 :: INFO :: Flash firmware on OpenOCD: /tmp/tmpZVtCAD--a14ddd1a1d6cc1c4ffb46cbabc9d20fe_unicast-sender-count-10T-20B.iotlab-m3
2021-08-29 14:20:56,095 :: INFO :: Control node : Start experiment
2021-08-29 14:20:56,154 :: INFO :: Control Node set time delay: 1190 us
2021-08-29 14:20:56,171 :: INFO :: Control node : profile configuration
2021-08-29 14:20:56,177 :: INFO :: Configure profile on Control Node
2021-08-29 14:20:56,256 :: INFO :: Start experiment succeeded
2021-08-29 15:22:02,281 :: INFO :: Gateway Manager : Stop experiment
2021-08-29 15:22:02,291 :: INFO :: Stop experiment
2021-08-29 15:22:02,299 :: INFO :: Control node : stop of the experiment
2021-08-29 15:22:02,307 :: INFO :: Control node : profile configuration
2021-08-29 15:22:02,314 :: INFO :: Configure profile on Control Node
2021-08-29 15:22:02,386 :: INFO :: Control node : start power of open node
2021-08-29 15:22:02,429 :: INFO :: Node OpenOCD: teardown of openocd node
2021-08-29 15:22:05,478 :: INFO :: openocd node debugger stop
2021-08-29 15:22:06,173 :: INFO :: Node OpenOCD: flash of openocd node
2021-08-29 15:22:06,188 :: INFO :: Flash firmware on OpenOCD: /usr/lib/python2.7/site-packages/gateway_code/static/m3_idle.elf
2021-08-29 15:22:08,753 :: INFO :: Control node : Stop control node serial interface
2021-08-29 15:22:08,758 :: INFO :: Control node : stop power of open node
2021-08-29 15:22:08,798 :: INFO :: Control node : reset
2021-08-29 15:22:08,802 :: INFO :: Reset Control Node
2021-08-29 15:22:11,715 :: INFO :: Stop experiment succeeded
