2021-08-29 14:20:42,925 :: INFO :: Start experiment: luna-275694
2021-08-29 14:20:42,928 :: INFO :: Control node : Starting of control node serial interface
2021-08-29 14:20:42,931 :: INFO :: Control node : reset
2021-08-29 14:20:42,934 :: INFO :: Reset Control Node
2021-08-29 14:20:45,895 :: INFO :: Control node : start power of open node
2021-08-29 14:20:45,952 :: INFO :: Node OpenOCD: Setup of openocd node
2021-08-29 14:20:48,995 :: INFO :: Node OpenOCD: flash of openocd node
2021-08-29 14:20:49,010 :: INFO :: Flash firmware on OpenOCD: /tmp/tmpnE3pIR--a14ddd1a1d6cc1c4ffb46cbabc9d20fe_unicast-sender-count-10T-20B.iotlab-m3
2021-08-29 14:20:55,906 :: INFO :: Control node : Start experiment
2021-08-29 14:20:55,959 :: INFO :: Control Node set time delay: 1495 us
2021-08-29 14:20:55,991 :: INFO :: Control node : profile configuration
2021-08-29 14:20:55,998 :: INFO :: Configure profile on Control Node
2021-08-29 14:20:56,076 :: INFO :: Start experiment succeeded
2021-08-29 15:22:02,227 :: INFO :: Gateway Manager : Stop experiment
2021-08-29 15:22:02,236 :: INFO :: Stop experiment
2021-08-29 15:22:02,243 :: INFO :: Control node : stop of the experiment
2021-08-29 15:22:02,253 :: INFO :: Control node : profile configuration
2021-08-29 15:22:02,260 :: INFO :: Configure profile on Control Node
2021-08-29 15:22:02,325 :: INFO :: Control node : start power of open node
2021-08-29 15:22:02,367 :: INFO :: Node OpenOCD: teardown of openocd node
2021-08-29 15:22:05,432 :: INFO :: openocd node debugger stop
2021-08-29 15:22:06,023 :: INFO :: Node OpenOCD: flash of openocd node
2021-08-29 15:22:06,038 :: INFO :: Flash firmware on OpenOCD: /usr/lib/python2.7/site-packages/gateway_code/static/m3_idle.elf
2021-08-29 15:22:08,609 :: INFO :: Control node : Stop control node serial interface
2021-08-29 15:22:08,613 :: INFO :: Control node : stop power of open node
2021-08-29 15:22:08,663 :: INFO :: Control node : reset
2021-08-29 15:22:08,669 :: INFO :: Reset Control Node
2021-08-29 15:22:11,560 :: INFO :: Stop experiment succeeded
