2021-08-29 14:20:42,995 :: INFO :: Start experiment: luna-275694
2021-08-29 14:20:42,998 :: INFO :: Control node : Starting of control node serial interface
2021-08-29 14:20:43,001 :: INFO :: Control node : reset
2021-08-29 14:20:43,004 :: INFO :: Reset Control Node
2021-08-29 14:20:45,962 :: INFO :: Control node : start power of open node
2021-08-29 14:20:46,019 :: INFO :: Node OpenOCD: Setup of openocd node
2021-08-29 14:20:49,062 :: INFO :: Node OpenOCD: flash of openocd node
2021-08-29 14:20:49,077 :: INFO :: Flash firmware on OpenOCD: /tmp/tmpVbOOgH--a14ddd1a1d6cc1c4ffb46cbabc9d20fe_unicast-sender-count-10T-20B.iotlab-m3
2021-08-29 14:20:56,032 :: INFO :: Control node : Start experiment
2021-08-29 14:20:56,089 :: INFO :: Control Node set time delay: 1800 us
2021-08-29 14:20:56,122 :: INFO :: Control node : profile configuration
2021-08-29 14:20:56,128 :: INFO :: Configure profile on Control Node
2021-08-29 14:20:56,170 :: INFO :: Start experiment succeeded
2021-08-29 15:22:02,233 :: INFO :: Gateway Manager : Stop experiment
2021-08-29 15:22:02,242 :: INFO :: Stop experiment
2021-08-29 15:22:02,249 :: INFO :: Control node : stop of the experiment
2021-08-29 15:22:02,256 :: INFO :: Control node : profile configuration
2021-08-29 15:22:02,263 :: INFO :: Configure profile on Control Node
2021-08-29 15:22:02,333 :: INFO :: Control node : start power of open node
2021-08-29 15:22:02,375 :: INFO :: Node OpenOCD: teardown of openocd node
2021-08-29 15:22:05,417 :: INFO :: openocd node debugger stop
2021-08-29 15:22:06,103 :: INFO :: Node OpenOCD: flash of openocd node
2021-08-29 15:22:06,117 :: INFO :: Flash firmware on OpenOCD: /usr/lib/python2.7/site-packages/gateway_code/static/m3_idle.elf
2021-08-29 15:22:08,733 :: INFO :: Control node : Stop control node serial interface
2021-08-29 15:22:08,742 :: INFO :: Control node : stop power of open node
2021-08-29 15:22:08,826 :: INFO :: Control node : reset
2021-08-29 15:22:08,833 :: INFO :: Reset Control Node
2021-08-29 15:22:11,723 :: INFO :: Stop experiment succeeded
