2021-08-29 14:20:43,030 :: INFO :: Start experiment: luna-275694
2021-08-29 14:20:43,033 :: INFO :: Control node : Starting of control node serial interface
2021-08-29 14:20:43,036 :: INFO :: Control node : reset
2021-08-29 14:20:43,038 :: INFO :: Reset Control Node
2021-08-29 14:20:46,004 :: INFO :: Control node : start power of open node
2021-08-29 14:20:46,059 :: INFO :: Node OpenOCD: Setup of openocd node
2021-08-29 14:20:49,102 :: INFO :: Node OpenOCD: flash of openocd node
2021-08-29 14:20:49,117 :: INFO :: Flash firmware on OpenOCD: /tmp/tmpgxb0hi--a14ddd1a1d6cc1c4ffb46cbabc9d20fe_unicast-sender-count-10T-20B.iotlab-m3
2021-08-29 14:20:56,031 :: INFO :: Control node : Start experiment
2021-08-29 14:20:56,114 :: INFO :: Control Node set time delay: 1556 us
2021-08-29 14:20:56,136 :: INFO :: Control node : profile configuration
2021-08-29 14:20:56,143 :: INFO :: Configure profile on Control Node
2021-08-29 14:20:56,222 :: INFO :: Start experiment succeeded
2021-08-29 15:22:02,233 :: INFO :: Gateway Manager : Stop experiment
2021-08-29 15:22:02,243 :: INFO :: Stop experiment
2021-08-29 15:22:02,251 :: INFO :: Control node : stop of the experiment
2021-08-29 15:22:02,258 :: INFO :: Control node : profile configuration
2021-08-29 15:22:02,266 :: INFO :: Configure profile on Control Node
2021-08-29 15:22:02,337 :: INFO :: Control node : start power of open node
2021-08-29 15:22:02,379 :: INFO :: Node OpenOCD: teardown of openocd node
2021-08-29 15:22:05,419 :: INFO :: openocd node debugger stop
2021-08-29 15:22:06,100 :: INFO :: Node OpenOCD: flash of openocd node
2021-08-29 15:22:06,107 :: INFO :: Flash firmware on OpenOCD: /usr/lib/python2.7/site-packages/gateway_code/static/m3_idle.elf
2021-08-29 15:22:08,612 :: INFO :: Control node : Stop control node serial interface
2021-08-29 15:22:08,621 :: INFO :: Control node : stop power of open node
2021-08-29 15:22:08,697 :: INFO :: Control node : reset
2021-08-29 15:22:08,704 :: INFO :: Reset Control Node
2021-08-29 15:22:11,593 :: INFO :: Stop experiment succeeded
