2021-08-29 14:20:43,019 :: INFO :: Start experiment: luna-275694
2021-08-29 14:20:43,022 :: INFO :: Control node : Starting of control node serial interface
2021-08-29 14:20:43,025 :: INFO :: Control node : reset
2021-08-29 14:20:43,027 :: INFO :: Reset Control Node
2021-08-29 14:20:45,992 :: INFO :: Control node : start power of open node
2021-08-29 14:20:46,050 :: INFO :: Node OpenOCD: Setup of openocd node
2021-08-29 14:20:49,104 :: INFO :: Node OpenOCD: flash of openocd node
2021-08-29 14:20:49,118 :: INFO :: Flash firmware on OpenOCD: /tmp/tmpe6WZtC--a14ddd1a1d6cc1c4ffb46cbabc9d20fe_unicast-sender-count-10T-20B.iotlab-m3
2021-08-29 14:20:56,146 :: INFO :: Control node : Start experiment
2021-08-29 14:20:56,208 :: INFO :: Control Node set time delay: 1618 us
2021-08-29 14:20:56,233 :: INFO :: Control node : profile configuration
2021-08-29 14:20:56,236 :: INFO :: Configure profile on Control Node
2021-08-29 14:20:56,277 :: INFO :: Start experiment succeeded
2021-08-29 15:22:02,239 :: INFO :: Gateway Manager : Stop experiment
2021-08-29 15:22:02,249 :: INFO :: Stop experiment
2021-08-29 15:22:02,257 :: INFO :: Control node : stop of the experiment
2021-08-29 15:22:02,265 :: INFO :: Control node : profile configuration
2021-08-29 15:22:02,275 :: INFO :: Configure profile on Control Node
2021-08-29 15:22:02,346 :: INFO :: Control node : start power of open node
2021-08-29 15:22:02,390 :: INFO :: Node OpenOCD: teardown of openocd node
2021-08-29 15:22:05,443 :: INFO :: openocd node debugger stop
2021-08-29 15:22:06,133 :: INFO :: Node OpenOCD: flash of openocd node
2021-08-29 15:22:06,147 :: INFO :: Flash firmware on OpenOCD: /usr/lib/python2.7/site-packages/gateway_code/static/m3_idle.elf
2021-08-29 15:22:08,713 :: INFO :: Control node : Stop control node serial interface
2021-08-29 15:22:08,718 :: INFO :: Control node : stop power of open node
2021-08-29 15:22:08,765 :: INFO :: Control node : reset
2021-08-29 15:22:08,768 :: INFO :: Reset Control Node
2021-08-29 15:22:11,685 :: INFO :: Stop experiment succeeded
