2021-08-29 14:20:43,011 :: INFO :: Start experiment: luna-275694
2021-08-29 14:20:43,014 :: INFO :: Control node : Starting of control node serial interface
2021-08-29 14:20:43,017 :: INFO :: Control node : reset
2021-08-29 14:20:43,020 :: INFO :: Reset Control Node
2021-08-29 14:20:45,981 :: INFO :: Control node : start power of open node
2021-08-29 14:20:46,038 :: INFO :: Node OpenOCD: Setup of openocd node
2021-08-29 14:20:49,090 :: INFO :: Node OpenOCD: flash of openocd node
2021-08-29 14:20:49,105 :: INFO :: Flash firmware on OpenOCD: /tmp/tmpIiL1cn--a14ddd1a1d6cc1c4ffb46cbabc9d20fe_unicast-sender-count-10T-20B.iotlab-m3
2021-08-29 14:20:56,121 :: INFO :: Control node : Start experiment
2021-08-29 14:20:56,187 :: INFO :: Control Node set time delay: 1892 us
2021-08-29 14:20:56,210 :: INFO :: Control node : profile configuration
2021-08-29 14:20:56,216 :: INFO :: Configure profile on Control Node
2021-08-29 14:20:56,261 :: INFO :: Start experiment succeeded
2021-08-29 15:22:02,325 :: INFO :: Gateway Manager : Stop experiment
2021-08-29 15:22:02,346 :: INFO :: Stop experiment
2021-08-29 15:22:02,365 :: INFO :: Control node : stop of the experiment
2021-08-29 15:22:02,388 :: INFO :: Control node : profile configuration
2021-08-29 15:22:02,405 :: INFO :: Configure profile on Control Node
2021-08-29 15:22:02,560 :: INFO :: Control node : start power of open node
2021-08-29 15:22:02,579 :: INFO :: Node OpenOCD: teardown of openocd node
2021-08-29 15:22:05,614 :: INFO :: openocd node debugger stop
2021-08-29 15:22:06,298 :: INFO :: Node OpenOCD: flash of openocd node
2021-08-29 15:22:06,305 :: INFO :: Flash firmware on OpenOCD: /usr/lib/python2.7/site-packages/gateway_code/static/m3_idle.elf
2021-08-29 15:22:08,756 :: INFO :: Control node : Stop control node serial interface
2021-08-29 15:22:08,764 :: INFO :: Control node : stop power of open node
2021-08-29 15:22:08,851 :: INFO :: Control node : reset
2021-08-29 15:22:08,858 :: INFO :: Reset Control Node
2021-08-29 15:22:11,743 :: INFO :: Stop experiment succeeded
