2021-08-29 14:20:43,003 :: INFO :: Start experiment: luna-275694
2021-08-29 14:20:43,007 :: INFO :: Control node : Starting of control node serial interface
2021-08-29 14:20:43,010 :: INFO :: Control node : reset
2021-08-29 14:20:43,012 :: INFO :: Reset Control Node
2021-08-29 14:20:45,969 :: INFO :: Control node : start power of open node
2021-08-29 14:20:46,025 :: INFO :: Node OpenOCD: Setup of openocd node
2021-08-29 14:20:49,068 :: INFO :: Node OpenOCD: flash of openocd node
2021-08-29 14:20:49,083 :: INFO :: Flash firmware on OpenOCD: /tmp/tmpFROY4E--a14ddd1a1d6cc1c4ffb46cbabc9d20fe_unicast-sender-count-10T-20B.iotlab-m3
2021-08-29 14:20:56,087 :: INFO :: Control node : Start experiment
2021-08-29 14:20:56,141 :: INFO :: Control Node set time delay: 1831 us
2021-08-29 14:20:56,174 :: INFO :: Control node : profile configuration
2021-08-29 14:20:56,178 :: INFO :: Configure profile on Control Node
2021-08-29 14:20:56,219 :: INFO :: Start experiment succeeded
2021-08-29 15:22:02,241 :: INFO :: Gateway Manager : Stop experiment
2021-08-29 15:22:02,250 :: INFO :: Stop experiment
2021-08-29 15:22:02,259 :: INFO :: Control node : stop of the experiment
2021-08-29 15:22:02,266 :: INFO :: Control node : profile configuration
2021-08-29 15:22:02,277 :: INFO :: Configure profile on Control Node
2021-08-29 15:22:02,347 :: INFO :: Control node : start power of open node
2021-08-29 15:22:02,391 :: INFO :: Node OpenOCD: teardown of openocd node
2021-08-29 15:22:05,426 :: INFO :: openocd node debugger stop
2021-08-29 15:22:06,086 :: INFO :: Node OpenOCD: flash of openocd node
2021-08-29 15:22:06,093 :: INFO :: Flash firmware on OpenOCD: /usr/lib/python2.7/site-packages/gateway_code/static/m3_idle.elf
2021-08-29 15:22:08,598 :: INFO :: Control node : Stop control node serial interface
2021-08-29 15:22:08,607 :: INFO :: Control node : stop power of open node
2021-08-29 15:22:08,703 :: INFO :: Control node : reset
2021-08-29 15:22:08,710 :: INFO :: Reset Control Node
2021-08-29 15:22:11,594 :: INFO :: Stop experiment succeeded
