2021-08-29 14:20:43,030 :: INFO :: Start experiment: luna-275694
2021-08-29 14:20:43,033 :: INFO :: Control node : Starting of control node serial interface
2021-08-29 14:20:43,036 :: INFO :: Control node : reset
2021-08-29 14:20:43,039 :: INFO :: Reset Control Node
2021-08-29 14:20:45,990 :: INFO :: Control node : start power of open node
2021-08-29 14:20:46,047 :: INFO :: Node OpenOCD: Setup of openocd node
2021-08-29 14:20:49,089 :: INFO :: Node OpenOCD: flash of openocd node
2021-08-29 14:20:49,104 :: INFO :: Flash firmware on OpenOCD: /tmp/tmp51FfOu--a14ddd1a1d6cc1c4ffb46cbabc9d20fe_unicast-sender-count-10T-20B.iotlab-m3
2021-08-29 14:20:56,056 :: INFO :: Control node : Start experiment
2021-08-29 14:20:56,126 :: INFO :: Control Node set time delay: 2564 us
2021-08-29 14:20:56,175 :: INFO :: Control node : profile configuration
2021-08-29 14:20:56,182 :: INFO :: Configure profile on Control Node
2021-08-29 14:20:56,260 :: INFO :: Start experiment succeeded
2021-08-29 15:22:02,239 :: INFO :: Gateway Manager : Stop experiment
2021-08-29 15:22:02,248 :: INFO :: Stop experiment
2021-08-29 15:22:02,256 :: INFO :: Control node : stop of the experiment
2021-08-29 15:22:02,263 :: INFO :: Control node : profile configuration
2021-08-29 15:22:02,273 :: INFO :: Configure profile on Control Node
2021-08-29 15:22:02,341 :: INFO :: Control node : start power of open node
2021-08-29 15:22:02,385 :: INFO :: Node OpenOCD: teardown of openocd node
2021-08-29 15:22:05,426 :: INFO :: openocd node debugger stop
2021-08-29 15:22:06,106 :: INFO :: Node OpenOCD: flash of openocd node
2021-08-29 15:22:06,113 :: INFO :: Flash firmware on OpenOCD: /usr/lib/python2.7/site-packages/gateway_code/static/m3_idle.elf
2021-08-29 15:22:08,615 :: INFO :: Control node : Stop control node serial interface
2021-08-29 15:22:08,624 :: INFO :: Control node : stop power of open node
2021-08-29 15:22:08,705 :: INFO :: Control node : reset
2021-08-29 15:22:08,711 :: INFO :: Reset Control Node
2021-08-29 15:22:11,601 :: INFO :: Stop experiment succeeded
