2021-08-29 14:20:42,976 :: INFO :: Start experiment: luna-275694
2021-08-29 14:20:42,979 :: INFO :: Control node : Starting of control node serial interface
2021-08-29 14:20:42,982 :: INFO :: Control node : reset
2021-08-29 14:20:42,984 :: INFO :: Reset Control Node
2021-08-29 14:20:45,945 :: INFO :: Control node : start power of open node
2021-08-29 14:20:46,001 :: INFO :: Node OpenOCD: Setup of openocd node
2021-08-29 14:20:49,044 :: INFO :: Node OpenOCD: flash of openocd node
2021-08-29 14:20:49,059 :: INFO :: Flash firmware on OpenOCD: /tmp/tmpkHwoi3--a14ddd1a1d6cc1c4ffb46cbabc9d20fe_unicast-sender-count-10T-20B.iotlab-m3
2021-08-29 14:20:56,015 :: INFO :: Control node : Start experiment
2021-08-29 14:20:56,093 :: INFO :: Control Node set time delay: 1953 us
2021-08-29 14:20:56,133 :: INFO :: Control node : profile configuration
2021-08-29 14:20:56,140 :: INFO :: Configure profile on Control Node
2021-08-29 14:20:56,219 :: INFO :: Start experiment succeeded
2021-08-29 15:22:02,249 :: INFO :: Gateway Manager : Stop experiment
2021-08-29 15:22:02,259 :: INFO :: Stop experiment
2021-08-29 15:22:02,267 :: INFO :: Control node : stop of the experiment
2021-08-29 15:22:02,274 :: INFO :: Control node : profile configuration
2021-08-29 15:22:02,282 :: INFO :: Configure profile on Control Node
2021-08-29 15:22:02,356 :: INFO :: Control node : start power of open node
2021-08-29 15:22:02,399 :: INFO :: Node OpenOCD: teardown of openocd node
2021-08-29 15:22:05,435 :: INFO :: openocd node debugger stop
2021-08-29 15:22:06,131 :: INFO :: Node OpenOCD: flash of openocd node
2021-08-29 15:22:06,146 :: INFO :: Flash firmware on OpenOCD: /usr/lib/python2.7/site-packages/gateway_code/static/m3_idle.elf
2021-08-29 15:22:08,662 :: INFO :: Control node : Stop control node serial interface
2021-08-29 15:22:08,671 :: INFO :: Control node : stop power of open node
2021-08-29 15:22:08,738 :: INFO :: Control node : reset
2021-08-29 15:22:08,744 :: INFO :: Reset Control Node
2021-08-29 15:22:11,638 :: INFO :: Stop experiment succeeded
