2021-08-29 14:20:43,023 :: INFO :: Start experiment: luna-275694
2021-08-29 14:20:43,026 :: INFO :: Control node : Starting of control node serial interface
2021-08-29 14:20:43,029 :: INFO :: Control node : reset
2021-08-29 14:20:43,032 :: INFO :: Reset Control Node
2021-08-29 14:20:45,936 :: INFO :: Control node : start power of open node
2021-08-29 14:20:45,963 :: INFO :: Node OpenOCD: Setup of openocd node
2021-08-29 14:20:49,006 :: INFO :: Node OpenOCD: flash of openocd node
2021-08-29 14:20:49,024 :: INFO :: Flash firmware on OpenOCD: /tmp/tmpP3xFIq--a14ddd1a1d6cc1c4ffb46cbabc9d20fe_unicast-sender-count-10T-20B.iotlab-m3
2021-08-29 14:20:56,035 :: INFO :: Control node : Start experiment
2021-08-29 14:20:56,091 :: INFO :: Control Node set time delay: 1129 us
2021-08-29 14:20:56,110 :: INFO :: Control node : profile configuration
2021-08-29 14:20:56,113 :: INFO :: Configure profile on Control Node
2021-08-29 14:20:56,154 :: INFO :: Start experiment succeeded
2021-08-29 15:22:02,232 :: INFO :: Gateway Manager : Stop experiment
2021-08-29 15:22:02,241 :: INFO :: Stop experiment
2021-08-29 15:22:02,250 :: INFO :: Control node : stop of the experiment
2021-08-29 15:22:02,257 :: INFO :: Control node : profile configuration
2021-08-29 15:22:02,264 :: INFO :: Configure profile on Control Node
2021-08-29 15:22:02,336 :: INFO :: Control node : start power of open node
2021-08-29 15:22:02,377 :: INFO :: Node OpenOCD: teardown of openocd node
2021-08-29 15:22:05,426 :: INFO :: openocd node debugger stop
2021-08-29 15:22:06,107 :: INFO :: Node OpenOCD: flash of openocd node
2021-08-29 15:22:06,114 :: INFO :: Flash firmware on OpenOCD: /usr/lib/python2.7/site-packages/gateway_code/static/m3_idle.elf
2021-08-29 15:22:08,568 :: INFO :: Control node : Stop control node serial interface
2021-08-29 15:22:08,577 :: INFO :: Control node : stop power of open node
2021-08-29 15:22:08,645 :: INFO :: Control node : reset
2021-08-29 15:22:08,651 :: INFO :: Reset Control Node
2021-08-29 15:22:11,527 :: INFO :: Stop experiment succeeded
