2021-08-29 14:20:42,958 :: INFO :: Start experiment: luna-275694
2021-08-29 14:20:42,962 :: INFO :: Control node : Starting of control node serial interface
2021-08-29 14:20:42,965 :: INFO :: Control node : reset
2021-08-29 14:20:42,967 :: INFO :: Reset Control Node
2021-08-29 14:20:45,919 :: INFO :: Control node : start power of open node
2021-08-29 14:20:45,976 :: INFO :: Node OpenOCD: Setup of openocd node
2021-08-29 14:20:49,022 :: INFO :: Node OpenOCD: flash of openocd node
2021-08-29 14:20:49,037 :: INFO :: Flash firmware on OpenOCD: /tmp/tmpbPbmbk--a14ddd1a1d6cc1c4ffb46cbabc9d20fe_unicast-sender-count-10T-20B.iotlab-m3
2021-08-29 14:20:56,006 :: INFO :: Control node : Start experiment
2021-08-29 14:20:56,059 :: INFO :: Control Node set time delay: 1038 us
2021-08-29 14:20:56,082 :: INFO :: Control node : profile configuration
2021-08-29 14:20:56,085 :: INFO :: Configure profile on Control Node
2021-08-29 14:20:56,126 :: INFO :: Start experiment succeeded
2021-08-29 15:22:02,234 :: INFO :: Gateway Manager : Stop experiment
2021-08-29 15:22:02,244 :: INFO :: Stop experiment
2021-08-29 15:22:02,252 :: INFO :: Control node : stop of the experiment
2021-08-29 15:22:02,260 :: INFO :: Control node : profile configuration
2021-08-29 15:22:02,270 :: INFO :: Configure profile on Control Node
2021-08-29 15:22:02,342 :: INFO :: Control node : start power of open node
2021-08-29 15:22:02,387 :: INFO :: Node OpenOCD: teardown of openocd node
2021-08-29 15:22:05,436 :: INFO :: openocd node debugger stop
2021-08-29 15:22:06,123 :: INFO :: Node OpenOCD: flash of openocd node
2021-08-29 15:22:06,138 :: INFO :: Flash firmware on OpenOCD: /usr/lib/python2.7/site-packages/gateway_code/static/m3_idle.elf
2021-08-29 15:22:08,704 :: INFO :: Control node : Stop control node serial interface
2021-08-29 15:22:08,713 :: INFO :: Control node : stop power of open node
2021-08-29 15:22:08,796 :: INFO :: Control node : reset
2021-08-29 15:22:08,803 :: INFO :: Reset Control Node
2021-08-29 15:22:11,690 :: INFO :: Stop experiment succeeded
