2021-08-29 14:20:42,971 :: INFO :: Start experiment: luna-275694
2021-08-29 14:20:42,974 :: INFO :: Control node : Starting of control node serial interface
2021-08-29 14:20:42,977 :: INFO :: Control node : reset
2021-08-29 14:20:42,980 :: INFO :: Reset Control Node
2021-08-29 14:20:45,887 :: INFO :: Control node : start power of open node
2021-08-29 14:20:45,914 :: INFO :: Node OpenOCD: Setup of openocd node
2021-08-29 14:20:48,953 :: INFO :: Node OpenOCD: flash of openocd node
2021-08-29 14:20:48,971 :: INFO :: Flash firmware on OpenOCD: /tmp/tmpY_5wmc--a14ddd1a1d6cc1c4ffb46cbabc9d20fe_unicast-sender-count-10T-20B.iotlab-m3
2021-08-29 14:20:55,863 :: INFO :: Control node : Start experiment
2021-08-29 14:20:55,932 :: INFO :: Control Node set time delay: 1557 us
2021-08-29 14:20:55,956 :: INFO :: Control node : profile configuration
2021-08-29 14:20:55,963 :: INFO :: Configure profile on Control Node
2021-08-29 14:20:56,043 :: INFO :: Start experiment succeeded
2021-08-29 15:22:02,248 :: INFO :: Gateway Manager : Stop experiment
2021-08-29 15:22:02,258 :: INFO :: Stop experiment
2021-08-29 15:22:02,267 :: INFO :: Control node : stop of the experiment
2021-08-29 15:22:02,275 :: INFO :: Control node : profile configuration
2021-08-29 15:22:02,282 :: INFO :: Configure profile on Control Node
2021-08-29 15:22:02,356 :: INFO :: Control node : start power of open node
2021-08-29 15:22:02,401 :: INFO :: Node OpenOCD: teardown of openocd node
2021-08-29 15:22:05,437 :: INFO :: openocd node debugger stop
2021-08-29 15:22:06,114 :: INFO :: Node OpenOCD: flash of openocd node
2021-08-29 15:22:06,128 :: INFO :: Flash firmware on OpenOCD: /usr/lib/python2.7/site-packages/gateway_code/static/m3_idle.elf
2021-08-29 15:22:08,693 :: INFO :: Control node : Stop control node serial interface
2021-08-29 15:22:08,698 :: INFO :: Control node : stop power of open node
2021-08-29 15:22:08,749 :: INFO :: Control node : reset
2021-08-29 15:22:08,753 :: INFO :: Reset Control Node
2021-08-29 15:22:11,683 :: INFO :: Stop experiment succeeded
