2021-09-01 01:59:36,598 :: INFO :: Start experiment: luna-275848
2021-09-01 01:59:36,601 :: INFO :: Control node : Starting of control node serial interface
2021-09-01 01:59:36,604 :: INFO :: Control node : reset
2021-09-01 01:59:36,607 :: INFO :: Reset Control Node
2021-09-01 01:59:39,564 :: INFO :: Control node : start power of open node
2021-09-01 01:59:39,620 :: INFO :: Node OpenOCD: Setup of openocd node
2021-09-01 01:59:42,663 :: INFO :: Node OpenOCD: flash of openocd node
2021-09-01 01:59:42,678 :: INFO :: Flash firmware on OpenOCD: /tmp/tmpoZOUQW--93e977ac3781fe5042fd86dcc34ed19b_unicast-sender-count-10T-100B.iotlab-m3
2021-09-01 01:59:49,572 :: INFO :: Control node : Start experiment
2021-09-01 01:59:49,618 :: INFO :: Control Node set time delay: 1862 us
2021-09-01 01:59:49,652 :: INFO :: Control node : profile configuration
2021-09-01 01:59:49,658 :: INFO :: Configure profile on Control Node
2021-09-01 01:59:49,736 :: INFO :: Start experiment succeeded
2021-09-01 02:50:13,348 :: INFO :: Check 'control' node ftdi
2021-09-01 02:50:13,522 :: INFO :: 'control' node ftdi found
2021-09-01 02:50:13,532 :: INFO :: Check 'm3' node ftdi
2021-09-01 02:50:13,653 :: INFO :: 'm3' node ftdi found
2021-09-01 03:00:55,588 :: INFO :: Gateway Manager : Stop experiment
2021-09-01 03:00:55,598 :: INFO :: Stop experiment
2021-09-01 03:00:55,606 :: INFO :: Control node : stop of the experiment
2021-09-01 03:00:55,614 :: INFO :: Control node : profile configuration
2021-09-01 03:00:55,621 :: INFO :: Configure profile on Control Node
2021-09-01 03:00:55,698 :: INFO :: Control node : start power of open node
2021-09-01 03:00:55,743 :: INFO :: Node OpenOCD: teardown of openocd node
2021-09-01 03:00:58,778 :: INFO :: openocd node debugger stop
2021-09-01 03:00:59,466 :: INFO :: Node OpenOCD: flash of openocd node
2021-09-01 03:00:59,480 :: INFO :: Flash firmware on OpenOCD: /usr/lib/python2.7/site-packages/gateway_code/static/m3_idle.elf
2021-09-01 03:01:02,055 :: INFO :: Control node : Stop control node serial interface
2021-09-01 03:01:02,064 :: INFO :: Control node : stop power of open node
2021-09-01 03:01:02,128 :: INFO :: Control node : reset
2021-09-01 03:01:02,135 :: INFO :: Reset Control Node
2021-09-01 03:01:04,976 :: INFO :: Stop experiment succeeded
