2021-09-01 01:59:36,578 :: INFO :: Start experiment: luna-275848
2021-09-01 01:59:36,582 :: INFO :: Control node : Starting of control node serial interface
2021-09-01 01:59:36,585 :: INFO :: Control node : reset
2021-09-01 01:59:36,587 :: INFO :: Reset Control Node
2021-09-01 01:59:39,490 :: INFO :: Control node : start power of open node
2021-09-01 01:59:39,545 :: INFO :: Node OpenOCD: Setup of openocd node
2021-09-01 01:59:42,582 :: INFO :: Node OpenOCD: flash of openocd node
2021-09-01 01:59:42,601 :: INFO :: Flash firmware on OpenOCD: /tmp/tmpwZ7eKF--93e977ac3781fe5042fd86dcc34ed19b_unicast-sender-count-10T-100B.iotlab-m3
2021-09-01 01:59:49,497 :: INFO :: Control node : Start experiment
2021-09-01 01:59:49,550 :: INFO :: Control Node set time delay: 1922 us
2021-09-01 01:59:49,582 :: INFO :: Control node : profile configuration
2021-09-01 01:59:49,589 :: INFO :: Configure profile on Control Node
2021-09-01 01:59:49,669 :: INFO :: Start experiment succeeded
2021-09-01 02:50:17,229 :: INFO :: Check 'control' node ftdi
2021-09-01 02:50:17,556 :: INFO :: 'control' node ftdi found
2021-09-01 02:50:17,561 :: INFO :: Check 'm3' node ftdi
2021-09-01 02:50:17,635 :: INFO :: 'm3' node ftdi found
2021-09-01 03:00:55,537 :: INFO :: Gateway Manager : Stop experiment
2021-09-01 03:00:55,545 :: INFO :: Stop experiment
2021-09-01 03:00:55,553 :: INFO :: Control node : stop of the experiment
2021-09-01 03:00:55,560 :: INFO :: Control node : profile configuration
2021-09-01 03:00:55,567 :: INFO :: Configure profile on Control Node
2021-09-01 03:00:55,635 :: INFO :: Control node : start power of open node
2021-09-01 03:00:55,674 :: INFO :: Node OpenOCD: teardown of openocd node
2021-09-01 03:00:58,717 :: INFO :: openocd node debugger stop
2021-09-01 03:00:59,407 :: INFO :: Node OpenOCD: flash of openocd node
2021-09-01 03:00:59,421 :: INFO :: Flash firmware on OpenOCD: /usr/lib/python2.7/site-packages/gateway_code/static/m3_idle.elf
2021-09-01 03:01:02,043 :: INFO :: Control node : Stop control node serial interface
2021-09-01 03:01:02,048 :: INFO :: Control node : stop power of open node
2021-09-01 03:01:02,087 :: INFO :: Control node : reset
2021-09-01 03:01:02,091 :: INFO :: Reset Control Node
2021-09-01 03:01:04,906 :: INFO :: Stop experiment succeeded
