2021-09-01 01:59:36,558 :: INFO :: Start experiment: luna-275848
2021-09-01 01:59:36,562 :: INFO :: Control node : Starting of control node serial interface
2021-09-01 01:59:36,564 :: INFO :: Control node : reset
2021-09-01 01:59:36,567 :: INFO :: Reset Control Node
2021-09-01 01:59:39,523 :: INFO :: Control node : start power of open node
2021-09-01 01:59:39,580 :: INFO :: Node OpenOCD: Setup of openocd node
2021-09-01 01:59:42,634 :: INFO :: Node OpenOCD: flash of openocd node
2021-09-01 01:59:42,648 :: INFO :: Flash firmware on OpenOCD: /tmp/tmpzeqJGf--93e977ac3781fe5042fd86dcc34ed19b_unicast-sender-count-10T-100B.iotlab-m3
2021-09-01 01:59:49,602 :: INFO :: Control node : Start experiment
2021-09-01 01:59:49,684 :: INFO :: Control Node set time delay: 1038 us
2021-09-01 01:59:49,701 :: INFO :: Control node : profile configuration
2021-09-01 01:59:49,705 :: INFO :: Configure profile on Control Node
2021-09-01 01:59:49,746 :: INFO :: Start experiment succeeded
2021-09-01 02:50:15,804 :: INFO :: Check 'control' node ftdi
2021-09-01 02:50:16,086 :: INFO :: 'control' node ftdi found
2021-09-01 02:50:16,091 :: INFO :: Check 'm3' node ftdi
2021-09-01 02:50:16,161 :: INFO :: 'm3' node ftdi found
2021-09-01 03:00:55,574 :: INFO :: Gateway Manager : Stop experiment
2021-09-01 03:00:55,579 :: INFO :: Stop experiment
2021-09-01 03:00:55,583 :: INFO :: Control node : stop of the experiment
2021-09-01 03:00:55,587 :: INFO :: Control node : profile configuration
2021-09-01 03:00:55,590 :: INFO :: Configure profile on Control Node
2021-09-01 03:00:55,629 :: INFO :: Control node : start power of open node
2021-09-01 03:00:55,651 :: INFO :: Node OpenOCD: teardown of openocd node
2021-09-01 03:00:58,685 :: INFO :: openocd node debugger stop
2021-09-01 03:00:59,277 :: INFO :: Node OpenOCD: flash of openocd node
2021-09-01 03:00:59,284 :: INFO :: Flash firmware on OpenOCD: /usr/lib/python2.7/site-packages/gateway_code/static/m3_idle.elf
2021-09-01 03:01:01,845 :: INFO :: Control node : Stop control node serial interface
2021-09-01 03:01:01,850 :: INFO :: Control node : stop power of open node
2021-09-01 03:01:01,912 :: INFO :: Control node : reset
2021-09-01 03:01:01,919 :: INFO :: Reset Control Node
2021-09-01 03:01:04,824 :: INFO :: Stop experiment succeeded
