2021-09-01 01:59:36,596 :: INFO :: Start experiment: luna-275848
2021-09-01 01:59:36,600 :: INFO :: Control node : Starting of control node serial interface
2021-09-01 01:59:36,602 :: INFO :: Control node : reset
2021-09-01 01:59:36,605 :: INFO :: Reset Control Node
2021-09-01 01:59:39,552 :: INFO :: Control node : start power of open node
2021-09-01 01:59:39,610 :: INFO :: Node OpenOCD: Setup of openocd node
2021-09-01 01:59:42,648 :: INFO :: Node OpenOCD: flash of openocd node
2021-09-01 01:59:42,663 :: INFO :: Flash firmware on OpenOCD: /tmp/tmpuUBRIN--93e977ac3781fe5042fd86dcc34ed19b_unicast-sender-count-10T-100B.iotlab-m3
2021-09-01 01:59:49,662 :: INFO :: Control node : Start experiment
2021-09-01 01:59:49,717 :: INFO :: Control Node set time delay: 1709 us
2021-09-01 01:59:49,725 :: INFO :: Control node : profile configuration
2021-09-01 01:59:49,728 :: INFO :: Configure profile on Control Node
2021-09-01 01:59:49,768 :: INFO :: Start experiment succeeded
2021-09-01 02:52:54,743 :: INFO :: Check 'control' node ftdi
2021-09-01 02:52:54,894 :: INFO :: 'control' node ftdi found
2021-09-01 02:52:54,903 :: INFO :: Check 'm3' node ftdi
2021-09-01 02:52:55,032 :: INFO :: 'm3' node ftdi found
2021-09-01 03:00:55,577 :: INFO :: Gateway Manager : Stop experiment
2021-09-01 03:00:55,586 :: INFO :: Stop experiment
2021-09-01 03:00:55,595 :: INFO :: Control node : stop of the experiment
2021-09-01 03:00:55,604 :: INFO :: Control node : profile configuration
2021-09-01 03:00:55,614 :: INFO :: Configure profile on Control Node
2021-09-01 03:00:55,689 :: INFO :: Control node : start power of open node
2021-09-01 03:00:55,733 :: INFO :: Node OpenOCD: teardown of openocd node
2021-09-01 03:00:58,772 :: INFO :: openocd node debugger stop
2021-09-01 03:00:59,465 :: INFO :: Node OpenOCD: flash of openocd node
2021-09-01 03:00:59,480 :: INFO :: Flash firmware on OpenOCD: /usr/lib/python2.7/site-packages/gateway_code/static/m3_idle.elf
2021-09-01 03:01:02,046 :: INFO :: Control node : Stop control node serial interface
2021-09-01 03:01:02,052 :: INFO :: Control node : stop power of open node
2021-09-01 03:01:02,103 :: INFO :: Control node : reset
2021-09-01 03:01:02,106 :: INFO :: Reset Control Node
2021-09-01 03:01:05,011 :: INFO :: Stop experiment succeeded
