2021-09-01 01:59:36,564 :: INFO :: Start experiment: luna-275848
2021-09-01 01:59:36,568 :: INFO :: Control node : Starting of control node serial interface
2021-09-01 01:59:36,571 :: INFO :: Control node : reset
2021-09-01 01:59:36,573 :: INFO :: Reset Control Node
2021-09-01 01:59:39,530 :: INFO :: Control node : start power of open node
2021-09-01 01:59:39,585 :: INFO :: Node OpenOCD: Setup of openocd node
2021-09-01 01:59:42,639 :: INFO :: Node OpenOCD: flash of openocd node
2021-09-01 01:59:42,654 :: INFO :: Flash firmware on OpenOCD: /tmp/tmpt7JWpL--ddd0625ff8382e7208c25657471d6a4a_unicast-receiver-count.iotlab-m3
2021-09-01 01:59:49,243 :: INFO :: Control node : Start experiment
2021-09-01 01:59:49,314 :: INFO :: Control Node set time delay: 1800 us
2021-09-01 01:59:49,347 :: INFO :: Control node : profile configuration
2021-09-01 01:59:49,353 :: INFO :: Configure profile on Control Node
2021-09-01 01:59:49,432 :: INFO :: Start experiment succeeded
2021-09-01 02:53:32,890 :: INFO :: Check 'control' node ftdi
2021-09-01 02:53:33,124 :: INFO :: 'control' node ftdi found
2021-09-01 02:53:33,129 :: INFO :: Check 'm3' node ftdi
2021-09-01 02:53:33,205 :: INFO :: 'm3' node ftdi found
2021-09-01 03:00:55,560 :: INFO :: Gateway Manager : Stop experiment
2021-09-01 03:00:55,571 :: INFO :: Stop experiment
2021-09-01 03:00:55,581 :: INFO :: Control node : stop of the experiment
2021-09-01 03:00:55,590 :: INFO :: Control node : profile configuration
2021-09-01 03:00:55,603 :: INFO :: Configure profile on Control Node
2021-09-01 03:00:55,676 :: INFO :: Control node : start power of open node
2021-09-01 03:00:55,715 :: INFO :: Node OpenOCD: teardown of openocd node
2021-09-01 03:00:58,752 :: INFO :: openocd node debugger stop
2021-09-01 03:00:59,434 :: INFO :: Node OpenOCD: flash of openocd node
2021-09-01 03:00:59,449 :: INFO :: Flash firmware on OpenOCD: /usr/lib/python2.7/site-packages/gateway_code/static/m3_idle.elf
2021-09-01 03:01:02,068 :: INFO :: Control node : Stop control node serial interface
2021-09-01 03:01:02,077 :: INFO :: Control node : stop power of open node
2021-09-01 03:01:02,149 :: INFO :: Control node : reset
2021-09-01 03:01:02,155 :: INFO :: Reset Control Node
2021-09-01 03:01:05,044 :: INFO :: Stop experiment succeeded
