2021-09-01 01:59:36,587 :: INFO :: Start experiment: luna-275848
2021-09-01 01:59:36,591 :: INFO :: Control node : Starting of control node serial interface
2021-09-01 01:59:36,594 :: INFO :: Control node : reset
2021-09-01 01:59:36,596 :: INFO :: Reset Control Node
2021-09-01 01:59:39,537 :: INFO :: Control node : start power of open node
2021-09-01 01:59:39,554 :: INFO :: Node OpenOCD: Setup of openocd node
2021-09-01 01:59:42,583 :: INFO :: Node OpenOCD: flash of openocd node
2021-09-01 01:59:42,601 :: INFO :: Flash firmware on OpenOCD: /tmp/tmpfBqgen--93e977ac3781fe5042fd86dcc34ed19b_unicast-sender-count-10T-100B.iotlab-m3
2021-09-01 01:59:49,502 :: INFO :: Control node : Start experiment
2021-09-01 01:59:49,577 :: INFO :: Control Node set time delay: 1892 us
2021-09-01 01:59:49,610 :: INFO :: Control node : profile configuration
2021-09-01 01:59:49,616 :: INFO :: Configure profile on Control Node
2021-09-01 01:59:49,694 :: INFO :: Start experiment succeeded
2021-09-01 02:52:12,529 :: INFO :: Check 'control' node ftdi
2021-09-01 02:52:12,692 :: INFO :: 'control' node ftdi found
2021-09-01 02:52:12,702 :: INFO :: Check 'm3' node ftdi
2021-09-01 02:52:12,826 :: INFO :: 'm3' node ftdi found
2021-09-01 03:00:55,591 :: INFO :: Gateway Manager : Stop experiment
2021-09-01 03:00:55,605 :: INFO :: Stop experiment
2021-09-01 03:00:55,615 :: INFO :: Control node : stop of the experiment
2021-09-01 03:00:55,623 :: INFO :: Control node : profile configuration
2021-09-01 03:00:55,630 :: INFO :: Configure profile on Control Node
2021-09-01 03:00:55,702 :: INFO :: Control node : start power of open node
2021-09-01 03:00:55,743 :: INFO :: Node OpenOCD: teardown of openocd node
2021-09-01 03:00:58,798 :: INFO :: openocd node debugger stop
2021-09-01 03:00:59,485 :: INFO :: Node OpenOCD: flash of openocd node
2021-09-01 03:00:59,492 :: INFO :: Flash firmware on OpenOCD: /usr/lib/python2.7/site-packages/gateway_code/static/m3_idle.elf
2021-09-01 03:01:02,052 :: INFO :: Control node : Stop control node serial interface
2021-09-01 03:01:02,057 :: INFO :: Control node : stop power of open node
2021-09-01 03:01:02,113 :: INFO :: Control node : reset
2021-09-01 03:01:02,120 :: INFO :: Reset Control Node
2021-09-01 03:01:05,008 :: INFO :: Stop experiment succeeded
