2021-08-31 02:27:44,034 :: INFO :: Start experiment: luna-275839
2021-08-31 02:27:44,038 :: INFO :: Control node : Starting of control node serial interface
2021-08-31 02:27:44,040 :: INFO :: Control node : reset
2021-08-31 02:27:44,043 :: INFO :: Reset Control Node
2021-08-31 02:27:47,005 :: INFO :: Control node : start power of open node
2021-08-31 02:27:47,061 :: INFO :: Node OpenOCD: Setup of openocd node
2021-08-31 02:27:50,107 :: INFO :: Node OpenOCD: flash of openocd node
2021-08-31 02:27:50,122 :: INFO :: Flash firmware on OpenOCD: /tmp/tmpPwyB3I--93e977ac3781fe5042fd86dcc34ed19b_unicast-sender-count-10T-100B.iotlab-m3
2021-08-31 02:27:57,095 :: INFO :: Control node : Start experiment
2021-08-31 02:27:57,148 :: INFO :: Control Node set time delay: 1831 us
2021-08-31 02:27:57,181 :: INFO :: Control node : profile configuration
2021-08-31 02:27:57,185 :: INFO :: Configure profile on Control Node
2021-08-31 02:27:57,225 :: INFO :: Start experiment succeeded
2021-08-31 02:49:42,537 :: INFO :: Check 'control' node ftdi
2021-08-31 02:49:42,703 :: INFO :: 'control' node ftdi found
2021-08-31 02:49:42,713 :: INFO :: Check 'm3' node ftdi
2021-08-31 02:49:42,835 :: INFO :: 'm3' node ftdi found
2021-08-31 03:29:03,012 :: INFO :: Gateway Manager : Stop experiment
2021-08-31 03:29:03,021 :: INFO :: Stop experiment
2021-08-31 03:29:03,028 :: INFO :: Control node : stop of the experiment
2021-08-31 03:29:03,038 :: INFO :: Control node : profile configuration
2021-08-31 03:29:03,045 :: INFO :: Configure profile on Control Node
2021-08-31 03:29:03,109 :: INFO :: Control node : start power of open node
2021-08-31 03:29:03,150 :: INFO :: Node OpenOCD: teardown of openocd node
2021-08-31 03:29:06,184 :: INFO :: openocd node debugger stop
2021-08-31 03:29:06,865 :: INFO :: Node OpenOCD: flash of openocd node
2021-08-31 03:29:06,880 :: INFO :: Flash firmware on OpenOCD: /usr/lib/python2.7/site-packages/gateway_code/static/m3_idle.elf
2021-08-31 03:29:09,457 :: INFO :: Control node : Stop control node serial interface
2021-08-31 03:29:09,466 :: INFO :: Control node : stop power of open node
2021-08-31 03:29:09,540 :: INFO :: Control node : reset
2021-08-31 03:29:09,547 :: INFO :: Reset Control Node
2021-08-31 03:29:12,437 :: INFO :: Stop experiment succeeded
