2021-08-31 02:27:43,970 :: INFO :: Start experiment: luna-275839
2021-08-31 02:27:43,973 :: INFO :: Control node : Starting of control node serial interface
2021-08-31 02:27:43,976 :: INFO :: Control node : reset
2021-08-31 02:27:43,978 :: INFO :: Reset Control Node
2021-08-31 02:27:46,992 :: INFO :: Control node : start power of open node
2021-08-31 02:27:47,051 :: INFO :: Node OpenOCD: Setup of openocd node
2021-08-31 02:27:50,091 :: INFO :: Node OpenOCD: flash of openocd node
2021-08-31 02:27:50,106 :: INFO :: Flash firmware on OpenOCD: /tmp/tmp67uGPf--93e977ac3781fe5042fd86dcc34ed19b_unicast-sender-count-10T-100B.iotlab-m3
2021-08-31 02:27:56,952 :: INFO :: Control node : Start experiment
2021-08-31 02:27:56,998 :: INFO :: Control Node set time delay: 1617 us
2021-08-31 02:27:57,030 :: INFO :: Control node : profile configuration
2021-08-31 02:27:57,036 :: INFO :: Configure profile on Control Node
2021-08-31 02:27:57,114 :: INFO :: Start experiment succeeded
2021-08-31 02:53:53,608 :: INFO :: Check 'control' node ftdi
2021-08-31 02:53:53,775 :: INFO :: 'control' node ftdi found
2021-08-31 02:53:53,785 :: INFO :: Check 'm3' node ftdi
2021-08-31 02:53:53,898 :: INFO :: 'm3' node ftdi found
2021-08-31 03:29:03,082 :: INFO :: Gateway Manager : Stop experiment
2021-08-31 03:29:03,092 :: INFO :: Stop experiment
2021-08-31 03:29:03,101 :: INFO :: Control node : stop of the experiment
2021-08-31 03:29:03,108 :: INFO :: Control node : profile configuration
2021-08-31 03:29:03,115 :: INFO :: Configure profile on Control Node
2021-08-31 03:29:03,186 :: INFO :: Control node : start power of open node
2021-08-31 03:29:03,228 :: INFO :: Node OpenOCD: teardown of openocd node
2021-08-31 03:29:06,275 :: INFO :: openocd node debugger stop
2021-08-31 03:29:06,957 :: INFO :: Node OpenOCD: flash of openocd node
2021-08-31 03:29:06,972 :: INFO :: Flash firmware on OpenOCD: /usr/lib/python2.7/site-packages/gateway_code/static/m3_idle.elf
2021-08-31 03:29:09,538 :: INFO :: Control node : Stop control node serial interface
2021-08-31 03:29:09,547 :: INFO :: Control node : stop power of open node
2021-08-31 03:29:09,629 :: INFO :: Control node : reset
2021-08-31 03:29:09,636 :: INFO :: Reset Control Node
2021-08-31 03:29:12,529 :: INFO :: Stop experiment succeeded
