2021-08-31 02:27:44,019 :: INFO :: Start experiment: luna-275839
2021-08-31 02:27:44,022 :: INFO :: Control node : Starting of control node serial interface
2021-08-31 02:27:44,025 :: INFO :: Control node : reset
2021-08-31 02:27:44,028 :: INFO :: Reset Control Node
2021-08-31 02:27:46,982 :: INFO :: Control node : start power of open node
2021-08-31 02:27:47,038 :: INFO :: Node OpenOCD: Setup of openocd node
2021-08-31 02:27:50,091 :: INFO :: Node OpenOCD: flash of openocd node
2021-08-31 02:27:50,105 :: INFO :: Flash firmware on OpenOCD: /tmp/tmpg2J5uW--93e977ac3781fe5042fd86dcc34ed19b_unicast-sender-count-10T-100B.iotlab-m3
2021-08-31 02:27:56,996 :: INFO :: Control node : Start experiment
2021-08-31 02:27:57,048 :: INFO :: Control Node set time delay: 1159 us
2021-08-31 02:27:57,074 :: INFO :: Control node : profile configuration
2021-08-31 02:27:57,081 :: INFO :: Configure profile on Control Node
2021-08-31 02:27:57,160 :: INFO :: Start experiment succeeded
2021-08-31 02:50:34,028 :: INFO :: Check 'control' node ftdi
2021-08-31 02:50:34,188 :: INFO :: 'control' node ftdi found
2021-08-31 02:50:34,196 :: INFO :: Check 'm3' node ftdi
2021-08-31 02:50:34,335 :: INFO :: 'm3' node ftdi found
2021-08-31 03:29:03,023 :: INFO :: Gateway Manager : Stop experiment
2021-08-31 03:29:03,033 :: INFO :: Stop experiment
2021-08-31 03:29:03,042 :: INFO :: Control node : stop of the experiment
2021-08-31 03:29:03,049 :: INFO :: Control node : profile configuration
2021-08-31 03:29:03,060 :: INFO :: Configure profile on Control Node
2021-08-31 03:29:03,134 :: INFO :: Control node : start power of open node
2021-08-31 03:29:03,178 :: INFO :: Node OpenOCD: teardown of openocd node
2021-08-31 03:29:06,249 :: INFO :: openocd node debugger stop
2021-08-31 03:29:06,936 :: INFO :: Node OpenOCD: flash of openocd node
2021-08-31 03:29:06,951 :: INFO :: Flash firmware on OpenOCD: /usr/lib/python2.7/site-packages/gateway_code/static/m3_idle.elf
2021-08-31 03:29:09,448 :: INFO :: Control node : Stop control node serial interface
2021-08-31 03:29:09,457 :: INFO :: Control node : stop power of open node
2021-08-31 03:29:09,534 :: INFO :: Control node : reset
2021-08-31 03:29:09,541 :: INFO :: Reset Control Node
2021-08-31 03:29:12,433 :: INFO :: Stop experiment succeeded
