2021-08-31 02:27:44,011 :: INFO :: Start experiment: luna-275839
2021-08-31 02:27:44,014 :: INFO :: Control node : Starting of control node serial interface
2021-08-31 02:27:44,017 :: INFO :: Control node : reset
2021-08-31 02:27:44,020 :: INFO :: Reset Control Node
2021-08-31 02:27:46,930 :: INFO :: Control node : start power of open node
2021-08-31 02:27:46,985 :: INFO :: Node OpenOCD: Setup of openocd node
2021-08-31 02:27:50,035 :: INFO :: Node OpenOCD: flash of openocd node
2021-08-31 02:27:50,053 :: INFO :: Flash firmware on OpenOCD: /tmp/tmpvomM5W--93e977ac3781fe5042fd86dcc34ed19b_unicast-sender-count-10T-100B.iotlab-m3
2021-08-31 02:27:57,025 :: INFO :: Control node : Start experiment
2021-08-31 02:27:57,105 :: INFO :: Control Node set time delay: 1159 us
2021-08-31 02:27:57,138 :: INFO :: Control node : profile configuration
2021-08-31 02:27:57,145 :: INFO :: Configure profile on Control Node
2021-08-31 02:27:57,225 :: INFO :: Start experiment succeeded
2021-08-31 02:49:55,385 :: INFO :: Check 'control' node ftdi
2021-08-31 02:49:55,544 :: INFO :: 'control' node ftdi found
2021-08-31 02:49:55,553 :: INFO :: Check 'm3' node ftdi
2021-08-31 02:49:55,690 :: INFO :: 'm3' node ftdi found
2021-08-31 03:29:03,023 :: INFO :: Gateway Manager : Stop experiment
2021-08-31 03:29:03,032 :: INFO :: Stop experiment
2021-08-31 03:29:03,041 :: INFO :: Control node : stop of the experiment
2021-08-31 03:29:03,048 :: INFO :: Control node : profile configuration
2021-08-31 03:29:03,055 :: INFO :: Configure profile on Control Node
2021-08-31 03:29:03,129 :: INFO :: Control node : start power of open node
2021-08-31 03:29:03,172 :: INFO :: Node OpenOCD: teardown of openocd node
2021-08-31 03:29:06,243 :: INFO :: openocd node debugger stop
2021-08-31 03:29:06,932 :: INFO :: Node OpenOCD: flash of openocd node
2021-08-31 03:29:06,947 :: INFO :: Flash firmware on OpenOCD: /usr/lib/python2.7/site-packages/gateway_code/static/m3_idle.elf
2021-08-31 03:29:09,484 :: INFO :: Control node : Stop control node serial interface
2021-08-31 03:29:09,489 :: INFO :: Control node : stop power of open node
2021-08-31 03:29:09,531 :: INFO :: Control node : reset
2021-08-31 03:29:09,535 :: INFO :: Reset Control Node
2021-08-31 03:29:12,455 :: INFO :: Stop experiment succeeded
