2021-08-31 02:27:43,975 :: INFO :: Start experiment: luna-275839
2021-08-31 02:27:43,978 :: INFO :: Control node : Starting of control node serial interface
2021-08-31 02:27:43,981 :: INFO :: Control node : reset
2021-08-31 02:27:43,984 :: INFO :: Reset Control Node
2021-08-31 02:27:46,940 :: INFO :: Control node : start power of open node
2021-08-31 02:27:46,996 :: INFO :: Node OpenOCD: Setup of openocd node
2021-08-31 02:27:50,043 :: INFO :: Node OpenOCD: flash of openocd node
2021-08-31 02:27:50,058 :: INFO :: Flash firmware on OpenOCD: /tmp/tmphGMx0f--ddd0625ff8382e7208c25657471d6a4a_unicast-receiver-count.iotlab-m3
2021-08-31 02:27:56,707 :: INFO :: Control node : Start experiment
2021-08-31 02:27:56,755 :: INFO :: Control Node set time delay: 1403 us
2021-08-31 02:27:56,779 :: INFO :: Control node : profile configuration
2021-08-31 02:27:56,782 :: INFO :: Configure profile on Control Node
2021-08-31 02:27:56,823 :: INFO :: Start experiment succeeded
2021-08-31 02:53:46,526 :: INFO :: Check 'control' node ftdi
2021-08-31 02:53:46,693 :: INFO :: 'control' node ftdi found
2021-08-31 02:53:46,703 :: INFO :: Check 'm3' node ftdi
2021-08-31 02:53:46,788 :: INFO :: 'm3' node ftdi found
2021-08-31 03:29:03,038 :: INFO :: Gateway Manager : Stop experiment
2021-08-31 03:29:03,054 :: INFO :: Stop experiment
2021-08-31 03:29:03,069 :: INFO :: Control node : stop of the experiment
2021-08-31 03:29:03,076 :: INFO :: Control node : profile configuration
2021-08-31 03:29:03,085 :: INFO :: Configure profile on Control Node
2021-08-31 03:29:03,150 :: INFO :: Control node : start power of open node
2021-08-31 03:29:03,189 :: INFO :: Node OpenOCD: teardown of openocd node
2021-08-31 03:29:06,253 :: INFO :: openocd node debugger stop
2021-08-31 03:29:06,900 :: INFO :: Node OpenOCD: flash of openocd node
2021-08-31 03:29:06,915 :: INFO :: Flash firmware on OpenOCD: /usr/lib/python2.7/site-packages/gateway_code/static/m3_idle.elf
2021-08-31 03:29:09,529 :: INFO :: Control node : Stop control node serial interface
2021-08-31 03:29:09,534 :: INFO :: Control node : stop power of open node
2021-08-31 03:29:09,570 :: INFO :: Control node : reset
2021-08-31 03:29:09,574 :: INFO :: Reset Control Node
2021-08-31 03:29:12,461 :: INFO :: Stop experiment succeeded
