2021-08-31 02:27:44,003 :: INFO :: Start experiment: luna-275839
2021-08-31 02:27:44,006 :: INFO :: Control node : Starting of control node serial interface
2021-08-31 02:27:44,009 :: INFO :: Control node : reset
2021-08-31 02:27:44,012 :: INFO :: Reset Control Node
2021-08-31 02:27:46,920 :: INFO :: Control node : start power of open node
2021-08-31 02:27:46,976 :: INFO :: Node OpenOCD: Setup of openocd node
2021-08-31 02:27:50,015 :: INFO :: Node OpenOCD: flash of openocd node
2021-08-31 02:27:50,033 :: INFO :: Flash firmware on OpenOCD: /tmp/tmpdfeuRh--93e977ac3781fe5042fd86dcc34ed19b_unicast-sender-count-10T-100B.iotlab-m3
2021-08-31 02:27:57,023 :: INFO :: Control node : Start experiment
2021-08-31 02:27:57,069 :: INFO :: Control Node set time delay: 1648 us
2021-08-31 02:27:57,086 :: INFO :: Control node : profile configuration
2021-08-31 02:27:57,090 :: INFO :: Configure profile on Control Node
2021-08-31 02:27:57,134 :: INFO :: Start experiment succeeded
2021-08-31 02:53:59,130 :: INFO :: Check 'control' node ftdi
2021-08-31 02:53:59,402 :: INFO :: 'control' node ftdi found
2021-08-31 02:53:59,406 :: INFO :: Check 'm3' node ftdi
2021-08-31 02:53:59,476 :: INFO :: 'm3' node ftdi found
2021-08-31 03:29:03,068 :: INFO :: Gateway Manager : Stop experiment
2021-08-31 03:29:03,080 :: INFO :: Stop experiment
2021-08-31 03:29:03,089 :: INFO :: Control node : stop of the experiment
2021-08-31 03:29:03,099 :: INFO :: Control node : profile configuration
2021-08-31 03:29:03,107 :: INFO :: Configure profile on Control Node
2021-08-31 03:29:03,180 :: INFO :: Control node : start power of open node
2021-08-31 03:29:03,225 :: INFO :: Node OpenOCD: teardown of openocd node
2021-08-31 03:29:06,284 :: INFO :: openocd node debugger stop
2021-08-31 03:29:06,970 :: INFO :: Node OpenOCD: flash of openocd node
2021-08-31 03:29:06,977 :: INFO :: Flash firmware on OpenOCD: /usr/lib/python2.7/site-packages/gateway_code/static/m3_idle.elf
2021-08-31 03:29:09,485 :: INFO :: Control node : Stop control node serial interface
2021-08-31 03:29:09,494 :: INFO :: Control node : stop power of open node
2021-08-31 03:29:09,565 :: INFO :: Control node : reset
2021-08-31 03:29:09,571 :: INFO :: Reset Control Node
2021-08-31 03:29:12,445 :: INFO :: Stop experiment succeeded
