2021-08-31 02:27:43,990 :: INFO :: Start experiment: luna-275839
2021-08-31 02:27:43,994 :: INFO :: Control node : Starting of control node serial interface
2021-08-31 02:27:43,996 :: INFO :: Control node : reset
2021-08-31 02:27:43,999 :: INFO :: Reset Control Node
2021-08-31 02:27:46,957 :: INFO :: Control node : start power of open node
2021-08-31 02:27:47,013 :: INFO :: Node OpenOCD: Setup of openocd node
2021-08-31 02:27:50,061 :: INFO :: Node OpenOCD: flash of openocd node
2021-08-31 02:27:50,076 :: INFO :: Flash firmware on OpenOCD: /tmp/tmp4vHlCQ--93e977ac3781fe5042fd86dcc34ed19b_unicast-sender-count-10T-100B.iotlab-m3
2021-08-31 02:27:56,974 :: INFO :: Control node : Start experiment
2021-08-31 02:27:57,025 :: INFO :: Control Node set time delay: 1190 us
2021-08-31 02:27:57,058 :: INFO :: Control node : profile configuration
2021-08-31 02:27:57,064 :: INFO :: Configure profile on Control Node
2021-08-31 02:27:57,121 :: INFO :: Start experiment succeeded
2021-08-31 02:52:35,095 :: INFO :: Check 'control' node ftdi
2021-08-31 02:52:35,251 :: INFO :: 'control' node ftdi found
2021-08-31 02:52:35,260 :: INFO :: Check 'm3' node ftdi
2021-08-31 02:52:35,384 :: INFO :: 'm3' node ftdi found
2021-08-31 03:29:03,029 :: INFO :: Gateway Manager : Stop experiment
2021-08-31 03:29:03,039 :: INFO :: Stop experiment
2021-08-31 03:29:03,048 :: INFO :: Control node : stop of the experiment
2021-08-31 03:29:03,055 :: INFO :: Control node : profile configuration
2021-08-31 03:29:03,063 :: INFO :: Configure profile on Control Node
2021-08-31 03:29:03,139 :: INFO :: Control node : start power of open node
2021-08-31 03:29:03,183 :: INFO :: Node OpenOCD: teardown of openocd node
2021-08-31 03:29:06,251 :: INFO :: openocd node debugger stop
2021-08-31 03:29:06,934 :: INFO :: Node OpenOCD: flash of openocd node
2021-08-31 03:29:06,948 :: INFO :: Flash firmware on OpenOCD: /usr/lib/python2.7/site-packages/gateway_code/static/m3_idle.elf
2021-08-31 03:29:09,514 :: INFO :: Control node : Stop control node serial interface
2021-08-31 03:29:09,520 :: INFO :: Control node : stop power of open node
2021-08-31 03:29:09,567 :: INFO :: Control node : reset
2021-08-31 03:29:09,571 :: INFO :: Reset Control Node
2021-08-31 03:29:12,449 :: INFO :: Stop experiment succeeded
