2021-09-01 03:01:22,868 :: INFO :: Start experiment: luna-275849
2021-09-01 03:01:22,872 :: INFO :: Control node : Starting of control node serial interface
2021-09-01 03:01:22,874 :: INFO :: Control node : reset
2021-09-01 03:01:22,877 :: INFO :: Reset Control Node
2021-09-01 03:01:25,829 :: INFO :: Control node : start power of open node
2021-09-01 03:01:25,884 :: INFO :: Node OpenOCD: Setup of openocd node
2021-09-01 03:01:28,932 :: INFO :: Node OpenOCD: flash of openocd node
2021-09-01 03:01:28,946 :: INFO :: Flash firmware on OpenOCD: /tmp/tmpliZuAv--cb924b41fcfd3e3c0bada58631722ec6_unicast-sender-count-30T-100B.iotlab-m3
2021-09-01 03:01:35,889 :: INFO :: Control node : Start experiment
2021-09-01 03:01:35,971 :: INFO :: Control Node set time delay: 1495 us
2021-09-01 03:01:36,006 :: INFO :: Control node : profile configuration
2021-09-01 03:01:36,012 :: INFO :: Configure profile on Control Node
2021-09-01 03:01:36,090 :: INFO :: Start experiment succeeded
2021-09-01 04:02:41,864 :: INFO :: Gateway Manager : Stop experiment
2021-09-01 04:02:41,873 :: INFO :: Stop experiment
2021-09-01 04:02:41,882 :: INFO :: Control node : stop of the experiment
2021-09-01 04:02:41,890 :: INFO :: Control node : profile configuration
2021-09-01 04:02:41,897 :: INFO :: Configure profile on Control Node
2021-09-01 04:02:41,971 :: INFO :: Control node : start power of open node
2021-09-01 04:02:42,015 :: INFO :: Node OpenOCD: teardown of openocd node
2021-09-01 04:02:45,068 :: INFO :: openocd node debugger stop
2021-09-01 04:02:45,755 :: INFO :: Node OpenOCD: flash of openocd node
2021-09-01 04:02:45,769 :: INFO :: Flash firmware on OpenOCD: /usr/lib/python2.7/site-packages/gateway_code/static/m3_idle.elf
2021-09-01 04:02:48,338 :: INFO :: Control node : Stop control node serial interface
2021-09-01 04:02:48,347 :: INFO :: Control node : stop power of open node
2021-09-01 04:02:48,421 :: INFO :: Control node : reset
2021-09-01 04:02:48,428 :: INFO :: Reset Control Node
2021-09-01 04:02:51,316 :: INFO :: Stop experiment succeeded
