2021-09-01 03:01:22,859 :: INFO :: Start experiment: luna-275849
2021-09-01 03:01:22,863 :: INFO :: Control node : Starting of control node serial interface
2021-09-01 03:01:22,866 :: INFO :: Control node : reset
2021-09-01 03:01:22,868 :: INFO :: Reset Control Node
2021-09-01 03:01:25,785 :: INFO :: Control node : start power of open node
2021-09-01 03:01:25,813 :: INFO :: Node OpenOCD: Setup of openocd node
2021-09-01 03:01:28,851 :: INFO :: Node OpenOCD: flash of openocd node
2021-09-01 03:01:28,869 :: INFO :: Flash firmware on OpenOCD: /tmp/tmpmMb333--cb924b41fcfd3e3c0bada58631722ec6_unicast-sender-count-30T-100B.iotlab-m3
2021-09-01 03:01:35,724 :: INFO :: Control node : Start experiment
2021-09-01 03:01:35,768 :: INFO :: Control Node set time delay: 1892 us
2021-09-01 03:01:35,800 :: INFO :: Control node : profile configuration
2021-09-01 03:01:35,806 :: INFO :: Configure profile on Control Node
2021-09-01 03:01:35,884 :: INFO :: Start experiment succeeded
2021-09-01 04:02:41,854 :: INFO :: Gateway Manager : Stop experiment
2021-09-01 04:02:41,864 :: INFO :: Stop experiment
2021-09-01 04:02:41,872 :: INFO :: Control node : stop of the experiment
2021-09-01 04:02:41,879 :: INFO :: Control node : profile configuration
2021-09-01 04:02:41,885 :: INFO :: Configure profile on Control Node
2021-09-01 04:02:41,956 :: INFO :: Control node : start power of open node
2021-09-01 04:02:41,999 :: INFO :: Node OpenOCD: teardown of openocd node
2021-09-01 04:02:45,075 :: INFO :: openocd node debugger stop
2021-09-01 04:02:45,766 :: INFO :: Node OpenOCD: flash of openocd node
2021-09-01 04:02:45,780 :: INFO :: Flash firmware on OpenOCD: /usr/lib/python2.7/site-packages/gateway_code/static/m3_idle.elf
2021-09-01 04:02:48,299 :: INFO :: Control node : Stop control node serial interface
2021-09-01 04:02:48,308 :: INFO :: Control node : stop power of open node
2021-09-01 04:02:48,404 :: INFO :: Control node : reset
2021-09-01 04:02:48,411 :: INFO :: Reset Control Node
2021-09-01 04:02:51,252 :: INFO :: Stop experiment succeeded
