2021-09-01 03:01:22,846 :: INFO :: Start experiment: luna-275849
2021-09-01 03:01:22,850 :: INFO :: Control node : Starting of control node serial interface
2021-09-01 03:01:22,853 :: INFO :: Control node : reset
2021-09-01 03:01:22,855 :: INFO :: Reset Control Node
2021-09-01 03:01:25,812 :: INFO :: Control node : start power of open node
2021-09-01 03:01:25,869 :: INFO :: Node OpenOCD: Setup of openocd node
2021-09-01 03:01:28,921 :: INFO :: Node OpenOCD: flash of openocd node
2021-09-01 03:01:28,935 :: INFO :: Flash firmware on OpenOCD: /tmp/tmp26QT1J--cb924b41fcfd3e3c0bada58631722ec6_unicast-sender-count-30T-100B.iotlab-m3
2021-09-01 03:01:35,883 :: INFO :: Control node : Start experiment
2021-09-01 03:01:35,948 :: INFO :: Control Node set time delay: 1465 us
2021-09-01 03:01:35,981 :: INFO :: Control node : profile configuration
2021-09-01 03:01:35,987 :: INFO :: Configure profile on Control Node
2021-09-01 03:01:36,066 :: INFO :: Start experiment succeeded
2021-09-01 04:02:41,842 :: INFO :: Gateway Manager : Stop experiment
2021-09-01 04:02:41,852 :: INFO :: Stop experiment
2021-09-01 04:02:41,861 :: INFO :: Control node : stop of the experiment
2021-09-01 04:02:41,868 :: INFO :: Control node : profile configuration
2021-09-01 04:02:41,879 :: INFO :: Configure profile on Control Node
2021-09-01 04:02:41,952 :: INFO :: Control node : start power of open node
2021-09-01 04:02:41,997 :: INFO :: Node OpenOCD: teardown of openocd node
2021-09-01 04:02:45,052 :: INFO :: openocd node debugger stop
2021-09-01 04:02:45,733 :: INFO :: Node OpenOCD: flash of openocd node
2021-09-01 04:02:45,740 :: INFO :: Flash firmware on OpenOCD: /usr/lib/python2.7/site-packages/gateway_code/static/m3_idle.elf
2021-09-01 04:02:48,253 :: INFO :: Control node : Stop control node serial interface
2021-09-01 04:02:48,258 :: INFO :: Control node : stop power of open node
2021-09-01 04:02:48,299 :: INFO :: Control node : reset
2021-09-01 04:02:48,303 :: INFO :: Reset Control Node
2021-09-01 04:02:51,220 :: INFO :: Stop experiment succeeded
