2021-09-01 03:01:22,863 :: INFO :: Start experiment: luna-275849
2021-09-01 03:01:22,867 :: INFO :: Control node : Starting of control node serial interface
2021-09-01 03:01:22,869 :: INFO :: Control node : reset
2021-09-01 03:01:22,872 :: INFO :: Reset Control Node
2021-09-01 03:01:25,823 :: INFO :: Control node : start power of open node
2021-09-01 03:01:25,877 :: INFO :: Node OpenOCD: Setup of openocd node
2021-09-01 03:01:28,924 :: INFO :: Node OpenOCD: flash of openocd node
2021-09-01 03:01:28,942 :: INFO :: Flash firmware on OpenOCD: /tmp/tmpECABOD--cb924b41fcfd3e3c0bada58631722ec6_unicast-sender-count-30T-100B.iotlab-m3
2021-09-01 03:01:35,955 :: INFO :: Control node : Start experiment
2021-09-01 03:01:35,987 :: INFO :: Control Node set time delay: 1373 us
2021-09-01 03:01:36,004 :: INFO :: Control node : profile configuration
2021-09-01 03:01:36,008 :: INFO :: Configure profile on Control Node
2021-09-01 03:01:36,052 :: INFO :: Start experiment succeeded
2021-09-01 04:02:41,881 :: INFO :: Gateway Manager : Stop experiment
2021-09-01 04:02:41,892 :: INFO :: Stop experiment
2021-09-01 04:02:41,900 :: INFO :: Control node : stop of the experiment
2021-09-01 04:02:41,908 :: INFO :: Control node : profile configuration
2021-09-01 04:02:41,915 :: INFO :: Configure profile on Control Node
2021-09-01 04:02:41,985 :: INFO :: Control node : start power of open node
2021-09-01 04:02:42,028 :: INFO :: Node OpenOCD: teardown of openocd node
2021-09-01 04:02:45,086 :: INFO :: openocd node debugger stop
2021-09-01 04:02:45,676 :: INFO :: Node OpenOCD: flash of openocd node
2021-09-01 04:02:45,690 :: INFO :: Flash firmware on OpenOCD: /usr/lib/python2.7/site-packages/gateway_code/static/m3_idle.elf
2021-09-01 04:02:48,210 :: INFO :: Control node : Stop control node serial interface
2021-09-01 04:02:48,215 :: INFO :: Control node : stop power of open node
2021-09-01 04:02:48,265 :: INFO :: Control node : reset
2021-09-01 04:02:48,271 :: INFO :: Reset Control Node
2021-09-01 04:02:51,162 :: INFO :: Stop experiment succeeded
