2021-09-01 03:01:22,871 :: INFO :: Start experiment: luna-275849
2021-09-01 03:01:22,875 :: INFO :: Control node : Starting of control node serial interface
2021-09-01 03:01:22,877 :: INFO :: Control node : reset
2021-09-01 03:01:22,880 :: INFO :: Reset Control Node
2021-09-01 03:01:25,829 :: INFO :: Control node : start power of open node
2021-09-01 03:01:25,884 :: INFO :: Node OpenOCD: Setup of openocd node
2021-09-01 03:01:28,925 :: INFO :: Node OpenOCD: flash of openocd node
2021-09-01 03:01:28,943 :: INFO :: Flash firmware on OpenOCD: /tmp/tmpGKBzSQ--cb924b41fcfd3e3c0bada58631722ec6_unicast-sender-count-30T-100B.iotlab-m3
2021-09-01 03:01:35,955 :: INFO :: Control node : Start experiment
2021-09-01 03:01:36,004 :: INFO :: Control Node set time delay: 1342 us
2021-09-01 03:01:36,038 :: INFO :: Control node : profile configuration
2021-09-01 03:01:36,041 :: INFO :: Configure profile on Control Node
2021-09-01 03:01:36,081 :: INFO :: Start experiment succeeded
2021-09-01 04:02:41,852 :: INFO :: Gateway Manager : Stop experiment
2021-09-01 04:02:41,861 :: INFO :: Stop experiment
2021-09-01 04:02:41,869 :: INFO :: Control node : stop of the experiment
2021-09-01 04:02:41,876 :: INFO :: Control node : profile configuration
2021-09-01 04:02:41,884 :: INFO :: Configure profile on Control Node
2021-09-01 04:02:41,958 :: INFO :: Control node : start power of open node
2021-09-01 04:02:42,003 :: INFO :: Node OpenOCD: teardown of openocd node
2021-09-01 04:02:45,077 :: INFO :: openocd node debugger stop
2021-09-01 04:02:45,667 :: INFO :: Node OpenOCD: flash of openocd node
2021-09-01 04:02:45,682 :: INFO :: Flash firmware on OpenOCD: /usr/lib/python2.7/site-packages/gateway_code/static/m3_idle.elf
2021-09-01 04:02:48,304 :: INFO :: Control node : Stop control node serial interface
2021-09-01 04:02:48,313 :: INFO :: Control node : stop power of open node
2021-09-01 04:02:48,396 :: INFO :: Control node : reset
2021-09-01 04:02:48,402 :: INFO :: Reset Control Node
2021-09-01 04:02:51,240 :: INFO :: Stop experiment succeeded
