2021-09-01 03:01:22,864 :: INFO :: Start experiment: luna-275849
2021-09-01 03:01:22,868 :: INFO :: Control node : Starting of control node serial interface
2021-09-01 03:01:22,871 :: INFO :: Control node : reset
2021-09-01 03:01:22,874 :: INFO :: Reset Control Node
2021-09-01 03:01:25,827 :: INFO :: Control node : start power of open node
2021-09-01 03:01:25,884 :: INFO :: Node OpenOCD: Setup of openocd node
2021-09-01 03:01:28,931 :: INFO :: Node OpenOCD: flash of openocd node
2021-09-01 03:01:28,946 :: INFO :: Flash firmware on OpenOCD: /tmp/tmpaKzUg9--cb924b41fcfd3e3c0bada58631722ec6_unicast-sender-count-30T-100B.iotlab-m3
2021-09-01 03:01:35,898 :: INFO :: Control node : Start experiment
2021-09-01 03:01:35,967 :: INFO :: Control Node set time delay: 1739 us
2021-09-01 03:01:35,994 :: INFO :: Control node : profile configuration
2021-09-01 03:01:36,001 :: INFO :: Configure profile on Control Node
2021-09-01 03:01:36,079 :: INFO :: Start experiment succeeded
2021-09-01 04:02:41,856 :: INFO :: Gateway Manager : Stop experiment
2021-09-01 04:02:41,866 :: INFO :: Stop experiment
2021-09-01 04:02:41,876 :: INFO :: Control node : stop of the experiment
2021-09-01 04:02:41,884 :: INFO :: Control node : profile configuration
2021-09-01 04:02:41,891 :: INFO :: Configure profile on Control Node
2021-09-01 04:02:41,964 :: INFO :: Control node : start power of open node
2021-09-01 04:02:42,009 :: INFO :: Node OpenOCD: teardown of openocd node
2021-09-01 04:02:45,059 :: INFO :: openocd node debugger stop
2021-09-01 04:02:45,719 :: INFO :: Node OpenOCD: flash of openocd node
2021-09-01 04:02:45,726 :: INFO :: Flash firmware on OpenOCD: /usr/lib/python2.7/site-packages/gateway_code/static/m3_idle.elf
2021-09-01 04:02:48,283 :: INFO :: Control node : Stop control node serial interface
2021-09-01 04:02:48,291 :: INFO :: Control node : stop power of open node
2021-09-01 04:02:48,371 :: INFO :: Control node : reset
2021-09-01 04:02:48,378 :: INFO :: Reset Control Node
2021-09-01 04:02:51,261 :: INFO :: Stop experiment succeeded
