2021-08-31 22:36:29,121 :: INFO :: Start experiment: luna-275846
2021-08-31 22:36:29,124 :: INFO :: Control node : Starting of control node serial interface
2021-08-31 22:36:29,127 :: INFO :: Control node : reset
2021-08-31 22:36:29,130 :: INFO :: Reset Control Node
2021-08-31 22:36:32,066 :: INFO :: Control node : start power of open node
2021-08-31 22:36:32,093 :: INFO :: Node OpenOCD: Setup of openocd node
2021-08-31 22:36:35,136 :: INFO :: Node OpenOCD: flash of openocd node
2021-08-31 22:36:35,154 :: INFO :: Flash firmware on OpenOCD: /tmp/tmpGxHc_1--d4a0543b7d1f359d92f0e4afc0b7f0cf_unicast-sender-count-30T-20B.iotlab-m3
2021-08-31 22:36:42,180 :: INFO :: Control node : Start experiment
2021-08-31 22:36:42,236 :: INFO :: Control Node set time delay: 1221 us
2021-08-31 22:36:42,254 :: INFO :: Control node : profile configuration
2021-08-31 22:36:42,258 :: INFO :: Configure profile on Control Node
2021-08-31 22:36:42,298 :: INFO :: Start experiment succeeded
2021-08-31 23:37:48,090 :: INFO :: Gateway Manager : Stop experiment
2021-08-31 23:37:48,100 :: INFO :: Stop experiment
2021-08-31 23:37:48,109 :: INFO :: Control node : stop of the experiment
2021-08-31 23:37:48,117 :: INFO :: Control node : profile configuration
2021-08-31 23:37:48,124 :: INFO :: Configure profile on Control Node
2021-08-31 23:37:48,198 :: INFO :: Control node : start power of open node
2021-08-31 23:37:48,243 :: INFO :: Node OpenOCD: teardown of openocd node
2021-08-31 23:37:51,308 :: INFO :: openocd node debugger stop
2021-08-31 23:37:52,002 :: INFO :: Node OpenOCD: flash of openocd node
2021-08-31 23:37:52,017 :: INFO :: Flash firmware on OpenOCD: /usr/lib/python2.7/site-packages/gateway_code/static/m3_idle.elf
2021-08-31 23:37:54,588 :: INFO :: Control node : Stop control node serial interface
2021-08-31 23:37:54,597 :: INFO :: Control node : stop power of open node
2021-08-31 23:37:54,676 :: INFO :: Control node : reset
2021-08-31 23:37:54,682 :: INFO :: Reset Control Node
2021-08-31 23:37:57,567 :: INFO :: Stop experiment succeeded
