2021-08-31 22:36:29,102 :: INFO :: Start experiment: luna-275846
2021-08-31 22:36:29,105 :: INFO :: Control node : Starting of control node serial interface
2021-08-31 22:36:29,108 :: INFO :: Control node : reset
2021-08-31 22:36:29,111 :: INFO :: Reset Control Node
2021-08-31 22:36:32,066 :: INFO :: Control node : start power of open node
2021-08-31 22:36:32,120 :: INFO :: Node OpenOCD: Setup of openocd node
2021-08-31 22:36:35,163 :: INFO :: Node OpenOCD: flash of openocd node
2021-08-31 22:36:35,179 :: INFO :: Flash firmware on OpenOCD: /tmp/tmprFscLq--d4a0543b7d1f359d92f0e4afc0b7f0cf_unicast-sender-count-30T-20B.iotlab-m3
2021-08-31 22:36:42,082 :: INFO :: Control node : Start experiment
2021-08-31 22:36:42,129 :: INFO :: Control Node set time delay: 1252 us
2021-08-31 22:36:42,161 :: INFO :: Control node : profile configuration
2021-08-31 22:36:42,168 :: INFO :: Configure profile on Control Node
2021-08-31 22:36:42,247 :: INFO :: Start experiment succeeded
2021-08-31 23:37:48,135 :: INFO :: Gateway Manager : Stop experiment
2021-08-31 23:37:48,146 :: INFO :: Stop experiment
2021-08-31 23:37:48,155 :: INFO :: Control node : stop of the experiment
2021-08-31 23:37:48,162 :: INFO :: Control node : profile configuration
2021-08-31 23:37:48,169 :: INFO :: Configure profile on Control Node
2021-08-31 23:37:48,243 :: INFO :: Control node : start power of open node
2021-08-31 23:37:48,286 :: INFO :: Node OpenOCD: teardown of openocd node
2021-08-31 23:37:51,323 :: INFO :: openocd node debugger stop
2021-08-31 23:37:51,996 :: INFO :: Node OpenOCD: flash of openocd node
2021-08-31 23:37:52,010 :: INFO :: Flash firmware on OpenOCD: /usr/lib/python2.7/site-packages/gateway_code/static/m3_idle.elf
2021-08-31 23:37:54,576 :: INFO :: Control node : Stop control node serial interface
2021-08-31 23:37:54,581 :: INFO :: Control node : stop power of open node
2021-08-31 23:37:54,631 :: INFO :: Control node : reset
2021-08-31 23:37:54,635 :: INFO :: Reset Control Node
2021-08-31 23:37:57,556 :: INFO :: Stop experiment succeeded
