2021-08-31 22:36:29,096 :: INFO :: Start experiment: luna-275846
2021-08-31 22:36:29,099 :: INFO :: Control node : Starting of control node serial interface
2021-08-31 22:36:29,102 :: INFO :: Control node : reset
2021-08-31 22:36:29,105 :: INFO :: Reset Control Node
2021-08-31 22:36:32,054 :: INFO :: Control node : start power of open node
2021-08-31 22:36:32,108 :: INFO :: Node OpenOCD: Setup of openocd node
2021-08-31 22:36:35,151 :: INFO :: Node OpenOCD: flash of openocd node
2021-08-31 22:36:35,168 :: INFO :: Flash firmware on OpenOCD: /tmp/tmpRE7cfq--d4a0543b7d1f359d92f0e4afc0b7f0cf_unicast-sender-count-30T-20B.iotlab-m3
2021-08-31 22:36:42,096 :: INFO :: Control node : Start experiment
2021-08-31 22:36:42,146 :: INFO :: Control Node set time delay: 1800 us
2021-08-31 22:36:42,178 :: INFO :: Control node : profile configuration
2021-08-31 22:36:42,185 :: INFO :: Configure profile on Control Node
2021-08-31 22:36:42,237 :: INFO :: Start experiment succeeded
2021-08-31 23:37:48,134 :: INFO :: Gateway Manager : Stop experiment
2021-08-31 23:37:48,144 :: INFO :: Stop experiment
2021-08-31 23:37:48,152 :: INFO :: Control node : stop of the experiment
2021-08-31 23:37:48,159 :: INFO :: Control node : profile configuration
2021-08-31 23:37:48,166 :: INFO :: Configure profile on Control Node
2021-08-31 23:37:48,239 :: INFO :: Control node : start power of open node
2021-08-31 23:37:48,283 :: INFO :: Node OpenOCD: teardown of openocd node
2021-08-31 23:37:51,334 :: INFO :: openocd node debugger stop
2021-08-31 23:37:51,987 :: INFO :: Node OpenOCD: flash of openocd node
2021-08-31 23:37:51,994 :: INFO :: Flash firmware on OpenOCD: /usr/lib/python2.7/site-packages/gateway_code/static/m3_idle.elf
2021-08-31 23:37:54,502 :: INFO :: Control node : Stop control node serial interface
2021-08-31 23:37:54,511 :: INFO :: Control node : stop power of open node
2021-08-31 23:37:54,573 :: INFO :: Control node : reset
2021-08-31 23:37:54,579 :: INFO :: Reset Control Node
2021-08-31 23:37:57,471 :: INFO :: Stop experiment succeeded
