2021-08-31 22:36:29,090 :: INFO :: Start experiment: luna-275846
2021-08-31 22:36:29,094 :: INFO :: Control node : Starting of control node serial interface
2021-08-31 22:36:29,096 :: INFO :: Control node : reset
2021-08-31 22:36:29,099 :: INFO :: Reset Control Node
2021-08-31 22:36:32,046 :: INFO :: Control node : start power of open node
2021-08-31 22:36:32,102 :: INFO :: Node OpenOCD: Setup of openocd node
2021-08-31 22:36:35,148 :: INFO :: Node OpenOCD: flash of openocd node
2021-08-31 22:36:35,165 :: INFO :: Flash firmware on OpenOCD: /tmp/tmpTwmESZ--d4a0543b7d1f359d92f0e4afc0b7f0cf_unicast-sender-count-30T-20B.iotlab-m3
2021-08-31 22:36:42,122 :: INFO :: Control node : Start experiment
2021-08-31 22:36:42,172 :: INFO :: Control Node set time delay: 1190 us
2021-08-31 22:36:42,205 :: INFO :: Control node : profile configuration
2021-08-31 22:36:42,212 :: INFO :: Configure profile on Control Node
2021-08-31 22:36:42,260 :: INFO :: Start experiment succeeded
2021-08-31 23:37:48,095 :: INFO :: Gateway Manager : Stop experiment
2021-08-31 23:37:48,104 :: INFO :: Stop experiment
2021-08-31 23:37:48,112 :: INFO :: Control node : stop of the experiment
2021-08-31 23:37:48,123 :: INFO :: Control node : profile configuration
2021-08-31 23:37:48,130 :: INFO :: Configure profile on Control Node
2021-08-31 23:37:48,198 :: INFO :: Control node : start power of open node
2021-08-31 23:37:48,241 :: INFO :: Node OpenOCD: teardown of openocd node
2021-08-31 23:37:51,320 :: INFO :: openocd node debugger stop
2021-08-31 23:37:52,003 :: INFO :: Node OpenOCD: flash of openocd node
2021-08-31 23:37:52,011 :: INFO :: Flash firmware on OpenOCD: /usr/lib/python2.7/site-packages/gateway_code/static/m3_idle.elf
2021-08-31 23:37:54,573 :: INFO :: Control node : Stop control node serial interface
2021-08-31 23:37:54,582 :: INFO :: Control node : stop power of open node
2021-08-31 23:37:54,657 :: INFO :: Control node : reset
2021-08-31 23:37:54,663 :: INFO :: Reset Control Node
2021-08-31 23:37:57,551 :: INFO :: Stop experiment succeeded
