2021-08-31 22:36:29,101 :: INFO :: Start experiment: luna-275846
2021-08-31 22:36:29,105 :: INFO :: Control node : Starting of control node serial interface
2021-08-31 22:36:29,108 :: INFO :: Control node : reset
2021-08-31 22:36:29,110 :: INFO :: Reset Control Node
2021-08-31 22:36:32,033 :: INFO :: Control node : start power of open node
2021-08-31 22:36:32,060 :: INFO :: Node OpenOCD: Setup of openocd node
2021-08-31 22:36:35,101 :: INFO :: Node OpenOCD: flash of openocd node
2021-08-31 22:36:35,118 :: INFO :: Flash firmware on OpenOCD: /tmp/tmpvAwWhp--d4a0543b7d1f359d92f0e4afc0b7f0cf_unicast-sender-count-30T-20B.iotlab-m3
2021-08-31 22:36:41,993 :: INFO :: Control node : Start experiment
2021-08-31 22:36:42,051 :: INFO :: Control Node set time delay: 1526 us
2021-08-31 22:36:42,084 :: INFO :: Control node : profile configuration
2021-08-31 22:36:42,091 :: INFO :: Configure profile on Control Node
2021-08-31 22:36:42,169 :: INFO :: Start experiment succeeded
2021-08-31 23:37:48,090 :: INFO :: Gateway Manager : Stop experiment
2021-08-31 23:37:48,100 :: INFO :: Stop experiment
2021-08-31 23:37:48,108 :: INFO :: Control node : stop of the experiment
2021-08-31 23:37:48,115 :: INFO :: Control node : profile configuration
2021-08-31 23:37:48,122 :: INFO :: Configure profile on Control Node
2021-08-31 23:37:48,193 :: INFO :: Control node : start power of open node
2021-08-31 23:37:48,237 :: INFO :: Node OpenOCD: teardown of openocd node
2021-08-31 23:37:51,302 :: INFO :: openocd node debugger stop
2021-08-31 23:37:51,986 :: INFO :: Node OpenOCD: flash of openocd node
2021-08-31 23:37:52,001 :: INFO :: Flash firmware on OpenOCD: /usr/lib/python2.7/site-packages/gateway_code/static/m3_idle.elf
2021-08-31 23:37:54,564 :: INFO :: Control node : Stop control node serial interface
2021-08-31 23:37:54,569 :: INFO :: Control node : stop power of open node
2021-08-31 23:37:54,618 :: INFO :: Control node : reset
2021-08-31 23:37:54,621 :: INFO :: Reset Control Node
2021-08-31 23:37:57,542 :: INFO :: Stop experiment succeeded
