2021-08-31 22:36:29,109 :: INFO :: Start experiment: luna-275846
2021-08-31 22:36:29,112 :: INFO :: Control node : Starting of control node serial interface
2021-08-31 22:36:29,115 :: INFO :: Control node : reset
2021-08-31 22:36:29,117 :: INFO :: Reset Control Node
2021-08-31 22:36:32,078 :: INFO :: Control node : start power of open node
2021-08-31 22:36:32,134 :: INFO :: Node OpenOCD: Setup of openocd node
2021-08-31 22:36:35,185 :: INFO :: Node OpenOCD: flash of openocd node
2021-08-31 22:36:35,199 :: INFO :: Flash firmware on OpenOCD: /tmp/tmpuxygrq--d4a0543b7d1f359d92f0e4afc0b7f0cf_unicast-sender-count-30T-20B.iotlab-m3
2021-08-31 22:36:42,016 :: INFO :: Control node : Start experiment
2021-08-31 22:36:42,060 :: INFO :: Control Node set time delay: 1770 us
2021-08-31 22:36:42,093 :: INFO :: Control node : profile configuration
2021-08-31 22:36:42,099 :: INFO :: Configure profile on Control Node
2021-08-31 22:36:42,176 :: INFO :: Start experiment succeeded
2021-08-31 23:37:48,126 :: INFO :: Gateway Manager : Stop experiment
2021-08-31 23:37:48,136 :: INFO :: Stop experiment
2021-08-31 23:37:48,145 :: INFO :: Control node : stop of the experiment
2021-08-31 23:37:48,152 :: INFO :: Control node : profile configuration
2021-08-31 23:37:48,159 :: INFO :: Configure profile on Control Node
2021-08-31 23:37:48,234 :: INFO :: Control node : start power of open node
2021-08-31 23:37:48,277 :: INFO :: Node OpenOCD: teardown of openocd node
2021-08-31 23:37:51,318 :: INFO :: openocd node debugger stop
2021-08-31 23:37:52,002 :: INFO :: Node OpenOCD: flash of openocd node
2021-08-31 23:37:52,009 :: INFO :: Flash firmware on OpenOCD: /usr/lib/python2.7/site-packages/gateway_code/static/m3_idle.elf
2021-08-31 23:37:54,521 :: INFO :: Control node : Stop control node serial interface
2021-08-31 23:37:54,529 :: INFO :: Control node : stop power of open node
2021-08-31 23:37:54,598 :: INFO :: Control node : reset
2021-08-31 23:37:54,605 :: INFO :: Reset Control Node
2021-08-31 23:37:57,500 :: INFO :: Stop experiment succeeded
