2021-08-31 22:36:29,031 :: INFO :: Start experiment: luna-275846
2021-08-31 22:36:29,034 :: INFO :: Control node : Starting of control node serial interface
2021-08-31 22:36:29,037 :: INFO :: Control node : reset
2021-08-31 22:36:29,040 :: INFO :: Reset Control Node
2021-08-31 22:36:32,002 :: INFO :: Control node : start power of open node
2021-08-31 22:36:32,056 :: INFO :: Node OpenOCD: Setup of openocd node
2021-08-31 22:36:35,106 :: INFO :: Node OpenOCD: flash of openocd node
2021-08-31 22:36:35,122 :: INFO :: Flash firmware on OpenOCD: /tmp/tmpMCGc83--d4a0543b7d1f359d92f0e4afc0b7f0cf_unicast-sender-count-30T-20B.iotlab-m3
2021-08-31 22:36:42,024 :: INFO :: Control node : Start experiment
2021-08-31 22:36:42,090 :: INFO :: Control Node set time delay: 1220 us
2021-08-31 22:36:42,114 :: INFO :: Control node : profile configuration
2021-08-31 22:36:42,121 :: INFO :: Configure profile on Control Node
2021-08-31 22:36:42,201 :: INFO :: Start experiment succeeded
2021-08-31 23:37:48,097 :: INFO :: Gateway Manager : Stop experiment
2021-08-31 23:37:48,107 :: INFO :: Stop experiment
2021-08-31 23:37:48,116 :: INFO :: Control node : stop of the experiment
2021-08-31 23:37:48,124 :: INFO :: Control node : profile configuration
2021-08-31 23:37:48,135 :: INFO :: Configure profile on Control Node
2021-08-31 23:37:48,208 :: INFO :: Control node : start power of open node
2021-08-31 23:37:48,252 :: INFO :: Node OpenOCD: teardown of openocd node
2021-08-31 23:37:51,297 :: INFO :: openocd node debugger stop
2021-08-31 23:37:51,980 :: INFO :: Node OpenOCD: flash of openocd node
2021-08-31 23:37:51,987 :: INFO :: Flash firmware on OpenOCD: /usr/lib/python2.7/site-packages/gateway_code/static/m3_idle.elf
2021-08-31 23:37:54,495 :: INFO :: Control node : Stop control node serial interface
2021-08-31 23:37:54,504 :: INFO :: Control node : stop power of open node
2021-08-31 23:37:54,590 :: INFO :: Control node : reset
2021-08-31 23:37:54,596 :: INFO :: Reset Control Node
2021-08-31 23:37:57,487 :: INFO :: Stop experiment succeeded
