2021-08-31 22:36:29,067 :: INFO :: Start experiment: luna-275846
2021-08-31 22:36:29,071 :: INFO :: Control node : Starting of control node serial interface
2021-08-31 22:36:29,074 :: INFO :: Control node : reset
2021-08-31 22:36:29,076 :: INFO :: Reset Control Node
2021-08-31 22:36:32,031 :: INFO :: Control node : start power of open node
2021-08-31 22:36:32,086 :: INFO :: Node OpenOCD: Setup of openocd node
2021-08-31 22:36:35,127 :: INFO :: Node OpenOCD: flash of openocd node
2021-08-31 22:36:35,142 :: INFO :: Flash firmware on OpenOCD: /tmp/tmpPbU_aU--d4a0543b7d1f359d92f0e4afc0b7f0cf_unicast-sender-count-30T-20B.iotlab-m3
2021-08-31 22:36:42,040 :: INFO :: Control node : Start experiment
2021-08-31 22:36:42,084 :: INFO :: Control Node set time delay: 1617 us
2021-08-31 22:36:42,116 :: INFO :: Control node : profile configuration
2021-08-31 22:36:42,123 :: INFO :: Configure profile on Control Node
2021-08-31 22:36:42,200 :: INFO :: Start experiment succeeded
2021-08-31 23:37:48,098 :: INFO :: Gateway Manager : Stop experiment
2021-08-31 23:37:48,107 :: INFO :: Stop experiment
2021-08-31 23:37:48,116 :: INFO :: Control node : stop of the experiment
2021-08-31 23:37:48,124 :: INFO :: Control node : profile configuration
2021-08-31 23:37:48,131 :: INFO :: Configure profile on Control Node
2021-08-31 23:37:48,205 :: INFO :: Control node : start power of open node
2021-08-31 23:37:48,250 :: INFO :: Node OpenOCD: teardown of openocd node
2021-08-31 23:37:51,294 :: INFO :: openocd node debugger stop
2021-08-31 23:37:51,967 :: INFO :: Node OpenOCD: flash of openocd node
2021-08-31 23:37:51,974 :: INFO :: Flash firmware on OpenOCD: /usr/lib/python2.7/site-packages/gateway_code/static/m3_idle.elf
2021-08-31 23:37:54,430 :: INFO :: Control node : Stop control node serial interface
2021-08-31 23:37:54,435 :: INFO :: Control node : stop power of open node
2021-08-31 23:37:54,488 :: INFO :: Control node : reset
2021-08-31 23:37:54,491 :: INFO :: Reset Control Node
2021-08-31 23:37:57,427 :: INFO :: Stop experiment succeeded
