2021-08-31 22:36:29,112 :: INFO :: Start experiment: luna-275846
2021-08-31 22:36:29,115 :: INFO :: Control node : Starting of control node serial interface
2021-08-31 22:36:29,118 :: INFO :: Control node : reset
2021-08-31 22:36:29,121 :: INFO :: Reset Control Node
2021-08-31 22:36:32,085 :: INFO :: Control node : start power of open node
2021-08-31 22:36:32,141 :: INFO :: Node OpenOCD: Setup of openocd node
2021-08-31 22:36:35,191 :: INFO :: Node OpenOCD: flash of openocd node
2021-08-31 22:36:35,206 :: INFO :: Flash firmware on OpenOCD: /tmp/tmpTX2Dfe--d4a0543b7d1f359d92f0e4afc0b7f0cf_unicast-sender-count-30T-20B.iotlab-m3
2021-08-31 22:36:42,217 :: INFO :: Control node : Start experiment
2021-08-31 22:36:42,244 :: INFO :: Control Node set time delay: 1007 us
2021-08-31 22:36:42,262 :: INFO :: Control node : profile configuration
2021-08-31 22:36:42,265 :: INFO :: Configure profile on Control Node
2021-08-31 22:36:42,309 :: INFO :: Start experiment succeeded
2021-08-31 23:37:48,116 :: INFO :: Gateway Manager : Stop experiment
2021-08-31 23:37:48,138 :: INFO :: Stop experiment
2021-08-31 23:37:48,157 :: INFO :: Control node : stop of the experiment
2021-08-31 23:37:48,174 :: INFO :: Control node : profile configuration
2021-08-31 23:37:48,196 :: INFO :: Configure profile on Control Node
2021-08-31 23:37:48,362 :: INFO :: Control node : start power of open node
2021-08-31 23:37:48,383 :: INFO :: Node OpenOCD: teardown of openocd node
2021-08-31 23:37:51,430 :: INFO :: openocd node debugger stop
2021-08-31 23:37:52,113 :: INFO :: Node OpenOCD: flash of openocd node
2021-08-31 23:37:52,120 :: INFO :: Flash firmware on OpenOCD: /usr/lib/python2.7/site-packages/gateway_code/static/m3_idle.elf
2021-08-31 23:37:54,730 :: INFO :: Control node : Stop control node serial interface
2021-08-31 23:37:54,735 :: INFO :: Control node : stop power of open node
2021-08-31 23:37:54,788 :: INFO :: Control node : reset
2021-08-31 23:37:54,795 :: INFO :: Reset Control Node
2021-08-31 23:37:57,688 :: INFO :: Stop experiment succeeded
