2021-08-31 22:36:29,111 :: INFO :: Start experiment: luna-275846
2021-08-31 22:36:29,115 :: INFO :: Control node : Starting of control node serial interface
2021-08-31 22:36:29,117 :: INFO :: Control node : reset
2021-08-31 22:36:29,120 :: INFO :: Reset Control Node
2021-08-31 22:36:32,072 :: INFO :: Control node : start power of open node
2021-08-31 22:36:32,127 :: INFO :: Node OpenOCD: Setup of openocd node
2021-08-31 22:36:35,178 :: INFO :: Node OpenOCD: flash of openocd node
2021-08-31 22:36:35,193 :: INFO :: Flash firmware on OpenOCD: /tmp/tmpfBi0DO--d4a0543b7d1f359d92f0e4afc0b7f0cf_unicast-sender-count-30T-20B.iotlab-m3
2021-08-31 22:36:42,155 :: INFO :: Control node : Start experiment
2021-08-31 22:36:42,213 :: INFO :: Control Node set time delay: 1190 us
2021-08-31 22:36:42,232 :: INFO :: Control node : profile configuration
2021-08-31 22:36:42,236 :: INFO :: Configure profile on Control Node
2021-08-31 22:36:42,279 :: INFO :: Start experiment succeeded
2021-08-31 23:37:48,093 :: INFO :: Gateway Manager : Stop experiment
2021-08-31 23:37:48,102 :: INFO :: Stop experiment
2021-08-31 23:37:48,110 :: INFO :: Control node : stop of the experiment
2021-08-31 23:37:48,117 :: INFO :: Control node : profile configuration
2021-08-31 23:37:48,124 :: INFO :: Configure profile on Control Node
2021-08-31 23:37:48,194 :: INFO :: Control node : start power of open node
2021-08-31 23:37:48,236 :: INFO :: Node OpenOCD: teardown of openocd node
2021-08-31 23:37:51,305 :: INFO :: openocd node debugger stop
2021-08-31 23:37:51,973 :: INFO :: Node OpenOCD: flash of openocd node
2021-08-31 23:37:51,980 :: INFO :: Flash firmware on OpenOCD: /usr/lib/python2.7/site-packages/gateway_code/static/m3_idle.elf
2021-08-31 23:37:54,483 :: INFO :: Control node : Stop control node serial interface
2021-08-31 23:37:54,492 :: INFO :: Control node : stop power of open node
2021-08-31 23:37:54,559 :: INFO :: Control node : reset
2021-08-31 23:37:54,566 :: INFO :: Reset Control Node
2021-08-31 23:37:57,455 :: INFO :: Stop experiment succeeded
