2021-08-31 22:36:29,106 :: INFO :: Start experiment: luna-275846
2021-08-31 22:36:29,110 :: INFO :: Control node : Starting of control node serial interface
2021-08-31 22:36:29,113 :: INFO :: Control node : reset
2021-08-31 22:36:29,115 :: INFO :: Reset Control Node
2021-08-31 22:36:32,079 :: INFO :: Control node : start power of open node
2021-08-31 22:36:32,095 :: INFO :: Node OpenOCD: Setup of openocd node
2021-08-31 22:36:35,128 :: INFO :: Node OpenOCD: flash of openocd node
2021-08-31 22:36:35,146 :: INFO :: Flash firmware on OpenOCD: /tmp/tmpdYcin3--d4a0543b7d1f359d92f0e4afc0b7f0cf_unicast-sender-count-30T-20B.iotlab-m3
2021-08-31 22:36:42,044 :: INFO :: Control node : Start experiment
2021-08-31 22:36:42,104 :: INFO :: Control Node set time delay: 1801 us
2021-08-31 22:36:42,137 :: INFO :: Control node : profile configuration
2021-08-31 22:36:42,144 :: INFO :: Configure profile on Control Node
2021-08-31 22:36:42,223 :: INFO :: Start experiment succeeded
2021-08-31 23:37:48,135 :: INFO :: Gateway Manager : Stop experiment
2021-08-31 23:37:48,155 :: INFO :: Stop experiment
2021-08-31 23:37:48,176 :: INFO :: Control node : stop of the experiment
2021-08-31 23:37:48,192 :: INFO :: Control node : profile configuration
2021-08-31 23:37:48,208 :: INFO :: Configure profile on Control Node
2021-08-31 23:37:48,372 :: INFO :: Control node : start power of open node
2021-08-31 23:37:48,393 :: INFO :: Node OpenOCD: teardown of openocd node
2021-08-31 23:37:51,428 :: INFO :: openocd node debugger stop
2021-08-31 23:37:52,110 :: INFO :: Node OpenOCD: flash of openocd node
2021-08-31 23:37:52,118 :: INFO :: Flash firmware on OpenOCD: /usr/lib/python2.7/site-packages/gateway_code/static/m3_idle.elf
2021-08-31 23:37:54,570 :: INFO :: Control node : Stop control node serial interface
2021-08-31 23:37:54,579 :: INFO :: Control node : stop power of open node
2021-08-31 23:37:54,656 :: INFO :: Control node : reset
2021-08-31 23:37:54,663 :: INFO :: Reset Control Node
2021-08-31 23:37:57,552 :: INFO :: Stop experiment succeeded
