2021-08-31 22:36:29,123 :: INFO :: Start experiment: luna-275846
2021-08-31 22:36:29,127 :: INFO :: Control node : Starting of control node serial interface
2021-08-31 22:36:29,129 :: INFO :: Control node : reset
2021-08-31 22:36:29,132 :: INFO :: Reset Control Node
2021-08-31 22:36:32,151 :: INFO :: Control node : start power of open node
2021-08-31 22:36:32,210 :: INFO :: Node OpenOCD: Setup of openocd node
2021-08-31 22:36:35,258 :: INFO :: Node OpenOCD: flash of openocd node
2021-08-31 22:36:35,274 :: INFO :: Flash firmware on OpenOCD: /tmp/tmpla88J4--d4a0543b7d1f359d92f0e4afc0b7f0cf_unicast-sender-count-30T-20B.iotlab-m3
2021-08-31 22:36:42,212 :: INFO :: Control node : Start experiment
2021-08-31 22:36:42,274 :: INFO :: Control Node set time delay: 1526 us
2021-08-31 22:36:42,307 :: INFO :: Control node : profile configuration
2021-08-31 22:36:42,314 :: INFO :: Configure profile on Control Node
2021-08-31 22:36:42,361 :: INFO :: Start experiment succeeded
2021-08-31 23:37:48,130 :: INFO :: Gateway Manager : Stop experiment
2021-08-31 23:37:48,140 :: INFO :: Stop experiment
2021-08-31 23:37:48,148 :: INFO :: Control node : stop of the experiment
2021-08-31 23:37:48,155 :: INFO :: Control node : profile configuration
2021-08-31 23:37:48,165 :: INFO :: Configure profile on Control Node
2021-08-31 23:37:48,235 :: INFO :: Control node : start power of open node
2021-08-31 23:37:48,276 :: INFO :: Node OpenOCD: teardown of openocd node
2021-08-31 23:37:51,325 :: INFO :: openocd node debugger stop
2021-08-31 23:37:52,008 :: INFO :: Node OpenOCD: flash of openocd node
2021-08-31 23:37:52,015 :: INFO :: Flash firmware on OpenOCD: /usr/lib/python2.7/site-packages/gateway_code/static/m3_idle.elf
2021-08-31 23:37:54,525 :: INFO :: Control node : Stop control node serial interface
2021-08-31 23:37:54,534 :: INFO :: Control node : stop power of open node
2021-08-31 23:37:54,601 :: INFO :: Control node : reset
2021-08-31 23:37:54,608 :: INFO :: Reset Control Node
2021-08-31 23:37:57,497 :: INFO :: Stop experiment succeeded
