2021-08-31 22:36:28,995 :: INFO :: Start experiment: luna-275846
2021-08-31 22:36:28,999 :: INFO :: Control node : Starting of control node serial interface
2021-08-31 22:36:29,002 :: INFO :: Control node : reset
2021-08-31 22:36:29,004 :: INFO :: Reset Control Node
2021-08-31 22:36:31,936 :: INFO :: Control node : start power of open node
2021-08-31 22:36:31,963 :: INFO :: Node OpenOCD: Setup of openocd node
2021-08-31 22:36:35,006 :: INFO :: Node OpenOCD: flash of openocd node
2021-08-31 22:36:35,024 :: INFO :: Flash firmware on OpenOCD: /tmp/tmpORIpWM--d4a0543b7d1f359d92f0e4afc0b7f0cf_unicast-sender-count-30T-20B.iotlab-m3
2021-08-31 22:36:41,975 :: INFO :: Control node : Start experiment
2021-08-31 22:36:42,053 :: INFO :: Control Node set time delay: 1831 us
2021-08-31 22:36:42,086 :: INFO :: Control node : profile configuration
2021-08-31 22:36:42,092 :: INFO :: Configure profile on Control Node
2021-08-31 22:36:42,169 :: INFO :: Start experiment succeeded
2021-08-31 23:37:48,130 :: INFO :: Gateway Manager : Stop experiment
2021-08-31 23:37:48,152 :: INFO :: Stop experiment
2021-08-31 23:37:48,172 :: INFO :: Control node : stop of the experiment
2021-08-31 23:37:48,194 :: INFO :: Control node : profile configuration
2021-08-31 23:37:48,211 :: INFO :: Configure profile on Control Node
2021-08-31 23:37:48,375 :: INFO :: Control node : start power of open node
2021-08-31 23:37:48,395 :: INFO :: Node OpenOCD: teardown of openocd node
2021-08-31 23:37:51,442 :: INFO :: openocd node debugger stop
2021-08-31 23:37:52,133 :: INFO :: Node OpenOCD: flash of openocd node
2021-08-31 23:37:52,147 :: INFO :: Flash firmware on OpenOCD: /usr/lib/python2.7/site-packages/gateway_code/static/m3_idle.elf
2021-08-31 23:37:54,765 :: INFO :: Control node : Stop control node serial interface
2021-08-31 23:37:54,774 :: INFO :: Control node : stop power of open node
2021-08-31 23:37:54,855 :: INFO :: Control node : reset
2021-08-31 23:37:54,862 :: INFO :: Reset Control Node
2021-08-31 23:37:57,757 :: INFO :: Stop experiment succeeded
