2021-08-31 22:36:29,093 :: INFO :: Start experiment: luna-275846
2021-08-31 22:36:29,096 :: INFO :: Control node : Starting of control node serial interface
2021-08-31 22:36:29,099 :: INFO :: Control node : reset
2021-08-31 22:36:29,102 :: INFO :: Reset Control Node
2021-08-31 22:36:32,065 :: INFO :: Control node : start power of open node
2021-08-31 22:36:32,122 :: INFO :: Node OpenOCD: Setup of openocd node
2021-08-31 22:36:35,169 :: INFO :: Node OpenOCD: flash of openocd node
2021-08-31 22:36:35,184 :: INFO :: Flash firmware on OpenOCD: /tmp/tmpBzxX6b--d4a0543b7d1f359d92f0e4afc0b7f0cf_unicast-sender-count-30T-20B.iotlab-m3
2021-08-31 22:36:42,191 :: INFO :: Control node : Start experiment
2021-08-31 22:36:42,258 :: INFO :: Control Node set time delay: 1159 us
2021-08-31 22:36:42,266 :: INFO :: Control node : profile configuration
2021-08-31 22:36:42,270 :: INFO :: Configure profile on Control Node
2021-08-31 22:36:42,312 :: INFO :: Start experiment succeeded
2021-08-31 23:37:48,118 :: INFO :: Gateway Manager : Stop experiment
2021-08-31 23:37:48,140 :: INFO :: Stop experiment
2021-08-31 23:37:48,158 :: INFO :: Control node : stop of the experiment
2021-08-31 23:37:48,174 :: INFO :: Control node : profile configuration
2021-08-31 23:37:48,194 :: INFO :: Configure profile on Control Node
2021-08-31 23:37:48,366 :: INFO :: Control node : start power of open node
2021-08-31 23:37:48,390 :: INFO :: Node OpenOCD: teardown of openocd node
2021-08-31 23:37:51,423 :: INFO :: openocd node debugger stop
2021-08-31 23:37:52,094 :: INFO :: Node OpenOCD: flash of openocd node
2021-08-31 23:37:52,102 :: INFO :: Flash firmware on OpenOCD: /usr/lib/python2.7/site-packages/gateway_code/static/m3_idle.elf
2021-08-31 23:37:54,608 :: INFO :: Control node : Stop control node serial interface
2021-08-31 23:37:54,613 :: INFO :: Control node : stop power of open node
2021-08-31 23:37:54,667 :: INFO :: Control node : reset
2021-08-31 23:37:54,671 :: INFO :: Reset Control Node
2021-08-31 23:37:57,557 :: INFO :: Stop experiment succeeded
