2021-08-31 22:36:29,102 :: INFO :: Start experiment: luna-275846
2021-08-31 22:36:29,105 :: INFO :: Control node : Starting of control node serial interface
2021-08-31 22:36:29,108 :: INFO :: Control node : reset
2021-08-31 22:36:29,111 :: INFO :: Reset Control Node
2021-08-31 22:36:32,068 :: INFO :: Control node : start power of open node
2021-08-31 22:36:32,123 :: INFO :: Node OpenOCD: Setup of openocd node
2021-08-31 22:36:35,169 :: INFO :: Node OpenOCD: flash of openocd node
2021-08-31 22:36:35,184 :: INFO :: Flash firmware on OpenOCD: /tmp/tmp3fCNf5--d4a0543b7d1f359d92f0e4afc0b7f0cf_unicast-sender-count-30T-20B.iotlab-m3
2021-08-31 22:36:42,081 :: INFO :: Control node : Start experiment
2021-08-31 22:36:42,145 :: INFO :: Control Node set time delay: 1496 us
2021-08-31 22:36:42,177 :: INFO :: Control node : profile configuration
2021-08-31 22:36:42,184 :: INFO :: Configure profile on Control Node
2021-08-31 22:36:42,264 :: INFO :: Start experiment succeeded
2021-08-31 23:37:48,087 :: INFO :: Gateway Manager : Stop experiment
2021-08-31 23:37:48,098 :: INFO :: Stop experiment
2021-08-31 23:37:48,106 :: INFO :: Control node : stop of the experiment
2021-08-31 23:37:48,113 :: INFO :: Control node : profile configuration
2021-08-31 23:37:48,124 :: INFO :: Configure profile on Control Node
2021-08-31 23:37:48,196 :: INFO :: Control node : start power of open node
2021-08-31 23:37:48,241 :: INFO :: Node OpenOCD: teardown of openocd node
2021-08-31 23:37:51,292 :: INFO :: openocd node debugger stop
2021-08-31 23:37:51,974 :: INFO :: Node OpenOCD: flash of openocd node
2021-08-31 23:37:51,989 :: INFO :: Flash firmware on OpenOCD: /usr/lib/python2.7/site-packages/gateway_code/static/m3_idle.elf
2021-08-31 23:37:54,507 :: INFO :: Control node : Stop control node serial interface
2021-08-31 23:37:54,516 :: INFO :: Control node : stop power of open node
2021-08-31 23:37:54,584 :: INFO :: Control node : reset
2021-08-31 23:37:54,590 :: INFO :: Reset Control Node
2021-08-31 23:37:57,482 :: INFO :: Stop experiment succeeded
