2021-08-31 01:26:01,557 :: INFO :: Start experiment: luna-275838
2021-08-31 01:26:01,561 :: INFO :: Control node : Starting of control node serial interface
2021-08-31 01:26:01,563 :: INFO :: Control node : reset
2021-08-31 01:26:01,566 :: INFO :: Reset Control Node
2021-08-31 01:26:04,525 :: INFO :: Control node : start power of open node
2021-08-31 01:26:04,580 :: INFO :: Node OpenOCD: Setup of openocd node
2021-08-31 01:26:07,621 :: INFO :: Node OpenOCD: flash of openocd node
2021-08-31 01:26:07,636 :: INFO :: Flash firmware on OpenOCD: /tmp/tmpDesKYj--9eca698c47b1367377dfc6ae1bda6964_unicast-sender-count-60T-20B.iotlab-m3
2021-08-31 01:26:14,504 :: INFO :: Control node : Start experiment
2021-08-31 01:26:14,566 :: INFO :: Control Node set time delay: 1861 us
2021-08-31 01:26:14,598 :: INFO :: Control node : profile configuration
2021-08-31 01:26:14,605 :: INFO :: Configure profile on Control Node
2021-08-31 01:26:14,682 :: INFO :: Start experiment succeeded
2021-08-31 02:27:20,440 :: INFO :: Gateway Manager : Stop experiment
2021-08-31 02:27:20,459 :: INFO :: Stop experiment
2021-08-31 02:27:20,477 :: INFO :: Control node : stop of the experiment
2021-08-31 02:27:20,498 :: INFO :: Control node : profile configuration
2021-08-31 02:27:20,514 :: INFO :: Configure profile on Control Node
2021-08-31 02:27:20,643 :: INFO :: Control node : start power of open node
2021-08-31 02:27:20,666 :: INFO :: Node OpenOCD: teardown of openocd node
2021-08-31 02:27:23,710 :: INFO :: openocd node debugger stop
2021-08-31 02:27:24,398 :: INFO :: Node OpenOCD: flash of openocd node
2021-08-31 02:27:24,414 :: INFO :: Flash firmware on OpenOCD: /usr/lib/python2.7/site-packages/gateway_code/static/m3_idle.elf
2021-08-31 02:27:27,027 :: INFO :: Control node : Stop control node serial interface
2021-08-31 02:27:27,036 :: INFO :: Control node : stop power of open node
2021-08-31 02:27:27,102 :: INFO :: Control node : reset
2021-08-31 02:27:27,108 :: INFO :: Reset Control Node
2021-08-31 02:27:30,003 :: INFO :: Stop experiment succeeded
