2021-08-31 01:26:01,555 :: INFO :: Start experiment: luna-275838
2021-08-31 01:26:01,558 :: INFO :: Control node : Starting of control node serial interface
2021-08-31 01:26:01,561 :: INFO :: Control node : reset
2021-08-31 01:26:01,563 :: INFO :: Reset Control Node
2021-08-31 01:26:04,471 :: INFO :: Control node : start power of open node
2021-08-31 01:26:04,499 :: INFO :: Node OpenOCD: Setup of openocd node
2021-08-31 01:26:07,540 :: INFO :: Node OpenOCD: flash of openocd node
2021-08-31 01:26:07,558 :: INFO :: Flash firmware on OpenOCD: /tmp/tmp_OZg1P--9eca698c47b1367377dfc6ae1bda6964_unicast-sender-count-60T-20B.iotlab-m3
2021-08-31 01:26:14,566 :: INFO :: Control node : Start experiment
2021-08-31 01:26:14,618 :: INFO :: Control Node set time delay: 1922 us
2021-08-31 01:26:14,642 :: INFO :: Control node : profile configuration
2021-08-31 01:26:14,645 :: INFO :: Configure profile on Control Node
2021-08-31 01:26:14,686 :: INFO :: Start experiment succeeded
2021-08-31 02:27:20,418 :: INFO :: Gateway Manager : Stop experiment
2021-08-31 02:27:20,428 :: INFO :: Stop experiment
2021-08-31 02:27:20,437 :: INFO :: Control node : stop of the experiment
2021-08-31 02:27:20,445 :: INFO :: Control node : profile configuration
2021-08-31 02:27:20,452 :: INFO :: Configure profile on Control Node
2021-08-31 02:27:20,524 :: INFO :: Control node : start power of open node
2021-08-31 02:27:20,568 :: INFO :: Node OpenOCD: teardown of openocd node
2021-08-31 02:27:23,618 :: INFO :: openocd node debugger stop
2021-08-31 02:27:24,303 :: INFO :: Node OpenOCD: flash of openocd node
2021-08-31 02:27:24,310 :: INFO :: Flash firmware on OpenOCD: /usr/lib/python2.7/site-packages/gateway_code/static/m3_idle.elf
2021-08-31 02:27:26,821 :: INFO :: Control node : Stop control node serial interface
2021-08-31 02:27:26,830 :: INFO :: Control node : stop power of open node
2021-08-31 02:27:26,896 :: INFO :: Control node : reset
2021-08-31 02:27:26,902 :: INFO :: Reset Control Node
2021-08-31 02:27:29,794 :: INFO :: Stop experiment succeeded
