2021-08-31 01:26:01,547 :: INFO :: Start experiment: luna-275838
2021-08-31 01:26:01,550 :: INFO :: Control node : Starting of control node serial interface
2021-08-31 01:26:01,553 :: INFO :: Control node : reset
2021-08-31 01:26:01,556 :: INFO :: Reset Control Node
2021-08-31 01:26:04,513 :: INFO :: Control node : start power of open node
2021-08-31 01:26:04,568 :: INFO :: Node OpenOCD: Setup of openocd node
2021-08-31 01:26:07,612 :: INFO :: Node OpenOCD: flash of openocd node
2021-08-31 01:26:07,627 :: INFO :: Flash firmware on OpenOCD: /tmp/tmpSCZ9SD--9eca698c47b1367377dfc6ae1bda6964_unicast-sender-count-60T-20B.iotlab-m3
2021-08-31 01:26:14,485 :: INFO :: Control node : Start experiment
2021-08-31 01:26:14,548 :: INFO :: Control Node set time delay: 1251 us
2021-08-31 01:26:14,580 :: INFO :: Control node : profile configuration
2021-08-31 01:26:14,587 :: INFO :: Configure profile on Control Node
2021-08-31 01:26:14,665 :: INFO :: Start experiment succeeded
2021-08-31 02:27:20,393 :: INFO :: Gateway Manager : Stop experiment
2021-08-31 02:27:20,403 :: INFO :: Stop experiment
2021-08-31 02:27:20,411 :: INFO :: Control node : stop of the experiment
2021-08-31 02:27:20,419 :: INFO :: Control node : profile configuration
2021-08-31 02:27:20,426 :: INFO :: Configure profile on Control Node
2021-08-31 02:27:20,502 :: INFO :: Control node : start power of open node
2021-08-31 02:27:20,545 :: INFO :: Node OpenOCD: teardown of openocd node
2021-08-31 02:27:23,600 :: INFO :: openocd node debugger stop
2021-08-31 02:27:24,289 :: INFO :: Node OpenOCD: flash of openocd node
2021-08-31 02:27:24,304 :: INFO :: Flash firmware on OpenOCD: /usr/lib/python2.7/site-packages/gateway_code/static/m3_idle.elf
2021-08-31 02:27:26,898 :: INFO :: Control node : Stop control node serial interface
2021-08-31 02:27:26,903 :: INFO :: Control node : stop power of open node
2021-08-31 02:27:26,940 :: INFO :: Control node : reset
2021-08-31 02:27:26,944 :: INFO :: Reset Control Node
2021-08-31 02:27:29,883 :: INFO :: Stop experiment succeeded
