2021-08-31 01:26:01,540 :: INFO :: Start experiment: luna-275838
2021-08-31 01:26:01,544 :: INFO :: Control node : Starting of control node serial interface
2021-08-31 01:26:01,547 :: INFO :: Control node : reset
2021-08-31 01:26:01,549 :: INFO :: Reset Control Node
2021-08-31 01:26:04,507 :: INFO :: Control node : start power of open node
2021-08-31 01:26:04,562 :: INFO :: Node OpenOCD: Setup of openocd node
2021-08-31 01:26:07,601 :: INFO :: Node OpenOCD: flash of openocd node
2021-08-31 01:26:07,616 :: INFO :: Flash firmware on OpenOCD: /tmp/tmpVAN42s--ddd0625ff8382e7208c25657471d6a4a_unicast-receiver-count.iotlab-m3
2021-08-31 01:26:14,155 :: INFO :: Control node : Start experiment
2021-08-31 01:26:14,210 :: INFO :: Control Node set time delay: 1129 us
2021-08-31 01:26:14,242 :: INFO :: Control node : profile configuration
2021-08-31 01:26:14,249 :: INFO :: Configure profile on Control Node
2021-08-31 01:26:14,328 :: INFO :: Start experiment succeeded
2021-08-31 02:27:20,405 :: INFO :: Gateway Manager : Stop experiment
2021-08-31 02:27:20,415 :: INFO :: Stop experiment
2021-08-31 02:27:20,424 :: INFO :: Control node : stop of the experiment
2021-08-31 02:27:20,431 :: INFO :: Control node : profile configuration
2021-08-31 02:27:20,439 :: INFO :: Configure profile on Control Node
2021-08-31 02:27:20,515 :: INFO :: Control node : start power of open node
2021-08-31 02:27:20,559 :: INFO :: Node OpenOCD: teardown of openocd node
2021-08-31 02:27:23,610 :: INFO :: openocd node debugger stop
2021-08-31 02:27:24,294 :: INFO :: Node OpenOCD: flash of openocd node
2021-08-31 02:27:24,309 :: INFO :: Flash firmware on OpenOCD: /usr/lib/python2.7/site-packages/gateway_code/static/m3_idle.elf
2021-08-31 02:27:26,874 :: INFO :: Control node : Stop control node serial interface
2021-08-31 02:27:26,883 :: INFO :: Control node : stop power of open node
2021-08-31 02:27:26,950 :: INFO :: Control node : reset
2021-08-31 02:27:26,957 :: INFO :: Reset Control Node
2021-08-31 02:27:29,843 :: INFO :: Stop experiment succeeded
