2021-08-31 01:26:01,564 :: INFO :: Start experiment: luna-275838
2021-08-31 01:26:01,569 :: INFO :: Control node : Starting of control node serial interface
2021-08-31 01:26:01,572 :: INFO :: Control node : reset
2021-08-31 01:26:01,574 :: INFO :: Reset Control Node
2021-08-31 01:26:04,532 :: INFO :: Control node : start power of open node
2021-08-31 01:26:04,586 :: INFO :: Node OpenOCD: Setup of openocd node
2021-08-31 01:26:07,630 :: INFO :: Node OpenOCD: flash of openocd node
2021-08-31 01:26:07,645 :: INFO :: Flash firmware on OpenOCD: /tmp/tmpVvJ_eg--9eca698c47b1367377dfc6ae1bda6964_unicast-sender-count-60T-20B.iotlab-m3
2021-08-31 01:26:14,575 :: INFO :: Control node : Start experiment
2021-08-31 01:26:14,624 :: INFO :: Control Node set time delay: 1159 us
2021-08-31 01:26:14,655 :: INFO :: Control node : profile configuration
2021-08-31 01:26:14,662 :: INFO :: Configure profile on Control Node
2021-08-31 01:26:14,719 :: INFO :: Start experiment succeeded
2021-08-31 02:27:20,443 :: INFO :: Gateway Manager : Stop experiment
2021-08-31 02:27:20,453 :: INFO :: Stop experiment
2021-08-31 02:27:20,462 :: INFO :: Control node : stop of the experiment
2021-08-31 02:27:20,469 :: INFO :: Control node : profile configuration
2021-08-31 02:27:20,476 :: INFO :: Configure profile on Control Node
2021-08-31 02:27:20,550 :: INFO :: Control node : start power of open node
2021-08-31 02:27:20,594 :: INFO :: Node OpenOCD: teardown of openocd node
2021-08-31 02:27:23,636 :: INFO :: openocd node debugger stop
2021-08-31 02:27:24,319 :: INFO :: Node OpenOCD: flash of openocd node
2021-08-31 02:27:24,334 :: INFO :: Flash firmware on OpenOCD: /usr/lib/python2.7/site-packages/gateway_code/static/m3_idle.elf
2021-08-31 02:27:26,952 :: INFO :: Control node : Stop control node serial interface
2021-08-31 02:27:26,957 :: INFO :: Control node : stop power of open node
2021-08-31 02:27:27,007 :: INFO :: Control node : reset
2021-08-31 02:27:27,012 :: INFO :: Reset Control Node
2021-08-31 02:27:29,901 :: INFO :: Stop experiment succeeded
