2021-08-29 16:24:17,454 :: INFO :: Start experiment: luna-275696
2021-08-29 16:24:17,458 :: INFO :: Control node : Starting of control node serial interface
2021-08-29 16:24:17,460 :: INFO :: Control node : reset
2021-08-29 16:24:17,463 :: INFO :: Reset Control Node
2021-08-29 16:24:20,417 :: INFO :: Control node : start power of open node
2021-08-29 16:24:20,473 :: INFO :: Node OpenOCD: Setup of openocd node
2021-08-29 16:24:23,516 :: INFO :: Node OpenOCD: flash of openocd node
2021-08-29 16:24:23,531 :: INFO :: Flash firmware on OpenOCD: /tmp/tmp37kV7L--9eca698c47b1367377dfc6ae1bda6964_unicast-sender-count-60T-20B.iotlab-m3
2021-08-29 16:24:30,479 :: INFO :: Control node : Start experiment
2021-08-29 16:24:30,543 :: INFO :: Control Node set time delay: 1037 us
2021-08-29 16:24:30,576 :: INFO :: Control node : profile configuration
2021-08-29 16:24:30,582 :: INFO :: Configure profile on Control Node
2021-08-29 16:24:30,661 :: INFO :: Start experiment succeeded
2021-08-29 17:25:36,398 :: INFO :: Gateway Manager : Stop experiment
2021-08-29 17:25:36,418 :: INFO :: Stop experiment
2021-08-29 17:25:36,439 :: INFO :: Control node : stop of the experiment
2021-08-29 17:25:36,456 :: INFO :: Control node : profile configuration
2021-08-29 17:25:36,472 :: INFO :: Configure profile on Control Node
2021-08-29 17:25:36,640 :: INFO :: Control node : start power of open node
2021-08-29 17:25:36,661 :: INFO :: Node OpenOCD: teardown of openocd node
2021-08-29 17:25:39,710 :: INFO :: openocd node debugger stop
2021-08-29 17:25:40,400 :: INFO :: Node OpenOCD: flash of openocd node
2021-08-29 17:25:40,414 :: INFO :: Flash firmware on OpenOCD: /usr/lib/python2.7/site-packages/gateway_code/static/m3_idle.elf
2021-08-29 17:25:43,033 :: INFO :: Control node : Stop control node serial interface
2021-08-29 17:25:43,041 :: INFO :: Control node : stop power of open node
2021-08-29 17:25:43,118 :: INFO :: Control node : reset
2021-08-29 17:25:43,125 :: INFO :: Reset Control Node
2021-08-29 17:25:46,020 :: INFO :: Stop experiment succeeded
