2021-08-29 16:24:17,474 :: INFO :: Start experiment: luna-275696
2021-08-29 16:24:17,477 :: INFO :: Control node : Starting of control node serial interface
2021-08-29 16:24:17,480 :: INFO :: Control node : reset
2021-08-29 16:24:17,483 :: INFO :: Reset Control Node
2021-08-29 16:24:20,403 :: INFO :: Control node : start power of open node
2021-08-29 16:24:20,433 :: INFO :: Node OpenOCD: Setup of openocd node
2021-08-29 16:24:23,472 :: INFO :: Node OpenOCD: flash of openocd node
2021-08-29 16:24:23,489 :: INFO :: Flash firmware on OpenOCD: /tmp/tmpFzjeUf--9eca698c47b1367377dfc6ae1bda6964_unicast-sender-count-60T-20B.iotlab-m3
2021-08-29 16:24:30,494 :: INFO :: Control node : Start experiment
2021-08-29 16:24:30,550 :: INFO :: Control Node set time delay: 1190 us
2021-08-29 16:24:30,559 :: INFO :: Control node : profile configuration
2021-08-29 16:24:30,562 :: INFO :: Configure profile on Control Node
2021-08-29 16:24:30,605 :: INFO :: Start experiment succeeded
2021-08-29 17:25:36,391 :: INFO :: Gateway Manager : Stop experiment
2021-08-29 17:25:36,400 :: INFO :: Stop experiment
2021-08-29 17:25:36,409 :: INFO :: Control node : stop of the experiment
2021-08-29 17:25:36,416 :: INFO :: Control node : profile configuration
2021-08-29 17:25:36,423 :: INFO :: Configure profile on Control Node
2021-08-29 17:25:36,494 :: INFO :: Control node : start power of open node
2021-08-29 17:25:36,538 :: INFO :: Node OpenOCD: teardown of openocd node
2021-08-29 17:25:39,606 :: INFO :: openocd node debugger stop
2021-08-29 17:25:40,299 :: INFO :: Node OpenOCD: flash of openocd node
2021-08-29 17:25:40,313 :: INFO :: Flash firmware on OpenOCD: /usr/lib/python2.7/site-packages/gateway_code/static/m3_idle.elf
2021-08-29 17:25:42,854 :: INFO :: Control node : Stop control node serial interface
2021-08-29 17:25:42,858 :: INFO :: Control node : stop power of open node
2021-08-29 17:25:42,914 :: INFO :: Control node : reset
2021-08-29 17:25:42,920 :: INFO :: Reset Control Node
2021-08-29 17:25:45,806 :: INFO :: Stop experiment succeeded
