2021-08-29 16:24:17,462 :: INFO :: Start experiment: luna-275696
2021-08-29 16:24:17,466 :: INFO :: Control node : Starting of control node serial interface
2021-08-29 16:24:17,468 :: INFO :: Control node : reset
2021-08-29 16:24:17,471 :: INFO :: Reset Control Node
2021-08-29 16:24:20,427 :: INFO :: Control node : start power of open node
2021-08-29 16:24:20,482 :: INFO :: Node OpenOCD: Setup of openocd node
2021-08-29 16:24:23,525 :: INFO :: Node OpenOCD: flash of openocd node
2021-08-29 16:24:23,539 :: INFO :: Flash firmware on OpenOCD: /tmp/tmp6PIKeI--9eca698c47b1367377dfc6ae1bda6964_unicast-sender-count-60T-20B.iotlab-m3
2021-08-29 16:24:30,383 :: INFO :: Control node : Start experiment
2021-08-29 16:24:30,435 :: INFO :: Control Node set time delay: 1648 us
2021-08-29 16:24:30,467 :: INFO :: Control node : profile configuration
2021-08-29 16:24:30,474 :: INFO :: Configure profile on Control Node
2021-08-29 16:24:30,551 :: INFO :: Start experiment succeeded
2021-08-29 17:25:36,355 :: INFO :: Gateway Manager : Stop experiment
2021-08-29 17:25:36,366 :: INFO :: Stop experiment
2021-08-29 17:25:36,375 :: INFO :: Control node : stop of the experiment
2021-08-29 17:25:36,383 :: INFO :: Control node : profile configuration
2021-08-29 17:25:36,391 :: INFO :: Configure profile on Control Node
2021-08-29 17:25:36,465 :: INFO :: Control node : start power of open node
2021-08-29 17:25:36,508 :: INFO :: Node OpenOCD: teardown of openocd node
2021-08-29 17:25:39,571 :: INFO :: openocd node debugger stop
2021-08-29 17:25:40,253 :: INFO :: Node OpenOCD: flash of openocd node
2021-08-29 17:25:40,268 :: INFO :: Flash firmware on OpenOCD: /usr/lib/python2.7/site-packages/gateway_code/static/m3_idle.elf
2021-08-29 17:25:42,783 :: INFO :: Control node : Stop control node serial interface
2021-08-29 17:25:42,792 :: INFO :: Control node : stop power of open node
2021-08-29 17:25:42,858 :: INFO :: Control node : reset
2021-08-29 17:25:42,865 :: INFO :: Reset Control Node
2021-08-29 17:25:45,754 :: INFO :: Stop experiment succeeded
