2021-08-29 16:24:17,428 :: INFO :: Start experiment: luna-275696
2021-08-29 16:24:17,431 :: INFO :: Control node : Starting of control node serial interface
2021-08-29 16:24:17,434 :: INFO :: Control node : reset
2021-08-29 16:24:17,437 :: INFO :: Reset Control Node
2021-08-29 16:24:20,395 :: INFO :: Control node : start power of open node
2021-08-29 16:24:20,452 :: INFO :: Node OpenOCD: Setup of openocd node
2021-08-29 16:24:23,495 :: INFO :: Node OpenOCD: flash of openocd node
2021-08-29 16:24:23,510 :: INFO :: Flash firmware on OpenOCD: /tmp/tmpNAHxnI--9eca698c47b1367377dfc6ae1bda6964_unicast-sender-count-60T-20B.iotlab-m3
2021-08-29 16:24:30,492 :: INFO :: Control node : Start experiment
2021-08-29 16:24:30,540 :: INFO :: Control Node set time delay: 1465 us
2021-08-29 16:24:30,572 :: INFO :: Control node : profile configuration
2021-08-29 16:24:30,578 :: INFO :: Configure profile on Control Node
2021-08-29 16:24:30,626 :: INFO :: Start experiment succeeded
2021-08-29 17:25:36,409 :: INFO :: Gateway Manager : Stop experiment
2021-08-29 17:25:36,418 :: INFO :: Stop experiment
2021-08-29 17:25:36,427 :: INFO :: Control node : stop of the experiment
2021-08-29 17:25:36,435 :: INFO :: Control node : profile configuration
2021-08-29 17:25:36,445 :: INFO :: Configure profile on Control Node
2021-08-29 17:25:36,515 :: INFO :: Control node : start power of open node
2021-08-29 17:25:36,560 :: INFO :: Node OpenOCD: teardown of openocd node
2021-08-29 17:25:39,611 :: INFO :: openocd node debugger stop
2021-08-29 17:25:40,300 :: INFO :: Node OpenOCD: flash of openocd node
2021-08-29 17:25:40,315 :: INFO :: Flash firmware on OpenOCD: /usr/lib/python2.7/site-packages/gateway_code/static/m3_idle.elf
2021-08-29 17:25:42,885 :: INFO :: Control node : Stop control node serial interface
2021-08-29 17:25:42,894 :: INFO :: Control node : stop power of open node
2021-08-29 17:25:42,962 :: INFO :: Control node : reset
2021-08-29 17:25:42,969 :: INFO :: Reset Control Node
2021-08-29 17:25:45,849 :: INFO :: Stop experiment succeeded
