2021-08-29 16:24:17,479 :: INFO :: Start experiment: luna-275696
2021-08-29 16:24:17,482 :: INFO :: Control node : Starting of control node serial interface
2021-08-29 16:24:17,485 :: INFO :: Control node : reset
2021-08-29 16:24:17,488 :: INFO :: Reset Control Node
2021-08-29 16:24:20,434 :: INFO :: Control node : start power of open node
2021-08-29 16:24:20,450 :: INFO :: Node OpenOCD: Setup of openocd node
2021-08-29 16:24:23,481 :: INFO :: Node OpenOCD: flash of openocd node
2021-08-29 16:24:23,498 :: INFO :: Flash firmware on OpenOCD: /tmp/tmpA7cMC_--9eca698c47b1367377dfc6ae1bda6964_unicast-sender-count-60T-20B.iotlab-m3
2021-08-29 16:24:30,457 :: INFO :: Control node : Start experiment
2021-08-29 16:24:30,506 :: INFO :: Control Node set time delay: 1587 us
2021-08-29 16:24:30,539 :: INFO :: Control node : profile configuration
2021-08-29 16:24:30,546 :: INFO :: Configure profile on Control Node
2021-08-29 16:24:30,597 :: INFO :: Start experiment succeeded
2021-08-29 17:25:36,386 :: INFO :: Gateway Manager : Stop experiment
2021-08-29 17:25:36,404 :: INFO :: Stop experiment
2021-08-29 17:25:36,412 :: INFO :: Control node : stop of the experiment
2021-08-29 17:25:36,420 :: INFO :: Control node : profile configuration
2021-08-29 17:25:36,427 :: INFO :: Configure profile on Control Node
2021-08-29 17:25:36,500 :: INFO :: Control node : start power of open node
2021-08-29 17:25:36,543 :: INFO :: Node OpenOCD: teardown of openocd node
2021-08-29 17:25:39,593 :: INFO :: openocd node debugger stop
2021-08-29 17:25:40,278 :: INFO :: Node OpenOCD: flash of openocd node
2021-08-29 17:25:40,285 :: INFO :: Flash firmware on OpenOCD: /usr/lib/python2.7/site-packages/gateway_code/static/m3_idle.elf
2021-08-29 17:25:42,899 :: INFO :: Control node : Stop control node serial interface
2021-08-29 17:25:42,904 :: INFO :: Control node : stop power of open node
2021-08-29 17:25:42,955 :: INFO :: Control node : reset
2021-08-29 17:25:42,958 :: INFO :: Reset Control Node
2021-08-29 17:25:45,849 :: INFO :: Stop experiment succeeded
