2021-08-29 16:24:17,402 :: INFO :: Start experiment: luna-275696
2021-08-29 16:24:17,405 :: INFO :: Control node : Starting of control node serial interface
2021-08-29 16:24:17,408 :: INFO :: Control node : reset
2021-08-29 16:24:17,411 :: INFO :: Reset Control Node
2021-08-29 16:24:20,364 :: INFO :: Control node : start power of open node
2021-08-29 16:24:20,421 :: INFO :: Node OpenOCD: Setup of openocd node
2021-08-29 16:24:23,468 :: INFO :: Node OpenOCD: flash of openocd node
2021-08-29 16:24:23,484 :: INFO :: Flash firmware on OpenOCD: /tmp/tmpun4Pag--9eca698c47b1367377dfc6ae1bda6964_unicast-sender-count-60T-20B.iotlab-m3
2021-08-29 16:24:30,357 :: INFO :: Control node : Start experiment
2021-08-29 16:24:30,411 :: INFO :: Control Node set time delay: 1007 us
2021-08-29 16:24:30,436 :: INFO :: Control node : profile configuration
2021-08-29 16:24:30,443 :: INFO :: Configure profile on Control Node
2021-08-29 16:24:30,523 :: INFO :: Start experiment succeeded
2021-08-29 17:25:36,382 :: INFO :: Gateway Manager : Stop experiment
2021-08-29 17:25:36,397 :: INFO :: Stop experiment
2021-08-29 17:25:36,405 :: INFO :: Control node : stop of the experiment
2021-08-29 17:25:36,413 :: INFO :: Control node : profile configuration
2021-08-29 17:25:36,420 :: INFO :: Configure profile on Control Node
2021-08-29 17:25:36,496 :: INFO :: Control node : start power of open node
2021-08-29 17:25:36,540 :: INFO :: Node OpenOCD: teardown of openocd node
2021-08-29 17:25:39,591 :: INFO :: openocd node debugger stop
2021-08-29 17:25:40,279 :: INFO :: Node OpenOCD: flash of openocd node
2021-08-29 17:25:40,294 :: INFO :: Flash firmware on OpenOCD: /usr/lib/python2.7/site-packages/gateway_code/static/m3_idle.elf
2021-08-29 17:25:42,914 :: INFO :: Control node : Stop control node serial interface
2021-08-29 17:25:42,923 :: INFO :: Control node : stop power of open node
2021-08-29 17:25:42,993 :: INFO :: Control node : reset
2021-08-29 17:25:43,000 :: INFO :: Reset Control Node
2021-08-29 17:25:45,840 :: INFO :: Stop experiment succeeded
