2021-08-29 16:24:17,465 :: INFO :: Start experiment: luna-275696
2021-08-29 16:24:17,469 :: INFO :: Control node : Starting of control node serial interface
2021-08-29 16:24:17,471 :: INFO :: Control node : reset
2021-08-29 16:24:17,474 :: INFO :: Reset Control Node
2021-08-29 16:24:20,429 :: INFO :: Control node : start power of open node
2021-08-29 16:24:20,485 :: INFO :: Node OpenOCD: Setup of openocd node
2021-08-29 16:24:23,535 :: INFO :: Node OpenOCD: flash of openocd node
2021-08-29 16:24:23,550 :: INFO :: Flash firmware on OpenOCD: /tmp/tmplF_b21--9eca698c47b1367377dfc6ae1bda6964_unicast-sender-count-60T-20B.iotlab-m3
2021-08-29 16:24:30,550 :: INFO :: Control node : Start experiment
2021-08-29 16:24:30,607 :: INFO :: Control Node set time delay: 1831 us
2021-08-29 16:24:30,630 :: INFO :: Control node : profile configuration
2021-08-29 16:24:30,634 :: INFO :: Configure profile on Control Node
2021-08-29 16:24:30,676 :: INFO :: Start experiment succeeded
2021-08-29 17:25:36,358 :: INFO :: Gateway Manager : Stop experiment
2021-08-29 17:25:36,368 :: INFO :: Stop experiment
2021-08-29 17:25:36,378 :: INFO :: Control node : stop of the experiment
2021-08-29 17:25:36,385 :: INFO :: Control node : profile configuration
2021-08-29 17:25:36,393 :: INFO :: Configure profile on Control Node
2021-08-29 17:25:36,467 :: INFO :: Control node : start power of open node
2021-08-29 17:25:36,510 :: INFO :: Node OpenOCD: teardown of openocd node
2021-08-29 17:25:39,581 :: INFO :: openocd node debugger stop
2021-08-29 17:25:40,271 :: INFO :: Node OpenOCD: flash of openocd node
2021-08-29 17:25:40,286 :: INFO :: Flash firmware on OpenOCD: /usr/lib/python2.7/site-packages/gateway_code/static/m3_idle.elf
2021-08-29 17:25:42,819 :: INFO :: Control node : Stop control node serial interface
2021-08-29 17:25:42,823 :: INFO :: Control node : stop power of open node
2021-08-29 17:25:42,876 :: INFO :: Control node : reset
2021-08-29 17:25:42,880 :: INFO :: Reset Control Node
2021-08-29 17:25:45,816 :: INFO :: Stop experiment succeeded
