2021-08-29 16:24:17,408 :: INFO :: Start experiment: luna-275696
2021-08-29 16:24:17,412 :: INFO :: Control node : Starting of control node serial interface
2021-08-29 16:24:17,414 :: INFO :: Control node : reset
2021-08-29 16:24:17,417 :: INFO :: Reset Control Node
2021-08-29 16:24:20,370 :: INFO :: Control node : start power of open node
2021-08-29 16:24:20,425 :: INFO :: Node OpenOCD: Setup of openocd node
2021-08-29 16:24:23,465 :: INFO :: Node OpenOCD: flash of openocd node
2021-08-29 16:24:23,481 :: INFO :: Flash firmware on OpenOCD: /tmp/tmpKS5sPi--9eca698c47b1367377dfc6ae1bda6964_unicast-sender-count-60T-20B.iotlab-m3
2021-08-29 16:24:30,493 :: INFO :: Control node : Start experiment
2021-08-29 16:24:30,549 :: INFO :: Control Node set time delay: 1373 us
2021-08-29 16:24:30,563 :: INFO :: Control node : profile configuration
2021-08-29 16:24:30,566 :: INFO :: Configure profile on Control Node
2021-08-29 16:24:30,607 :: INFO :: Start experiment succeeded
2021-08-29 17:25:36,344 :: INFO :: Gateway Manager : Stop experiment
2021-08-29 17:25:36,354 :: INFO :: Stop experiment
2021-08-29 17:25:36,363 :: INFO :: Control node : stop of the experiment
2021-08-29 17:25:36,372 :: INFO :: Control node : profile configuration
2021-08-29 17:25:36,379 :: INFO :: Configure profile on Control Node
2021-08-29 17:25:36,451 :: INFO :: Control node : start power of open node
2021-08-29 17:25:36,494 :: INFO :: Node OpenOCD: teardown of openocd node
2021-08-29 17:25:39,535 :: INFO :: openocd node debugger stop
2021-08-29 17:25:40,226 :: INFO :: Node OpenOCD: flash of openocd node
2021-08-29 17:25:40,241 :: INFO :: Flash firmware on OpenOCD: /usr/lib/python2.7/site-packages/gateway_code/static/m3_idle.elf
2021-08-29 17:25:42,807 :: INFO :: Control node : Stop control node serial interface
2021-08-29 17:25:42,816 :: INFO :: Control node : stop power of open node
2021-08-29 17:25:42,883 :: INFO :: Control node : reset
2021-08-29 17:25:42,890 :: INFO :: Reset Control Node
2021-08-29 17:25:45,784 :: INFO :: Stop experiment succeeded
