2021-08-29 16:24:17,481 :: INFO :: Start experiment: luna-275696
2021-08-29 16:24:17,485 :: INFO :: Control node : Starting of control node serial interface
2021-08-29 16:24:17,488 :: INFO :: Control node : reset
2021-08-29 16:24:17,490 :: INFO :: Reset Control Node
2021-08-29 16:24:20,442 :: INFO :: Control node : start power of open node
2021-08-29 16:24:20,497 :: INFO :: Node OpenOCD: Setup of openocd node
2021-08-29 16:24:23,541 :: INFO :: Node OpenOCD: flash of openocd node
2021-08-29 16:24:23,555 :: INFO :: Flash firmware on OpenOCD: /tmp/tmp91VHPA--9eca698c47b1367377dfc6ae1bda6964_unicast-sender-count-60T-20B.iotlab-m3
2021-08-29 16:24:30,485 :: INFO :: Control node : Start experiment
2021-08-29 16:24:30,531 :: INFO :: Control Node set time delay: 1709 us
2021-08-29 16:24:30,563 :: INFO :: Control node : profile configuration
2021-08-29 16:24:30,568 :: INFO :: Configure profile on Control Node
2021-08-29 16:24:30,609 :: INFO :: Start experiment succeeded
2021-08-29 17:25:36,364 :: INFO :: Gateway Manager : Stop experiment
2021-08-29 17:25:36,374 :: INFO :: Stop experiment
2021-08-29 17:25:36,382 :: INFO :: Control node : stop of the experiment
2021-08-29 17:25:36,392 :: INFO :: Control node : profile configuration
2021-08-29 17:25:36,401 :: INFO :: Configure profile on Control Node
2021-08-29 17:25:36,472 :: INFO :: Control node : start power of open node
2021-08-29 17:25:36,515 :: INFO :: Node OpenOCD: teardown of openocd node
2021-08-29 17:25:39,566 :: INFO :: openocd node debugger stop
2021-08-29 17:25:40,255 :: INFO :: Node OpenOCD: flash of openocd node
2021-08-29 17:25:40,270 :: INFO :: Flash firmware on OpenOCD: /usr/lib/python2.7/site-packages/gateway_code/static/m3_idle.elf
2021-08-29 17:25:42,808 :: INFO :: Control node : Stop control node serial interface
2021-08-29 17:25:42,817 :: INFO :: Control node : stop power of open node
2021-08-29 17:25:42,894 :: INFO :: Control node : reset
2021-08-29 17:25:42,900 :: INFO :: Reset Control Node
2021-08-29 17:25:45,793 :: INFO :: Stop experiment succeeded
