2021-08-29 16:24:17,495 :: INFO :: Start experiment: luna-275696
2021-08-29 16:24:17,499 :: INFO :: Control node : Starting of control node serial interface
2021-08-29 16:24:17,501 :: INFO :: Control node : reset
2021-08-29 16:24:17,504 :: INFO :: Reset Control Node
2021-08-29 16:24:20,453 :: INFO :: Control node : start power of open node
2021-08-29 16:24:20,508 :: INFO :: Node OpenOCD: Setup of openocd node
2021-08-29 16:24:23,555 :: INFO :: Node OpenOCD: flash of openocd node
2021-08-29 16:24:23,571 :: INFO :: Flash firmware on OpenOCD: /tmp/tmpqlngZk--9eca698c47b1367377dfc6ae1bda6964_unicast-sender-count-60T-20B.iotlab-m3
2021-08-29 16:24:30,573 :: INFO :: Control node : Start experiment
2021-08-29 16:24:30,628 :: INFO :: Control Node set time delay: 1221 us
2021-08-29 16:24:30,652 :: INFO :: Control node : profile configuration
2021-08-29 16:24:30,658 :: INFO :: Configure profile on Control Node
2021-08-29 16:24:30,697 :: INFO :: Start experiment succeeded
2021-08-29 17:25:36,410 :: INFO :: Gateway Manager : Stop experiment
2021-08-29 17:25:36,425 :: INFO :: Stop experiment
2021-08-29 17:25:36,433 :: INFO :: Control node : stop of the experiment
2021-08-29 17:25:36,441 :: INFO :: Control node : profile configuration
2021-08-29 17:25:36,448 :: INFO :: Configure profile on Control Node
2021-08-29 17:25:36,521 :: INFO :: Control node : start power of open node
2021-08-29 17:25:36,566 :: INFO :: Node OpenOCD: teardown of openocd node
2021-08-29 17:25:39,605 :: INFO :: openocd node debugger stop
2021-08-29 17:25:40,292 :: INFO :: Node OpenOCD: flash of openocd node
2021-08-29 17:25:40,306 :: INFO :: Flash firmware on OpenOCD: /usr/lib/python2.7/site-packages/gateway_code/static/m3_idle.elf
2021-08-29 17:25:42,922 :: INFO :: Control node : Stop control node serial interface
2021-08-29 17:25:42,927 :: INFO :: Control node : stop power of open node
2021-08-29 17:25:42,977 :: INFO :: Control node : reset
2021-08-29 17:25:42,981 :: INFO :: Reset Control Node
2021-08-29 17:25:45,864 :: INFO :: Stop experiment succeeded
