2021-08-29 16:24:17,470 :: INFO :: Start experiment: luna-275696
2021-08-29 16:24:17,473 :: INFO :: Control node : Starting of control node serial interface
2021-08-29 16:24:17,476 :: INFO :: Control node : reset
2021-08-29 16:24:17,479 :: INFO :: Reset Control Node
2021-08-29 16:24:20,435 :: INFO :: Control node : start power of open node
2021-08-29 16:24:20,489 :: INFO :: Node OpenOCD: Setup of openocd node
2021-08-29 16:24:23,533 :: INFO :: Node OpenOCD: flash of openocd node
2021-08-29 16:24:23,548 :: INFO :: Flash firmware on OpenOCD: /tmp/tmp94V80g--9eca698c47b1367377dfc6ae1bda6964_unicast-sender-count-60T-20B.iotlab-m3
2021-08-29 16:24:30,483 :: INFO :: Control node : Start experiment
2021-08-29 16:24:30,549 :: INFO :: Control Node set time delay: 1404 us
2021-08-29 16:24:30,562 :: INFO :: Control node : profile configuration
2021-08-29 16:24:30,566 :: INFO :: Configure profile on Control Node
2021-08-29 16:24:30,606 :: INFO :: Start experiment succeeded
2021-08-29 17:25:36,371 :: INFO :: Gateway Manager : Stop experiment
2021-08-29 17:25:36,381 :: INFO :: Stop experiment
2021-08-29 17:25:36,390 :: INFO :: Control node : stop of the experiment
2021-08-29 17:25:36,401 :: INFO :: Control node : profile configuration
2021-08-29 17:25:36,408 :: INFO :: Configure profile on Control Node
2021-08-29 17:25:36,479 :: INFO :: Control node : start power of open node
2021-08-29 17:25:36,522 :: INFO :: Node OpenOCD: teardown of openocd node
2021-08-29 17:25:39,593 :: INFO :: openocd node debugger stop
2021-08-29 17:25:40,283 :: INFO :: Node OpenOCD: flash of openocd node
2021-08-29 17:25:40,290 :: INFO :: Flash firmware on OpenOCD: /usr/lib/python2.7/site-packages/gateway_code/static/m3_idle.elf
2021-08-29 17:25:42,799 :: INFO :: Control node : Stop control node serial interface
2021-08-29 17:25:42,804 :: INFO :: Control node : stop power of open node
2021-08-29 17:25:42,840 :: INFO :: Control node : reset
2021-08-29 17:25:42,844 :: INFO :: Reset Control Node
2021-08-29 17:25:45,661 :: INFO :: Stop experiment succeeded
