2021-08-29 16:24:17,416 :: INFO :: Start experiment: luna-275696
2021-08-29 16:24:17,419 :: INFO :: Control node : Starting of control node serial interface
2021-08-29 16:24:17,422 :: INFO :: Control node : reset
2021-08-29 16:24:17,425 :: INFO :: Reset Control Node
2021-08-29 16:24:20,373 :: INFO :: Control node : start power of open node
2021-08-29 16:24:20,431 :: INFO :: Node OpenOCD: Setup of openocd node
2021-08-29 16:24:23,471 :: INFO :: Node OpenOCD: flash of openocd node
2021-08-29 16:24:23,489 :: INFO :: Flash firmware on OpenOCD: /tmp/tmp7DlfTj--9eca698c47b1367377dfc6ae1bda6964_unicast-sender-count-60T-20B.iotlab-m3
2021-08-29 16:24:30,385 :: INFO :: Control node : Start experiment
2021-08-29 16:24:30,440 :: INFO :: Control Node set time delay: 1800 us
2021-08-29 16:24:30,469 :: INFO :: Control node : profile configuration
2021-08-29 16:24:30,475 :: INFO :: Configure profile on Control Node
2021-08-29 16:24:30,553 :: INFO :: Start experiment succeeded
2021-08-29 17:25:36,398 :: INFO :: Gateway Manager : Stop experiment
2021-08-29 17:25:36,408 :: INFO :: Stop experiment
2021-08-29 17:25:36,417 :: INFO :: Control node : stop of the experiment
2021-08-29 17:25:36,424 :: INFO :: Control node : profile configuration
2021-08-29 17:25:36,431 :: INFO :: Configure profile on Control Node
2021-08-29 17:25:36,504 :: INFO :: Control node : start power of open node
2021-08-29 17:25:36,547 :: INFO :: Node OpenOCD: teardown of openocd node
2021-08-29 17:25:39,585 :: INFO :: openocd node debugger stop
2021-08-29 17:25:40,269 :: INFO :: Node OpenOCD: flash of openocd node
2021-08-29 17:25:40,284 :: INFO :: Flash firmware on OpenOCD: /usr/lib/python2.7/site-packages/gateway_code/static/m3_idle.elf
2021-08-29 17:25:42,849 :: INFO :: Control node : Stop control node serial interface
2021-08-29 17:25:42,857 :: INFO :: Control node : stop power of open node
2021-08-29 17:25:42,940 :: INFO :: Control node : reset
2021-08-29 17:25:42,947 :: INFO :: Reset Control Node
2021-08-29 17:25:45,787 :: INFO :: Stop experiment succeeded
