2021-08-29 16:24:17,435 :: INFO :: Start experiment: luna-275696
2021-08-29 16:24:17,438 :: INFO :: Control node : Starting of control node serial interface
2021-08-29 16:24:17,441 :: INFO :: Control node : reset
2021-08-29 16:24:17,444 :: INFO :: Reset Control Node
2021-08-29 16:24:20,398 :: INFO :: Control node : start power of open node
2021-08-29 16:24:20,444 :: INFO :: Node OpenOCD: Setup of openocd node
2021-08-29 16:24:23,472 :: INFO :: Node OpenOCD: flash of openocd node
2021-08-29 16:24:23,490 :: INFO :: Flash firmware on OpenOCD: /tmp/tmpg6Mrc3--9eca698c47b1367377dfc6ae1bda6964_unicast-sender-count-60T-20B.iotlab-m3
2021-08-29 16:24:30,452 :: INFO :: Control node : Start experiment
2021-08-29 16:24:30,498 :: INFO :: Control Node set time delay: 1556 us
2021-08-29 16:24:30,519 :: INFO :: Control node : profile configuration
2021-08-29 16:24:30,522 :: INFO :: Configure profile on Control Node
2021-08-29 16:24:30,566 :: INFO :: Start experiment succeeded
2021-08-29 17:25:36,376 :: INFO :: Gateway Manager : Stop experiment
2021-08-29 17:25:36,386 :: INFO :: Stop experiment
2021-08-29 17:25:36,394 :: INFO :: Control node : stop of the experiment
2021-08-29 17:25:36,402 :: INFO :: Control node : profile configuration
2021-08-29 17:25:36,408 :: INFO :: Configure profile on Control Node
2021-08-29 17:25:36,477 :: INFO :: Control node : start power of open node
2021-08-29 17:25:36,518 :: INFO :: Node OpenOCD: teardown of openocd node
2021-08-29 17:25:39,578 :: INFO :: openocd node debugger stop
2021-08-29 17:25:40,270 :: INFO :: Node OpenOCD: flash of openocd node
2021-08-29 17:25:40,284 :: INFO :: Flash firmware on OpenOCD: /usr/lib/python2.7/site-packages/gateway_code/static/m3_idle.elf
2021-08-29 17:25:42,823 :: INFO :: Control node : Stop control node serial interface
2021-08-29 17:25:42,832 :: INFO :: Control node : stop power of open node
2021-08-29 17:25:42,912 :: INFO :: Control node : reset
2021-08-29 17:25:42,919 :: INFO :: Reset Control Node
2021-08-29 17:25:45,807 :: INFO :: Stop experiment succeeded
