2021-08-29 16:24:17,495 :: INFO :: Start experiment: luna-275696
2021-08-29 16:24:17,498 :: INFO :: Control node : Starting of control node serial interface
2021-08-29 16:24:17,501 :: INFO :: Control node : reset
2021-08-29 16:24:17,503 :: INFO :: Reset Control Node
2021-08-29 16:24:20,432 :: INFO :: Control node : start power of open node
2021-08-29 16:24:20,460 :: INFO :: Node OpenOCD: Setup of openocd node
2021-08-29 16:24:23,496 :: INFO :: Node OpenOCD: flash of openocd node
2021-08-29 16:24:23,514 :: INFO :: Flash firmware on OpenOCD: /tmp/tmpIiLyey--9eca698c47b1367377dfc6ae1bda6964_unicast-sender-count-60T-20B.iotlab-m3
2021-08-29 16:24:30,416 :: INFO :: Control node : Start experiment
2021-08-29 16:24:30,461 :: INFO :: Control Node set time delay: 1861 us
2021-08-29 16:24:30,488 :: INFO :: Control node : profile configuration
2021-08-29 16:24:30,491 :: INFO :: Configure profile on Control Node
2021-08-29 16:24:30,532 :: INFO :: Start experiment succeeded
2021-08-29 17:25:36,363 :: INFO :: Gateway Manager : Stop experiment
2021-08-29 17:25:36,375 :: INFO :: Stop experiment
2021-08-29 17:25:36,385 :: INFO :: Control node : stop of the experiment
2021-08-29 17:25:36,392 :: INFO :: Control node : profile configuration
2021-08-29 17:25:36,399 :: INFO :: Configure profile on Control Node
2021-08-29 17:25:36,473 :: INFO :: Control node : start power of open node
2021-08-29 17:25:36,516 :: INFO :: Node OpenOCD: teardown of openocd node
2021-08-29 17:25:39,596 :: INFO :: openocd node debugger stop
2021-08-29 17:25:40,286 :: INFO :: Node OpenOCD: flash of openocd node
2021-08-29 17:25:40,300 :: INFO :: Flash firmware on OpenOCD: /usr/lib/python2.7/site-packages/gateway_code/static/m3_idle.elf
2021-08-29 17:25:42,868 :: INFO :: Control node : Stop control node serial interface
2021-08-29 17:25:42,873 :: INFO :: Control node : stop power of open node
2021-08-29 17:25:42,927 :: INFO :: Control node : reset
2021-08-29 17:25:42,931 :: INFO :: Reset Control Node
2021-08-29 17:25:45,856 :: INFO :: Stop experiment succeeded
