2021-08-28 04:13:31,932 :: INFO :: Start experiment: luna-275609
2021-08-28 04:13:31,935 :: INFO :: Control node : Starting of control node serial interface
2021-08-28 04:13:31,938 :: INFO :: Control node : reset
2021-08-28 04:13:31,941 :: INFO :: Reset Control Node
2021-08-28 04:13:34,847 :: INFO :: Control node : start power of open node
2021-08-28 04:13:34,901 :: INFO :: Node OpenOCD: Setup of openocd node
2021-08-28 04:13:37,951 :: INFO :: Node OpenOCD: flash of openocd node
2021-08-28 04:13:37,969 :: INFO :: Flash firmware on OpenOCD: /tmp/tmpBJEBHw--cb924b41fcfd3e3c0bada58631722ec6_unicast-sender-count-30T-100B.iotlab-m3
2021-08-28 04:13:44,974 :: INFO :: Control node : Start experiment
2021-08-28 04:13:45,030 :: INFO :: Control Node set time delay: 1526 us
2021-08-28 04:13:45,062 :: INFO :: Control node : profile configuration
2021-08-28 04:13:45,067 :: INFO :: Configure profile on Control Node
2021-08-28 04:13:45,108 :: INFO :: Start experiment succeeded
2021-08-28 05:14:50,865 :: INFO :: Gateway Manager : Stop experiment
2021-08-28 05:14:50,875 :: INFO :: Stop experiment
2021-08-28 05:14:50,883 :: INFO :: Control node : stop of the experiment
2021-08-28 05:14:50,891 :: INFO :: Control node : profile configuration
2021-08-28 05:14:50,898 :: INFO :: Configure profile on Control Node
2021-08-28 05:14:50,972 :: INFO :: Control node : start power of open node
2021-08-28 05:14:51,017 :: INFO :: Node OpenOCD: teardown of openocd node
2021-08-28 05:14:54,078 :: INFO :: openocd node debugger stop
2021-08-28 05:14:54,772 :: INFO :: Node OpenOCD: flash of openocd node
2021-08-28 05:14:54,786 :: INFO :: Flash firmware on OpenOCD: /usr/lib/python2.7/site-packages/gateway_code/static/m3_idle.elf
2021-08-28 05:14:57,334 :: INFO :: Control node : Stop control node serial interface
2021-08-28 05:14:57,339 :: INFO :: Control node : stop power of open node
2021-08-28 05:14:57,394 :: INFO :: Control node : reset
2021-08-28 05:14:57,400 :: INFO :: Reset Control Node
2021-08-28 05:15:00,289 :: INFO :: Stop experiment succeeded
