2021-08-28 04:13:31,879 :: INFO :: Start experiment: luna-275609
2021-08-28 04:13:31,882 :: INFO :: Control node : Starting of control node serial interface
2021-08-28 04:13:31,885 :: INFO :: Control node : reset
2021-08-28 04:13:31,888 :: INFO :: Reset Control Node
2021-08-28 04:13:34,847 :: INFO :: Control node : start power of open node
2021-08-28 04:13:34,903 :: INFO :: Node OpenOCD: Setup of openocd node
2021-08-28 04:13:37,955 :: INFO :: Node OpenOCD: flash of openocd node
2021-08-28 04:13:37,970 :: INFO :: Flash firmware on OpenOCD: /tmp/tmp79Uv6Z--cb924b41fcfd3e3c0bada58631722ec6_unicast-sender-count-30T-100B.iotlab-m3
2021-08-28 04:13:44,820 :: INFO :: Control node : Start experiment
2021-08-28 04:13:44,890 :: INFO :: Control Node set time delay: 1647 us
2021-08-28 04:13:44,923 :: INFO :: Control node : profile configuration
2021-08-28 04:13:44,930 :: INFO :: Configure profile on Control Node
2021-08-28 04:13:45,008 :: INFO :: Start experiment succeeded
2021-08-28 05:14:50,812 :: INFO :: Gateway Manager : Stop experiment
2021-08-28 05:14:50,821 :: INFO :: Stop experiment
2021-08-28 05:14:50,830 :: INFO :: Control node : stop of the experiment
2021-08-28 05:14:50,837 :: INFO :: Control node : profile configuration
2021-08-28 05:14:50,844 :: INFO :: Configure profile on Control Node
2021-08-28 05:14:50,915 :: INFO :: Control node : start power of open node
2021-08-28 05:14:50,956 :: INFO :: Node OpenOCD: teardown of openocd node
2021-08-28 05:14:54,008 :: INFO :: openocd node debugger stop
2021-08-28 05:14:54,663 :: INFO :: Node OpenOCD: flash of openocd node
2021-08-28 05:14:54,670 :: INFO :: Flash firmware on OpenOCD: /usr/lib/python2.7/site-packages/gateway_code/static/m3_idle.elf
2021-08-28 05:14:57,231 :: INFO :: Control node : Stop control node serial interface
2021-08-28 05:14:57,240 :: INFO :: Control node : stop power of open node
2021-08-28 05:14:57,318 :: INFO :: Control node : reset
2021-08-28 05:14:57,325 :: INFO :: Reset Control Node
2021-08-28 05:15:00,217 :: INFO :: Stop experiment succeeded
