2021-08-28 04:13:31,939 :: INFO :: Start experiment: luna-275609
2021-08-28 04:13:31,943 :: INFO :: Control node : Starting of control node serial interface
2021-08-28 04:13:31,945 :: INFO :: Control node : reset
2021-08-28 04:13:31,948 :: INFO :: Reset Control Node
2021-08-28 04:13:34,906 :: INFO :: Control node : start power of open node
2021-08-28 04:13:34,955 :: INFO :: Node OpenOCD: Setup of openocd node
2021-08-28 04:13:37,985 :: INFO :: Node OpenOCD: flash of openocd node
2021-08-28 04:13:38,003 :: INFO :: Flash firmware on OpenOCD: /tmp/tmpFMlwd7--cb924b41fcfd3e3c0bada58631722ec6_unicast-sender-count-30T-100B.iotlab-m3
2021-08-28 04:13:44,998 :: INFO :: Control node : Start experiment
2021-08-28 04:13:45,052 :: INFO :: Control Node set time delay: 1526 us
2021-08-28 04:13:45,083 :: INFO :: Control node : profile configuration
2021-08-28 04:13:45,087 :: INFO :: Configure profile on Control Node
2021-08-28 04:13:45,129 :: INFO :: Start experiment succeeded
2021-08-28 05:14:50,864 :: INFO :: Gateway Manager : Stop experiment
2021-08-28 05:14:50,885 :: INFO :: Stop experiment
2021-08-28 05:14:50,905 :: INFO :: Control node : stop of the experiment
2021-08-28 05:14:50,922 :: INFO :: Control node : profile configuration
2021-08-28 05:14:50,939 :: INFO :: Configure profile on Control Node
2021-08-28 05:14:51,048 :: INFO :: Control node : start power of open node
2021-08-28 05:14:51,077 :: INFO :: Node OpenOCD: teardown of openocd node
2021-08-28 05:14:54,145 :: INFO :: openocd node debugger stop
2021-08-28 05:14:54,831 :: INFO :: Node OpenOCD: flash of openocd node
2021-08-28 05:14:54,838 :: INFO :: Flash firmware on OpenOCD: /usr/lib/python2.7/site-packages/gateway_code/static/m3_idle.elf
2021-08-28 05:14:57,343 :: INFO :: Control node : Stop control node serial interface
2021-08-28 05:14:57,351 :: INFO :: Control node : stop power of open node
2021-08-28 05:14:57,426 :: INFO :: Control node : reset
2021-08-28 05:14:57,433 :: INFO :: Reset Control Node
2021-08-28 05:15:00,321 :: INFO :: Stop experiment succeeded
