2021-08-28 04:13:31,911 :: INFO :: Start experiment: luna-275609
2021-08-28 04:13:31,914 :: INFO :: Control node : Starting of control node serial interface
2021-08-28 04:13:31,917 :: INFO :: Control node : reset
2021-08-28 04:13:31,919 :: INFO :: Reset Control Node
2021-08-28 04:13:34,878 :: INFO :: Control node : start power of open node
2021-08-28 04:13:34,925 :: INFO :: Node OpenOCD: Setup of openocd node
2021-08-28 04:13:37,963 :: INFO :: Node OpenOCD: flash of openocd node
2021-08-28 04:13:37,981 :: INFO :: Flash firmware on OpenOCD: /tmp/tmpg9Xbe9--cb924b41fcfd3e3c0bada58631722ec6_unicast-sender-count-30T-100B.iotlab-m3
2021-08-28 04:13:44,851 :: INFO :: Control node : Start experiment
2021-08-28 04:13:44,919 :: INFO :: Control Node set time delay: 1648 us
2021-08-28 04:13:44,936 :: INFO :: Control node : profile configuration
2021-08-28 04:13:44,942 :: INFO :: Configure profile on Control Node
2021-08-28 04:13:45,020 :: INFO :: Start experiment succeeded
2021-08-28 05:14:50,835 :: INFO :: Gateway Manager : Stop experiment
2021-08-28 05:14:50,845 :: INFO :: Stop experiment
2021-08-28 05:14:50,853 :: INFO :: Control node : stop of the experiment
2021-08-28 05:14:50,861 :: INFO :: Control node : profile configuration
2021-08-28 05:14:50,868 :: INFO :: Configure profile on Control Node
2021-08-28 05:14:50,941 :: INFO :: Control node : start power of open node
2021-08-28 05:14:50,985 :: INFO :: Node OpenOCD: teardown of openocd node
2021-08-28 05:14:54,043 :: INFO :: openocd node debugger stop
2021-08-28 05:14:54,735 :: INFO :: Node OpenOCD: flash of openocd node
2021-08-28 05:14:54,749 :: INFO :: Flash firmware on OpenOCD: /usr/lib/python2.7/site-packages/gateway_code/static/m3_idle.elf
2021-08-28 05:14:57,306 :: INFO :: Control node : Stop control node serial interface
2021-08-28 05:14:57,315 :: INFO :: Control node : stop power of open node
2021-08-28 05:14:57,392 :: INFO :: Control node : reset
2021-08-28 05:14:57,398 :: INFO :: Reset Control Node
2021-08-28 05:15:00,286 :: INFO :: Stop experiment succeeded
