2021-08-28 04:13:31,879 :: INFO :: Start experiment: luna-275609
2021-08-28 04:13:31,883 :: INFO :: Control node : Starting of control node serial interface
2021-08-28 04:13:31,886 :: INFO :: Control node : reset
2021-08-28 04:13:31,888 :: INFO :: Reset Control Node
2021-08-28 04:13:34,848 :: INFO :: Control node : start power of open node
2021-08-28 04:13:34,906 :: INFO :: Node OpenOCD: Setup of openocd node
2021-08-28 04:13:37,957 :: INFO :: Node OpenOCD: flash of openocd node
2021-08-28 04:13:37,972 :: INFO :: Flash firmware on OpenOCD: /tmp/tmpnKjgEZ--cb924b41fcfd3e3c0bada58631722ec6_unicast-sender-count-30T-100B.iotlab-m3
2021-08-28 04:13:44,885 :: INFO :: Control node : Start experiment
2021-08-28 04:13:44,934 :: INFO :: Control Node set time delay: 1190 us
2021-08-28 04:13:44,967 :: INFO :: Control node : profile configuration
2021-08-28 04:13:44,973 :: INFO :: Configure profile on Control Node
2021-08-28 04:13:45,052 :: INFO :: Start experiment succeeded
2021-08-28 05:14:50,857 :: INFO :: Gateway Manager : Stop experiment
2021-08-28 05:14:50,872 :: INFO :: Stop experiment
2021-08-28 05:14:50,881 :: INFO :: Control node : stop of the experiment
2021-08-28 05:14:50,888 :: INFO :: Control node : profile configuration
2021-08-28 05:14:50,896 :: INFO :: Configure profile on Control Node
2021-08-28 05:14:50,971 :: INFO :: Control node : start power of open node
2021-08-28 05:14:51,016 :: INFO :: Node OpenOCD: teardown of openocd node
2021-08-28 05:14:54,051 :: INFO :: openocd node debugger stop
2021-08-28 05:14:54,732 :: INFO :: Node OpenOCD: flash of openocd node
2021-08-28 05:14:54,746 :: INFO :: Flash firmware on OpenOCD: /usr/lib/python2.7/site-packages/gateway_code/static/m3_idle.elf
2021-08-28 05:14:57,368 :: INFO :: Control node : Stop control node serial interface
2021-08-28 05:14:57,377 :: INFO :: Control node : stop power of open node
2021-08-28 05:14:57,457 :: INFO :: Control node : reset
2021-08-28 05:14:57,463 :: INFO :: Reset Control Node
2021-08-28 05:15:00,353 :: INFO :: Stop experiment succeeded
