2021-08-28 04:13:31,905 :: INFO :: Start experiment: luna-275609
2021-08-28 04:13:31,908 :: INFO :: Control node : Starting of control node serial interface
2021-08-28 04:13:31,911 :: INFO :: Control node : reset
2021-08-28 04:13:31,914 :: INFO :: Reset Control Node
2021-08-28 04:13:34,867 :: INFO :: Control node : start power of open node
2021-08-28 04:13:34,924 :: INFO :: Node OpenOCD: Setup of openocd node
2021-08-28 04:13:37,977 :: INFO :: Node OpenOCD: flash of openocd node
2021-08-28 04:13:37,991 :: INFO :: Flash firmware on OpenOCD: /tmp/tmpwhYWe4--cb924b41fcfd3e3c0bada58631722ec6_unicast-sender-count-30T-100B.iotlab-m3
2021-08-28 04:13:44,942 :: INFO :: Control node : Start experiment
2021-08-28 04:13:44,971 :: INFO :: Control Node set time delay: 976 us
2021-08-28 04:13:44,989 :: INFO :: Control node : profile configuration
2021-08-28 04:13:44,993 :: INFO :: Configure profile on Control Node
2021-08-28 04:13:45,037 :: INFO :: Start experiment succeeded
2021-08-28 05:14:50,809 :: INFO :: Gateway Manager : Stop experiment
2021-08-28 05:14:50,818 :: INFO :: Stop experiment
2021-08-28 05:14:50,827 :: INFO :: Control node : stop of the experiment
2021-08-28 05:14:50,834 :: INFO :: Control node : profile configuration
2021-08-28 05:14:50,844 :: INFO :: Configure profile on Control Node
2021-08-28 05:14:50,915 :: INFO :: Control node : start power of open node
2021-08-28 05:14:50,956 :: INFO :: Node OpenOCD: teardown of openocd node
2021-08-28 05:14:54,004 :: INFO :: openocd node debugger stop
2021-08-28 05:14:54,686 :: INFO :: Node OpenOCD: flash of openocd node
2021-08-28 05:14:54,694 :: INFO :: Flash firmware on OpenOCD: /usr/lib/python2.7/site-packages/gateway_code/static/m3_idle.elf
2021-08-28 05:14:57,201 :: INFO :: Control node : Stop control node serial interface
2021-08-28 05:14:57,210 :: INFO :: Control node : stop power of open node
2021-08-28 05:14:57,277 :: INFO :: Control node : reset
2021-08-28 05:14:57,283 :: INFO :: Reset Control Node
2021-08-28 05:15:00,178 :: INFO :: Stop experiment succeeded
