2021-08-28 04:13:31,930 :: INFO :: Start experiment: luna-275609
2021-08-28 04:13:31,934 :: INFO :: Control node : Starting of control node serial interface
2021-08-28 04:13:31,937 :: INFO :: Control node : reset
2021-08-28 04:13:31,939 :: INFO :: Reset Control Node
2021-08-28 04:13:34,872 :: INFO :: Control node : start power of open node
2021-08-28 04:13:34,900 :: INFO :: Node OpenOCD: Setup of openocd node
2021-08-28 04:13:37,938 :: INFO :: Node OpenOCD: flash of openocd node
2021-08-28 04:13:37,956 :: INFO :: Flash firmware on OpenOCD: /tmp/tmpmxfcEN--ddd0625ff8382e7208c25657471d6a4a_unicast-receiver-count.iotlab-m3
2021-08-28 04:13:44,542 :: INFO :: Control node : Start experiment
2021-08-28 04:13:44,605 :: INFO :: Control Node set time delay: 1831 us
2021-08-28 04:13:44,631 :: INFO :: Control node : profile configuration
2021-08-28 04:13:44,638 :: INFO :: Configure profile on Control Node
2021-08-28 04:13:44,717 :: INFO :: Start experiment succeeded
2021-08-28 05:14:50,814 :: INFO :: Gateway Manager : Stop experiment
2021-08-28 05:14:50,823 :: INFO :: Stop experiment
2021-08-28 05:14:50,832 :: INFO :: Control node : stop of the experiment
2021-08-28 05:14:50,839 :: INFO :: Control node : profile configuration
2021-08-28 05:14:50,850 :: INFO :: Configure profile on Control Node
2021-08-28 05:14:50,922 :: INFO :: Control node : start power of open node
2021-08-28 05:14:50,966 :: INFO :: Node OpenOCD: teardown of openocd node
2021-08-28 05:14:54,009 :: INFO :: openocd node debugger stop
2021-08-28 05:14:54,660 :: INFO :: Node OpenOCD: flash of openocd node
2021-08-28 05:14:54,667 :: INFO :: Flash firmware on OpenOCD: /usr/lib/python2.7/site-packages/gateway_code/static/m3_idle.elf
2021-08-28 05:14:57,174 :: INFO :: Control node : Stop control node serial interface
2021-08-28 05:14:57,179 :: INFO :: Control node : stop power of open node
2021-08-28 05:14:57,225 :: INFO :: Control node : reset
2021-08-28 05:14:57,232 :: INFO :: Reset Control Node
2021-08-28 05:15:00,129 :: INFO :: Stop experiment succeeded
