2021-08-28 04:13:31,897 :: INFO :: Start experiment: luna-275609
2021-08-28 04:13:31,900 :: INFO :: Control node : Starting of control node serial interface
2021-08-28 04:13:31,903 :: INFO :: Control node : reset
2021-08-28 04:13:31,906 :: INFO :: Reset Control Node
2021-08-28 04:13:34,837 :: INFO :: Control node : start power of open node
2021-08-28 04:13:34,852 :: INFO :: Node OpenOCD: Setup of openocd node
2021-08-28 04:13:37,889 :: INFO :: Node OpenOCD: flash of openocd node
2021-08-28 04:13:37,907 :: INFO :: Flash firmware on OpenOCD: /tmp/tmpL5Qeo8--cb924b41fcfd3e3c0bada58631722ec6_unicast-sender-count-30T-100B.iotlab-m3
2021-08-28 04:13:44,798 :: INFO :: Control node : Start experiment
2021-08-28 04:13:44,855 :: INFO :: Control Node set time delay: 1098 us
2021-08-28 04:13:44,881 :: INFO :: Control node : profile configuration
2021-08-28 04:13:44,887 :: INFO :: Configure profile on Control Node
2021-08-28 04:13:44,965 :: INFO :: Start experiment succeeded
2021-08-28 05:14:50,818 :: INFO :: Gateway Manager : Stop experiment
2021-08-28 05:14:50,828 :: INFO :: Stop experiment
2021-08-28 05:14:50,839 :: INFO :: Control node : stop of the experiment
2021-08-28 05:14:50,847 :: INFO :: Control node : profile configuration
2021-08-28 05:14:50,854 :: INFO :: Configure profile on Control Node
2021-08-28 05:14:50,924 :: INFO :: Control node : start power of open node
2021-08-28 05:14:50,968 :: INFO :: Node OpenOCD: teardown of openocd node
2021-08-28 05:14:54,037 :: INFO :: openocd node debugger stop
2021-08-28 05:14:54,717 :: INFO :: Node OpenOCD: flash of openocd node
2021-08-28 05:14:54,725 :: INFO :: Flash firmware on OpenOCD: /usr/lib/python2.7/site-packages/gateway_code/static/m3_idle.elf
2021-08-28 05:14:57,287 :: INFO :: Control node : Stop control node serial interface
2021-08-28 05:14:57,292 :: INFO :: Control node : stop power of open node
2021-08-28 05:14:57,339 :: INFO :: Control node : reset
2021-08-28 05:14:57,343 :: INFO :: Reset Control Node
2021-08-28 05:15:00,259 :: INFO :: Stop experiment succeeded
