2021-08-28 04:13:31,931 :: INFO :: Start experiment: luna-275609
2021-08-28 04:13:31,935 :: INFO :: Control node : Starting of control node serial interface
2021-08-28 04:13:31,938 :: INFO :: Control node : reset
2021-08-28 04:13:31,940 :: INFO :: Reset Control Node
2021-08-28 04:13:34,875 :: INFO :: Control node : start power of open node
2021-08-28 04:13:34,892 :: INFO :: Node OpenOCD: Setup of openocd node
2021-08-28 04:13:37,922 :: INFO :: Node OpenOCD: flash of openocd node
2021-08-28 04:13:37,940 :: INFO :: Flash firmware on OpenOCD: /tmp/tmps7d7cH--cb924b41fcfd3e3c0bada58631722ec6_unicast-sender-count-30T-100B.iotlab-m3
2021-08-28 04:13:44,945 :: INFO :: Control node : Start experiment
2021-08-28 04:13:44,993 :: INFO :: Control Node set time delay: 1922 us
2021-08-28 04:13:45,026 :: INFO :: Control node : profile configuration
2021-08-28 04:13:45,032 :: INFO :: Configure profile on Control Node
2021-08-28 04:13:45,077 :: INFO :: Start experiment succeeded
2021-08-28 05:14:50,859 :: INFO :: Gateway Manager : Stop experiment
2021-08-28 05:14:50,874 :: INFO :: Stop experiment
2021-08-28 05:14:50,882 :: INFO :: Control node : stop of the experiment
2021-08-28 05:14:50,890 :: INFO :: Control node : profile configuration
2021-08-28 05:14:50,897 :: INFO :: Configure profile on Control Node
2021-08-28 05:14:50,971 :: INFO :: Control node : start power of open node
2021-08-28 05:14:51,017 :: INFO :: Node OpenOCD: teardown of openocd node
2021-08-28 05:14:54,070 :: INFO :: openocd node debugger stop
2021-08-28 05:14:54,763 :: INFO :: Node OpenOCD: flash of openocd node
2021-08-28 05:14:54,777 :: INFO :: Flash firmware on OpenOCD: /usr/lib/python2.7/site-packages/gateway_code/static/m3_idle.elf
2021-08-28 05:14:57,397 :: INFO :: Control node : Stop control node serial interface
2021-08-28 05:14:57,406 :: INFO :: Control node : stop power of open node
2021-08-28 05:14:57,484 :: INFO :: Control node : reset
2021-08-28 05:14:57,490 :: INFO :: Reset Control Node
2021-08-28 05:15:00,365 :: INFO :: Stop experiment succeeded
