2021-08-28 04:13:31,942 :: INFO :: Start experiment: luna-275609
2021-08-28 04:13:31,945 :: INFO :: Control node : Starting of control node serial interface
2021-08-28 04:13:31,948 :: INFO :: Control node : reset
2021-08-28 04:13:31,951 :: INFO :: Reset Control Node
2021-08-28 04:13:34,899 :: INFO :: Control node : start power of open node
2021-08-28 04:13:34,915 :: INFO :: Node OpenOCD: Setup of openocd node
2021-08-28 04:13:37,946 :: INFO :: Node OpenOCD: flash of openocd node
2021-08-28 04:13:37,963 :: INFO :: Flash firmware on OpenOCD: /tmp/tmpAgas3N--cb924b41fcfd3e3c0bada58631722ec6_unicast-sender-count-30T-100B.iotlab-m3
2021-08-28 04:13:44,971 :: INFO :: Control node : Start experiment
2021-08-28 04:13:45,024 :: INFO :: Control Node set time delay: 1496 us
2021-08-28 04:13:45,056 :: INFO :: Control node : profile configuration
2021-08-28 04:13:45,060 :: INFO :: Configure profile on Control Node
2021-08-28 04:13:45,100 :: INFO :: Start experiment succeeded
2021-08-28 05:14:50,817 :: INFO :: Gateway Manager : Stop experiment
2021-08-28 05:14:50,827 :: INFO :: Stop experiment
2021-08-28 05:14:50,835 :: INFO :: Control node : stop of the experiment
2021-08-28 05:14:50,843 :: INFO :: Control node : profile configuration
2021-08-28 05:14:50,850 :: INFO :: Configure profile on Control Node
2021-08-28 05:14:50,924 :: INFO :: Control node : start power of open node
2021-08-28 05:14:50,968 :: INFO :: Node OpenOCD: teardown of openocd node
2021-08-28 05:14:54,037 :: INFO :: openocd node debugger stop
2021-08-28 05:14:54,719 :: INFO :: Node OpenOCD: flash of openocd node
2021-08-28 05:14:54,726 :: INFO :: Flash firmware on OpenOCD: /usr/lib/python2.7/site-packages/gateway_code/static/m3_idle.elf
2021-08-28 05:14:57,236 :: INFO :: Control node : Stop control node serial interface
2021-08-28 05:14:57,241 :: INFO :: Control node : stop power of open node
2021-08-28 05:14:57,297 :: INFO :: Control node : reset
2021-08-28 05:14:57,303 :: INFO :: Reset Control Node
2021-08-28 05:15:00,193 :: INFO :: Stop experiment succeeded
