2021-08-28 04:13:31,923 :: INFO :: Start experiment: luna-275609
2021-08-28 04:13:31,927 :: INFO :: Control node : Starting of control node serial interface
2021-08-28 04:13:31,930 :: INFO :: Control node : reset
2021-08-28 04:13:31,932 :: INFO :: Reset Control Node
2021-08-28 04:13:34,885 :: INFO :: Control node : start power of open node
2021-08-28 04:13:34,942 :: INFO :: Node OpenOCD: Setup of openocd node
2021-08-28 04:13:37,984 :: INFO :: Node OpenOCD: flash of openocd node
2021-08-28 04:13:37,999 :: INFO :: Flash firmware on OpenOCD: /tmp/tmpZHWOC3--cb924b41fcfd3e3c0bada58631722ec6_unicast-sender-count-30T-100B.iotlab-m3
2021-08-28 04:13:44,929 :: INFO :: Control node : Start experiment
2021-08-28 04:13:44,987 :: INFO :: Control Node set time delay: 1892 us
2021-08-28 04:13:45,011 :: INFO :: Control node : profile configuration
2021-08-28 04:13:45,018 :: INFO :: Configure profile on Control Node
2021-08-28 04:13:45,061 :: INFO :: Start experiment succeeded
2021-08-28 05:14:50,864 :: INFO :: Gateway Manager : Stop experiment
2021-08-28 05:14:50,876 :: INFO :: Stop experiment
2021-08-28 05:14:50,884 :: INFO :: Control node : stop of the experiment
2021-08-28 05:14:50,891 :: INFO :: Control node : profile configuration
2021-08-28 05:14:50,898 :: INFO :: Configure profile on Control Node
2021-08-28 05:14:50,970 :: INFO :: Control node : start power of open node
2021-08-28 05:14:51,014 :: INFO :: Node OpenOCD: teardown of openocd node
2021-08-28 05:14:54,053 :: INFO :: openocd node debugger stop
2021-08-28 05:14:54,739 :: INFO :: Node OpenOCD: flash of openocd node
2021-08-28 05:14:54,754 :: INFO :: Flash firmware on OpenOCD: /usr/lib/python2.7/site-packages/gateway_code/static/m3_idle.elf
2021-08-28 05:14:57,374 :: INFO :: Control node : Stop control node serial interface
2021-08-28 05:14:57,379 :: INFO :: Control node : stop power of open node
2021-08-28 05:14:57,432 :: INFO :: Control node : reset
2021-08-28 05:14:57,437 :: INFO :: Reset Control Node
2021-08-28 05:15:00,328 :: INFO :: Stop experiment succeeded
