2021-08-28 04:13:31,935 :: INFO :: Start experiment: luna-275609
2021-08-28 04:13:31,938 :: INFO :: Control node : Starting of control node serial interface
2021-08-28 04:13:31,941 :: INFO :: Control node : reset
2021-08-28 04:13:31,944 :: INFO :: Reset Control Node
2021-08-28 04:13:34,888 :: INFO :: Control node : start power of open node
2021-08-28 04:13:34,904 :: INFO :: Node OpenOCD: Setup of openocd node
2021-08-28 04:13:37,942 :: INFO :: Node OpenOCD: flash of openocd node
2021-08-28 04:13:37,959 :: INFO :: Flash firmware on OpenOCD: /tmp/tmpwKqHYZ--cb924b41fcfd3e3c0bada58631722ec6_unicast-sender-count-30T-100B.iotlab-m3
2021-08-28 04:13:44,913 :: INFO :: Control node : Start experiment
2021-08-28 04:13:45,000 :: INFO :: Control Node set time delay: 1862 us
2021-08-28 04:13:45,016 :: INFO :: Control node : profile configuration
2021-08-28 04:13:45,023 :: INFO :: Configure profile on Control Node
2021-08-28 04:13:45,101 :: INFO :: Start experiment succeeded
2021-08-28 05:14:50,861 :: INFO :: Gateway Manager : Stop experiment
2021-08-28 05:14:50,871 :: INFO :: Stop experiment
2021-08-28 05:14:50,880 :: INFO :: Control node : stop of the experiment
2021-08-28 05:14:50,887 :: INFO :: Control node : profile configuration
2021-08-28 05:14:50,895 :: INFO :: Configure profile on Control Node
2021-08-28 05:14:50,971 :: INFO :: Control node : start power of open node
2021-08-28 05:14:51,016 :: INFO :: Node OpenOCD: teardown of openocd node
2021-08-28 05:14:54,067 :: INFO :: openocd node debugger stop
2021-08-28 05:14:54,758 :: INFO :: Node OpenOCD: flash of openocd node
2021-08-28 05:14:54,773 :: INFO :: Flash firmware on OpenOCD: /usr/lib/python2.7/site-packages/gateway_code/static/m3_idle.elf
2021-08-28 05:14:57,293 :: INFO :: Control node : Stop control node serial interface
2021-08-28 05:14:57,302 :: INFO :: Control node : stop power of open node
2021-08-28 05:14:57,382 :: INFO :: Control node : reset
2021-08-28 05:14:57,389 :: INFO :: Reset Control Node
2021-08-28 05:15:00,278 :: INFO :: Stop experiment succeeded
