2021-08-28 04:13:31,918 :: INFO :: Start experiment: luna-275609
2021-08-28 04:13:31,922 :: INFO :: Control node : Starting of control node serial interface
2021-08-28 04:13:31,925 :: INFO :: Control node : reset
2021-08-28 04:13:31,927 :: INFO :: Reset Control Node
2021-08-28 04:13:34,883 :: INFO :: Control node : start power of open node
2021-08-28 04:13:34,937 :: INFO :: Node OpenOCD: Setup of openocd node
2021-08-28 04:13:37,981 :: INFO :: Node OpenOCD: flash of openocd node
2021-08-28 04:13:37,996 :: INFO :: Flash firmware on OpenOCD: /tmp/tmpveXnNg--cb924b41fcfd3e3c0bada58631722ec6_unicast-sender-count-30T-100B.iotlab-m3
2021-08-28 04:13:44,898 :: INFO :: Control node : Start experiment
2021-08-28 04:13:44,967 :: INFO :: Control Node set time delay: 1038 us
2021-08-28 04:13:45,000 :: INFO :: Control node : profile configuration
2021-08-28 04:13:45,006 :: INFO :: Configure profile on Control Node
2021-08-28 04:13:45,084 :: INFO :: Start experiment succeeded
2021-08-28 05:14:50,857 :: INFO :: Gateway Manager : Stop experiment
2021-08-28 05:14:50,871 :: INFO :: Stop experiment
2021-08-28 05:14:50,879 :: INFO :: Control node : stop of the experiment
2021-08-28 05:14:50,889 :: INFO :: Control node : profile configuration
2021-08-28 05:14:50,896 :: INFO :: Configure profile on Control Node
2021-08-28 05:14:50,963 :: INFO :: Control node : start power of open node
2021-08-28 05:14:51,004 :: INFO :: Node OpenOCD: teardown of openocd node
2021-08-28 05:14:54,051 :: INFO :: openocd node debugger stop
2021-08-28 05:14:54,737 :: INFO :: Node OpenOCD: flash of openocd node
2021-08-28 05:14:54,752 :: INFO :: Flash firmware on OpenOCD: /usr/lib/python2.7/site-packages/gateway_code/static/m3_idle.elf
2021-08-28 05:14:57,372 :: INFO :: Control node : Stop control node serial interface
2021-08-28 05:14:57,381 :: INFO :: Control node : stop power of open node
2021-08-28 05:14:57,460 :: INFO :: Control node : reset
2021-08-28 05:14:57,466 :: INFO :: Reset Control Node
2021-08-28 05:15:00,303 :: INFO :: Stop experiment succeeded
