2021-08-28 04:13:31,901 :: INFO :: Start experiment: luna-275609
2021-08-28 04:13:31,905 :: INFO :: Control node : Starting of control node serial interface
2021-08-28 04:13:31,907 :: INFO :: Control node : reset
2021-08-28 04:13:31,910 :: INFO :: Reset Control Node
2021-08-28 04:13:34,847 :: INFO :: Control node : start power of open node
2021-08-28 04:13:34,862 :: INFO :: Node OpenOCD: Setup of openocd node
2021-08-28 04:13:37,892 :: INFO :: Node OpenOCD: flash of openocd node
2021-08-28 04:13:37,909 :: INFO :: Flash firmware on OpenOCD: /tmp/tmpY77ZYe--cb924b41fcfd3e3c0bada58631722ec6_unicast-sender-count-30T-100B.iotlab-m3
2021-08-28 04:13:44,912 :: INFO :: Control node : Start experiment
2021-08-28 04:13:44,938 :: INFO :: Control Node set time delay: 1312 us
2021-08-28 04:13:44,955 :: INFO :: Control node : profile configuration
2021-08-28 04:13:44,959 :: INFO :: Configure profile on Control Node
2021-08-28 04:13:45,003 :: INFO :: Start experiment succeeded
2021-08-28 05:14:50,855 :: INFO :: Gateway Manager : Stop experiment
2021-08-28 05:14:50,872 :: INFO :: Stop experiment
2021-08-28 05:14:50,880 :: INFO :: Control node : stop of the experiment
2021-08-28 05:14:50,887 :: INFO :: Control node : profile configuration
2021-08-28 05:14:50,894 :: INFO :: Configure profile on Control Node
2021-08-28 05:14:50,965 :: INFO :: Control node : start power of open node
2021-08-28 05:14:51,009 :: INFO :: Node OpenOCD: teardown of openocd node
2021-08-28 05:14:54,061 :: INFO :: openocd node debugger stop
2021-08-28 05:14:54,750 :: INFO :: Node OpenOCD: flash of openocd node
2021-08-28 05:14:54,764 :: INFO :: Flash firmware on OpenOCD: /usr/lib/python2.7/site-packages/gateway_code/static/m3_idle.elf
2021-08-28 05:14:57,374 :: INFO :: Control node : Stop control node serial interface
2021-08-28 05:14:57,379 :: INFO :: Control node : stop power of open node
2021-08-28 05:14:57,424 :: INFO :: Control node : reset
2021-08-28 05:14:57,430 :: INFO :: Reset Control Node
2021-08-28 05:15:00,319 :: INFO :: Stop experiment succeeded
