2021-09-01 00:57:50,485 :: INFO :: Start experiment: luna-275847
2021-09-01 00:57:50,488 :: INFO :: Control node : Starting of control node serial interface
2021-09-01 00:57:50,491 :: INFO :: Control node : reset
2021-09-01 00:57:50,494 :: INFO :: Reset Control Node
2021-09-01 00:57:53,455 :: INFO :: Control node : start power of open node
2021-09-01 00:57:53,511 :: INFO :: Node OpenOCD: Setup of openocd node
2021-09-01 00:57:56,554 :: INFO :: Node OpenOCD: flash of openocd node
2021-09-01 00:57:56,569 :: INFO :: Flash firmware on OpenOCD: /tmp/tmpSMU7ra--9eca698c47b1367377dfc6ae1bda6964_unicast-sender-count-60T-20B.iotlab-m3
2021-09-01 00:58:03,531 :: INFO :: Control node : Start experiment
2021-09-01 00:58:03,591 :: INFO :: Control Node set time delay: 1953 us
2021-09-01 00:58:03,616 :: INFO :: Control node : profile configuration
2021-09-01 00:58:03,619 :: INFO :: Configure profile on Control Node
2021-09-01 00:58:03,659 :: INFO :: Start experiment succeeded
2021-09-01 01:59:09,559 :: INFO :: Gateway Manager : Stop experiment
2021-09-01 01:59:09,568 :: INFO :: Stop experiment
2021-09-01 01:59:09,577 :: INFO :: Control node : stop of the experiment
2021-09-01 01:59:09,584 :: INFO :: Control node : profile configuration
2021-09-01 01:59:09,591 :: INFO :: Configure profile on Control Node
2021-09-01 01:59:09,663 :: INFO :: Control node : start power of open node
2021-09-01 01:59:09,707 :: INFO :: Node OpenOCD: teardown of openocd node
2021-09-01 01:59:12,777 :: INFO :: openocd node debugger stop
2021-09-01 01:59:13,457 :: INFO :: Node OpenOCD: flash of openocd node
2021-09-01 01:59:13,464 :: INFO :: Flash firmware on OpenOCD: /usr/lib/python2.7/site-packages/gateway_code/static/m3_idle.elf
2021-09-01 01:59:15,971 :: INFO :: Control node : Stop control node serial interface
2021-09-01 01:59:15,980 :: INFO :: Control node : stop power of open node
2021-09-01 01:59:16,049 :: INFO :: Control node : reset
2021-09-01 01:59:16,056 :: INFO :: Reset Control Node
2021-09-01 01:59:18,950 :: INFO :: Stop experiment succeeded
