2021-09-01 00:57:50,457 :: INFO :: Start experiment: luna-275847
2021-09-01 00:57:50,460 :: INFO :: Control node : Starting of control node serial interface
2021-09-01 00:57:50,463 :: INFO :: Control node : reset
2021-09-01 00:57:50,466 :: INFO :: Reset Control Node
2021-09-01 00:57:53,426 :: INFO :: Control node : start power of open node
2021-09-01 00:57:53,482 :: INFO :: Node OpenOCD: Setup of openocd node
2021-09-01 00:57:56,526 :: INFO :: Node OpenOCD: flash of openocd node
2021-09-01 00:57:56,541 :: INFO :: Flash firmware on OpenOCD: /tmp/tmpWljoHt--9eca698c47b1367377dfc6ae1bda6964_unicast-sender-count-60T-20B.iotlab-m3
2021-09-01 00:58:03,441 :: INFO :: Control node : Start experiment
2021-09-01 00:58:03,506 :: INFO :: Control Node set time delay: 1922 us
2021-09-01 00:58:03,528 :: INFO :: Control node : profile configuration
2021-09-01 00:58:03,535 :: INFO :: Configure profile on Control Node
2021-09-01 00:58:03,614 :: INFO :: Start experiment succeeded
2021-09-01 01:59:09,584 :: INFO :: Gateway Manager : Stop experiment
2021-09-01 01:59:09,609 :: INFO :: Stop experiment
2021-09-01 01:59:09,622 :: INFO :: Control node : stop of the experiment
2021-09-01 01:59:09,629 :: INFO :: Control node : profile configuration
2021-09-01 01:59:09,636 :: INFO :: Configure profile on Control Node
2021-09-01 01:59:09,709 :: INFO :: Control node : start power of open node
2021-09-01 01:59:09,751 :: INFO :: Node OpenOCD: teardown of openocd node
2021-09-01 01:59:12,799 :: INFO :: openocd node debugger stop
2021-09-01 01:59:13,485 :: INFO :: Node OpenOCD: flash of openocd node
2021-09-01 01:59:13,499 :: INFO :: Flash firmware on OpenOCD: /usr/lib/python2.7/site-packages/gateway_code/static/m3_idle.elf
2021-09-01 01:59:16,066 :: INFO :: Control node : Stop control node serial interface
2021-09-01 01:59:16,074 :: INFO :: Control node : stop power of open node
2021-09-01 01:59:16,153 :: INFO :: Control node : reset
2021-09-01 01:59:16,160 :: INFO :: Reset Control Node
2021-09-01 01:59:19,050 :: INFO :: Stop experiment succeeded
