2021-09-01 00:57:50,430 :: INFO :: Start experiment: luna-275847
2021-09-01 00:57:50,434 :: INFO :: Control node : Starting of control node serial interface
2021-09-01 00:57:50,436 :: INFO :: Control node : reset
2021-09-01 00:57:50,439 :: INFO :: Reset Control Node
2021-09-01 00:57:53,397 :: INFO :: Control node : start power of open node
2021-09-01 00:57:53,453 :: INFO :: Node OpenOCD: Setup of openocd node
2021-09-01 00:57:56,506 :: INFO :: Node OpenOCD: flash of openocd node
2021-09-01 00:57:56,521 :: INFO :: Flash firmware on OpenOCD: /tmp/tmpy0xoV3--9eca698c47b1367377dfc6ae1bda6964_unicast-sender-count-60T-20B.iotlab-m3
2021-09-01 00:58:03,401 :: INFO :: Control node : Start experiment
2021-09-01 00:58:03,458 :: INFO :: Control Node set time delay: 1739 us
2021-09-01 00:58:03,490 :: INFO :: Control node : profile configuration
2021-09-01 00:58:03,497 :: INFO :: Configure profile on Control Node
2021-09-01 00:58:03,575 :: INFO :: Start experiment succeeded
2021-09-01 01:59:09,563 :: INFO :: Gateway Manager : Stop experiment
2021-09-01 01:59:09,575 :: INFO :: Stop experiment
2021-09-01 01:59:09,583 :: INFO :: Control node : stop of the experiment
2021-09-01 01:59:09,591 :: INFO :: Control node : profile configuration
2021-09-01 01:59:09,598 :: INFO :: Configure profile on Control Node
2021-09-01 01:59:09,671 :: INFO :: Control node : start power of open node
2021-09-01 01:59:09,715 :: INFO :: Node OpenOCD: teardown of openocd node
2021-09-01 01:59:12,779 :: INFO :: openocd node debugger stop
2021-09-01 01:59:13,465 :: INFO :: Node OpenOCD: flash of openocd node
2021-09-01 01:59:13,480 :: INFO :: Flash firmware on OpenOCD: /usr/lib/python2.7/site-packages/gateway_code/static/m3_idle.elf
2021-09-01 01:59:16,004 :: INFO :: Control node : Stop control node serial interface
2021-09-01 01:59:16,013 :: INFO :: Control node : stop power of open node
2021-09-01 01:59:16,087 :: INFO :: Control node : reset
2021-09-01 01:59:16,093 :: INFO :: Reset Control Node
2021-09-01 01:59:18,989 :: INFO :: Stop experiment succeeded
