2021-09-01 00:57:50,474 :: INFO :: Start experiment: luna-275847
2021-09-01 00:57:50,478 :: INFO :: Control node : Starting of control node serial interface
2021-09-01 00:57:50,480 :: INFO :: Control node : reset
2021-09-01 00:57:50,483 :: INFO :: Reset Control Node
2021-09-01 00:57:53,352 :: INFO :: Control node : start power of open node
2021-09-01 00:57:53,380 :: INFO :: Node OpenOCD: Setup of openocd node
2021-09-01 00:57:56,415 :: INFO :: Node OpenOCD: flash of openocd node
2021-09-01 00:57:56,433 :: INFO :: Flash firmware on OpenOCD: /tmp/tmpXhB0wk--9eca698c47b1367377dfc6ae1bda6964_unicast-sender-count-60T-20B.iotlab-m3
2021-09-01 00:58:03,315 :: INFO :: Control node : Start experiment
2021-09-01 00:58:03,385 :: INFO :: Control Node set time delay: 1220 us
2021-09-01 00:58:03,417 :: INFO :: Control node : profile configuration
2021-09-01 00:58:03,424 :: INFO :: Configure profile on Control Node
2021-09-01 00:58:03,502 :: INFO :: Start experiment succeeded
2021-09-01 01:59:09,594 :: INFO :: Gateway Manager : Stop experiment
2021-09-01 01:59:09,614 :: INFO :: Stop experiment
2021-09-01 01:59:09,625 :: INFO :: Control node : stop of the experiment
2021-09-01 01:59:09,635 :: INFO :: Control node : profile configuration
2021-09-01 01:59:09,642 :: INFO :: Configure profile on Control Node
2021-09-01 01:59:09,721 :: INFO :: Control node : start power of open node
2021-09-01 01:59:09,762 :: INFO :: Node OpenOCD: teardown of openocd node
2021-09-01 01:59:12,803 :: INFO :: openocd node debugger stop
2021-09-01 01:59:13,488 :: INFO :: Node OpenOCD: flash of openocd node
2021-09-01 01:59:13,494 :: INFO :: Flash firmware on OpenOCD: /usr/lib/python2.7/site-packages/gateway_code/static/m3_idle.elf
2021-09-01 01:59:16,053 :: INFO :: Control node : Stop control node serial interface
2021-09-01 01:59:16,058 :: INFO :: Control node : stop power of open node
2021-09-01 01:59:16,105 :: INFO :: Control node : reset
2021-09-01 01:59:16,109 :: INFO :: Reset Control Node
2021-09-01 01:59:19,034 :: INFO :: Stop experiment succeeded
