2021-09-01 00:57:50,489 :: INFO :: Start experiment: luna-275847
2021-09-01 00:57:50,492 :: INFO :: Control node : Starting of control node serial interface
2021-09-01 00:57:50,495 :: INFO :: Control node : reset
2021-09-01 00:57:50,498 :: INFO :: Reset Control Node
2021-09-01 00:57:53,497 :: INFO :: Control node : start power of open node
2021-09-01 00:57:53,525 :: INFO :: Node OpenOCD: Setup of openocd node
2021-09-01 00:57:56,568 :: INFO :: Node OpenOCD: flash of openocd node
2021-09-01 00:57:56,584 :: INFO :: Flash firmware on OpenOCD: /tmp/tmpGozvlb--9eca698c47b1367377dfc6ae1bda6964_unicast-sender-count-60T-20B.iotlab-m3
2021-09-01 00:58:03,646 :: INFO :: Control node : Start experiment
2021-09-01 00:58:03,707 :: INFO :: Control Node set time delay: 1923 us
2021-09-01 00:58:03,725 :: INFO :: Control node : profile configuration
2021-09-01 00:58:03,729 :: INFO :: Configure profile on Control Node
2021-09-01 00:58:03,769 :: INFO :: Start experiment succeeded
2021-09-01 01:59:09,571 :: INFO :: Gateway Manager : Stop experiment
2021-09-01 01:59:09,581 :: INFO :: Stop experiment
2021-09-01 01:59:09,593 :: INFO :: Control node : stop of the experiment
2021-09-01 01:59:09,603 :: INFO :: Control node : profile configuration
2021-09-01 01:59:09,613 :: INFO :: Configure profile on Control Node
2021-09-01 01:59:09,700 :: INFO :: Control node : start power of open node
2021-09-01 01:59:09,745 :: INFO :: Node OpenOCD: teardown of openocd node
2021-09-01 01:59:12,803 :: INFO :: openocd node debugger stop
2021-09-01 01:59:13,486 :: INFO :: Node OpenOCD: flash of openocd node
2021-09-01 01:59:13,496 :: INFO :: Flash firmware on OpenOCD: /usr/lib/python2.7/site-packages/gateway_code/static/m3_idle.elf
2021-09-01 01:59:16,062 :: INFO :: Control node : Stop control node serial interface
2021-09-01 01:59:16,066 :: INFO :: Control node : stop power of open node
2021-09-01 01:59:16,104 :: INFO :: Control node : reset
2021-09-01 01:59:16,108 :: INFO :: Reset Control Node
2021-09-01 01:59:19,022 :: INFO :: Stop experiment succeeded
