2021-08-29 20:31:25,401 :: INFO :: Start experiment: luna-275700
2021-08-29 20:31:25,405 :: INFO :: Control node : Starting of control node serial interface
2021-08-29 20:31:25,407 :: INFO :: Control node : reset
2021-08-29 20:31:25,410 :: INFO :: Reset Control Node
2021-08-29 20:31:28,312 :: INFO :: Control node : start power of open node
2021-08-29 20:31:28,370 :: INFO :: Node OpenOCD: Setup of openocd node
2021-08-29 20:31:31,413 :: INFO :: Node OpenOCD: flash of openocd node
2021-08-29 20:31:31,431 :: INFO :: Flash firmware on OpenOCD: /tmp/tmpD0HHiM--3e6b491341ebfbb107b5d3aaa6c4431d_unicast-sender-count-10T-191B.iotlab-m3
2021-08-29 20:31:38,277 :: INFO :: Control node : Start experiment
2021-08-29 20:31:38,359 :: INFO :: Control Node set time delay: 1801 us
2021-08-29 20:31:38,382 :: INFO :: Control node : profile configuration
2021-08-29 20:31:38,388 :: INFO :: Configure profile on Control Node
2021-08-29 20:31:38,466 :: INFO :: Start experiment succeeded
2021-08-29 21:32:44,585 :: INFO :: Gateway Manager : Stop experiment
2021-08-29 21:32:44,594 :: INFO :: Stop experiment
2021-08-29 21:32:44,602 :: INFO :: Control node : stop of the experiment
2021-08-29 21:32:44,609 :: INFO :: Control node : profile configuration
2021-08-29 21:32:44,616 :: INFO :: Configure profile on Control Node
2021-08-29 21:32:44,691 :: INFO :: Control node : start power of open node
2021-08-29 21:32:44,732 :: INFO :: Node OpenOCD: teardown of openocd node
2021-08-29 21:32:47,778 :: INFO :: openocd node debugger stop
2021-08-29 21:32:48,458 :: INFO :: Node OpenOCD: flash of openocd node
2021-08-29 21:32:48,465 :: INFO :: Flash firmware on OpenOCD: /usr/lib/python2.7/site-packages/gateway_code/static/m3_idle.elf
2021-08-29 21:32:50,867 :: INFO :: Control node : Stop control node serial interface
2021-08-29 21:32:50,876 :: INFO :: Control node : stop power of open node
2021-08-29 21:32:50,943 :: INFO :: Control node : reset
2021-08-29 21:32:50,950 :: INFO :: Reset Control Node
2021-08-29 21:32:53,845 :: INFO :: Stop experiment succeeded
