2021-08-29 20:31:25,404 :: INFO :: Start experiment: luna-275700
2021-08-29 20:31:25,408 :: INFO :: Control node : Starting of control node serial interface
2021-08-29 20:31:25,411 :: INFO :: Control node : reset
2021-08-29 20:31:25,413 :: INFO :: Reset Control Node
2021-08-29 20:31:28,371 :: INFO :: Control node : start power of open node
2021-08-29 20:31:28,431 :: INFO :: Node OpenOCD: Setup of openocd node
2021-08-29 20:31:31,482 :: INFO :: Node OpenOCD: flash of openocd node
2021-08-29 20:31:31,498 :: INFO :: Flash firmware on OpenOCD: /tmp/tmpWviBZK--3e6b491341ebfbb107b5d3aaa6c4431d_unicast-sender-count-10T-191B.iotlab-m3
2021-08-29 20:31:38,410 :: INFO :: Control node : Start experiment
2021-08-29 20:31:38,453 :: INFO :: Control Node set time delay: 1373 us
2021-08-29 20:31:38,487 :: INFO :: Control node : profile configuration
2021-08-29 20:31:38,494 :: INFO :: Configure profile on Control Node
2021-08-29 20:31:38,570 :: INFO :: Start experiment succeeded
2021-08-29 21:32:44,589 :: INFO :: Gateway Manager : Stop experiment
2021-08-29 21:32:44,598 :: INFO :: Stop experiment
2021-08-29 21:32:44,607 :: INFO :: Control node : stop of the experiment
2021-08-29 21:32:44,615 :: INFO :: Control node : profile configuration
2021-08-29 21:32:44,622 :: INFO :: Configure profile on Control Node
2021-08-29 21:32:44,715 :: INFO :: Control node : start power of open node
2021-08-29 21:32:44,759 :: INFO :: Node OpenOCD: teardown of openocd node
2021-08-29 21:32:47,797 :: INFO :: openocd node debugger stop
2021-08-29 21:32:48,480 :: INFO :: Node OpenOCD: flash of openocd node
2021-08-29 21:32:48,487 :: INFO :: Flash firmware on OpenOCD: /usr/lib/python2.7/site-packages/gateway_code/static/m3_idle.elf
2021-08-29 21:32:50,996 :: INFO :: Control node : Stop control node serial interface
2021-08-29 21:32:51,000 :: INFO :: Control node : stop power of open node
2021-08-29 21:32:51,089 :: INFO :: Control node : reset
2021-08-29 21:32:51,096 :: INFO :: Reset Control Node
2021-08-29 21:32:53,986 :: INFO :: Stop experiment succeeded
