2021-08-29 20:31:25,426 :: INFO :: Start experiment: luna-275700
2021-08-29 20:31:25,429 :: INFO :: Control node : Starting of control node serial interface
2021-08-29 20:31:25,432 :: INFO :: Control node : reset
2021-08-29 20:31:25,435 :: INFO :: Reset Control Node
2021-08-29 20:31:28,395 :: INFO :: Control node : start power of open node
2021-08-29 20:31:28,451 :: INFO :: Node OpenOCD: Setup of openocd node
2021-08-29 20:31:31,505 :: INFO :: Node OpenOCD: flash of openocd node
2021-08-29 20:31:31,519 :: INFO :: Flash firmware on OpenOCD: /tmp/tmpK5yoSa--3e6b491341ebfbb107b5d3aaa6c4431d_unicast-sender-count-10T-191B.iotlab-m3
2021-08-29 20:31:38,505 :: INFO :: Control node : Start experiment
2021-08-29 20:31:38,563 :: INFO :: Control Node set time delay: 1862 us
2021-08-29 20:31:38,585 :: INFO :: Control node : profile configuration
2021-08-29 20:31:38,588 :: INFO :: Configure profile on Control Node
2021-08-29 20:31:38,629 :: INFO :: Start experiment succeeded
2021-08-29 21:32:44,594 :: INFO :: Gateway Manager : Stop experiment
2021-08-29 21:32:44,608 :: INFO :: Stop experiment
2021-08-29 21:32:44,619 :: INFO :: Control node : stop of the experiment
2021-08-29 21:32:44,629 :: INFO :: Control node : profile configuration
2021-08-29 21:32:44,641 :: INFO :: Configure profile on Control Node
2021-08-29 21:32:44,732 :: INFO :: Control node : start power of open node
2021-08-29 21:32:44,776 :: INFO :: Node OpenOCD: teardown of openocd node
2021-08-29 21:32:47,847 :: INFO :: openocd node debugger stop
2021-08-29 21:32:48,540 :: INFO :: Node OpenOCD: flash of openocd node
2021-08-29 21:32:48,555 :: INFO :: Flash firmware on OpenOCD: /usr/lib/python2.7/site-packages/gateway_code/static/m3_idle.elf
2021-08-29 21:32:51,095 :: INFO :: Control node : Stop control node serial interface
2021-08-29 21:32:51,104 :: INFO :: Control node : stop power of open node
2021-08-29 21:32:51,195 :: INFO :: Control node : reset
2021-08-29 21:32:51,202 :: INFO :: Reset Control Node
2021-08-29 21:32:54,089 :: INFO :: Stop experiment succeeded
