2021-08-29 20:31:25,433 :: INFO :: Start experiment: luna-275700
2021-08-29 20:31:25,437 :: INFO :: Control node : Starting of control node serial interface
2021-08-29 20:31:25,439 :: INFO :: Control node : reset
2021-08-29 20:31:25,442 :: INFO :: Reset Control Node
2021-08-29 20:31:28,403 :: INFO :: Control node : start power of open node
2021-08-29 20:31:28,461 :: INFO :: Node OpenOCD: Setup of openocd node
2021-08-29 20:31:31,508 :: INFO :: Node OpenOCD: flash of openocd node
2021-08-29 20:31:31,523 :: INFO :: Flash firmware on OpenOCD: /tmp/tmpmkfSIY--3e6b491341ebfbb107b5d3aaa6c4431d_unicast-sender-count-10T-191B.iotlab-m3
2021-08-29 20:31:38,359 :: INFO :: Control node : Start experiment
2021-08-29 20:31:38,434 :: INFO :: Control Node set time delay: 1953 us
2021-08-29 20:31:38,466 :: INFO :: Control node : profile configuration
2021-08-29 20:31:38,473 :: INFO :: Configure profile on Control Node
2021-08-29 20:31:38,552 :: INFO :: Start experiment succeeded
2021-08-29 21:32:44,626 :: INFO :: Gateway Manager : Stop experiment
2021-08-29 21:32:44,636 :: INFO :: Stop experiment
2021-08-29 21:32:44,645 :: INFO :: Control node : stop of the experiment
2021-08-29 21:32:44,653 :: INFO :: Control node : profile configuration
2021-08-29 21:32:44,660 :: INFO :: Configure profile on Control Node
2021-08-29 21:32:44,735 :: INFO :: Control node : start power of open node
2021-08-29 21:32:44,779 :: INFO :: Node OpenOCD: teardown of openocd node
2021-08-29 21:32:47,853 :: INFO :: openocd node debugger stop
2021-08-29 21:32:48,543 :: INFO :: Node OpenOCD: flash of openocd node
2021-08-29 21:32:48,557 :: INFO :: Flash firmware on OpenOCD: /usr/lib/python2.7/site-packages/gateway_code/static/m3_idle.elf
2021-08-29 21:32:51,125 :: INFO :: Control node : Stop control node serial interface
2021-08-29 21:32:51,134 :: INFO :: Control node : stop power of open node
2021-08-29 21:32:51,210 :: INFO :: Control node : reset
2021-08-29 21:32:51,217 :: INFO :: Reset Control Node
2021-08-29 21:32:54,090 :: INFO :: Stop experiment succeeded
