2021-08-29 20:31:25,360 :: INFO :: Start experiment: luna-275700
2021-08-29 20:31:25,363 :: INFO :: Control node : Starting of control node serial interface
2021-08-29 20:31:25,366 :: INFO :: Control node : reset
2021-08-29 20:31:25,369 :: INFO :: Reset Control Node
2021-08-29 20:31:28,331 :: INFO :: Control node : start power of open node
2021-08-29 20:31:28,388 :: INFO :: Node OpenOCD: Setup of openocd node
2021-08-29 20:31:31,430 :: INFO :: Node OpenOCD: flash of openocd node
2021-08-29 20:31:31,445 :: INFO :: Flash firmware on OpenOCD: /tmp/tmpd_2WBP--3e6b491341ebfbb107b5d3aaa6c4431d_unicast-sender-count-10T-191B.iotlab-m3
2021-08-29 20:31:38,414 :: INFO :: Control node : Start experiment
2021-08-29 20:31:38,460 :: INFO :: Control Node set time delay: 1801 us
2021-08-29 20:31:38,483 :: INFO :: Control node : profile configuration
2021-08-29 20:31:38,487 :: INFO :: Configure profile on Control Node
2021-08-29 20:31:38,531 :: INFO :: Start experiment succeeded
2021-08-29 21:32:44,559 :: INFO :: Gateway Manager : Stop experiment
2021-08-29 21:32:44,568 :: INFO :: Stop experiment
2021-08-29 21:32:44,576 :: INFO :: Control node : stop of the experiment
2021-08-29 21:32:44,583 :: INFO :: Control node : profile configuration
2021-08-29 21:32:44,590 :: INFO :: Configure profile on Control Node
2021-08-29 21:32:44,665 :: INFO :: Control node : start power of open node
2021-08-29 21:32:44,705 :: INFO :: Node OpenOCD: teardown of openocd node
2021-08-29 21:32:47,740 :: INFO :: openocd node debugger stop
2021-08-29 21:32:48,429 :: INFO :: Node OpenOCD: flash of openocd node
2021-08-29 21:32:48,443 :: INFO :: Flash firmware on OpenOCD: /usr/lib/python2.7/site-packages/gateway_code/static/m3_idle.elf
2021-08-29 21:32:51,009 :: INFO :: Control node : Stop control node serial interface
2021-08-29 21:32:51,014 :: INFO :: Control node : stop power of open node
2021-08-29 21:32:51,071 :: INFO :: Control node : reset
2021-08-29 21:32:51,078 :: INFO :: Reset Control Node
2021-08-29 21:32:53,968 :: INFO :: Stop experiment succeeded
