2021-08-29 20:31:25,446 :: INFO :: Start experiment: luna-275700
2021-08-29 20:31:25,449 :: INFO :: Control node : Starting of control node serial interface
2021-08-29 20:31:25,452 :: INFO :: Control node : reset
2021-08-29 20:31:25,455 :: INFO :: Reset Control Node
2021-08-29 20:31:28,407 :: INFO :: Control node : start power of open node
2021-08-29 20:31:28,463 :: INFO :: Node OpenOCD: Setup of openocd node
2021-08-29 20:31:31,516 :: INFO :: Node OpenOCD: flash of openocd node
2021-08-29 20:31:31,530 :: INFO :: Flash firmware on OpenOCD: /tmp/tmpRkhQi1--ddd0625ff8382e7208c25657471d6a4a_unicast-receiver-count.iotlab-m3
2021-08-29 20:31:38,184 :: INFO :: Control node : Start experiment
2021-08-29 20:31:38,245 :: INFO :: Control Node set time delay: 1892 us
2021-08-29 20:31:38,268 :: INFO :: Control node : profile configuration
2021-08-29 20:31:38,271 :: INFO :: Configure profile on Control Node
2021-08-29 20:31:38,311 :: INFO :: Start experiment succeeded
2021-08-29 21:32:44,573 :: INFO :: Gateway Manager : Stop experiment
2021-08-29 21:32:44,582 :: INFO :: Stop experiment
2021-08-29 21:32:44,590 :: INFO :: Control node : stop of the experiment
2021-08-29 21:32:44,597 :: INFO :: Control node : profile configuration
2021-08-29 21:32:44,603 :: INFO :: Configure profile on Control Node
2021-08-29 21:32:44,681 :: INFO :: Control node : start power of open node
2021-08-29 21:32:44,721 :: INFO :: Node OpenOCD: teardown of openocd node
2021-08-29 21:32:47,768 :: INFO :: openocd node debugger stop
2021-08-29 21:32:48,453 :: INFO :: Node OpenOCD: flash of openocd node
2021-08-29 21:32:48,460 :: INFO :: Flash firmware on OpenOCD: /usr/lib/python2.7/site-packages/gateway_code/static/m3_idle.elf
2021-08-29 21:32:50,963 :: INFO :: Control node : Stop control node serial interface
2021-08-29 21:32:50,972 :: INFO :: Control node : stop power of open node
2021-08-29 21:32:51,051 :: INFO :: Control node : reset
2021-08-29 21:32:51,058 :: INFO :: Reset Control Node
2021-08-29 21:32:53,900 :: INFO :: Stop experiment succeeded
