2021-08-29 20:31:25,423 :: INFO :: Start experiment: luna-275700
2021-08-29 20:31:25,427 :: INFO :: Control node : Starting of control node serial interface
2021-08-29 20:31:25,429 :: INFO :: Control node : reset
2021-08-29 20:31:25,432 :: INFO :: Reset Control Node
2021-08-29 20:31:28,385 :: INFO :: Control node : start power of open node
2021-08-29 20:31:28,440 :: INFO :: Node OpenOCD: Setup of openocd node
2021-08-29 20:31:31,490 :: INFO :: Node OpenOCD: flash of openocd node
2021-08-29 20:31:31,504 :: INFO :: Flash firmware on OpenOCD: /tmp/tmpYOte4g--3e6b491341ebfbb107b5d3aaa6c4431d_unicast-sender-count-10T-191B.iotlab-m3
2021-08-29 20:31:38,340 :: INFO :: Control node : Start experiment
2021-08-29 20:31:38,400 :: INFO :: Control Node set time delay: 1892 us
2021-08-29 20:31:38,433 :: INFO :: Control node : profile configuration
2021-08-29 20:31:38,440 :: INFO :: Configure profile on Control Node
2021-08-29 20:31:38,518 :: INFO :: Start experiment succeeded
2021-08-29 21:32:44,582 :: INFO :: Gateway Manager : Stop experiment
2021-08-29 21:32:44,595 :: INFO :: Stop experiment
2021-08-29 21:32:44,605 :: INFO :: Control node : stop of the experiment
2021-08-29 21:32:44,617 :: INFO :: Control node : profile configuration
2021-08-29 21:32:44,625 :: INFO :: Configure profile on Control Node
2021-08-29 21:32:44,715 :: INFO :: Control node : start power of open node
2021-08-29 21:32:44,757 :: INFO :: Node OpenOCD: teardown of openocd node
2021-08-29 21:32:47,801 :: INFO :: openocd node debugger stop
2021-08-29 21:32:48,489 :: INFO :: Node OpenOCD: flash of openocd node
2021-08-29 21:32:48,503 :: INFO :: Flash firmware on OpenOCD: /usr/lib/python2.7/site-packages/gateway_code/static/m3_idle.elf
2021-08-29 21:32:51,118 :: INFO :: Control node : Stop control node serial interface
2021-08-29 21:32:51,128 :: INFO :: Control node : stop power of open node
2021-08-29 21:32:51,243 :: INFO :: Control node : reset
2021-08-29 21:32:51,250 :: INFO :: Reset Control Node
2021-08-29 21:32:54,137 :: INFO :: Stop experiment succeeded
