2021-08-29 20:31:25,397 :: INFO :: Start experiment: luna-275700
2021-08-29 20:31:25,401 :: INFO :: Control node : Starting of control node serial interface
2021-08-29 20:31:25,403 :: INFO :: Control node : reset
2021-08-29 20:31:25,406 :: INFO :: Reset Control Node
2021-08-29 20:31:28,359 :: INFO :: Control node : start power of open node
2021-08-29 20:31:28,415 :: INFO :: Node OpenOCD: Setup of openocd node
2021-08-29 20:31:31,460 :: INFO :: Node OpenOCD: flash of openocd node
2021-08-29 20:31:31,474 :: INFO :: Flash firmware on OpenOCD: /tmp/tmp2AcK5f--3e6b491341ebfbb107b5d3aaa6c4431d_unicast-sender-count-10T-191B.iotlab-m3
2021-08-29 20:31:38,412 :: INFO :: Control node : Start experiment
2021-08-29 20:31:38,461 :: INFO :: Control Node set time delay: 1679 us
2021-08-29 20:31:38,493 :: INFO :: Control node : profile configuration
2021-08-29 20:31:38,500 :: INFO :: Configure profile on Control Node
2021-08-29 20:31:38,549 :: INFO :: Start experiment succeeded
2021-08-29 21:32:44,568 :: INFO :: Gateway Manager : Stop experiment
2021-08-29 21:32:44,578 :: INFO :: Stop experiment
2021-08-29 21:32:44,586 :: INFO :: Control node : stop of the experiment
2021-08-29 21:32:44,593 :: INFO :: Control node : profile configuration
2021-08-29 21:32:44,601 :: INFO :: Configure profile on Control Node
2021-08-29 21:32:44,687 :: INFO :: Control node : start power of open node
2021-08-29 21:32:44,730 :: INFO :: Node OpenOCD: teardown of openocd node
2021-08-29 21:32:47,790 :: INFO :: openocd node debugger stop
2021-08-29 21:32:48,476 :: INFO :: Node OpenOCD: flash of openocd node
2021-08-29 21:32:48,483 :: INFO :: Flash firmware on OpenOCD: /usr/lib/python2.7/site-packages/gateway_code/static/m3_idle.elf
2021-08-29 21:32:50,941 :: INFO :: Control node : Stop control node serial interface
2021-08-29 21:32:50,946 :: INFO :: Control node : stop power of open node
2021-08-29 21:32:51,011 :: INFO :: Control node : reset
2021-08-29 21:32:51,015 :: INFO :: Reset Control Node
2021-08-29 21:32:53,908 :: INFO :: Stop experiment succeeded
