2021-08-29 20:31:25,444 :: INFO :: Start experiment: luna-275700
2021-08-29 20:31:25,447 :: INFO :: Control node : Starting of control node serial interface
2021-08-29 20:31:25,450 :: INFO :: Control node : reset
2021-08-29 20:31:25,453 :: INFO :: Reset Control Node
2021-08-29 20:31:28,464 :: INFO :: Control node : start power of open node
2021-08-29 20:31:28,525 :: INFO :: Node OpenOCD: Setup of openocd node
2021-08-29 20:31:31,573 :: INFO :: Node OpenOCD: flash of openocd node
2021-08-29 20:31:31,588 :: INFO :: Flash firmware on OpenOCD: /tmp/tmpQPMNQL--3e6b491341ebfbb107b5d3aaa6c4431d_unicast-sender-count-10T-191B.iotlab-m3
2021-08-29 20:31:38,485 :: INFO :: Control node : Start experiment
2021-08-29 20:31:38,547 :: INFO :: Control Node set time delay: 1862 us
2021-08-29 20:31:38,580 :: INFO :: Control node : profile configuration
2021-08-29 20:31:38,586 :: INFO :: Configure profile on Control Node
2021-08-29 20:31:38,666 :: INFO :: Start experiment succeeded
2021-08-29 21:32:44,593 :: INFO :: Gateway Manager : Stop experiment
2021-08-29 21:32:44,605 :: INFO :: Stop experiment
2021-08-29 21:32:44,618 :: INFO :: Control node : stop of the experiment
2021-08-29 21:32:44,627 :: INFO :: Control node : profile configuration
2021-08-29 21:32:44,641 :: INFO :: Configure profile on Control Node
2021-08-29 21:32:44,727 :: INFO :: Control node : start power of open node
2021-08-29 21:32:44,772 :: INFO :: Node OpenOCD: teardown of openocd node
2021-08-29 21:32:47,819 :: INFO :: openocd node debugger stop
2021-08-29 21:32:48,513 :: INFO :: Node OpenOCD: flash of openocd node
2021-08-29 21:32:48,529 :: INFO :: Flash firmware on OpenOCD: /usr/lib/python2.7/site-packages/gateway_code/static/m3_idle.elf
2021-08-29 21:32:51,152 :: INFO :: Control node : Stop control node serial interface
2021-08-29 21:32:51,160 :: INFO :: Control node : stop power of open node
2021-08-29 21:32:51,235 :: INFO :: Control node : reset
2021-08-29 21:32:51,242 :: INFO :: Reset Control Node
2021-08-29 21:32:54,132 :: INFO :: Stop experiment succeeded
