2021-08-29 20:31:25,402 :: INFO :: Start experiment: luna-275700
2021-08-29 20:31:25,405 :: INFO :: Control node : Starting of control node serial interface
2021-08-29 20:31:25,408 :: INFO :: Control node : reset
2021-08-29 20:31:25,410 :: INFO :: Reset Control Node
2021-08-29 20:31:28,367 :: INFO :: Control node : start power of open node
2021-08-29 20:31:28,423 :: INFO :: Node OpenOCD: Setup of openocd node
2021-08-29 20:31:31,468 :: INFO :: Node OpenOCD: flash of openocd node
2021-08-29 20:31:31,482 :: INFO :: Flash firmware on OpenOCD: /tmp/tmpxWMrD4--3e6b491341ebfbb107b5d3aaa6c4431d_unicast-sender-count-10T-191B.iotlab-m3
2021-08-29 20:31:38,378 :: INFO :: Control node : Start experiment
2021-08-29 20:31:38,443 :: INFO :: Control Node set time delay: 1984 us
2021-08-29 20:31:38,459 :: INFO :: Control node : profile configuration
2021-08-29 20:31:38,466 :: INFO :: Configure profile on Control Node
2021-08-29 20:31:38,506 :: INFO :: Start experiment succeeded
2021-08-29 21:32:44,578 :: INFO :: Gateway Manager : Stop experiment
2021-08-29 21:32:44,592 :: INFO :: Stop experiment
2021-08-29 21:32:44,603 :: INFO :: Control node : stop of the experiment
2021-08-29 21:32:44,612 :: INFO :: Control node : profile configuration
2021-08-29 21:32:44,623 :: INFO :: Configure profile on Control Node
2021-08-29 21:32:44,720 :: INFO :: Control node : start power of open node
2021-08-29 21:32:44,766 :: INFO :: Node OpenOCD: teardown of openocd node
2021-08-29 21:32:47,815 :: INFO :: openocd node debugger stop
2021-08-29 21:32:48,499 :: INFO :: Node OpenOCD: flash of openocd node
2021-08-29 21:32:48,513 :: INFO :: Flash firmware on OpenOCD: /usr/lib/python2.7/site-packages/gateway_code/static/m3_idle.elf
2021-08-29 21:32:51,049 :: INFO :: Control node : Stop control node serial interface
2021-08-29 21:32:51,054 :: INFO :: Control node : stop power of open node
2021-08-29 21:32:51,096 :: INFO :: Control node : reset
2021-08-29 21:32:51,103 :: INFO :: Reset Control Node
2021-08-29 21:32:53,993 :: INFO :: Stop experiment succeeded
