2021-08-29 20:31:25,416 :: INFO :: Start experiment: luna-275700
2021-08-29 20:31:25,419 :: INFO :: Control node : Starting of control node serial interface
2021-08-29 20:31:25,422 :: INFO :: Control node : reset
2021-08-29 20:31:25,425 :: INFO :: Reset Control Node
2021-08-29 20:31:28,375 :: INFO :: Control node : start power of open node
2021-08-29 20:31:28,431 :: INFO :: Node OpenOCD: Setup of openocd node
2021-08-29 20:31:31,472 :: INFO :: Node OpenOCD: flash of openocd node
2021-08-29 20:31:31,487 :: INFO :: Flash firmware on OpenOCD: /tmp/tmpOCYExC--3e6b491341ebfbb107b5d3aaa6c4431d_unicast-sender-count-10T-191B.iotlab-m3
2021-08-29 20:31:38,502 :: INFO :: Control node : Start experiment
2021-08-29 20:31:38,556 :: INFO :: Control Node set time delay: 1801 us
2021-08-29 20:31:38,574 :: INFO :: Control node : profile configuration
2021-08-29 20:31:38,578 :: INFO :: Configure profile on Control Node
2021-08-29 20:31:38,619 :: INFO :: Start experiment succeeded
2021-08-29 21:32:44,616 :: INFO :: Gateway Manager : Stop experiment
2021-08-29 21:32:44,627 :: INFO :: Stop experiment
2021-08-29 21:32:44,636 :: INFO :: Control node : stop of the experiment
2021-08-29 21:32:44,643 :: INFO :: Control node : profile configuration
2021-08-29 21:32:44,654 :: INFO :: Configure profile on Control Node
2021-08-29 21:32:44,725 :: INFO :: Control node : start power of open node
2021-08-29 21:32:44,769 :: INFO :: Node OpenOCD: teardown of openocd node
2021-08-29 21:32:47,815 :: INFO :: openocd node debugger stop
2021-08-29 21:32:48,503 :: INFO :: Node OpenOCD: flash of openocd node
2021-08-29 21:32:48,518 :: INFO :: Flash firmware on OpenOCD: /usr/lib/python2.7/site-packages/gateway_code/static/m3_idle.elf
2021-08-29 21:32:51,124 :: INFO :: Control node : Stop control node serial interface
2021-08-29 21:32:51,129 :: INFO :: Control node : stop power of open node
2021-08-29 21:32:51,182 :: INFO :: Control node : reset
2021-08-29 21:32:51,189 :: INFO :: Reset Control Node
2021-08-29 21:32:54,072 :: INFO :: Stop experiment succeeded
