2021-08-29 20:31:25,457 :: INFO :: Start experiment: luna-275700
2021-08-29 20:31:25,460 :: INFO :: Control node : Starting of control node serial interface
2021-08-29 20:31:25,463 :: INFO :: Control node : reset
2021-08-29 20:31:25,466 :: INFO :: Reset Control Node
2021-08-29 20:31:28,473 :: INFO :: Control node : start power of open node
2021-08-29 20:31:28,531 :: INFO :: Node OpenOCD: Setup of openocd node
2021-08-29 20:31:31,572 :: INFO :: Node OpenOCD: flash of openocd node
2021-08-29 20:31:31,587 :: INFO :: Flash firmware on OpenOCD: /tmp/tmp1Lr0uJ--3e6b491341ebfbb107b5d3aaa6c4431d_unicast-sender-count-10T-191B.iotlab-m3
2021-08-29 20:31:38,463 :: INFO :: Control node : Start experiment
2021-08-29 20:31:38,537 :: INFO :: Control Node set time delay: 1678 us
2021-08-29 20:31:38,569 :: INFO :: Control node : profile configuration
2021-08-29 20:31:38,576 :: INFO :: Configure profile on Control Node
2021-08-29 20:31:38,658 :: INFO :: Start experiment succeeded
2021-08-29 21:32:44,611 :: INFO :: Gateway Manager : Stop experiment
2021-08-29 21:32:44,621 :: INFO :: Stop experiment
2021-08-29 21:32:44,629 :: INFO :: Control node : stop of the experiment
2021-08-29 21:32:44,636 :: INFO :: Control node : profile configuration
2021-08-29 21:32:44,643 :: INFO :: Configure profile on Control Node
2021-08-29 21:32:44,717 :: INFO :: Control node : start power of open node
2021-08-29 21:32:44,762 :: INFO :: Node OpenOCD: teardown of openocd node
2021-08-29 21:32:47,815 :: INFO :: openocd node debugger stop
2021-08-29 21:32:48,499 :: INFO :: Node OpenOCD: flash of openocd node
2021-08-29 21:32:48,506 :: INFO :: Flash firmware on OpenOCD: /usr/lib/python2.7/site-packages/gateway_code/static/m3_idle.elf
2021-08-29 21:32:50,965 :: INFO :: Control node : Stop control node serial interface
2021-08-29 21:32:50,973 :: INFO :: Control node : stop power of open node
2021-08-29 21:32:51,055 :: INFO :: Control node : reset
2021-08-29 21:32:51,061 :: INFO :: Reset Control Node
2021-08-29 21:32:53,903 :: INFO :: Stop experiment succeeded
