2021-08-29 20:31:25,392 :: INFO :: Start experiment: luna-275700
2021-08-29 20:31:25,395 :: INFO :: Control node : Starting of control node serial interface
2021-08-29 20:31:25,398 :: INFO :: Control node : reset
2021-08-29 20:31:25,401 :: INFO :: Reset Control Node
2021-08-29 20:31:28,321 :: INFO :: Control node : start power of open node
2021-08-29 20:31:28,349 :: INFO :: Node OpenOCD: Setup of openocd node
2021-08-29 20:31:31,391 :: INFO :: Node OpenOCD: flash of openocd node
2021-08-29 20:31:31,409 :: INFO :: Flash firmware on OpenOCD: /tmp/tmpyUUfK7--3e6b491341ebfbb107b5d3aaa6c4431d_unicast-sender-count-10T-191B.iotlab-m3
2021-08-29 20:31:38,413 :: INFO :: Control node : Start experiment
2021-08-29 20:31:38,474 :: INFO :: Control Node set time delay: 1739 us
2021-08-29 20:31:38,490 :: INFO :: Control node : profile configuration
2021-08-29 20:31:38,494 :: INFO :: Configure profile on Control Node
2021-08-29 20:31:38,538 :: INFO :: Start experiment succeeded
2021-08-29 21:32:44,602 :: INFO :: Gateway Manager : Stop experiment
2021-08-29 21:32:44,612 :: INFO :: Stop experiment
2021-08-29 21:32:44,620 :: INFO :: Control node : stop of the experiment
2021-08-29 21:32:44,627 :: INFO :: Control node : profile configuration
2021-08-29 21:32:44,635 :: INFO :: Configure profile on Control Node
2021-08-29 21:32:44,709 :: INFO :: Control node : start power of open node
2021-08-29 21:32:44,753 :: INFO :: Node OpenOCD: teardown of openocd node
2021-08-29 21:32:47,813 :: INFO :: openocd node debugger stop
2021-08-29 21:32:48,491 :: INFO :: Node OpenOCD: flash of openocd node
2021-08-29 21:32:48,498 :: INFO :: Flash firmware on OpenOCD: /usr/lib/python2.7/site-packages/gateway_code/static/m3_idle.elf
2021-08-29 21:32:51,008 :: INFO :: Control node : Stop control node serial interface
2021-08-29 21:32:51,013 :: INFO :: Control node : stop power of open node
2021-08-29 21:32:51,052 :: INFO :: Control node : reset
2021-08-29 21:32:51,056 :: INFO :: Reset Control Node
2021-08-29 21:32:53,971 :: INFO :: Stop experiment succeeded
