2021-08-29 20:31:25,357 :: INFO :: Start experiment: luna-275700
2021-08-29 20:31:25,361 :: INFO :: Control node : Starting of control node serial interface
2021-08-29 20:31:25,364 :: INFO :: Control node : reset
2021-08-29 20:31:25,366 :: INFO :: Reset Control Node
2021-08-29 20:31:28,323 :: INFO :: Control node : start power of open node
2021-08-29 20:31:28,380 :: INFO :: Node OpenOCD: Setup of openocd node
2021-08-29 20:31:31,428 :: INFO :: Node OpenOCD: flash of openocd node
2021-08-29 20:31:31,443 :: INFO :: Flash firmware on OpenOCD: /tmp/tmpC3AU9W--3e6b491341ebfbb107b5d3aaa6c4431d_unicast-sender-count-10T-191B.iotlab-m3
2021-08-29 20:31:38,434 :: INFO :: Control node : Start experiment
2021-08-29 20:31:38,481 :: INFO :: Control Node set time delay: 1587 us
2021-08-29 20:31:38,499 :: INFO :: Control node : profile configuration
2021-08-29 20:31:38,502 :: INFO :: Configure profile on Control Node
2021-08-29 20:31:38,542 :: INFO :: Start experiment succeeded
2021-08-29 21:32:44,566 :: INFO :: Gateway Manager : Stop experiment
2021-08-29 21:32:44,576 :: INFO :: Stop experiment
2021-08-29 21:32:44,585 :: INFO :: Control node : stop of the experiment
2021-08-29 21:32:44,592 :: INFO :: Control node : profile configuration
2021-08-29 21:32:44,600 :: INFO :: Configure profile on Control Node
2021-08-29 21:32:44,687 :: INFO :: Control node : start power of open node
2021-08-29 21:32:44,729 :: INFO :: Node OpenOCD: teardown of openocd node
2021-08-29 21:32:47,781 :: INFO :: openocd node debugger stop
2021-08-29 21:32:48,374 :: INFO :: Node OpenOCD: flash of openocd node
2021-08-29 21:32:48,381 :: INFO :: Flash firmware on OpenOCD: /usr/lib/python2.7/site-packages/gateway_code/static/m3_idle.elf
2021-08-29 21:32:50,891 :: INFO :: Control node : Stop control node serial interface
2021-08-29 21:32:50,899 :: INFO :: Control node : stop power of open node
2021-08-29 21:32:50,990 :: INFO :: Control node : reset
2021-08-29 21:32:50,997 :: INFO :: Reset Control Node
2021-08-29 21:32:53,890 :: INFO :: Stop experiment succeeded
