2021-08-29 21:33:12,515 :: INFO :: Start experiment: luna-275701
2021-08-29 21:33:12,518 :: INFO :: Control node : Starting of control node serial interface
2021-08-29 21:33:12,521 :: INFO :: Control node : reset
2021-08-29 21:33:12,524 :: INFO :: Reset Control Node
2021-08-29 21:33:15,478 :: INFO :: Control node : start power of open node
2021-08-29 21:33:15,534 :: INFO :: Node OpenOCD: Setup of openocd node
2021-08-29 21:33:18,576 :: INFO :: Node OpenOCD: flash of openocd node
2021-08-29 21:33:18,590 :: INFO :: Flash firmware on OpenOCD: /tmp/tmpEVhTC7--07af995c71c4c03e0b354753e4bf4313_unicast-sender-count-30T-191B.iotlab-m3
2021-08-29 21:33:25,467 :: INFO :: Control node : Start experiment
2021-08-29 21:33:25,546 :: INFO :: Control Node set time delay: 1831 us
2021-08-29 21:33:25,567 :: INFO :: Control node : profile configuration
2021-08-29 21:33:25,573 :: INFO :: Configure profile on Control Node
2021-08-29 21:33:25,651 :: INFO :: Start experiment succeeded
2021-08-29 22:34:31,574 :: INFO :: Gateway Manager : Stop experiment
2021-08-29 22:34:31,583 :: INFO :: Stop experiment
2021-08-29 22:34:31,591 :: INFO :: Control node : stop of the experiment
2021-08-29 22:34:31,599 :: INFO :: Control node : profile configuration
2021-08-29 22:34:31,606 :: INFO :: Configure profile on Control Node
2021-08-29 22:34:31,681 :: INFO :: Control node : start power of open node
2021-08-29 22:34:31,725 :: INFO :: Node OpenOCD: teardown of openocd node
2021-08-29 22:34:34,775 :: INFO :: openocd node debugger stop
2021-08-29 22:34:35,460 :: INFO :: Node OpenOCD: flash of openocd node
2021-08-29 22:34:35,467 :: INFO :: Flash firmware on OpenOCD: /usr/lib/python2.7/site-packages/gateway_code/static/m3_idle.elf
2021-08-29 22:34:37,975 :: INFO :: Control node : Stop control node serial interface
2021-08-29 22:34:37,984 :: INFO :: Control node : stop power of open node
2021-08-29 22:34:38,055 :: INFO :: Control node : reset
2021-08-29 22:34:38,062 :: INFO :: Reset Control Node
2021-08-29 22:34:40,945 :: INFO :: Stop experiment succeeded
