2021-08-29 21:33:12,471 :: INFO :: Start experiment: luna-275701
2021-08-29 21:33:12,474 :: INFO :: Control node : Starting of control node serial interface
2021-08-29 21:33:12,477 :: INFO :: Control node : reset
2021-08-29 21:33:12,480 :: INFO :: Reset Control Node
2021-08-29 21:33:15,429 :: INFO :: Control node : start power of open node
2021-08-29 21:33:15,487 :: INFO :: Node OpenOCD: Setup of openocd node
2021-08-29 21:33:18,538 :: INFO :: Node OpenOCD: flash of openocd node
2021-08-29 21:33:18,553 :: INFO :: Flash firmware on OpenOCD: /tmp/tmpR_7GQB--07af995c71c4c03e0b354753e4bf4313_unicast-sender-count-30T-191B.iotlab-m3
2021-08-29 21:33:25,444 :: INFO :: Control node : Start experiment
2021-08-29 21:33:25,485 :: INFO :: Control Node set time delay: 1496 us
2021-08-29 21:33:25,517 :: INFO :: Control node : profile configuration
2021-08-29 21:33:25,524 :: INFO :: Configure profile on Control Node
2021-08-29 21:33:25,602 :: INFO :: Start experiment succeeded
2021-08-29 22:34:31,572 :: INFO :: Gateway Manager : Stop experiment
2021-08-29 22:34:31,581 :: INFO :: Stop experiment
2021-08-29 22:34:31,590 :: INFO :: Control node : stop of the experiment
2021-08-29 22:34:31,597 :: INFO :: Control node : profile configuration
2021-08-29 22:34:31,607 :: INFO :: Configure profile on Control Node
2021-08-29 22:34:31,679 :: INFO :: Control node : start power of open node
2021-08-29 22:34:31,723 :: INFO :: Node OpenOCD: teardown of openocd node
2021-08-29 22:34:34,780 :: INFO :: openocd node debugger stop
2021-08-29 22:34:35,373 :: INFO :: Node OpenOCD: flash of openocd node
2021-08-29 22:34:35,387 :: INFO :: Flash firmware on OpenOCD: /usr/lib/python2.7/site-packages/gateway_code/static/m3_idle.elf
2021-08-29 22:34:37,963 :: INFO :: Control node : Stop control node serial interface
2021-08-29 22:34:37,968 :: INFO :: Control node : stop power of open node
2021-08-29 22:34:38,021 :: INFO :: Control node : reset
2021-08-29 22:34:38,025 :: INFO :: Reset Control Node
2021-08-29 22:34:40,954 :: INFO :: Stop experiment succeeded
