2021-08-29 21:33:12,528 :: INFO :: Start experiment: luna-275701
2021-08-29 21:33:12,532 :: INFO :: Control node : Starting of control node serial interface
2021-08-29 21:33:12,535 :: INFO :: Control node : reset
2021-08-29 21:33:12,537 :: INFO :: Reset Control Node
2021-08-29 21:33:15,494 :: INFO :: Control node : start power of open node
2021-08-29 21:33:15,549 :: INFO :: Node OpenOCD: Setup of openocd node
2021-08-29 21:33:18,600 :: INFO :: Node OpenOCD: flash of openocd node
2021-08-29 21:33:18,616 :: INFO :: Flash firmware on OpenOCD: /tmp/tmpNiae05--07af995c71c4c03e0b354753e4bf4313_unicast-sender-count-30T-191B.iotlab-m3
2021-08-29 21:33:25,584 :: INFO :: Control node : Start experiment
2021-08-29 21:33:25,631 :: INFO :: Control Node set time delay: 1709 us
2021-08-29 21:33:25,664 :: INFO :: Control node : profile configuration
2021-08-29 21:33:25,667 :: INFO :: Configure profile on Control Node
2021-08-29 21:33:25,707 :: INFO :: Start experiment succeeded
2021-08-29 22:34:31,602 :: INFO :: Gateway Manager : Stop experiment
2021-08-29 22:34:31,611 :: INFO :: Stop experiment
2021-08-29 22:34:31,618 :: INFO :: Control node : stop of the experiment
2021-08-29 22:34:31,625 :: INFO :: Control node : profile configuration
2021-08-29 22:34:31,632 :: INFO :: Configure profile on Control Node
2021-08-29 22:34:31,702 :: INFO :: Control node : start power of open node
2021-08-29 22:34:31,743 :: INFO :: Node OpenOCD: teardown of openocd node
2021-08-29 22:34:34,784 :: INFO :: openocd node debugger stop
2021-08-29 22:34:35,444 :: INFO :: Node OpenOCD: flash of openocd node
2021-08-29 22:34:35,451 :: INFO :: Flash firmware on OpenOCD: /usr/lib/python2.7/site-packages/gateway_code/static/m3_idle.elf
2021-08-29 22:34:37,905 :: INFO :: Control node : Stop control node serial interface
2021-08-29 22:34:37,913 :: INFO :: Control node : stop power of open node
2021-08-29 22:34:37,982 :: INFO :: Control node : reset
2021-08-29 22:34:37,988 :: INFO :: Reset Control Node
2021-08-29 22:34:40,832 :: INFO :: Stop experiment succeeded
