2021-08-29 21:33:12,500 :: INFO :: Start experiment: luna-275701
2021-08-29 21:33:12,504 :: INFO :: Control node : Starting of control node serial interface
2021-08-29 21:33:12,507 :: INFO :: Control node : reset
2021-08-29 21:33:12,509 :: INFO :: Reset Control Node
2021-08-29 21:33:15,399 :: INFO :: Control node : start power of open node
2021-08-29 21:33:15,415 :: INFO :: Node OpenOCD: Setup of openocd node
2021-08-29 21:33:18,455 :: INFO :: Node OpenOCD: flash of openocd node
2021-08-29 21:33:18,472 :: INFO :: Flash firmware on OpenOCD: /tmp/tmpnrfo_g--07af995c71c4c03e0b354753e4bf4313_unicast-sender-count-30T-191B.iotlab-m3
2021-08-29 21:33:25,366 :: INFO :: Control node : Start experiment
2021-08-29 21:33:25,441 :: INFO :: Control Node set time delay: 1709 us
2021-08-29 21:33:25,474 :: INFO :: Control node : profile configuration
2021-08-29 21:33:25,481 :: INFO :: Configure profile on Control Node
2021-08-29 21:33:25,560 :: INFO :: Start experiment succeeded
2021-08-29 22:34:31,601 :: INFO :: Gateway Manager : Stop experiment
2021-08-29 22:34:31,610 :: INFO :: Stop experiment
2021-08-29 22:34:31,618 :: INFO :: Control node : stop of the experiment
2021-08-29 22:34:31,626 :: INFO :: Control node : profile configuration
2021-08-29 22:34:31,633 :: INFO :: Configure profile on Control Node
2021-08-29 22:34:31,706 :: INFO :: Control node : start power of open node
2021-08-29 22:34:31,750 :: INFO :: Node OpenOCD: teardown of openocd node
2021-08-29 22:34:34,799 :: INFO :: openocd node debugger stop
2021-08-29 22:34:35,483 :: INFO :: Node OpenOCD: flash of openocd node
2021-08-29 22:34:35,490 :: INFO :: Flash firmware on OpenOCD: /usr/lib/python2.7/site-packages/gateway_code/static/m3_idle.elf
2021-08-29 22:34:37,947 :: INFO :: Control node : Stop control node serial interface
2021-08-29 22:34:37,956 :: INFO :: Control node : stop power of open node
2021-08-29 22:34:38,039 :: INFO :: Control node : reset
2021-08-29 22:34:38,045 :: INFO :: Reset Control Node
2021-08-29 22:34:40,936 :: INFO :: Stop experiment succeeded
