2021-08-29 21:33:12,503 :: INFO :: Start experiment: luna-275701
2021-08-29 21:33:12,506 :: INFO :: Control node : Starting of control node serial interface
2021-08-29 21:33:12,509 :: INFO :: Control node : reset
2021-08-29 21:33:12,512 :: INFO :: Reset Control Node
2021-08-29 21:33:15,468 :: INFO :: Control node : start power of open node
2021-08-29 21:33:15,526 :: INFO :: Node OpenOCD: Setup of openocd node
2021-08-29 21:33:18,567 :: INFO :: Node OpenOCD: flash of openocd node
2021-08-29 21:33:18,582 :: INFO :: Flash firmware on OpenOCD: /tmp/tmp2rpVnQ--07af995c71c4c03e0b354753e4bf4313_unicast-sender-count-30T-191B.iotlab-m3
2021-08-29 21:33:25,596 :: INFO :: Control node : Start experiment
2021-08-29 21:33:25,646 :: INFO :: Control Node set time delay: 1404 us
2021-08-29 21:33:25,665 :: INFO :: Control node : profile configuration
2021-08-29 21:33:25,669 :: INFO :: Configure profile on Control Node
2021-08-29 21:33:25,710 :: INFO :: Start experiment succeeded
2021-08-29 22:34:31,566 :: INFO :: Gateway Manager : Stop experiment
2021-08-29 22:34:31,575 :: INFO :: Stop experiment
2021-08-29 22:34:31,585 :: INFO :: Control node : stop of the experiment
2021-08-29 22:34:31,592 :: INFO :: Control node : profile configuration
2021-08-29 22:34:31,599 :: INFO :: Configure profile on Control Node
2021-08-29 22:34:31,674 :: INFO :: Control node : start power of open node
2021-08-29 22:34:31,719 :: INFO :: Node OpenOCD: teardown of openocd node
2021-08-29 22:34:34,756 :: INFO :: openocd node debugger stop
2021-08-29 22:34:35,436 :: INFO :: Node OpenOCD: flash of openocd node
2021-08-29 22:34:35,450 :: INFO :: Flash firmware on OpenOCD: /usr/lib/python2.7/site-packages/gateway_code/static/m3_idle.elf
2021-08-29 22:34:38,068 :: INFO :: Control node : Stop control node serial interface
2021-08-29 22:34:38,076 :: INFO :: Control node : stop power of open node
2021-08-29 22:34:38,155 :: INFO :: Control node : reset
2021-08-29 22:34:38,162 :: INFO :: Reset Control Node
2021-08-29 22:34:41,049 :: INFO :: Stop experiment succeeded
