2021-08-29 21:33:12,429 :: INFO :: Start experiment: luna-275701
2021-08-29 21:33:12,433 :: INFO :: Control node : Starting of control node serial interface
2021-08-29 21:33:12,435 :: INFO :: Control node : reset
2021-08-29 21:33:12,438 :: INFO :: Reset Control Node
2021-08-29 21:33:15,391 :: INFO :: Control node : start power of open node
2021-08-29 21:33:15,448 :: INFO :: Node OpenOCD: Setup of openocd node
2021-08-29 21:33:18,487 :: INFO :: Node OpenOCD: flash of openocd node
2021-08-29 21:33:18,502 :: INFO :: Flash firmware on OpenOCD: /tmp/tmp6u7Qza--07af995c71c4c03e0b354753e4bf4313_unicast-sender-count-30T-191B.iotlab-m3
2021-08-29 21:33:25,399 :: INFO :: Control node : Start experiment
2021-08-29 21:33:25,444 :: INFO :: Control Node set time delay: 1739 us
2021-08-29 21:33:25,477 :: INFO :: Control node : profile configuration
2021-08-29 21:33:25,484 :: INFO :: Configure profile on Control Node
2021-08-29 21:33:25,562 :: INFO :: Start experiment succeeded
2021-08-29 22:34:31,592 :: INFO :: Gateway Manager : Stop experiment
2021-08-29 22:34:31,606 :: INFO :: Stop experiment
2021-08-29 22:34:31,615 :: INFO :: Control node : stop of the experiment
2021-08-29 22:34:31,622 :: INFO :: Control node : profile configuration
2021-08-29 22:34:31,629 :: INFO :: Configure profile on Control Node
2021-08-29 22:34:31,703 :: INFO :: Control node : start power of open node
2021-08-29 22:34:31,747 :: INFO :: Node OpenOCD: teardown of openocd node
2021-08-29 22:34:34,796 :: INFO :: openocd node debugger stop
2021-08-29 22:34:35,491 :: INFO :: Node OpenOCD: flash of openocd node
2021-08-29 22:34:35,505 :: INFO :: Flash firmware on OpenOCD: /usr/lib/python2.7/site-packages/gateway_code/static/m3_idle.elf
2021-08-29 22:34:38,021 :: INFO :: Control node : Stop control node serial interface
2021-08-29 22:34:38,029 :: INFO :: Control node : stop power of open node
2021-08-29 22:34:38,113 :: INFO :: Control node : reset
2021-08-29 22:34:38,119 :: INFO :: Reset Control Node
2021-08-29 22:34:41,008 :: INFO :: Stop experiment succeeded
