2021-08-29 21:33:12,532 :: INFO :: Start experiment: luna-275701
2021-08-29 21:33:12,536 :: INFO :: Control node : Starting of control node serial interface
2021-08-29 21:33:12,539 :: INFO :: Control node : reset
2021-08-29 21:33:12,542 :: INFO :: Reset Control Node
2021-08-29 21:33:15,497 :: INFO :: Control node : start power of open node
2021-08-29 21:33:15,554 :: INFO :: Node OpenOCD: Setup of openocd node
2021-08-29 21:33:18,596 :: INFO :: Node OpenOCD: flash of openocd node
2021-08-29 21:33:18,611 :: INFO :: Flash firmware on OpenOCD: /tmp/tmplRQmna--07af995c71c4c03e0b354753e4bf4313_unicast-sender-count-30T-191B.iotlab-m3
2021-08-29 21:33:25,570 :: INFO :: Control node : Start experiment
2021-08-29 21:33:25,617 :: INFO :: Control Node set time delay: 1617 us
2021-08-29 21:33:25,648 :: INFO :: Control node : profile configuration
2021-08-29 21:33:25,651 :: INFO :: Configure profile on Control Node
2021-08-29 21:33:25,691 :: INFO :: Start experiment succeeded
2021-08-29 22:34:31,604 :: INFO :: Gateway Manager : Stop experiment
2021-08-29 22:34:31,614 :: INFO :: Stop experiment
2021-08-29 22:34:31,623 :: INFO :: Control node : stop of the experiment
2021-08-29 22:34:31,630 :: INFO :: Control node : profile configuration
2021-08-29 22:34:31,637 :: INFO :: Configure profile on Control Node
2021-08-29 22:34:31,710 :: INFO :: Control node : start power of open node
2021-08-29 22:34:31,754 :: INFO :: Node OpenOCD: teardown of openocd node
2021-08-29 22:34:34,789 :: INFO :: openocd node debugger stop
2021-08-29 22:34:35,476 :: INFO :: Node OpenOCD: flash of openocd node
2021-08-29 22:34:35,491 :: INFO :: Flash firmware on OpenOCD: /usr/lib/python2.7/site-packages/gateway_code/static/m3_idle.elf
2021-08-29 22:34:38,059 :: INFO :: Control node : Stop control node serial interface
2021-08-29 22:34:38,069 :: INFO :: Control node : stop power of open node
2021-08-29 22:34:38,143 :: INFO :: Control node : reset
2021-08-29 22:34:38,150 :: INFO :: Reset Control Node
2021-08-29 22:34:41,033 :: INFO :: Stop experiment succeeded
