2021-08-29 21:33:12,432 :: INFO :: Start experiment: luna-275701
2021-08-29 21:33:12,435 :: INFO :: Control node : Starting of control node serial interface
2021-08-29 21:33:12,438 :: INFO :: Control node : reset
2021-08-29 21:33:12,441 :: INFO :: Reset Control Node
2021-08-29 21:33:15,392 :: INFO :: Control node : start power of open node
2021-08-29 21:33:15,446 :: INFO :: Node OpenOCD: Setup of openocd node
2021-08-29 21:33:18,495 :: INFO :: Node OpenOCD: flash of openocd node
2021-08-29 21:33:18,510 :: INFO :: Flash firmware on OpenOCD: /tmp/tmpeZ0FGa--07af995c71c4c03e0b354753e4bf4313_unicast-sender-count-30T-191B.iotlab-m3
2021-08-29 21:33:25,404 :: INFO :: Control node : Start experiment
2021-08-29 21:33:25,478 :: INFO :: Control Node set time delay: 1800 us
2021-08-29 21:33:25,500 :: INFO :: Control node : profile configuration
2021-08-29 21:33:25,506 :: INFO :: Configure profile on Control Node
2021-08-29 21:33:25,584 :: INFO :: Start experiment succeeded
2021-08-29 22:34:31,566 :: INFO :: Gateway Manager : Stop experiment
2021-08-29 22:34:31,576 :: INFO :: Stop experiment
2021-08-29 22:34:31,584 :: INFO :: Control node : stop of the experiment
2021-08-29 22:34:31,592 :: INFO :: Control node : profile configuration
2021-08-29 22:34:31,599 :: INFO :: Configure profile on Control Node
2021-08-29 22:34:31,675 :: INFO :: Control node : start power of open node
2021-08-29 22:34:31,719 :: INFO :: Node OpenOCD: teardown of openocd node
2021-08-29 22:34:34,779 :: INFO :: openocd node debugger stop
2021-08-29 22:34:35,458 :: INFO :: Node OpenOCD: flash of openocd node
2021-08-29 22:34:35,465 :: INFO :: Flash firmware on OpenOCD: /usr/lib/python2.7/site-packages/gateway_code/static/m3_idle.elf
2021-08-29 22:34:38,024 :: INFO :: Control node : Stop control node serial interface
2021-08-29 22:34:38,033 :: INFO :: Control node : stop power of open node
2021-08-29 22:34:38,104 :: INFO :: Control node : reset
2021-08-29 22:34:38,111 :: INFO :: Reset Control Node
2021-08-29 22:34:41,000 :: INFO :: Stop experiment succeeded
