2021-08-29 21:33:12,512 :: INFO :: Start experiment: luna-275701
2021-08-29 21:33:12,516 :: INFO :: Control node : Starting of control node serial interface
2021-08-29 21:33:12,518 :: INFO :: Control node : reset
2021-08-29 21:33:12,521 :: INFO :: Reset Control Node
2021-08-29 21:33:15,477 :: INFO :: Control node : start power of open node
2021-08-29 21:33:15,534 :: INFO :: Node OpenOCD: Setup of openocd node
2021-08-29 21:33:18,573 :: INFO :: Node OpenOCD: flash of openocd node
2021-08-29 21:33:18,588 :: INFO :: Flash firmware on OpenOCD: /tmp/tmpkSBQ70--07af995c71c4c03e0b354753e4bf4313_unicast-sender-count-30T-191B.iotlab-m3
2021-08-29 21:33:25,416 :: INFO :: Control node : Start experiment
2021-08-29 21:33:25,472 :: INFO :: Control Node set time delay: 1800 us
2021-08-29 21:33:25,496 :: INFO :: Control node : profile configuration
2021-08-29 21:33:25,503 :: INFO :: Configure profile on Control Node
2021-08-29 21:33:25,583 :: INFO :: Start experiment succeeded
2021-08-29 22:34:31,567 :: INFO :: Gateway Manager : Stop experiment
2021-08-29 22:34:31,577 :: INFO :: Stop experiment
2021-08-29 22:34:31,586 :: INFO :: Control node : stop of the experiment
2021-08-29 22:34:31,593 :: INFO :: Control node : profile configuration
2021-08-29 22:34:31,600 :: INFO :: Configure profile on Control Node
2021-08-29 22:34:31,673 :: INFO :: Control node : start power of open node
2021-08-29 22:34:31,717 :: INFO :: Node OpenOCD: teardown of openocd node
2021-08-29 22:34:34,785 :: INFO :: openocd node debugger stop
2021-08-29 22:34:35,381 :: INFO :: Node OpenOCD: flash of openocd node
2021-08-29 22:34:35,388 :: INFO :: Flash firmware on OpenOCD: /usr/lib/python2.7/site-packages/gateway_code/static/m3_idle.elf
2021-08-29 22:34:37,893 :: INFO :: Control node : Stop control node serial interface
2021-08-29 22:34:37,898 :: INFO :: Control node : stop power of open node
2021-08-29 22:34:37,949 :: INFO :: Control node : reset
2021-08-29 22:34:37,956 :: INFO :: Reset Control Node
2021-08-29 22:34:40,845 :: INFO :: Stop experiment succeeded
