2021-08-31 05:32:52,147 :: INFO :: Start experiment: luna-275842
2021-08-31 05:32:52,150 :: INFO :: Control node : Starting of control node serial interface
2021-08-31 05:32:52,153 :: INFO :: Control node : reset
2021-08-31 05:32:52,156 :: INFO :: Reset Control Node
2021-08-31 05:32:55,116 :: INFO :: Control node : start power of open node
2021-08-31 05:32:55,173 :: INFO :: Node OpenOCD: Setup of openocd node
2021-08-31 05:32:58,218 :: INFO :: Node OpenOCD: flash of openocd node
2021-08-31 05:32:58,233 :: INFO :: Flash firmware on OpenOCD: /tmp/tmpsiNCHK--11b39be0afbe655a47f82e084cf5704d_unicast-sender-count-60T-191B.iotlab-m3
2021-08-31 05:33:05,155 :: INFO :: Control node : Start experiment
2021-08-31 05:33:05,243 :: INFO :: Control Node set time delay: 1648 us
2021-08-31 05:33:05,265 :: INFO :: Control node : profile configuration
2021-08-31 05:33:05,272 :: INFO :: Configure profile on Control Node
2021-08-31 05:33:05,351 :: INFO :: Start experiment succeeded
2021-08-31 06:34:11,140 :: INFO :: Gateway Manager : Stop experiment
2021-08-31 06:34:11,151 :: INFO :: Stop experiment
2021-08-31 06:34:11,160 :: INFO :: Control node : stop of the experiment
2021-08-31 06:34:11,167 :: INFO :: Control node : profile configuration
2021-08-31 06:34:11,177 :: INFO :: Configure profile on Control Node
2021-08-31 06:34:11,249 :: INFO :: Control node : start power of open node
2021-08-31 06:34:11,293 :: INFO :: Node OpenOCD: teardown of openocd node
2021-08-31 06:34:14,347 :: INFO :: openocd node debugger stop
2021-08-31 06:34:15,043 :: INFO :: Node OpenOCD: flash of openocd node
2021-08-31 06:34:15,057 :: INFO :: Flash firmware on OpenOCD: /usr/lib/python2.7/site-packages/gateway_code/static/m3_idle.elf
2021-08-31 06:34:17,631 :: INFO :: Control node : Stop control node serial interface
2021-08-31 06:34:17,640 :: INFO :: Control node : stop power of open node
2021-08-31 06:34:17,717 :: INFO :: Control node : reset
2021-08-31 06:34:17,724 :: INFO :: Reset Control Node
2021-08-31 06:34:20,615 :: INFO :: Stop experiment succeeded
