2021-08-31 05:32:52,135 :: INFO :: Start experiment: luna-275842
2021-08-31 05:32:52,138 :: INFO :: Control node : Starting of control node serial interface
2021-08-31 05:32:52,141 :: INFO :: Control node : reset
2021-08-31 05:32:52,144 :: INFO :: Reset Control Node
2021-08-31 05:32:55,080 :: INFO :: Control node : start power of open node
2021-08-31 05:32:55,095 :: INFO :: Node OpenOCD: Setup of openocd node
2021-08-31 05:32:58,126 :: INFO :: Node OpenOCD: flash of openocd node
2021-08-31 05:32:58,143 :: INFO :: Flash firmware on OpenOCD: /tmp/tmpOwui2f--11b39be0afbe655a47f82e084cf5704d_unicast-sender-count-60T-191B.iotlab-m3
2021-08-31 05:33:05,113 :: INFO :: Control node : Start experiment
2021-08-31 05:33:05,140 :: INFO :: Control Node set time delay: 1312 us
2021-08-31 05:33:05,157 :: INFO :: Control node : profile configuration
2021-08-31 05:33:05,161 :: INFO :: Configure profile on Control Node
2021-08-31 05:33:05,204 :: INFO :: Start experiment succeeded
2021-08-31 06:34:11,139 :: INFO :: Gateway Manager : Stop experiment
2021-08-31 06:34:11,149 :: INFO :: Stop experiment
2021-08-31 06:34:11,157 :: INFO :: Control node : stop of the experiment
2021-08-31 06:34:11,164 :: INFO :: Control node : profile configuration
2021-08-31 06:34:11,173 :: INFO :: Configure profile on Control Node
2021-08-31 06:34:11,238 :: INFO :: Control node : start power of open node
2021-08-31 06:34:11,278 :: INFO :: Node OpenOCD: teardown of openocd node
2021-08-31 06:34:14,341 :: INFO :: openocd node debugger stop
2021-08-31 06:34:15,021 :: INFO :: Node OpenOCD: flash of openocd node
2021-08-31 06:34:15,028 :: INFO :: Flash firmware on OpenOCD: /usr/lib/python2.7/site-packages/gateway_code/static/m3_idle.elf
2021-08-31 06:34:17,530 :: INFO :: Control node : Stop control node serial interface
2021-08-31 06:34:17,535 :: INFO :: Control node : stop power of open node
2021-08-31 06:34:17,587 :: INFO :: Control node : reset
2021-08-31 06:34:17,591 :: INFO :: Reset Control Node
2021-08-31 06:34:20,477 :: INFO :: Stop experiment succeeded
