2021-08-31 05:32:52,161 :: INFO :: Start experiment: luna-275842
2021-08-31 05:32:52,165 :: INFO :: Control node : Starting of control node serial interface
2021-08-31 05:32:52,168 :: INFO :: Control node : reset
2021-08-31 05:32:52,170 :: INFO :: Reset Control Node
2021-08-31 05:32:55,131 :: INFO :: Control node : start power of open node
2021-08-31 05:32:55,186 :: INFO :: Node OpenOCD: Setup of openocd node
2021-08-31 05:32:58,231 :: INFO :: Node OpenOCD: flash of openocd node
2021-08-31 05:32:58,246 :: INFO :: Flash firmware on OpenOCD: /tmp/tmpqewwHT--ddd0625ff8382e7208c25657471d6a4a_unicast-receiver-count.iotlab-m3
2021-08-31 05:33:04,769 :: INFO :: Control node : Start experiment
2021-08-31 05:33:04,832 :: INFO :: Control Node set time delay: 1770 us
2021-08-31 05:33:04,865 :: INFO :: Control node : profile configuration
2021-08-31 05:33:04,872 :: INFO :: Configure profile on Control Node
2021-08-31 05:33:04,950 :: INFO :: Start experiment succeeded
2021-08-31 06:34:11,176 :: INFO :: Gateway Manager : Stop experiment
2021-08-31 06:34:11,194 :: INFO :: Stop experiment
2021-08-31 06:34:11,211 :: INFO :: Control node : stop of the experiment
2021-08-31 06:34:11,231 :: INFO :: Control node : profile configuration
2021-08-31 06:34:11,245 :: INFO :: Configure profile on Control Node
2021-08-31 06:34:11,400 :: INFO :: Control node : start power of open node
2021-08-31 06:34:11,425 :: INFO :: Node OpenOCD: teardown of openocd node
2021-08-31 06:34:14,457 :: INFO :: openocd node debugger stop
2021-08-31 06:34:15,144 :: INFO :: Node OpenOCD: flash of openocd node
2021-08-31 06:34:15,159 :: INFO :: Flash firmware on OpenOCD: /usr/lib/python2.7/site-packages/gateway_code/static/m3_idle.elf
2021-08-31 06:34:17,725 :: INFO :: Control node : Stop control node serial interface
2021-08-31 06:34:17,734 :: INFO :: Control node : stop power of open node
2021-08-31 06:34:17,801 :: INFO :: Control node : reset
2021-08-31 06:34:17,807 :: INFO :: Reset Control Node
2021-08-31 06:34:20,701 :: INFO :: Stop experiment succeeded
