2021-08-31 05:32:52,130 :: INFO :: Start experiment: luna-275842
2021-08-31 05:32:52,133 :: INFO :: Control node : Starting of control node serial interface
2021-08-31 05:32:52,136 :: INFO :: Control node : reset
2021-08-31 05:32:52,139 :: INFO :: Reset Control Node
2021-08-31 05:32:55,045 :: INFO :: Control node : start power of open node
2021-08-31 05:32:55,102 :: INFO :: Node OpenOCD: Setup of openocd node
2021-08-31 05:32:58,152 :: INFO :: Node OpenOCD: flash of openocd node
2021-08-31 05:32:58,170 :: INFO :: Flash firmware on OpenOCD: /tmp/tmpvn2q9u--11b39be0afbe655a47f82e084cf5704d_unicast-sender-count-60T-191B.iotlab-m3
2021-08-31 05:33:05,069 :: INFO :: Control node : Start experiment
2021-08-31 05:33:05,148 :: INFO :: Control Node set time delay: 1526 us
2021-08-31 05:33:05,181 :: INFO :: Control node : profile configuration
2021-08-31 05:33:05,187 :: INFO :: Configure profile on Control Node
2021-08-31 05:33:05,264 :: INFO :: Start experiment succeeded
2021-08-31 06:34:11,171 :: INFO :: Gateway Manager : Stop experiment
2021-08-31 06:34:11,182 :: INFO :: Stop experiment
2021-08-31 06:34:11,190 :: INFO :: Control node : stop of the experiment
2021-08-31 06:34:11,198 :: INFO :: Control node : profile configuration
2021-08-31 06:34:11,208 :: INFO :: Configure profile on Control Node
2021-08-31 06:34:11,279 :: INFO :: Control node : start power of open node
2021-08-31 06:34:11,323 :: INFO :: Node OpenOCD: teardown of openocd node
2021-08-31 06:34:14,373 :: INFO :: openocd node debugger stop
2021-08-31 06:34:15,051 :: INFO :: Node OpenOCD: flash of openocd node
2021-08-31 06:34:15,058 :: INFO :: Flash firmware on OpenOCD: /usr/lib/python2.7/site-packages/gateway_code/static/m3_idle.elf
2021-08-31 06:34:17,567 :: INFO :: Control node : Stop control node serial interface
2021-08-31 06:34:17,572 :: INFO :: Control node : stop power of open node
2021-08-31 06:34:17,625 :: INFO :: Control node : reset
2021-08-31 06:34:17,629 :: INFO :: Reset Control Node
2021-08-31 06:34:20,558 :: INFO :: Stop experiment succeeded
