2021-08-31 05:32:52,145 :: INFO :: Start experiment: luna-275842
2021-08-31 05:32:52,149 :: INFO :: Control node : Starting of control node serial interface
2021-08-31 05:32:52,152 :: INFO :: Control node : reset
2021-08-31 05:32:52,154 :: INFO :: Reset Control Node
2021-08-31 05:32:55,111 :: INFO :: Control node : start power of open node
2021-08-31 05:32:55,170 :: INFO :: Node OpenOCD: Setup of openocd node
2021-08-31 05:32:58,221 :: INFO :: Node OpenOCD: flash of openocd node
2021-08-31 05:32:58,236 :: INFO :: Flash firmware on OpenOCD: /tmp/tmp1HP7iq--11b39be0afbe655a47f82e084cf5704d_unicast-sender-count-60T-191B.iotlab-m3
2021-08-31 05:33:05,074 :: INFO :: Control node : Start experiment
2021-08-31 05:33:05,127 :: INFO :: Control Node set time delay: 1190 us
2021-08-31 05:33:05,159 :: INFO :: Control node : profile configuration
2021-08-31 05:33:05,165 :: INFO :: Configure profile on Control Node
2021-08-31 05:33:05,244 :: INFO :: Start experiment succeeded
2021-08-31 06:34:11,170 :: INFO :: Gateway Manager : Stop experiment
2021-08-31 06:34:11,179 :: INFO :: Stop experiment
2021-08-31 06:34:11,187 :: INFO :: Control node : stop of the experiment
2021-08-31 06:34:11,195 :: INFO :: Control node : profile configuration
2021-08-31 06:34:11,202 :: INFO :: Configure profile on Control Node
2021-08-31 06:34:11,276 :: INFO :: Control node : start power of open node
2021-08-31 06:34:11,320 :: INFO :: Node OpenOCD: teardown of openocd node
2021-08-31 06:34:14,371 :: INFO :: openocd node debugger stop
2021-08-31 06:34:15,067 :: INFO :: Node OpenOCD: flash of openocd node
2021-08-31 06:34:15,082 :: INFO :: Flash firmware on OpenOCD: /usr/lib/python2.7/site-packages/gateway_code/static/m3_idle.elf
2021-08-31 06:34:17,701 :: INFO :: Control node : Stop control node serial interface
2021-08-31 06:34:17,710 :: INFO :: Control node : stop power of open node
2021-08-31 06:34:17,780 :: INFO :: Control node : reset
2021-08-31 06:34:17,786 :: INFO :: Reset Control Node
2021-08-31 06:34:20,678 :: INFO :: Stop experiment succeeded
