2021-08-31 05:32:52,142 :: INFO :: Start experiment: luna-275842
2021-08-31 05:32:52,146 :: INFO :: Control node : Starting of control node serial interface
2021-08-31 05:32:52,149 :: INFO :: Control node : reset
2021-08-31 05:32:52,151 :: INFO :: Reset Control Node
2021-08-31 05:32:55,063 :: INFO :: Control node : start power of open node
2021-08-31 05:32:55,092 :: INFO :: Node OpenOCD: Setup of openocd node
2021-08-31 05:32:58,129 :: INFO :: Node OpenOCD: flash of openocd node
2021-08-31 05:32:58,144 :: INFO :: Flash firmware on OpenOCD: /tmp/tmpJlezih--11b39be0afbe655a47f82e084cf5704d_unicast-sender-count-60T-191B.iotlab-m3
2021-08-31 05:33:05,095 :: INFO :: Control node : Start experiment
2021-08-31 05:33:05,146 :: INFO :: Control Node set time delay: 1526 us
2021-08-31 05:33:05,164 :: INFO :: Control node : profile configuration
2021-08-31 05:33:05,167 :: INFO :: Configure profile on Control Node
2021-08-31 05:33:05,208 :: INFO :: Start experiment succeeded
2021-08-31 06:34:11,147 :: INFO :: Gateway Manager : Stop experiment
2021-08-31 06:34:11,157 :: INFO :: Stop experiment
2021-08-31 06:34:11,166 :: INFO :: Control node : stop of the experiment
2021-08-31 06:34:11,174 :: INFO :: Control node : profile configuration
2021-08-31 06:34:11,181 :: INFO :: Configure profile on Control Node
2021-08-31 06:34:11,254 :: INFO :: Control node : start power of open node
2021-08-31 06:34:11,296 :: INFO :: Node OpenOCD: teardown of openocd node
2021-08-31 06:34:14,346 :: INFO :: openocd node debugger stop
2021-08-31 06:34:15,031 :: INFO :: Node OpenOCD: flash of openocd node
2021-08-31 06:34:15,038 :: INFO :: Flash firmware on OpenOCD: /usr/lib/python2.7/site-packages/gateway_code/static/m3_idle.elf
2021-08-31 06:34:17,546 :: INFO :: Control node : Stop control node serial interface
2021-08-31 06:34:17,555 :: INFO :: Control node : stop power of open node
2021-08-31 06:34:17,631 :: INFO :: Control node : reset
2021-08-31 06:34:17,637 :: INFO :: Reset Control Node
2021-08-31 06:34:20,530 :: INFO :: Stop experiment succeeded
