2021-08-28 03:11:48,431 :: INFO :: Start experiment: luna-275608
2021-08-28 03:11:48,434 :: INFO :: Control node : Starting of control node serial interface
2021-08-28 03:11:48,437 :: INFO :: Control node : reset
2021-08-28 03:11:48,440 :: INFO :: Reset Control Node
2021-08-28 03:11:51,390 :: INFO :: Control node : start power of open node
2021-08-28 03:11:51,406 :: INFO :: Node OpenOCD: Setup of openocd node
2021-08-28 03:11:54,437 :: INFO :: Node OpenOCD: flash of openocd node
2021-08-28 03:11:54,455 :: INFO :: Flash firmware on OpenOCD: /tmp/tmpSZAmCE--93e977ac3781fe5042fd86dcc34ed19b_unicast-sender-count-10T-100B.iotlab-m3
2021-08-28 03:12:01,468 :: INFO :: Control node : Start experiment
2021-08-28 03:12:01,524 :: INFO :: Control Node set time delay: 1953 us
2021-08-28 03:12:01,555 :: INFO :: Control node : profile configuration
2021-08-28 03:12:01,558 :: INFO :: Configure profile on Control Node
2021-08-28 03:12:01,598 :: INFO :: Start experiment succeeded
2021-08-28 04:13:07,506 :: INFO :: Gateway Manager : Stop experiment
2021-08-28 04:13:07,514 :: INFO :: Stop experiment
2021-08-28 04:13:07,523 :: INFO :: Control node : stop of the experiment
2021-08-28 04:13:07,530 :: INFO :: Control node : profile configuration
2021-08-28 04:13:07,537 :: INFO :: Configure profile on Control Node
2021-08-28 04:13:07,611 :: INFO :: Control node : start power of open node
2021-08-28 04:13:07,653 :: INFO :: Node OpenOCD: teardown of openocd node
2021-08-28 04:13:10,716 :: INFO :: openocd node debugger stop
2021-08-28 04:13:11,403 :: INFO :: Node OpenOCD: flash of openocd node
2021-08-28 04:13:11,418 :: INFO :: Flash firmware on OpenOCD: /usr/lib/python2.7/site-packages/gateway_code/static/m3_idle.elf
2021-08-28 04:13:14,030 :: INFO :: Control node : Stop control node serial interface
2021-08-28 04:13:14,034 :: INFO :: Control node : stop power of open node
2021-08-28 04:13:14,075 :: INFO :: Control node : reset
2021-08-28 04:13:14,082 :: INFO :: Reset Control Node
2021-08-28 04:13:16,969 :: INFO :: Stop experiment succeeded
