2021-08-28 03:11:48,407 :: INFO :: Start experiment: luna-275608
2021-08-28 03:11:48,411 :: INFO :: Control node : Starting of control node serial interface
2021-08-28 03:11:48,414 :: INFO :: Control node : reset
2021-08-28 03:11:48,417 :: INFO :: Reset Control Node
2021-08-28 03:11:51,372 :: INFO :: Control node : start power of open node
2021-08-28 03:11:51,427 :: INFO :: Node OpenOCD: Setup of openocd node
2021-08-28 03:11:54,468 :: INFO :: Node OpenOCD: flash of openocd node
2021-08-28 03:11:54,483 :: INFO :: Flash firmware on OpenOCD: /tmp/tmpHXZ9YA--93e977ac3781fe5042fd86dcc34ed19b_unicast-sender-count-10T-100B.iotlab-m3
2021-08-28 03:12:01,374 :: INFO :: Control node : Start experiment
2021-08-28 03:12:01,440 :: INFO :: Control Node set time delay: 1862 us
2021-08-28 03:12:01,461 :: INFO :: Control node : profile configuration
2021-08-28 03:12:01,470 :: INFO :: Configure profile on Control Node
2021-08-28 03:12:01,552 :: INFO :: Start experiment succeeded
2021-08-28 04:13:07,511 :: INFO :: Gateway Manager : Stop experiment
2021-08-28 04:13:07,527 :: INFO :: Stop experiment
2021-08-28 04:13:07,532 :: INFO :: Control node : stop of the experiment
2021-08-28 04:13:07,535 :: INFO :: Control node : profile configuration
2021-08-28 04:13:07,538 :: INFO :: Configure profile on Control Node
2021-08-28 04:13:07,575 :: INFO :: Control node : start power of open node
2021-08-28 04:13:07,599 :: INFO :: Node OpenOCD: teardown of openocd node
2021-08-28 04:13:10,637 :: INFO :: openocd node debugger stop
2021-08-28 04:13:11,322 :: INFO :: Node OpenOCD: flash of openocd node
2021-08-28 04:13:11,329 :: INFO :: Flash firmware on OpenOCD: /usr/lib/python2.7/site-packages/gateway_code/static/m3_idle.elf
2021-08-28 04:13:13,834 :: INFO :: Control node : Stop control node serial interface
2021-08-28 04:13:13,843 :: INFO :: Control node : stop power of open node
2021-08-28 04:13:13,932 :: INFO :: Control node : reset
2021-08-28 04:13:13,938 :: INFO :: Reset Control Node
2021-08-28 04:13:16,831 :: INFO :: Stop experiment succeeded
