2021-08-28 03:11:48,359 :: INFO :: Start experiment: luna-275608
2021-08-28 03:11:48,363 :: INFO :: Control node : Starting of control node serial interface
2021-08-28 03:11:48,366 :: INFO :: Control node : reset
2021-08-28 03:11:48,368 :: INFO :: Reset Control Node
2021-08-28 03:11:51,325 :: INFO :: Control node : start power of open node
2021-08-28 03:11:51,380 :: INFO :: Node OpenOCD: Setup of openocd node
2021-08-28 03:11:54,421 :: INFO :: Node OpenOCD: flash of openocd node
2021-08-28 03:11:54,436 :: INFO :: Flash firmware on OpenOCD: /tmp/tmpRHetpX--93e977ac3781fe5042fd86dcc34ed19b_unicast-sender-count-10T-100B.iotlab-m3
2021-08-28 03:12:01,413 :: INFO :: Control node : Start experiment
2021-08-28 03:12:01,456 :: INFO :: Control Node set time delay: 1526 us
2021-08-28 03:12:01,474 :: INFO :: Control node : profile configuration
2021-08-28 03:12:01,478 :: INFO :: Configure profile on Control Node
2021-08-28 03:12:01,521 :: INFO :: Start experiment succeeded
2021-08-28 04:13:07,541 :: INFO :: Gateway Manager : Stop experiment
2021-08-28 04:13:07,551 :: INFO :: Stop experiment
2021-08-28 04:13:07,560 :: INFO :: Control node : stop of the experiment
2021-08-28 04:13:07,567 :: INFO :: Control node : profile configuration
2021-08-28 04:13:07,574 :: INFO :: Configure profile on Control Node
2021-08-28 04:13:07,657 :: INFO :: Control node : start power of open node
2021-08-28 04:13:07,700 :: INFO :: Node OpenOCD: teardown of openocd node
2021-08-28 04:13:10,746 :: INFO :: openocd node debugger stop
2021-08-28 04:13:11,431 :: INFO :: Node OpenOCD: flash of openocd node
2021-08-28 04:13:11,438 :: INFO :: Flash firmware on OpenOCD: /usr/lib/python2.7/site-packages/gateway_code/static/m3_idle.elf
2021-08-28 04:13:13,948 :: INFO :: Control node : Stop control node serial interface
2021-08-28 04:13:13,957 :: INFO :: Control node : stop power of open node
2021-08-28 04:13:14,040 :: INFO :: Control node : reset
2021-08-28 04:13:14,046 :: INFO :: Reset Control Node
2021-08-28 04:13:16,936 :: INFO :: Stop experiment succeeded
