2021-08-28 03:11:48,398 :: INFO :: Start experiment: luna-275608
2021-08-28 03:11:48,401 :: INFO :: Control node : Starting of control node serial interface
2021-08-28 03:11:48,404 :: INFO :: Control node : reset
2021-08-28 03:11:48,406 :: INFO :: Reset Control Node
2021-08-28 03:11:51,412 :: INFO :: Control node : start power of open node
2021-08-28 03:11:51,473 :: INFO :: Node OpenOCD: Setup of openocd node
2021-08-28 03:11:54,512 :: INFO :: Node OpenOCD: flash of openocd node
2021-08-28 03:11:54,526 :: INFO :: Flash firmware on OpenOCD: /tmp/tmpEDP2Wm--93e977ac3781fe5042fd86dcc34ed19b_unicast-sender-count-10T-100B.iotlab-m3
2021-08-28 03:12:01,537 :: INFO :: Control node : Start experiment
2021-08-28 03:12:01,593 :: INFO :: Control Node set time delay: 1191 us
2021-08-28 03:12:01,618 :: INFO :: Control node : profile configuration
2021-08-28 03:12:01,621 :: INFO :: Configure profile on Control Node
2021-08-28 03:12:01,666 :: INFO :: Start experiment succeeded
2021-08-28 04:13:07,519 :: INFO :: Gateway Manager : Stop experiment
2021-08-28 04:13:07,528 :: INFO :: Stop experiment
2021-08-28 04:13:07,537 :: INFO :: Control node : stop of the experiment
2021-08-28 04:13:07,547 :: INFO :: Control node : profile configuration
2021-08-28 04:13:07,553 :: INFO :: Configure profile on Control Node
2021-08-28 04:13:07,621 :: INFO :: Control node : start power of open node
2021-08-28 04:13:07,664 :: INFO :: Node OpenOCD: teardown of openocd node
2021-08-28 04:13:10,706 :: INFO :: openocd node debugger stop
2021-08-28 04:13:11,396 :: INFO :: Node OpenOCD: flash of openocd node
2021-08-28 04:13:11,410 :: INFO :: Flash firmware on OpenOCD: /usr/lib/python2.7/site-packages/gateway_code/static/m3_idle.elf
2021-08-28 04:13:13,976 :: INFO :: Control node : Stop control node serial interface
2021-08-28 04:13:13,985 :: INFO :: Control node : stop power of open node
2021-08-28 04:13:14,062 :: INFO :: Control node : reset
2021-08-28 04:13:14,068 :: INFO :: Reset Control Node
2021-08-28 04:13:16,958 :: INFO :: Stop experiment succeeded
