2021-08-28 03:11:48,402 :: INFO :: Start experiment: luna-275608
2021-08-28 03:11:48,406 :: INFO :: Control node : Starting of control node serial interface
2021-08-28 03:11:48,409 :: INFO :: Control node : reset
2021-08-28 03:11:48,411 :: INFO :: Reset Control Node
2021-08-28 03:11:51,363 :: INFO :: Control node : start power of open node
2021-08-28 03:11:51,418 :: INFO :: Node OpenOCD: Setup of openocd node
2021-08-28 03:11:54,459 :: INFO :: Node OpenOCD: flash of openocd node
2021-08-28 03:11:54,474 :: INFO :: Flash firmware on OpenOCD: /tmp/tmpLJr9fh--93e977ac3781fe5042fd86dcc34ed19b_unicast-sender-count-10T-100B.iotlab-m3
2021-08-28 03:12:01,344 :: INFO :: Control node : Start experiment
2021-08-28 03:12:01,416 :: INFO :: Control Node set time delay: 1435 us
2021-08-28 03:12:01,435 :: INFO :: Control node : profile configuration
2021-08-28 03:12:01,443 :: INFO :: Configure profile on Control Node
2021-08-28 03:12:01,530 :: INFO :: Start experiment succeeded
2021-08-28 04:13:07,546 :: INFO :: Gateway Manager : Stop experiment
2021-08-28 04:13:07,556 :: INFO :: Stop experiment
2021-08-28 04:13:07,564 :: INFO :: Control node : stop of the experiment
2021-08-28 04:13:07,572 :: INFO :: Control node : profile configuration
2021-08-28 04:13:07,579 :: INFO :: Configure profile on Control Node
2021-08-28 04:13:07,652 :: INFO :: Control node : start power of open node
2021-08-28 04:13:07,695 :: INFO :: Node OpenOCD: teardown of openocd node
2021-08-28 04:13:10,741 :: INFO :: openocd node debugger stop
2021-08-28 04:13:11,430 :: INFO :: Node OpenOCD: flash of openocd node
2021-08-28 04:13:11,444 :: INFO :: Flash firmware on OpenOCD: /usr/lib/python2.7/site-packages/gateway_code/static/m3_idle.elf
2021-08-28 04:13:14,004 :: INFO :: Control node : Stop control node serial interface
2021-08-28 04:13:14,009 :: INFO :: Control node : stop power of open node
2021-08-28 04:13:14,060 :: INFO :: Control node : reset
2021-08-28 04:13:14,064 :: INFO :: Reset Control Node
2021-08-28 04:13:16,877 :: INFO :: Stop experiment succeeded
