2021-08-28 03:11:48,346 :: INFO :: Start experiment: luna-275608
2021-08-28 03:11:48,349 :: INFO :: Control node : Starting of control node serial interface
2021-08-28 03:11:48,352 :: INFO :: Control node : reset
2021-08-28 03:11:48,355 :: INFO :: Reset Control Node
2021-08-28 03:11:51,316 :: INFO :: Control node : start power of open node
2021-08-28 03:11:51,375 :: INFO :: Node OpenOCD: Setup of openocd node
2021-08-28 03:11:54,416 :: INFO :: Node OpenOCD: flash of openocd node
2021-08-28 03:11:54,431 :: INFO :: Flash firmware on OpenOCD: /tmp/tmp0BgY1X--93e977ac3781fe5042fd86dcc34ed19b_unicast-sender-count-10T-100B.iotlab-m3
2021-08-28 03:12:01,431 :: INFO :: Control node : Start experiment
2021-08-28 03:12:01,487 :: INFO :: Control Node set time delay: 1190 us
2021-08-28 03:12:01,518 :: INFO :: Control node : profile configuration
2021-08-28 03:12:01,521 :: INFO :: Configure profile on Control Node
2021-08-28 03:12:01,565 :: INFO :: Start experiment succeeded
2021-08-28 04:13:07,499 :: INFO :: Gateway Manager : Stop experiment
2021-08-28 04:13:07,508 :: INFO :: Stop experiment
2021-08-28 04:13:07,517 :: INFO :: Control node : stop of the experiment
2021-08-28 04:13:07,524 :: INFO :: Control node : profile configuration
2021-08-28 04:13:07,531 :: INFO :: Configure profile on Control Node
2021-08-28 04:13:07,605 :: INFO :: Control node : start power of open node
2021-08-28 04:13:07,648 :: INFO :: Node OpenOCD: teardown of openocd node
2021-08-28 04:13:10,723 :: INFO :: openocd node debugger stop
2021-08-28 04:13:11,410 :: INFO :: Node OpenOCD: flash of openocd node
2021-08-28 04:13:11,425 :: INFO :: Flash firmware on OpenOCD: /usr/lib/python2.7/site-packages/gateway_code/static/m3_idle.elf
2021-08-28 04:13:13,940 :: INFO :: Control node : Stop control node serial interface
2021-08-28 04:13:13,949 :: INFO :: Control node : stop power of open node
2021-08-28 04:13:14,024 :: INFO :: Control node : reset
2021-08-28 04:13:14,031 :: INFO :: Reset Control Node
2021-08-28 04:13:16,923 :: INFO :: Stop experiment succeeded
