2021-08-28 03:11:48,452 :: INFO :: Start experiment: luna-275608
2021-08-28 03:11:48,455 :: INFO :: Control node : Starting of control node serial interface
2021-08-28 03:11:48,458 :: INFO :: Control node : reset
2021-08-28 03:11:48,461 :: INFO :: Reset Control Node
2021-08-28 03:11:51,408 :: INFO :: Control node : start power of open node
2021-08-28 03:11:51,464 :: INFO :: Node OpenOCD: Setup of openocd node
2021-08-28 03:11:54,505 :: INFO :: Node OpenOCD: flash of openocd node
2021-08-28 03:11:54,520 :: INFO :: Flash firmware on OpenOCD: /tmp/tmprFMvfd--93e977ac3781fe5042fd86dcc34ed19b_unicast-sender-count-10T-100B.iotlab-m3
2021-08-28 03:12:01,528 :: INFO :: Control node : Start experiment
2021-08-28 03:12:01,584 :: INFO :: Control Node set time delay: 2411 us
2021-08-28 03:12:01,619 :: INFO :: Control node : profile configuration
2021-08-28 03:12:01,623 :: INFO :: Configure profile on Control Node
2021-08-28 03:12:01,667 :: INFO :: Start experiment succeeded
2021-08-28 04:13:07,533 :: INFO :: Gateway Manager : Stop experiment
2021-08-28 04:13:07,542 :: INFO :: Stop experiment
2021-08-28 04:13:07,550 :: INFO :: Control node : stop of the experiment
2021-08-28 04:13:07,559 :: INFO :: Control node : profile configuration
2021-08-28 04:13:07,566 :: INFO :: Configure profile on Control Node
2021-08-28 04:13:07,634 :: INFO :: Control node : start power of open node
2021-08-28 04:13:07,675 :: INFO :: Node OpenOCD: teardown of openocd node
2021-08-28 04:13:10,713 :: INFO :: openocd node debugger stop
2021-08-28 04:13:11,401 :: INFO :: Node OpenOCD: flash of openocd node
2021-08-28 04:13:11,416 :: INFO :: Flash firmware on OpenOCD: /usr/lib/python2.7/site-packages/gateway_code/static/m3_idle.elf
2021-08-28 04:13:14,031 :: INFO :: Control node : Stop control node serial interface
2021-08-28 04:13:14,036 :: INFO :: Control node : stop power of open node
2021-08-28 04:13:14,085 :: INFO :: Control node : reset
2021-08-28 04:13:14,091 :: INFO :: Reset Control Node
2021-08-28 04:13:16,976 :: INFO :: Stop experiment succeeded
