2021-09-01 04:03:13,302 :: INFO :: Start experiment: luna-275862
2021-09-01 04:03:13,305 :: INFO :: Control node : Starting of control node serial interface
2021-09-01 04:03:13,308 :: INFO :: Control node : reset
2021-09-01 04:03:13,311 :: INFO :: Reset Control Node
2021-09-01 04:03:16,270 :: INFO :: Control node : start power of open node
2021-09-01 04:03:16,327 :: INFO :: Node OpenOCD: Setup of openocd node
2021-09-01 04:03:19,371 :: INFO :: Node OpenOCD: flash of openocd node
2021-09-01 04:03:19,386 :: INFO :: Flash firmware on OpenOCD: /tmp/tmpHvt6wb--11b39be0afbe655a47f82e084cf5704d_unicast-sender-count-60T-191B.iotlab-m3
2021-09-01 04:03:26,400 :: INFO :: Control node : Start experiment
2021-09-01 04:03:26,459 :: INFO :: Control Node set time delay: 1892 us
2021-09-01 04:03:26,474 :: INFO :: Control node : profile configuration
2021-09-01 04:03:26,477 :: INFO :: Configure profile on Control Node
2021-09-01 04:03:26,520 :: INFO :: Start experiment succeeded
2021-09-01 05:04:32,207 :: INFO :: Gateway Manager : Stop experiment
2021-09-01 05:04:32,217 :: INFO :: Stop experiment
2021-09-01 05:04:32,227 :: INFO :: Control node : stop of the experiment
2021-09-01 05:04:32,237 :: INFO :: Control node : profile configuration
2021-09-01 05:04:32,245 :: INFO :: Configure profile on Control Node
2021-09-01 05:04:32,313 :: INFO :: Control node : start power of open node
2021-09-01 05:04:32,355 :: INFO :: Node OpenOCD: teardown of openocd node
2021-09-01 05:04:35,429 :: INFO :: openocd node debugger stop
2021-09-01 05:04:36,123 :: INFO :: Node OpenOCD: flash of openocd node
2021-09-01 05:04:36,138 :: INFO :: Flash firmware on OpenOCD: /usr/lib/python2.7/site-packages/gateway_code/static/m3_idle.elf
2021-09-01 05:04:38,712 :: INFO :: Control node : Stop control node serial interface
2021-09-01 05:04:38,721 :: INFO :: Control node : stop power of open node
2021-09-01 05:04:38,782 :: INFO :: Control node : reset
2021-09-01 05:04:38,789 :: INFO :: Reset Control Node
2021-09-01 05:04:41,680 :: INFO :: Stop experiment succeeded
