2021-09-01 04:03:13,294 :: INFO :: Start experiment: luna-275862
2021-09-01 04:03:13,297 :: INFO :: Control node : Starting of control node serial interface
2021-09-01 04:03:13,300 :: INFO :: Control node : reset
2021-09-01 04:03:13,302 :: INFO :: Reset Control Node
2021-09-01 04:03:16,258 :: INFO :: Control node : start power of open node
2021-09-01 04:03:16,315 :: INFO :: Node OpenOCD: Setup of openocd node
2021-09-01 04:03:19,366 :: INFO :: Node OpenOCD: flash of openocd node
2021-09-01 04:03:19,381 :: INFO :: Flash firmware on OpenOCD: /tmp/tmpN1utZ4--11b39be0afbe655a47f82e084cf5704d_unicast-sender-count-60T-191B.iotlab-m3
2021-09-01 04:03:26,273 :: INFO :: Control node : Start experiment
2021-09-01 04:03:26,346 :: INFO :: Control Node set time delay: 1709 us
2021-09-01 04:03:26,378 :: INFO :: Control node : profile configuration
2021-09-01 04:03:26,385 :: INFO :: Configure profile on Control Node
2021-09-01 04:03:26,462 :: INFO :: Start experiment succeeded
2021-09-01 05:04:32,217 :: INFO :: Gateway Manager : Stop experiment
2021-09-01 05:04:32,230 :: INFO :: Stop experiment
2021-09-01 05:04:32,238 :: INFO :: Control node : stop of the experiment
2021-09-01 05:04:32,246 :: INFO :: Control node : profile configuration
2021-09-01 05:04:32,253 :: INFO :: Configure profile on Control Node
2021-09-01 05:04:32,327 :: INFO :: Control node : start power of open node
2021-09-01 05:04:32,371 :: INFO :: Node OpenOCD: teardown of openocd node
2021-09-01 05:04:35,420 :: INFO :: openocd node debugger stop
2021-09-01 05:04:36,102 :: INFO :: Node OpenOCD: flash of openocd node
2021-09-01 05:04:36,108 :: INFO :: Flash firmware on OpenOCD: /usr/lib/python2.7/site-packages/gateway_code/static/m3_idle.elf
2021-09-01 05:04:38,622 :: INFO :: Control node : Stop control node serial interface
2021-09-01 05:04:38,627 :: INFO :: Control node : stop power of open node
2021-09-01 05:04:38,680 :: INFO :: Control node : reset
2021-09-01 05:04:38,684 :: INFO :: Reset Control Node
2021-09-01 05:04:41,572 :: INFO :: Stop experiment succeeded
