2021-08-29 15:22:30,685 :: INFO :: Start experiment: luna-275695
2021-08-29 15:22:30,688 :: INFO :: Control node : Starting of control node serial interface
2021-08-29 15:22:30,691 :: INFO :: Control node : reset
2021-08-29 15:22:30,694 :: INFO :: Reset Control Node
2021-08-29 15:22:33,641 :: INFO :: Control node : start power of open node
2021-08-29 15:22:33,698 :: INFO :: Node OpenOCD: Setup of openocd node
2021-08-29 15:22:36,744 :: INFO :: Node OpenOCD: flash of openocd node
2021-08-29 15:22:36,759 :: INFO :: Flash firmware on OpenOCD: /tmp/tmpdu2kMc--d4a0543b7d1f359d92f0e4afc0b7f0cf_unicast-sender-count-30T-20B.iotlab-m3
2021-08-29 15:22:43,585 :: INFO :: Control node : Start experiment
2021-08-29 15:22:43,638 :: INFO :: Control Node set time delay: 1831 us
2021-08-29 15:22:43,671 :: INFO :: Control node : profile configuration
2021-08-29 15:22:43,678 :: INFO :: Configure profile on Control Node
2021-08-29 15:22:43,756 :: INFO :: Start experiment succeeded
2021-08-29 16:23:49,717 :: INFO :: Gateway Manager : Stop experiment
2021-08-29 16:23:49,726 :: INFO :: Stop experiment
2021-08-29 16:23:49,735 :: INFO :: Control node : stop of the experiment
2021-08-29 16:23:49,742 :: INFO :: Control node : profile configuration
2021-08-29 16:23:49,752 :: INFO :: Configure profile on Control Node
2021-08-29 16:23:49,819 :: INFO :: Control node : start power of open node
2021-08-29 16:23:49,863 :: INFO :: Node OpenOCD: teardown of openocd node
2021-08-29 16:23:52,914 :: INFO :: openocd node debugger stop
2021-08-29 16:23:53,613 :: INFO :: Node OpenOCD: flash of openocd node
2021-08-29 16:23:53,627 :: INFO :: Flash firmware on OpenOCD: /usr/lib/python2.7/site-packages/gateway_code/static/m3_idle.elf
2021-08-29 16:23:56,194 :: INFO :: Control node : Stop control node serial interface
2021-08-29 16:23:56,200 :: INFO :: Control node : stop power of open node
2021-08-29 16:23:56,279 :: INFO :: Control node : reset
2021-08-29 16:23:56,285 :: INFO :: Reset Control Node
2021-08-29 16:23:59,173 :: INFO :: Stop experiment succeeded
