2021-08-29 15:22:30,657 :: INFO :: Start experiment: luna-275695
2021-08-29 15:22:30,660 :: INFO :: Control node : Starting of control node serial interface
2021-08-29 15:22:30,663 :: INFO :: Control node : reset
2021-08-29 15:22:30,665 :: INFO :: Reset Control Node
2021-08-29 15:22:33,615 :: INFO :: Control node : start power of open node
2021-08-29 15:22:33,673 :: INFO :: Node OpenOCD: Setup of openocd node
2021-08-29 15:22:36,713 :: INFO :: Node OpenOCD: flash of openocd node
2021-08-29 15:22:36,729 :: INFO :: Flash firmware on OpenOCD: /tmp/tmpEIIpkd--d4a0543b7d1f359d92f0e4afc0b7f0cf_unicast-sender-count-30T-20B.iotlab-m3
2021-08-29 15:22:43,740 :: INFO :: Control node : Start experiment
2021-08-29 15:22:43,767 :: INFO :: Control Node set time delay: 1038 us
2021-08-29 15:22:43,785 :: INFO :: Control node : profile configuration
2021-08-29 15:22:43,789 :: INFO :: Configure profile on Control Node
2021-08-29 15:22:43,833 :: INFO :: Start experiment succeeded
2021-08-29 16:23:49,723 :: INFO :: Gateway Manager : Stop experiment
2021-08-29 16:23:49,733 :: INFO :: Stop experiment
2021-08-29 16:23:49,741 :: INFO :: Control node : stop of the experiment
2021-08-29 16:23:49,748 :: INFO :: Control node : profile configuration
2021-08-29 16:23:49,755 :: INFO :: Configure profile on Control Node
2021-08-29 16:23:49,828 :: INFO :: Control node : start power of open node
2021-08-29 16:23:49,870 :: INFO :: Node OpenOCD: teardown of openocd node
2021-08-29 16:23:52,911 :: INFO :: openocd node debugger stop
2021-08-29 16:23:53,601 :: INFO :: Node OpenOCD: flash of openocd node
2021-08-29 16:23:53,615 :: INFO :: Flash firmware on OpenOCD: /usr/lib/python2.7/site-packages/gateway_code/static/m3_idle.elf
2021-08-29 16:23:56,228 :: INFO :: Control node : Stop control node serial interface
2021-08-29 16:23:56,237 :: INFO :: Control node : stop power of open node
2021-08-29 16:23:56,311 :: INFO :: Control node : reset
2021-08-29 16:23:56,317 :: INFO :: Reset Control Node
2021-08-29 16:23:59,204 :: INFO :: Stop experiment succeeded
