2021-08-29 15:22:30,711 :: INFO :: Start experiment: luna-275695
2021-08-29 15:22:30,715 :: INFO :: Control node : Starting of control node serial interface
2021-08-29 15:22:30,717 :: INFO :: Control node : reset
2021-08-29 15:22:30,720 :: INFO :: Reset Control Node
2021-08-29 15:22:33,676 :: INFO :: Control node : start power of open node
2021-08-29 15:22:33,731 :: INFO :: Node OpenOCD: Setup of openocd node
2021-08-29 15:22:36,770 :: INFO :: Node OpenOCD: flash of openocd node
2021-08-29 15:22:36,785 :: INFO :: Flash firmware on OpenOCD: /tmp/tmpthSGRe--d4a0543b7d1f359d92f0e4afc0b7f0cf_unicast-sender-count-30T-20B.iotlab-m3
2021-08-29 15:22:43,746 :: INFO :: Control node : Start experiment
2021-08-29 15:22:43,817 :: INFO :: Control Node set time delay: 1861 us
2021-08-29 15:22:43,833 :: INFO :: Control node : profile configuration
2021-08-29 15:22:43,840 :: INFO :: Configure profile on Control Node
2021-08-29 15:22:43,920 :: INFO :: Start experiment succeeded
2021-08-29 16:23:49,754 :: INFO :: Gateway Manager : Stop experiment
2021-08-29 16:23:49,763 :: INFO :: Stop experiment
2021-08-29 16:23:49,772 :: INFO :: Control node : stop of the experiment
2021-08-29 16:23:49,780 :: INFO :: Control node : profile configuration
2021-08-29 16:23:49,787 :: INFO :: Configure profile on Control Node
2021-08-29 16:23:49,861 :: INFO :: Control node : start power of open node
2021-08-29 16:23:49,905 :: INFO :: Node OpenOCD: teardown of openocd node
2021-08-29 16:23:52,957 :: INFO :: openocd node debugger stop
2021-08-29 16:23:53,647 :: INFO :: Node OpenOCD: flash of openocd node
2021-08-29 16:23:53,654 :: INFO :: Flash firmware on OpenOCD: /usr/lib/python2.7/site-packages/gateway_code/static/m3_idle.elf
2021-08-29 16:23:56,160 :: INFO :: Control node : Stop control node serial interface
2021-08-29 16:23:56,165 :: INFO :: Control node : stop power of open node
2021-08-29 16:23:56,212 :: INFO :: Control node : reset
2021-08-29 16:23:56,215 :: INFO :: Reset Control Node
2021-08-29 16:23:59,132 :: INFO :: Stop experiment succeeded
