2021-08-29 15:22:30,661 :: INFO :: Start experiment: luna-275695
2021-08-29 15:22:30,664 :: INFO :: Control node : Starting of control node serial interface
2021-08-29 15:22:30,667 :: INFO :: Control node : reset
2021-08-29 15:22:30,670 :: INFO :: Reset Control Node
2021-08-29 15:22:33,524 :: INFO :: Control node : start power of open node
2021-08-29 15:22:33,552 :: INFO :: Node OpenOCD: Setup of openocd node
2021-08-29 15:22:36,593 :: INFO :: Node OpenOCD: flash of openocd node
2021-08-29 15:22:36,611 :: INFO :: Flash firmware on OpenOCD: /tmp/tmpl1J8vy--d4a0543b7d1f359d92f0e4afc0b7f0cf_unicast-sender-count-30T-20B.iotlab-m3
2021-08-29 15:22:43,513 :: INFO :: Control node : Start experiment
2021-08-29 15:22:43,587 :: INFO :: Control Node set time delay: 1648 us
2021-08-29 15:22:43,638 :: INFO :: Control node : profile configuration
2021-08-29 15:22:43,645 :: INFO :: Configure profile on Control Node
2021-08-29 15:22:43,724 :: INFO :: Start experiment succeeded
2021-08-29 16:23:49,718 :: INFO :: Gateway Manager : Stop experiment
2021-08-29 16:23:49,728 :: INFO :: Stop experiment
2021-08-29 16:23:49,737 :: INFO :: Control node : stop of the experiment
2021-08-29 16:23:49,747 :: INFO :: Control node : profile configuration
2021-08-29 16:23:49,755 :: INFO :: Configure profile on Control Node
2021-08-29 16:23:49,827 :: INFO :: Control node : start power of open node
2021-08-29 16:23:49,871 :: INFO :: Node OpenOCD: teardown of openocd node
2021-08-29 16:23:52,918 :: INFO :: openocd node debugger stop
2021-08-29 16:23:53,605 :: INFO :: Node OpenOCD: flash of openocd node
2021-08-29 16:23:53,620 :: INFO :: Flash firmware on OpenOCD: /usr/lib/python2.7/site-packages/gateway_code/static/m3_idle.elf
2021-08-29 16:23:56,189 :: INFO :: Control node : Stop control node serial interface
2021-08-29 16:23:56,198 :: INFO :: Control node : stop power of open node
2021-08-29 16:23:56,278 :: INFO :: Control node : reset
2021-08-29 16:23:56,284 :: INFO :: Reset Control Node
2021-08-29 16:23:59,176 :: INFO :: Stop experiment succeeded
