2021-08-29 15:22:30,629 :: INFO :: Start experiment: luna-275695
2021-08-29 15:22:30,632 :: INFO :: Control node : Starting of control node serial interface
2021-08-29 15:22:30,635 :: INFO :: Control node : reset
2021-08-29 15:22:30,638 :: INFO :: Reset Control Node
2021-08-29 15:22:33,538 :: INFO :: Control node : start power of open node
2021-08-29 15:22:33,592 :: INFO :: Node OpenOCD: Setup of openocd node
2021-08-29 15:22:36,631 :: INFO :: Node OpenOCD: flash of openocd node
2021-08-29 15:22:36,649 :: INFO :: Flash firmware on OpenOCD: /tmp/tmpA1XH7v--ddd0625ff8382e7208c25657471d6a4a_unicast-receiver-count.iotlab-m3
2021-08-29 15:22:43,195 :: INFO :: Control node : Start experiment
2021-08-29 15:22:43,244 :: INFO :: Control Node set time delay: 1251 us
2021-08-29 15:22:43,277 :: INFO :: Control node : profile configuration
2021-08-29 15:22:43,283 :: INFO :: Configure profile on Control Node
2021-08-29 15:22:43,362 :: INFO :: Start experiment succeeded
2021-08-29 16:23:49,689 :: INFO :: Gateway Manager : Stop experiment
2021-08-29 16:23:49,698 :: INFO :: Stop experiment
2021-08-29 16:23:49,706 :: INFO :: Control node : stop of the experiment
2021-08-29 16:23:49,714 :: INFO :: Control node : profile configuration
2021-08-29 16:23:49,724 :: INFO :: Configure profile on Control Node
2021-08-29 16:23:49,796 :: INFO :: Control node : start power of open node
2021-08-29 16:23:49,839 :: INFO :: Node OpenOCD: teardown of openocd node
2021-08-29 16:23:52,897 :: INFO :: openocd node debugger stop
2021-08-29 16:23:53,590 :: INFO :: Node OpenOCD: flash of openocd node
2021-08-29 16:23:53,597 :: INFO :: Flash firmware on OpenOCD: /usr/lib/python2.7/site-packages/gateway_code/static/m3_idle.elf
2021-08-29 16:23:56,106 :: INFO :: Control node : Stop control node serial interface
2021-08-29 16:23:56,115 :: INFO :: Control node : stop power of open node
2021-08-29 16:23:56,182 :: INFO :: Control node : reset
2021-08-29 16:23:56,189 :: INFO :: Reset Control Node
2021-08-29 16:23:59,076 :: INFO :: Stop experiment succeeded
