2021-08-29 15:22:30,686 :: INFO :: Start experiment: luna-275695
2021-08-29 15:22:30,689 :: INFO :: Control node : Starting of control node serial interface
2021-08-29 15:22:30,692 :: INFO :: Control node : reset
2021-08-29 15:22:30,694 :: INFO :: Reset Control Node
2021-08-29 15:22:33,647 :: INFO :: Control node : start power of open node
2021-08-29 15:22:33,704 :: INFO :: Node OpenOCD: Setup of openocd node
2021-08-29 15:22:36,752 :: INFO :: Node OpenOCD: flash of openocd node
2021-08-29 15:22:36,767 :: INFO :: Flash firmware on OpenOCD: /tmp/tmpGmy4PH--d4a0543b7d1f359d92f0e4afc0b7f0cf_unicast-sender-count-30T-20B.iotlab-m3
2021-08-29 15:22:43,697 :: INFO :: Control node : Start experiment
2021-08-29 15:22:43,757 :: INFO :: Control Node set time delay: 1099 us
2021-08-29 15:22:43,780 :: INFO :: Control node : profile configuration
2021-08-29 15:22:43,787 :: INFO :: Configure profile on Control Node
2021-08-29 15:22:43,842 :: INFO :: Start experiment succeeded
2021-08-29 16:23:49,702 :: INFO :: Gateway Manager : Stop experiment
2021-08-29 16:23:49,711 :: INFO :: Stop experiment
2021-08-29 16:23:49,721 :: INFO :: Control node : stop of the experiment
2021-08-29 16:23:49,732 :: INFO :: Control node : profile configuration
2021-08-29 16:23:49,739 :: INFO :: Configure profile on Control Node
2021-08-29 16:23:49,811 :: INFO :: Control node : start power of open node
2021-08-29 16:23:49,859 :: INFO :: Node OpenOCD: teardown of openocd node
2021-08-29 16:23:52,910 :: INFO :: openocd node debugger stop
2021-08-29 16:23:53,561 :: INFO :: Node OpenOCD: flash of openocd node
2021-08-29 16:23:53,568 :: INFO :: Flash firmware on OpenOCD: /usr/lib/python2.7/site-packages/gateway_code/static/m3_idle.elf
2021-08-29 16:23:56,078 :: INFO :: Control node : Stop control node serial interface
2021-08-29 16:23:56,087 :: INFO :: Control node : stop power of open node
2021-08-29 16:23:56,165 :: INFO :: Control node : reset
2021-08-29 16:23:56,172 :: INFO :: Reset Control Node
2021-08-29 16:23:59,063 :: INFO :: Stop experiment succeeded
