2021-08-29 15:22:30,747 :: INFO :: Start experiment: luna-275695
2021-08-29 15:22:30,751 :: INFO :: Control node : Starting of control node serial interface
2021-08-29 15:22:30,753 :: INFO :: Control node : reset
2021-08-29 15:22:30,756 :: INFO :: Reset Control Node
2021-08-29 15:22:33,708 :: INFO :: Control node : start power of open node
2021-08-29 15:22:33,765 :: INFO :: Node OpenOCD: Setup of openocd node
2021-08-29 15:22:36,818 :: INFO :: Node OpenOCD: flash of openocd node
2021-08-29 15:22:36,832 :: INFO :: Flash firmware on OpenOCD: /tmp/tmpg8iUSM--d4a0543b7d1f359d92f0e4afc0b7f0cf_unicast-sender-count-30T-20B.iotlab-m3
2021-08-29 15:22:43,817 :: INFO :: Control node : Start experiment
2021-08-29 15:22:43,895 :: INFO :: Control Node set time delay: 1892 us
2021-08-29 15:22:43,938 :: INFO :: Control node : profile configuration
2021-08-29 15:22:43,941 :: INFO :: Configure profile on Control Node
2021-08-29 15:22:43,982 :: INFO :: Start experiment succeeded
2021-08-29 16:23:49,733 :: INFO :: Gateway Manager : Stop experiment
2021-08-29 16:23:49,743 :: INFO :: Stop experiment
2021-08-29 16:23:49,752 :: INFO :: Control node : stop of the experiment
2021-08-29 16:23:49,759 :: INFO :: Control node : profile configuration
2021-08-29 16:23:49,766 :: INFO :: Configure profile on Control Node
2021-08-29 16:23:49,838 :: INFO :: Control node : start power of open node
2021-08-29 16:23:49,881 :: INFO :: Node OpenOCD: teardown of openocd node
2021-08-29 16:23:52,922 :: INFO :: openocd node debugger stop
2021-08-29 16:23:53,608 :: INFO :: Node OpenOCD: flash of openocd node
2021-08-29 16:23:53,614 :: INFO :: Flash firmware on OpenOCD: /usr/lib/python2.7/site-packages/gateway_code/static/m3_idle.elf
2021-08-29 16:23:56,121 :: INFO :: Control node : Stop control node serial interface
2021-08-29 16:23:56,129 :: INFO :: Control node : stop power of open node
2021-08-29 16:23:56,203 :: INFO :: Control node : reset
2021-08-29 16:23:56,211 :: INFO :: Reset Control Node
2021-08-29 16:23:59,099 :: INFO :: Stop experiment succeeded
