2021-08-29 15:22:30,745 :: INFO :: Start experiment: luna-275695
2021-08-29 15:22:30,749 :: INFO :: Control node : Starting of control node serial interface
2021-08-29 15:22:30,751 :: INFO :: Control node : reset
2021-08-29 15:22:30,754 :: INFO :: Reset Control Node
2021-08-29 15:22:33,709 :: INFO :: Control node : start power of open node
2021-08-29 15:22:33,766 :: INFO :: Node OpenOCD: Setup of openocd node
2021-08-29 15:22:36,807 :: INFO :: Node OpenOCD: flash of openocd node
2021-08-29 15:22:36,821 :: INFO :: Flash firmware on OpenOCD: /tmp/tmppQUrdI--d4a0543b7d1f359d92f0e4afc0b7f0cf_unicast-sender-count-30T-20B.iotlab-m3
2021-08-29 15:22:43,777 :: INFO :: Control node : Start experiment
2021-08-29 15:22:43,855 :: INFO :: Control Node set time delay: 1648 us
2021-08-29 15:22:43,892 :: INFO :: Control node : profile configuration
2021-08-29 15:22:43,899 :: INFO :: Configure profile on Control Node
2021-08-29 15:22:43,978 :: INFO :: Start experiment succeeded
2021-08-29 16:23:49,732 :: INFO :: Gateway Manager : Stop experiment
2021-08-29 16:23:49,751 :: INFO :: Stop experiment
2021-08-29 16:23:49,769 :: INFO :: Control node : stop of the experiment
2021-08-29 16:23:49,790 :: INFO :: Control node : profile configuration
2021-08-29 16:23:49,807 :: INFO :: Configure profile on Control Node
2021-08-29 16:23:49,968 :: INFO :: Control node : start power of open node
2021-08-29 16:23:49,989 :: INFO :: Node OpenOCD: teardown of openocd node
2021-08-29 16:23:53,033 :: INFO :: openocd node debugger stop
2021-08-29 16:23:53,722 :: INFO :: Node OpenOCD: flash of openocd node
2021-08-29 16:23:53,737 :: INFO :: Flash firmware on OpenOCD: /usr/lib/python2.7/site-packages/gateway_code/static/m3_idle.elf
2021-08-29 16:23:56,303 :: INFO :: Control node : Stop control node serial interface
2021-08-29 16:23:56,308 :: INFO :: Control node : stop power of open node
2021-08-29 16:23:56,362 :: INFO :: Control node : reset
2021-08-29 16:23:56,366 :: INFO :: Reset Control Node
2021-08-29 16:23:59,172 :: INFO :: Stop experiment succeeded
