2021-08-29 15:22:30,696 :: INFO :: Start experiment: luna-275695
2021-08-29 15:22:30,700 :: INFO :: Control node : Starting of control node serial interface
2021-08-29 15:22:30,702 :: INFO :: Control node : reset
2021-08-29 15:22:30,705 :: INFO :: Reset Control Node
2021-08-29 15:22:33,661 :: INFO :: Control node : start power of open node
2021-08-29 15:22:33,715 :: INFO :: Node OpenOCD: Setup of openocd node
2021-08-29 15:22:36,755 :: INFO :: Node OpenOCD: flash of openocd node
2021-08-29 15:22:36,771 :: INFO :: Flash firmware on OpenOCD: /tmp/tmpkJaiot--d4a0543b7d1f359d92f0e4afc0b7f0cf_unicast-sender-count-30T-20B.iotlab-m3
2021-08-29 15:22:43,674 :: INFO :: Control node : Start experiment
2021-08-29 15:22:43,727 :: INFO :: Control Node set time delay: 1861 us
2021-08-29 15:22:43,759 :: INFO :: Control node : profile configuration
2021-08-29 15:22:43,766 :: INFO :: Configure profile on Control Node
2021-08-29 15:22:43,844 :: INFO :: Start experiment succeeded
2021-08-29 16:23:49,746 :: INFO :: Gateway Manager : Stop experiment
2021-08-29 16:23:49,755 :: INFO :: Stop experiment
2021-08-29 16:23:49,764 :: INFO :: Control node : stop of the experiment
2021-08-29 16:23:49,771 :: INFO :: Control node : profile configuration
2021-08-29 16:23:49,778 :: INFO :: Configure profile on Control Node
2021-08-29 16:23:49,851 :: INFO :: Control node : start power of open node
2021-08-29 16:23:49,895 :: INFO :: Node OpenOCD: teardown of openocd node
2021-08-29 16:23:52,954 :: INFO :: openocd node debugger stop
2021-08-29 16:23:53,647 :: INFO :: Node OpenOCD: flash of openocd node
2021-08-29 16:23:53,662 :: INFO :: Flash firmware on OpenOCD: /usr/lib/python2.7/site-packages/gateway_code/static/m3_idle.elf
2021-08-29 16:23:56,181 :: INFO :: Control node : Stop control node serial interface
2021-08-29 16:23:56,190 :: INFO :: Control node : stop power of open node
2021-08-29 16:23:56,272 :: INFO :: Control node : reset
2021-08-29 16:23:56,278 :: INFO :: Reset Control Node
2021-08-29 16:23:59,114 :: INFO :: Stop experiment succeeded
