2021-08-29 15:22:30,758 :: INFO :: Start experiment: luna-275695
2021-08-29 15:22:30,762 :: INFO :: Control node : Starting of control node serial interface
2021-08-29 15:22:30,765 :: INFO :: Control node : reset
2021-08-29 15:22:30,767 :: INFO :: Reset Control Node
2021-08-29 15:22:33,773 :: INFO :: Control node : start power of open node
2021-08-29 15:22:33,832 :: INFO :: Node OpenOCD: Setup of openocd node
2021-08-29 15:22:36,871 :: INFO :: Node OpenOCD: flash of openocd node
2021-08-29 15:22:36,887 :: INFO :: Flash firmware on OpenOCD: /tmp/tmp6cWkNz--d4a0543b7d1f359d92f0e4afc0b7f0cf_unicast-sender-count-30T-20B.iotlab-m3
2021-08-29 15:22:43,909 :: INFO :: Control node : Start experiment
2021-08-29 15:22:43,935 :: INFO :: Control Node set time delay: 1373 us
2021-08-29 15:22:43,953 :: INFO :: Control node : profile configuration
2021-08-29 15:22:43,956 :: INFO :: Configure profile on Control Node
2021-08-29 15:22:44,001 :: INFO :: Start experiment succeeded
2021-08-29 16:23:49,710 :: INFO :: Gateway Manager : Stop experiment
2021-08-29 16:23:49,719 :: INFO :: Stop experiment
2021-08-29 16:23:49,729 :: INFO :: Control node : stop of the experiment
2021-08-29 16:23:49,737 :: INFO :: Control node : profile configuration
2021-08-29 16:23:49,744 :: INFO :: Configure profile on Control Node
2021-08-29 16:23:49,816 :: INFO :: Control node : start power of open node
2021-08-29 16:23:49,858 :: INFO :: Node OpenOCD: teardown of openocd node
2021-08-29 16:23:52,904 :: INFO :: openocd node debugger stop
2021-08-29 16:23:53,593 :: INFO :: Node OpenOCD: flash of openocd node
2021-08-29 16:23:53,608 :: INFO :: Flash firmware on OpenOCD: /usr/lib/python2.7/site-packages/gateway_code/static/m3_idle.elf
2021-08-29 16:23:56,150 :: INFO :: Control node : Stop control node serial interface
2021-08-29 16:23:56,160 :: INFO :: Control node : stop power of open node
2021-08-29 16:23:56,261 :: INFO :: Control node : reset
2021-08-29 16:23:56,269 :: INFO :: Reset Control Node
2021-08-29 16:23:59,158 :: INFO :: Stop experiment succeeded
