2021-08-29 15:22:30,740 :: INFO :: Start experiment: luna-275695
2021-08-29 15:22:30,745 :: INFO :: Control node : Starting of control node serial interface
2021-08-29 15:22:30,748 :: INFO :: Control node : reset
2021-08-29 15:22:30,751 :: INFO :: Reset Control Node
2021-08-29 15:22:33,767 :: INFO :: Control node : start power of open node
2021-08-29 15:22:33,825 :: INFO :: Node OpenOCD: Setup of openocd node
2021-08-29 15:22:36,870 :: INFO :: Node OpenOCD: flash of openocd node
2021-08-29 15:22:36,885 :: INFO :: Flash firmware on OpenOCD: /tmp/tmpEt8Wpm--d4a0543b7d1f359d92f0e4afc0b7f0cf_unicast-sender-count-30T-20B.iotlab-m3
2021-08-29 15:22:43,787 :: INFO :: Control node : Start experiment
2021-08-29 15:22:43,845 :: INFO :: Control Node set time delay: 1739 us
2021-08-29 15:22:43,875 :: INFO :: Control node : profile configuration
2021-08-29 15:22:43,881 :: INFO :: Configure profile on Control Node
2021-08-29 15:22:43,961 :: INFO :: Start experiment succeeded
2021-08-29 16:23:49,705 :: INFO :: Gateway Manager : Stop experiment
2021-08-29 16:23:49,715 :: INFO :: Stop experiment
2021-08-29 16:23:49,724 :: INFO :: Control node : stop of the experiment
2021-08-29 16:23:49,731 :: INFO :: Control node : profile configuration
2021-08-29 16:23:49,739 :: INFO :: Configure profile on Control Node
2021-08-29 16:23:49,812 :: INFO :: Control node : start power of open node
2021-08-29 16:23:49,856 :: INFO :: Node OpenOCD: teardown of openocd node
2021-08-29 16:23:52,909 :: INFO :: openocd node debugger stop
2021-08-29 16:23:53,599 :: INFO :: Node OpenOCD: flash of openocd node
2021-08-29 16:23:53,613 :: INFO :: Flash firmware on OpenOCD: /usr/lib/python2.7/site-packages/gateway_code/static/m3_idle.elf
2021-08-29 16:23:56,132 :: INFO :: Control node : Stop control node serial interface
2021-08-29 16:23:56,140 :: INFO :: Control node : stop power of open node
2021-08-29 16:23:56,224 :: INFO :: Control node : reset
2021-08-29 16:23:56,230 :: INFO :: Reset Control Node
2021-08-29 16:23:59,065 :: INFO :: Stop experiment succeeded
