2021-08-29 15:22:30,718 :: INFO :: Start experiment: luna-275695
2021-08-29 15:22:30,722 :: INFO :: Control node : Starting of control node serial interface
2021-08-29 15:22:30,724 :: INFO :: Control node : reset
2021-08-29 15:22:30,727 :: INFO :: Reset Control Node
2021-08-29 15:22:33,677 :: INFO :: Control node : start power of open node
2021-08-29 15:22:33,731 :: INFO :: Node OpenOCD: Setup of openocd node
2021-08-29 15:22:36,775 :: INFO :: Node OpenOCD: flash of openocd node
2021-08-29 15:22:36,793 :: INFO :: Flash firmware on OpenOCD: /tmp/tmpDfRIVM--d4a0543b7d1f359d92f0e4afc0b7f0cf_unicast-sender-count-30T-20B.iotlab-m3
2021-08-29 15:22:43,650 :: INFO :: Control node : Start experiment
2021-08-29 15:22:43,711 :: INFO :: Control Node set time delay: 1099 us
2021-08-29 15:22:43,744 :: INFO :: Control node : profile configuration
2021-08-29 15:22:43,751 :: INFO :: Configure profile on Control Node
2021-08-29 15:22:43,830 :: INFO :: Start experiment succeeded
2021-08-29 16:23:49,745 :: INFO :: Gateway Manager : Stop experiment
2021-08-29 16:23:49,754 :: INFO :: Stop experiment
2021-08-29 16:23:49,763 :: INFO :: Control node : stop of the experiment
2021-08-29 16:23:49,771 :: INFO :: Control node : profile configuration
2021-08-29 16:23:49,779 :: INFO :: Configure profile on Control Node
2021-08-29 16:23:49,852 :: INFO :: Control node : start power of open node
2021-08-29 16:23:49,897 :: INFO :: Node OpenOCD: teardown of openocd node
2021-08-29 16:23:52,931 :: INFO :: openocd node debugger stop
2021-08-29 16:23:53,610 :: INFO :: Node OpenOCD: flash of openocd node
2021-08-29 16:23:53,625 :: INFO :: Flash firmware on OpenOCD: /usr/lib/python2.7/site-packages/gateway_code/static/m3_idle.elf
2021-08-29 16:23:56,188 :: INFO :: Control node : Stop control node serial interface
2021-08-29 16:23:56,193 :: INFO :: Control node : stop power of open node
2021-08-29 16:23:56,243 :: INFO :: Control node : reset
2021-08-29 16:23:56,249 :: INFO :: Reset Control Node
2021-08-29 16:23:59,140 :: INFO :: Stop experiment succeeded
