2021-08-29 15:22:30,757 :: INFO :: Start experiment: luna-275695
2021-08-29 15:22:30,760 :: INFO :: Control node : Starting of control node serial interface
2021-08-29 15:22:30,763 :: INFO :: Control node : reset
2021-08-29 15:22:30,765 :: INFO :: Reset Control Node
2021-08-29 15:22:33,703 :: INFO :: Control node : start power of open node
2021-08-29 15:22:33,718 :: INFO :: Node OpenOCD: Setup of openocd node
2021-08-29 15:22:36,749 :: INFO :: Node OpenOCD: flash of openocd node
2021-08-29 15:22:36,767 :: INFO :: Flash firmware on OpenOCD: /tmp/tmpa1KMpE--d4a0543b7d1f359d92f0e4afc0b7f0cf_unicast-sender-count-30T-20B.iotlab-m3
2021-08-29 15:22:43,780 :: INFO :: Control node : Start experiment
2021-08-29 15:22:43,829 :: INFO :: Control Node set time delay: 2014 us
2021-08-29 15:22:43,853 :: INFO :: Control node : profile configuration
2021-08-29 15:22:43,856 :: INFO :: Configure profile on Control Node
2021-08-29 15:22:43,898 :: INFO :: Start experiment succeeded
2021-08-29 16:23:49,725 :: INFO :: Gateway Manager : Stop experiment
2021-08-29 16:23:49,735 :: INFO :: Stop experiment
2021-08-29 16:23:49,744 :: INFO :: Control node : stop of the experiment
2021-08-29 16:23:49,751 :: INFO :: Control node : profile configuration
2021-08-29 16:23:49,758 :: INFO :: Configure profile on Control Node
2021-08-29 16:23:49,831 :: INFO :: Control node : start power of open node
2021-08-29 16:23:49,874 :: INFO :: Node OpenOCD: teardown of openocd node
2021-08-29 16:23:52,925 :: INFO :: openocd node debugger stop
2021-08-29 16:23:53,618 :: INFO :: Node OpenOCD: flash of openocd node
2021-08-29 16:23:53,632 :: INFO :: Flash firmware on OpenOCD: /usr/lib/python2.7/site-packages/gateway_code/static/m3_idle.elf
2021-08-29 16:23:56,195 :: INFO :: Control node : Stop control node serial interface
2021-08-29 16:23:56,200 :: INFO :: Control node : stop power of open node
2021-08-29 16:23:56,261 :: INFO :: Control node : reset
2021-08-29 16:23:56,268 :: INFO :: Reset Control Node
2021-08-29 16:23:59,154 :: INFO :: Stop experiment succeeded
