2021-08-29 15:22:30,642 :: INFO :: Start experiment: luna-275695
2021-08-29 15:22:30,645 :: INFO :: Control node : Starting of control node serial interface
2021-08-29 15:22:30,648 :: INFO :: Control node : reset
2021-08-29 15:22:30,651 :: INFO :: Reset Control Node
2021-08-29 15:22:33,604 :: INFO :: Control node : start power of open node
2021-08-29 15:22:33,659 :: INFO :: Node OpenOCD: Setup of openocd node
2021-08-29 15:22:36,702 :: INFO :: Node OpenOCD: flash of openocd node
2021-08-29 15:22:36,718 :: INFO :: Flash firmware on OpenOCD: /tmp/tmpFn37od--d4a0543b7d1f359d92f0e4afc0b7f0cf_unicast-sender-count-30T-20B.iotlab-m3
2021-08-29 15:22:43,721 :: INFO :: Control node : Start experiment
2021-08-29 15:22:43,773 :: INFO :: Control Node set time delay: 1373 us
2021-08-29 15:22:43,801 :: INFO :: Control node : profile configuration
2021-08-29 15:22:43,805 :: INFO :: Configure profile on Control Node
2021-08-29 15:22:43,849 :: INFO :: Start experiment succeeded
2021-08-29 16:23:49,734 :: INFO :: Gateway Manager : Stop experiment
2021-08-29 16:23:49,743 :: INFO :: Stop experiment
2021-08-29 16:23:49,752 :: INFO :: Control node : stop of the experiment
2021-08-29 16:23:49,759 :: INFO :: Control node : profile configuration
2021-08-29 16:23:49,766 :: INFO :: Configure profile on Control Node
2021-08-29 16:23:49,842 :: INFO :: Control node : start power of open node
2021-08-29 16:23:49,886 :: INFO :: Node OpenOCD: teardown of openocd node
2021-08-29 16:23:52,921 :: INFO :: openocd node debugger stop
2021-08-29 16:23:53,611 :: INFO :: Node OpenOCD: flash of openocd node
2021-08-29 16:23:53,625 :: INFO :: Flash firmware on OpenOCD: /usr/lib/python2.7/site-packages/gateway_code/static/m3_idle.elf
2021-08-29 16:23:56,192 :: INFO :: Control node : Stop control node serial interface
2021-08-29 16:23:56,201 :: INFO :: Control node : stop power of open node
2021-08-29 16:23:56,261 :: INFO :: Control node : reset
2021-08-29 16:23:56,268 :: INFO :: Reset Control Node
2021-08-29 16:23:59,155 :: INFO :: Stop experiment succeeded
