2021-08-29 15:22:30,693 :: INFO :: Start experiment: luna-275695
2021-08-29 15:22:30,696 :: INFO :: Control node : Starting of control node serial interface
2021-08-29 15:22:30,699 :: INFO :: Control node : reset
2021-08-29 15:22:30,702 :: INFO :: Reset Control Node
2021-08-29 15:22:33,658 :: INFO :: Control node : start power of open node
2021-08-29 15:22:33,703 :: INFO :: Node OpenOCD: Setup of openocd node
2021-08-29 15:22:36,744 :: INFO :: Node OpenOCD: flash of openocd node
2021-08-29 15:22:36,762 :: INFO :: Flash firmware on OpenOCD: /tmp/tmpVqMPQ3--d4a0543b7d1f359d92f0e4afc0b7f0cf_unicast-sender-count-30T-20B.iotlab-m3
2021-08-29 15:22:43,716 :: INFO :: Control node : Start experiment
2021-08-29 15:22:43,764 :: INFO :: Control Node set time delay: 1373 us
2021-08-29 15:22:43,798 :: INFO :: Control node : profile configuration
2021-08-29 15:22:43,805 :: INFO :: Configure profile on Control Node
2021-08-29 15:22:43,883 :: INFO :: Start experiment succeeded
2021-08-29 16:23:49,714 :: INFO :: Gateway Manager : Stop experiment
2021-08-29 16:23:49,723 :: INFO :: Stop experiment
2021-08-29 16:23:49,731 :: INFO :: Control node : stop of the experiment
2021-08-29 16:23:49,738 :: INFO :: Control node : profile configuration
2021-08-29 16:23:49,745 :: INFO :: Configure profile on Control Node
2021-08-29 16:23:49,815 :: INFO :: Control node : start power of open node
2021-08-29 16:23:49,857 :: INFO :: Node OpenOCD: teardown of openocd node
2021-08-29 16:23:52,896 :: INFO :: openocd node debugger stop
2021-08-29 16:23:53,578 :: INFO :: Node OpenOCD: flash of openocd node
2021-08-29 16:23:53,585 :: INFO :: Flash firmware on OpenOCD: /usr/lib/python2.7/site-packages/gateway_code/static/m3_idle.elf
2021-08-29 16:23:56,093 :: INFO :: Control node : Stop control node serial interface
2021-08-29 16:23:56,098 :: INFO :: Control node : stop power of open node
2021-08-29 16:23:56,145 :: INFO :: Control node : reset
2021-08-29 16:23:56,148 :: INFO :: Reset Control Node
2021-08-29 16:23:59,068 :: INFO :: Stop experiment succeeded
