2021-08-29 15:22:30,727 :: INFO :: Start experiment: luna-275695
2021-08-29 15:22:30,730 :: INFO :: Control node : Starting of control node serial interface
2021-08-29 15:22:30,733 :: INFO :: Control node : reset
2021-08-29 15:22:30,736 :: INFO :: Reset Control Node
2021-08-29 15:22:33,693 :: INFO :: Control node : start power of open node
2021-08-29 15:22:33,741 :: INFO :: Node OpenOCD: Setup of openocd node
2021-08-29 15:22:36,779 :: INFO :: Node OpenOCD: flash of openocd node
2021-08-29 15:22:36,797 :: INFO :: Flash firmware on OpenOCD: /tmp/tmp1074Ir--d4a0543b7d1f359d92f0e4afc0b7f0cf_unicast-sender-count-30T-20B.iotlab-m3
2021-08-29 15:22:43,700 :: INFO :: Control node : Start experiment
2021-08-29 15:22:43,756 :: INFO :: Control Node set time delay: 1770 us
2021-08-29 15:22:43,772 :: INFO :: Control node : profile configuration
2021-08-29 15:22:43,779 :: INFO :: Configure profile on Control Node
2021-08-29 15:22:43,859 :: INFO :: Start experiment succeeded
2021-08-29 16:23:49,693 :: INFO :: Gateway Manager : Stop experiment
2021-08-29 16:23:49,704 :: INFO :: Stop experiment
2021-08-29 16:23:49,713 :: INFO :: Control node : stop of the experiment
2021-08-29 16:23:49,721 :: INFO :: Control node : profile configuration
2021-08-29 16:23:49,728 :: INFO :: Configure profile on Control Node
2021-08-29 16:23:49,801 :: INFO :: Control node : start power of open node
2021-08-29 16:23:49,844 :: INFO :: Node OpenOCD: teardown of openocd node
2021-08-29 16:23:52,910 :: INFO :: openocd node debugger stop
2021-08-29 16:23:53,605 :: INFO :: Node OpenOCD: flash of openocd node
2021-08-29 16:23:53,619 :: INFO :: Flash firmware on OpenOCD: /usr/lib/python2.7/site-packages/gateway_code/static/m3_idle.elf
2021-08-29 16:23:56,184 :: INFO :: Control node : Stop control node serial interface
2021-08-29 16:23:56,189 :: INFO :: Control node : stop power of open node
2021-08-29 16:23:56,241 :: INFO :: Control node : reset
2021-08-29 16:23:56,245 :: INFO :: Reset Control Node
2021-08-29 16:23:59,166 :: INFO :: Stop experiment succeeded
