2021-08-29 15:22:30,693 :: INFO :: Start experiment: luna-275695
2021-08-29 15:22:30,697 :: INFO :: Control node : Starting of control node serial interface
2021-08-29 15:22:30,700 :: INFO :: Control node : reset
2021-08-29 15:22:30,702 :: INFO :: Reset Control Node
2021-08-29 15:22:33,602 :: INFO :: Control node : start power of open node
2021-08-29 15:22:33,631 :: INFO :: Node OpenOCD: Setup of openocd node
2021-08-29 15:22:36,675 :: INFO :: Node OpenOCD: flash of openocd node
2021-08-29 15:22:36,693 :: INFO :: Flash firmware on OpenOCD: /tmp/tmpPRI6R0--d4a0543b7d1f359d92f0e4afc0b7f0cf_unicast-sender-count-30T-20B.iotlab-m3
2021-08-29 15:22:43,705 :: INFO :: Control node : Start experiment
2021-08-29 15:22:43,755 :: INFO :: Control Node set time delay: 1923 us
2021-08-29 15:22:43,778 :: INFO :: Control node : profile configuration
2021-08-29 15:22:43,782 :: INFO :: Configure profile on Control Node
2021-08-29 15:22:43,823 :: INFO :: Start experiment succeeded
2021-08-29 16:23:49,680 :: INFO :: Gateway Manager : Stop experiment
2021-08-29 16:23:49,690 :: INFO :: Stop experiment
2021-08-29 16:23:49,700 :: INFO :: Control node : stop of the experiment
2021-08-29 16:23:49,707 :: INFO :: Control node : profile configuration
2021-08-29 16:23:49,714 :: INFO :: Configure profile on Control Node
2021-08-29 16:23:49,788 :: INFO :: Control node : start power of open node
2021-08-29 16:23:49,831 :: INFO :: Node OpenOCD: teardown of openocd node
2021-08-29 16:23:52,899 :: INFO :: openocd node debugger stop
2021-08-29 16:23:53,592 :: INFO :: Node OpenOCD: flash of openocd node
2021-08-29 16:23:53,607 :: INFO :: Flash firmware on OpenOCD: /usr/lib/python2.7/site-packages/gateway_code/static/m3_idle.elf
2021-08-29 16:23:56,126 :: INFO :: Control node : Stop control node serial interface
2021-08-29 16:23:56,131 :: INFO :: Control node : stop power of open node
2021-08-29 16:23:56,168 :: INFO :: Control node : reset
2021-08-29 16:23:56,172 :: INFO :: Reset Control Node
2021-08-29 16:23:59,101 :: INFO :: Stop experiment succeeded
