2021-08-29 15:22:30,736 :: INFO :: Start experiment: luna-275695
2021-08-29 15:22:30,739 :: INFO :: Control node : Starting of control node serial interface
2021-08-29 15:22:30,742 :: INFO :: Control node : reset
2021-08-29 15:22:30,744 :: INFO :: Reset Control Node
2021-08-29 15:22:33,700 :: INFO :: Control node : start power of open node
2021-08-29 15:22:33,754 :: INFO :: Node OpenOCD: Setup of openocd node
2021-08-29 15:22:36,794 :: INFO :: Node OpenOCD: flash of openocd node
2021-08-29 15:22:36,809 :: INFO :: Flash firmware on OpenOCD: /tmp/tmp3INwq2--d4a0543b7d1f359d92f0e4afc0b7f0cf_unicast-sender-count-30T-20B.iotlab-m3
2021-08-29 15:22:43,715 :: INFO :: Control node : Start experiment
2021-08-29 15:22:43,792 :: INFO :: Control Node set time delay: 1862 us
2021-08-29 15:22:43,825 :: INFO :: Control node : profile configuration
2021-08-29 15:22:43,831 :: INFO :: Configure profile on Control Node
2021-08-29 15:22:43,910 :: INFO :: Start experiment succeeded
2021-08-29 16:23:49,690 :: INFO :: Gateway Manager : Stop experiment
2021-08-29 16:23:49,701 :: INFO :: Stop experiment
2021-08-29 16:23:49,710 :: INFO :: Control node : stop of the experiment
2021-08-29 16:23:49,717 :: INFO :: Control node : profile configuration
2021-08-29 16:23:49,727 :: INFO :: Configure profile on Control Node
2021-08-29 16:23:49,796 :: INFO :: Control node : start power of open node
2021-08-29 16:23:49,839 :: INFO :: Node OpenOCD: teardown of openocd node
2021-08-29 16:23:52,899 :: INFO :: openocd node debugger stop
2021-08-29 16:23:53,586 :: INFO :: Node OpenOCD: flash of openocd node
2021-08-29 16:23:53,601 :: INFO :: Flash firmware on OpenOCD: /usr/lib/python2.7/site-packages/gateway_code/static/m3_idle.elf
2021-08-29 16:23:56,168 :: INFO :: Control node : Stop control node serial interface
2021-08-29 16:23:56,177 :: INFO :: Control node : stop power of open node
2021-08-29 16:23:56,255 :: INFO :: Control node : reset
2021-08-29 16:23:56,261 :: INFO :: Reset Control Node
2021-08-29 16:23:59,146 :: INFO :: Stop experiment succeeded
