2021-08-29 15:22:30,675 :: INFO :: Start experiment: luna-275695
2021-08-29 15:22:30,679 :: INFO :: Control node : Starting of control node serial interface
2021-08-29 15:22:30,682 :: INFO :: Control node : reset
2021-08-29 15:22:30,684 :: INFO :: Reset Control Node
2021-08-29 15:22:33,640 :: INFO :: Control node : start power of open node
2021-08-29 15:22:33,694 :: INFO :: Node OpenOCD: Setup of openocd node
2021-08-29 15:22:36,747 :: INFO :: Node OpenOCD: flash of openocd node
2021-08-29 15:22:36,762 :: INFO :: Flash firmware on OpenOCD: /tmp/tmpmjCYLa--d4a0543b7d1f359d92f0e4afc0b7f0cf_unicast-sender-count-30T-20B.iotlab-m3
2021-08-29 15:22:43,710 :: INFO :: Control node : Start experiment
2021-08-29 15:22:43,766 :: INFO :: Control Node set time delay: 1465 us
2021-08-29 15:22:43,789 :: INFO :: Control node : profile configuration
2021-08-29 15:22:43,792 :: INFO :: Configure profile on Control Node
2021-08-29 15:22:43,833 :: INFO :: Start experiment succeeded
2021-08-29 16:23:49,722 :: INFO :: Gateway Manager : Stop experiment
2021-08-29 16:23:49,731 :: INFO :: Stop experiment
2021-08-29 16:23:49,740 :: INFO :: Control node : stop of the experiment
2021-08-29 16:23:49,747 :: INFO :: Control node : profile configuration
2021-08-29 16:23:49,754 :: INFO :: Configure profile on Control Node
2021-08-29 16:23:49,828 :: INFO :: Control node : start power of open node
2021-08-29 16:23:49,871 :: INFO :: Node OpenOCD: teardown of openocd node
2021-08-29 16:23:52,922 :: INFO :: openocd node debugger stop
2021-08-29 16:23:53,612 :: INFO :: Node OpenOCD: flash of openocd node
2021-08-29 16:23:53,626 :: INFO :: Flash firmware on OpenOCD: /usr/lib/python2.7/site-packages/gateway_code/static/m3_idle.elf
2021-08-29 16:23:56,192 :: INFO :: Control node : Stop control node serial interface
2021-08-29 16:23:56,197 :: INFO :: Control node : stop power of open node
2021-08-29 16:23:56,249 :: INFO :: Control node : reset
2021-08-29 16:23:56,253 :: INFO :: Reset Control Node
2021-08-29 16:23:59,129 :: INFO :: Stop experiment succeeded
