2021-08-29 15:22:30,699 :: INFO :: Start experiment: luna-275695
2021-08-29 15:22:30,702 :: INFO :: Control node : Starting of control node serial interface
2021-08-29 15:22:30,705 :: INFO :: Control node : reset
2021-08-29 15:22:30,708 :: INFO :: Reset Control Node
2021-08-29 15:22:33,608 :: INFO :: Control node : start power of open node
2021-08-29 15:22:33,669 :: INFO :: Node OpenOCD: Setup of openocd node
2021-08-29 15:22:36,719 :: INFO :: Node OpenOCD: flash of openocd node
2021-08-29 15:22:36,737 :: INFO :: Flash firmware on OpenOCD: /tmp/tmpLw3h0F--d4a0543b7d1f359d92f0e4afc0b7f0cf_unicast-sender-count-30T-20B.iotlab-m3
2021-08-29 15:22:43,635 :: INFO :: Control node : Start experiment
2021-08-29 15:22:43,703 :: INFO :: Control Node set time delay: 1831 us
2021-08-29 15:22:43,736 :: INFO :: Control node : profile configuration
2021-08-29 15:22:43,743 :: INFO :: Configure profile on Control Node
2021-08-29 15:22:43,823 :: INFO :: Start experiment succeeded
2021-08-29 16:23:49,728 :: INFO :: Gateway Manager : Stop experiment
2021-08-29 16:23:49,739 :: INFO :: Stop experiment
2021-08-29 16:23:49,747 :: INFO :: Control node : stop of the experiment
2021-08-29 16:23:49,755 :: INFO :: Control node : profile configuration
2021-08-29 16:23:49,765 :: INFO :: Configure profile on Control Node
2021-08-29 16:23:49,838 :: INFO :: Control node : start power of open node
2021-08-29 16:23:49,882 :: INFO :: Node OpenOCD: teardown of openocd node
2021-08-29 16:23:52,945 :: INFO :: openocd node debugger stop
2021-08-29 16:23:53,631 :: INFO :: Node OpenOCD: flash of openocd node
2021-08-29 16:23:53,638 :: INFO :: Flash firmware on OpenOCD: /usr/lib/python2.7/site-packages/gateway_code/static/m3_idle.elf
2021-08-29 16:23:56,144 :: INFO :: Control node : Stop control node serial interface
2021-08-29 16:23:56,153 :: INFO :: Control node : stop power of open node
2021-08-29 16:23:56,226 :: INFO :: Control node : reset
2021-08-29 16:23:56,232 :: INFO :: Reset Control Node
2021-08-29 16:23:59,128 :: INFO :: Stop experiment succeeded
