2021-08-29 15:22:30,729 :: INFO :: Start experiment: luna-275695
2021-08-29 15:22:30,732 :: INFO :: Control node : Starting of control node serial interface
2021-08-29 15:22:30,735 :: INFO :: Control node : reset
2021-08-29 15:22:30,738 :: INFO :: Reset Control Node
2021-08-29 15:22:33,680 :: INFO :: Control node : start power of open node
2021-08-29 15:22:33,697 :: INFO :: Node OpenOCD: Setup of openocd node
2021-08-29 15:22:36,736 :: INFO :: Node OpenOCD: flash of openocd node
2021-08-29 15:22:36,754 :: INFO :: Flash firmware on OpenOCD: /tmp/tmpIYINt9--d4a0543b7d1f359d92f0e4afc0b7f0cf_unicast-sender-count-30T-20B.iotlab-m3
2021-08-29 15:22:43,628 :: INFO :: Control node : Start experiment
2021-08-29 15:22:43,711 :: INFO :: Control Node set time delay: 1130 us
2021-08-29 15:22:43,736 :: INFO :: Control node : profile configuration
2021-08-29 15:22:43,743 :: INFO :: Configure profile on Control Node
2021-08-29 15:22:43,822 :: INFO :: Start experiment succeeded
2021-08-29 16:23:49,713 :: INFO :: Gateway Manager : Stop experiment
2021-08-29 16:23:49,723 :: INFO :: Stop experiment
2021-08-29 16:23:49,732 :: INFO :: Control node : stop of the experiment
2021-08-29 16:23:49,740 :: INFO :: Control node : profile configuration
2021-08-29 16:23:49,750 :: INFO :: Configure profile on Control Node
2021-08-29 16:23:49,822 :: INFO :: Control node : start power of open node
2021-08-29 16:23:49,865 :: INFO :: Node OpenOCD: teardown of openocd node
2021-08-29 16:23:52,931 :: INFO :: openocd node debugger stop
2021-08-29 16:23:53,601 :: INFO :: Node OpenOCD: flash of openocd node
2021-08-29 16:23:53,615 :: INFO :: Flash firmware on OpenOCD: /usr/lib/python2.7/site-packages/gateway_code/static/m3_idle.elf
2021-08-29 16:23:56,182 :: INFO :: Control node : Stop control node serial interface
2021-08-29 16:23:56,187 :: INFO :: Control node : stop power of open node
2021-08-29 16:23:56,241 :: INFO :: Control node : reset
2021-08-29 16:23:56,245 :: INFO :: Reset Control Node
2021-08-29 16:23:59,127 :: INFO :: Stop experiment succeeded
