2021-08-29 15:22:30,687 :: INFO :: Start experiment: luna-275695
2021-08-29 15:22:30,690 :: INFO :: Control node : Starting of control node serial interface
2021-08-29 15:22:30,693 :: INFO :: Control node : reset
2021-08-29 15:22:30,696 :: INFO :: Reset Control Node
2021-08-29 15:22:33,651 :: INFO :: Control node : start power of open node
2021-08-29 15:22:33,703 :: INFO :: Node OpenOCD: Setup of openocd node
2021-08-29 15:22:36,734 :: INFO :: Node OpenOCD: flash of openocd node
2021-08-29 15:22:36,752 :: INFO :: Flash firmware on OpenOCD: /tmp/tmplmDd30--d4a0543b7d1f359d92f0e4afc0b7f0cf_unicast-sender-count-30T-20B.iotlab-m3
2021-08-29 15:22:43,713 :: INFO :: Control node : Start experiment
2021-08-29 15:22:43,771 :: INFO :: Control Node set time delay: 1557 us
2021-08-29 15:22:43,790 :: INFO :: Control node : profile configuration
2021-08-29 15:22:43,793 :: INFO :: Configure profile on Control Node
2021-08-29 15:22:43,835 :: INFO :: Start experiment succeeded
2021-08-29 16:23:49,724 :: INFO :: Gateway Manager : Stop experiment
2021-08-29 16:23:49,733 :: INFO :: Stop experiment
2021-08-29 16:23:49,741 :: INFO :: Control node : stop of the experiment
2021-08-29 16:23:49,748 :: INFO :: Control node : profile configuration
2021-08-29 16:23:49,755 :: INFO :: Configure profile on Control Node
2021-08-29 16:23:49,824 :: INFO :: Control node : start power of open node
2021-08-29 16:23:49,866 :: INFO :: Node OpenOCD: teardown of openocd node
2021-08-29 16:23:52,916 :: INFO :: openocd node debugger stop
2021-08-29 16:23:53,602 :: INFO :: Node OpenOCD: flash of openocd node
2021-08-29 16:23:53,609 :: INFO :: Flash firmware on OpenOCD: /usr/lib/python2.7/site-packages/gateway_code/static/m3_idle.elf
2021-08-29 16:23:56,066 :: INFO :: Control node : Stop control node serial interface
2021-08-29 16:23:56,075 :: INFO :: Control node : stop power of open node
2021-08-29 16:23:56,145 :: INFO :: Control node : reset
2021-08-29 16:23:56,152 :: INFO :: Reset Control Node
2021-08-29 16:23:59,044 :: INFO :: Stop experiment succeeded
