2021-08-28 00:06:17,172 :: INFO :: Start experiment: luna-275605
2021-08-28 00:06:17,175 :: INFO :: Control node : Starting of control node serial interface
2021-08-28 00:06:17,178 :: INFO :: Control node : reset
2021-08-28 00:06:17,181 :: INFO :: Reset Control Node
2021-08-28 00:06:20,139 :: INFO :: Control node : start power of open node
2021-08-28 00:06:20,196 :: INFO :: Node OpenOCD: Setup of openocd node
2021-08-28 00:06:23,241 :: INFO :: Node OpenOCD: flash of openocd node
2021-08-28 00:06:23,256 :: INFO :: Flash firmware on OpenOCD: /tmp/tmpF1R2x7--a14ddd1a1d6cc1c4ffb46cbabc9d20fe_unicast-sender-count-10T-20B.iotlab-m3
2021-08-28 00:06:30,125 :: INFO :: Control node : Start experiment
2021-08-28 00:06:30,194 :: INFO :: Control Node set time delay: 1159 us
2021-08-28 00:06:30,226 :: INFO :: Control node : profile configuration
2021-08-28 00:06:30,233 :: INFO :: Configure profile on Control Node
2021-08-28 00:06:30,310 :: INFO :: Start experiment succeeded
2021-08-28 01:07:36,303 :: INFO :: Gateway Manager : Stop experiment
2021-08-28 01:07:36,313 :: INFO :: Stop experiment
2021-08-28 01:07:36,322 :: INFO :: Control node : stop of the experiment
2021-08-28 01:07:36,329 :: INFO :: Control node : profile configuration
2021-08-28 01:07:36,339 :: INFO :: Configure profile on Control Node
2021-08-28 01:07:36,410 :: INFO :: Control node : start power of open node
2021-08-28 01:07:36,454 :: INFO :: Node OpenOCD: teardown of openocd node
2021-08-28 01:07:39,502 :: INFO :: openocd node debugger stop
2021-08-28 01:07:40,184 :: INFO :: Node OpenOCD: flash of openocd node
2021-08-28 01:07:40,199 :: INFO :: Flash firmware on OpenOCD: /usr/lib/python2.7/site-packages/gateway_code/static/m3_idle.elf
2021-08-28 01:07:42,712 :: INFO :: Control node : Stop control node serial interface
2021-08-28 01:07:42,716 :: INFO :: Control node : stop power of open node
2021-08-28 01:07:42,770 :: INFO :: Control node : reset
2021-08-28 01:07:42,777 :: INFO :: Reset Control Node
2021-08-28 01:07:45,666 :: INFO :: Stop experiment succeeded
