2021-08-28 00:06:17,207 :: INFO :: Start experiment: luna-275605
2021-08-28 00:06:17,210 :: INFO :: Control node : Starting of control node serial interface
2021-08-28 00:06:17,213 :: INFO :: Control node : reset
2021-08-28 00:06:17,216 :: INFO :: Reset Control Node
2021-08-28 00:06:20,173 :: INFO :: Control node : start power of open node
2021-08-28 00:06:20,230 :: INFO :: Node OpenOCD: Setup of openocd node
2021-08-28 00:06:23,279 :: INFO :: Node OpenOCD: flash of openocd node
2021-08-28 00:06:23,294 :: INFO :: Flash firmware on OpenOCD: /tmp/tmp4pLTdN--a14ddd1a1d6cc1c4ffb46cbabc9d20fe_unicast-sender-count-10T-20B.iotlab-m3
2021-08-28 00:06:30,294 :: INFO :: Control node : Start experiment
2021-08-28 00:06:30,351 :: INFO :: Control Node set time delay: 1861 us
2021-08-28 00:06:30,384 :: INFO :: Control node : profile configuration
2021-08-28 00:06:30,390 :: INFO :: Configure profile on Control Node
2021-08-28 00:06:30,435 :: INFO :: Start experiment succeeded
2021-08-28 01:07:36,304 :: INFO :: Gateway Manager : Stop experiment
2021-08-28 01:07:36,318 :: INFO :: Stop experiment
2021-08-28 01:07:36,330 :: INFO :: Control node : stop of the experiment
2021-08-28 01:07:36,344 :: INFO :: Control node : profile configuration
2021-08-28 01:07:36,355 :: INFO :: Configure profile on Control Node
2021-08-28 01:07:36,441 :: INFO :: Control node : start power of open node
2021-08-28 01:07:36,485 :: INFO :: Node OpenOCD: teardown of openocd node
2021-08-28 01:07:39,531 :: INFO :: openocd node debugger stop
2021-08-28 01:07:40,126 :: INFO :: Node OpenOCD: flash of openocd node
2021-08-28 01:07:40,141 :: INFO :: Flash firmware on OpenOCD: /usr/lib/python2.7/site-packages/gateway_code/static/m3_idle.elf
2021-08-28 01:07:42,655 :: INFO :: Control node : Stop control node serial interface
2021-08-28 01:07:42,660 :: INFO :: Control node : stop power of open node
2021-08-28 01:07:42,706 :: INFO :: Control node : reset
2021-08-28 01:07:42,710 :: INFO :: Reset Control Node
2021-08-28 01:07:45,635 :: INFO :: Stop experiment succeeded
