2021-08-28 00:06:17,190 :: INFO :: Start experiment: luna-275605
2021-08-28 00:06:17,193 :: INFO :: Control node : Starting of control node serial interface
2021-08-28 00:06:17,196 :: INFO :: Control node : reset
2021-08-28 00:06:17,198 :: INFO :: Reset Control Node
2021-08-28 00:06:20,160 :: INFO :: Control node : start power of open node
2021-08-28 00:06:20,214 :: INFO :: Node OpenOCD: Setup of openocd node
2021-08-28 00:06:23,257 :: INFO :: Node OpenOCD: flash of openocd node
2021-08-28 00:06:23,272 :: INFO :: Flash firmware on OpenOCD: /tmp/tmp9J5YvS--a14ddd1a1d6cc1c4ffb46cbabc9d20fe_unicast-sender-count-10T-20B.iotlab-m3
2021-08-28 00:06:30,217 :: INFO :: Control node : Start experiment
2021-08-28 00:06:30,302 :: INFO :: Control Node set time delay: 1892 us
2021-08-28 00:06:30,326 :: INFO :: Control node : profile configuration
2021-08-28 00:06:30,333 :: INFO :: Configure profile on Control Node
2021-08-28 00:06:30,413 :: INFO :: Start experiment succeeded
2021-08-28 01:07:36,355 :: INFO :: Gateway Manager : Stop experiment
2021-08-28 01:07:36,367 :: INFO :: Stop experiment
2021-08-28 01:07:36,376 :: INFO :: Control node : stop of the experiment
2021-08-28 01:07:36,389 :: INFO :: Control node : profile configuration
2021-08-28 01:07:36,398 :: INFO :: Configure profile on Control Node
2021-08-28 01:07:36,462 :: INFO :: Control node : start power of open node
2021-08-28 01:07:36,503 :: INFO :: Node OpenOCD: teardown of openocd node
2021-08-28 01:07:39,545 :: INFO :: openocd node debugger stop
2021-08-28 01:07:40,131 :: INFO :: Node OpenOCD: flash of openocd node
2021-08-28 01:07:40,145 :: INFO :: Flash firmware on OpenOCD: /usr/lib/python2.7/site-packages/gateway_code/static/m3_idle.elf
2021-08-28 01:07:42,723 :: INFO :: Control node : Stop control node serial interface
2021-08-28 01:07:42,731 :: INFO :: Control node : stop power of open node
2021-08-28 01:07:42,807 :: INFO :: Control node : reset
2021-08-28 01:07:42,813 :: INFO :: Reset Control Node
2021-08-28 01:07:45,705 :: INFO :: Stop experiment succeeded
