2021-08-28 00:06:17,187 :: INFO :: Start experiment: luna-275605
2021-08-28 00:06:17,191 :: INFO :: Control node : Starting of control node serial interface
2021-08-28 00:06:17,194 :: INFO :: Control node : reset
2021-08-28 00:06:17,197 :: INFO :: Reset Control Node
2021-08-28 00:06:20,162 :: INFO :: Control node : start power of open node
2021-08-28 00:06:20,212 :: INFO :: Node OpenOCD: Setup of openocd node
2021-08-28 00:06:23,242 :: INFO :: Node OpenOCD: flash of openocd node
2021-08-28 00:06:23,257 :: INFO :: Flash firmware on OpenOCD: /tmp/tmpOHwLg2--a14ddd1a1d6cc1c4ffb46cbabc9d20fe_unicast-sender-count-10T-20B.iotlab-m3
2021-08-28 00:06:30,161 :: INFO :: Control node : Start experiment
2021-08-28 00:06:30,220 :: INFO :: Control Node set time delay: 1373 us
2021-08-28 00:06:30,252 :: INFO :: Control node : profile configuration
2021-08-28 00:06:30,259 :: INFO :: Configure profile on Control Node
2021-08-28 00:06:30,338 :: INFO :: Start experiment succeeded
2021-08-28 01:07:36,328 :: INFO :: Gateway Manager : Stop experiment
2021-08-28 01:07:36,341 :: INFO :: Stop experiment
2021-08-28 01:07:36,352 :: INFO :: Control node : stop of the experiment
2021-08-28 01:07:36,365 :: INFO :: Control node : profile configuration
2021-08-28 01:07:36,374 :: INFO :: Configure profile on Control Node
2021-08-28 01:07:36,451 :: INFO :: Control node : start power of open node
2021-08-28 01:07:36,492 :: INFO :: Node OpenOCD: teardown of openocd node
2021-08-28 01:07:39,537 :: INFO :: openocd node debugger stop
2021-08-28 01:07:40,223 :: INFO :: Node OpenOCD: flash of openocd node
2021-08-28 01:07:40,237 :: INFO :: Flash firmware on OpenOCD: /usr/lib/python2.7/site-packages/gateway_code/static/m3_idle.elf
2021-08-28 01:07:42,815 :: INFO :: Control node : Stop control node serial interface
2021-08-28 01:07:42,823 :: INFO :: Control node : stop power of open node
2021-08-28 01:07:42,887 :: INFO :: Control node : reset
2021-08-28 01:07:42,894 :: INFO :: Reset Control Node
2021-08-28 01:07:45,785 :: INFO :: Stop experiment succeeded
