2021-08-28 00:06:17,213 :: INFO :: Start experiment: luna-275605
2021-08-28 00:06:17,217 :: INFO :: Control node : Starting of control node serial interface
2021-08-28 00:06:17,220 :: INFO :: Control node : reset
2021-08-28 00:06:17,222 :: INFO :: Reset Control Node
2021-08-28 00:06:20,179 :: INFO :: Control node : start power of open node
2021-08-28 00:06:20,195 :: INFO :: Node OpenOCD: Setup of openocd node
2021-08-28 00:06:23,230 :: INFO :: Node OpenOCD: flash of openocd node
2021-08-28 00:06:23,248 :: INFO :: Flash firmware on OpenOCD: /tmp/tmpyk3FMi--a14ddd1a1d6cc1c4ffb46cbabc9d20fe_unicast-sender-count-10T-20B.iotlab-m3
2021-08-28 00:06:30,192 :: INFO :: Control node : Start experiment
2021-08-28 00:06:30,272 :: INFO :: Control Node set time delay: 1709 us
2021-08-28 00:06:30,319 :: INFO :: Control node : profile configuration
2021-08-28 00:06:30,326 :: INFO :: Configure profile on Control Node
2021-08-28 00:06:30,403 :: INFO :: Start experiment succeeded
2021-08-28 01:07:36,297 :: INFO :: Gateway Manager : Stop experiment
2021-08-28 01:07:36,307 :: INFO :: Stop experiment
2021-08-28 01:07:36,315 :: INFO :: Control node : stop of the experiment
2021-08-28 01:07:36,322 :: INFO :: Control node : profile configuration
2021-08-28 01:07:36,330 :: INFO :: Configure profile on Control Node
2021-08-28 01:07:36,410 :: INFO :: Control node : start power of open node
2021-08-28 01:07:36,454 :: INFO :: Node OpenOCD: teardown of openocd node
2021-08-28 01:07:39,501 :: INFO :: openocd node debugger stop
2021-08-28 01:07:40,192 :: INFO :: Node OpenOCD: flash of openocd node
2021-08-28 01:07:40,207 :: INFO :: Flash firmware on OpenOCD: /usr/lib/python2.7/site-packages/gateway_code/static/m3_idle.elf
2021-08-28 01:07:42,773 :: INFO :: Control node : Stop control node serial interface
2021-08-28 01:07:42,782 :: INFO :: Control node : stop power of open node
2021-08-28 01:07:42,868 :: INFO :: Control node : reset
2021-08-28 01:07:42,875 :: INFO :: Reset Control Node
2021-08-28 01:07:45,700 :: INFO :: Stop experiment succeeded
