2021-08-28 00:06:17,187 :: INFO :: Start experiment: luna-275605
2021-08-28 00:06:17,191 :: INFO :: Control node : Starting of control node serial interface
2021-08-28 00:06:17,193 :: INFO :: Control node : reset
2021-08-28 00:06:17,196 :: INFO :: Reset Control Node
2021-08-28 00:06:20,215 :: INFO :: Control node : start power of open node
2021-08-28 00:06:20,273 :: INFO :: Node OpenOCD: Setup of openocd node
2021-08-28 00:06:23,315 :: INFO :: Node OpenOCD: flash of openocd node
2021-08-28 00:06:23,330 :: INFO :: Flash firmware on OpenOCD: /tmp/tmps67f5U--a14ddd1a1d6cc1c4ffb46cbabc9d20fe_unicast-sender-count-10T-20B.iotlab-m3
2021-08-28 00:06:30,401 :: INFO :: Control node : Start experiment
2021-08-28 00:06:30,475 :: INFO :: Control Node set time delay: 1862 us
2021-08-28 00:06:30,488 :: INFO :: Control node : profile configuration
2021-08-28 00:06:30,491 :: INFO :: Configure profile on Control Node
2021-08-28 00:06:30,534 :: INFO :: Start experiment succeeded
2021-08-28 01:07:36,375 :: INFO :: Gateway Manager : Stop experiment
2021-08-28 01:07:36,409 :: INFO :: Stop experiment
2021-08-28 01:07:36,428 :: INFO :: Control node : stop of the experiment
2021-08-28 01:07:36,451 :: INFO :: Control node : profile configuration
2021-08-28 01:07:36,468 :: INFO :: Configure profile on Control Node
2021-08-28 01:07:36,587 :: INFO :: Control node : start power of open node
2021-08-28 01:07:36,607 :: INFO :: Node OpenOCD: teardown of openocd node
2021-08-28 01:07:39,646 :: INFO :: openocd node debugger stop
2021-08-28 01:07:40,342 :: INFO :: Node OpenOCD: flash of openocd node
2021-08-28 01:07:40,357 :: INFO :: Flash firmware on OpenOCD: /usr/lib/python2.7/site-packages/gateway_code/static/m3_idle.elf
2021-08-28 01:07:42,872 :: INFO :: Control node : Stop control node serial interface
2021-08-28 01:07:42,881 :: INFO :: Control node : stop power of open node
2021-08-28 01:07:42,959 :: INFO :: Control node : reset
2021-08-28 01:07:42,966 :: INFO :: Reset Control Node
2021-08-28 01:07:45,861 :: INFO :: Stop experiment succeeded
