2021-08-28 00:06:17,181 :: INFO :: Start experiment: luna-275605
2021-08-28 00:06:17,185 :: INFO :: Control node : Starting of control node serial interface
2021-08-28 00:06:17,188 :: INFO :: Control node : reset
2021-08-28 00:06:17,190 :: INFO :: Reset Control Node
2021-08-28 00:06:20,152 :: INFO :: Control node : start power of open node
2021-08-28 00:06:20,199 :: INFO :: Node OpenOCD: Setup of openocd node
2021-08-28 00:06:23,227 :: INFO :: Node OpenOCD: flash of openocd node
2021-08-28 00:06:23,245 :: INFO :: Flash firmware on OpenOCD: /tmp/tmpOGIdrh--a14ddd1a1d6cc1c4ffb46cbabc9d20fe_unicast-sender-count-10T-20B.iotlab-m3
2021-08-28 00:06:30,167 :: INFO :: Control node : Start experiment
2021-08-28 00:06:30,243 :: INFO :: Control Node set time delay: 1190 us
2021-08-28 00:06:30,295 :: INFO :: Control node : profile configuration
2021-08-28 00:06:30,301 :: INFO :: Configure profile on Control Node
2021-08-28 00:06:30,343 :: INFO :: Start experiment succeeded
2021-08-28 01:07:36,304 :: INFO :: Gateway Manager : Stop experiment
2021-08-28 01:07:36,313 :: INFO :: Stop experiment
2021-08-28 01:07:36,322 :: INFO :: Control node : stop of the experiment
2021-08-28 01:07:36,329 :: INFO :: Control node : profile configuration
2021-08-28 01:07:36,336 :: INFO :: Configure profile on Control Node
2021-08-28 01:07:36,408 :: INFO :: Control node : start power of open node
2021-08-28 01:07:36,449 :: INFO :: Node OpenOCD: teardown of openocd node
2021-08-28 01:07:39,506 :: INFO :: openocd node debugger stop
2021-08-28 01:07:40,192 :: INFO :: Node OpenOCD: flash of openocd node
2021-08-28 01:07:40,208 :: INFO :: Flash firmware on OpenOCD: /usr/lib/python2.7/site-packages/gateway_code/static/m3_idle.elf
2021-08-28 01:07:42,776 :: INFO :: Control node : Stop control node serial interface
2021-08-28 01:07:42,781 :: INFO :: Control node : stop power of open node
2021-08-28 01:07:42,833 :: INFO :: Control node : reset
2021-08-28 01:07:42,837 :: INFO :: Reset Control Node
2021-08-28 01:07:45,758 :: INFO :: Stop experiment succeeded
