2021-08-28 00:06:17,195 :: INFO :: Start experiment: luna-275605
2021-08-28 00:06:17,199 :: INFO :: Control node : Starting of control node serial interface
2021-08-28 00:06:17,201 :: INFO :: Control node : reset
2021-08-28 00:06:17,204 :: INFO :: Reset Control Node
2021-08-28 00:06:20,163 :: INFO :: Control node : start power of open node
2021-08-28 00:06:20,220 :: INFO :: Node OpenOCD: Setup of openocd node
2021-08-28 00:06:23,269 :: INFO :: Node OpenOCD: flash of openocd node
2021-08-28 00:06:23,284 :: INFO :: Flash firmware on OpenOCD: /tmp/tmpvvEnHZ--a14ddd1a1d6cc1c4ffb46cbabc9d20fe_unicast-sender-count-10T-20B.iotlab-m3
2021-08-28 00:06:30,250 :: INFO :: Control node : Start experiment
2021-08-28 00:06:30,332 :: INFO :: Control Node set time delay: 2594 us
2021-08-28 00:06:30,379 :: INFO :: Control node : profile configuration
2021-08-28 00:06:30,383 :: INFO :: Configure profile on Control Node
2021-08-28 00:06:30,423 :: INFO :: Start experiment succeeded
2021-08-28 01:07:36,289 :: INFO :: Gateway Manager : Stop experiment
2021-08-28 01:07:36,304 :: INFO :: Stop experiment
2021-08-28 01:07:36,319 :: INFO :: Control node : stop of the experiment
2021-08-28 01:07:36,328 :: INFO :: Control node : profile configuration
2021-08-28 01:07:36,343 :: INFO :: Configure profile on Control Node
2021-08-28 01:07:36,437 :: INFO :: Control node : start power of open node
2021-08-28 01:07:36,482 :: INFO :: Node OpenOCD: teardown of openocd node
2021-08-28 01:07:39,521 :: INFO :: openocd node debugger stop
2021-08-28 01:07:40,215 :: INFO :: Node OpenOCD: flash of openocd node
2021-08-28 01:07:40,229 :: INFO :: Flash firmware on OpenOCD: /usr/lib/python2.7/site-packages/gateway_code/static/m3_idle.elf
2021-08-28 01:07:42,796 :: INFO :: Control node : Stop control node serial interface
2021-08-28 01:07:42,804 :: INFO :: Control node : stop power of open node
2021-08-28 01:07:42,893 :: INFO :: Control node : reset
2021-08-28 01:07:42,900 :: INFO :: Reset Control Node
2021-08-28 01:07:45,790 :: INFO :: Stop experiment succeeded
