2021-08-28 00:06:17,217 :: INFO :: Start experiment: luna-275605
2021-08-28 00:06:17,221 :: INFO :: Control node : Starting of control node serial interface
2021-08-28 00:06:17,224 :: INFO :: Control node : reset
2021-08-28 00:06:17,226 :: INFO :: Reset Control Node
2021-08-28 00:06:20,243 :: INFO :: Control node : start power of open node
2021-08-28 00:06:20,302 :: INFO :: Node OpenOCD: Setup of openocd node
2021-08-28 00:06:23,342 :: INFO :: Node OpenOCD: flash of openocd node
2021-08-28 00:06:23,357 :: INFO :: Flash firmware on OpenOCD: /tmp/tmp43X0rA--a14ddd1a1d6cc1c4ffb46cbabc9d20fe_unicast-sender-count-10T-20B.iotlab-m3
2021-08-28 00:06:30,427 :: INFO :: Control node : Start experiment
2021-08-28 00:06:30,496 :: INFO :: Control Node set time delay: 1618 us
2021-08-28 00:06:30,505 :: INFO :: Control node : profile configuration
2021-08-28 00:06:30,508 :: INFO :: Configure profile on Control Node
2021-08-28 00:06:30,552 :: INFO :: Start experiment succeeded
2021-08-28 01:07:36,332 :: INFO :: Gateway Manager : Stop experiment
2021-08-28 01:07:36,341 :: INFO :: Stop experiment
2021-08-28 01:07:36,350 :: INFO :: Control node : stop of the experiment
2021-08-28 01:07:36,360 :: INFO :: Control node : profile configuration
2021-08-28 01:07:36,367 :: INFO :: Configure profile on Control Node
2021-08-28 01:07:36,439 :: INFO :: Control node : start power of open node
2021-08-28 01:07:36,483 :: INFO :: Node OpenOCD: teardown of openocd node
2021-08-28 01:07:39,522 :: INFO :: openocd node debugger stop
2021-08-28 01:07:40,213 :: INFO :: Node OpenOCD: flash of openocd node
2021-08-28 01:07:40,228 :: INFO :: Flash firmware on OpenOCD: /usr/lib/python2.7/site-packages/gateway_code/static/m3_idle.elf
2021-08-28 01:07:42,789 :: INFO :: Control node : Stop control node serial interface
2021-08-28 01:07:42,798 :: INFO :: Control node : stop power of open node
2021-08-28 01:07:42,877 :: INFO :: Control node : reset
2021-08-28 01:07:42,883 :: INFO :: Reset Control Node
2021-08-28 01:07:45,773 :: INFO :: Stop experiment succeeded
