2021-08-28 00:06:17,139 :: INFO :: Start experiment: luna-275605
2021-08-28 00:06:17,143 :: INFO :: Control node : Starting of control node serial interface
2021-08-28 00:06:17,145 :: INFO :: Control node : reset
2021-08-28 00:06:17,148 :: INFO :: Reset Control Node
2021-08-28 00:06:20,109 :: INFO :: Control node : start power of open node
2021-08-28 00:06:20,145 :: INFO :: Node OpenOCD: Setup of openocd node
2021-08-28 00:06:23,172 :: INFO :: Node OpenOCD: flash of openocd node
2021-08-28 00:06:23,191 :: INFO :: Flash firmware on OpenOCD: /tmp/tmpP3dnnx--a14ddd1a1d6cc1c4ffb46cbabc9d20fe_unicast-sender-count-10T-20B.iotlab-m3
2021-08-28 00:06:30,082 :: INFO :: Control node : Start experiment
2021-08-28 00:06:30,158 :: INFO :: Control Node set time delay: 1495 us
2021-08-28 00:06:30,188 :: INFO :: Control node : profile configuration
2021-08-28 00:06:30,194 :: INFO :: Configure profile on Control Node
2021-08-28 00:06:30,271 :: INFO :: Start experiment succeeded
2021-08-28 01:07:36,335 :: INFO :: Gateway Manager : Stop experiment
2021-08-28 01:07:36,344 :: INFO :: Stop experiment
2021-08-28 01:07:36,352 :: INFO :: Control node : stop of the experiment
2021-08-28 01:07:36,360 :: INFO :: Control node : profile configuration
2021-08-28 01:07:36,367 :: INFO :: Configure profile on Control Node
2021-08-28 01:07:36,442 :: INFO :: Control node : start power of open node
2021-08-28 01:07:36,486 :: INFO :: Node OpenOCD: teardown of openocd node
2021-08-28 01:07:39,522 :: INFO :: openocd node debugger stop
2021-08-28 01:07:40,210 :: INFO :: Node OpenOCD: flash of openocd node
2021-08-28 01:07:40,225 :: INFO :: Flash firmware on OpenOCD: /usr/lib/python2.7/site-packages/gateway_code/static/m3_idle.elf
2021-08-28 01:07:42,840 :: INFO :: Control node : Stop control node serial interface
2021-08-28 01:07:42,845 :: INFO :: Control node : stop power of open node
2021-08-28 01:07:42,912 :: INFO :: Control node : reset
2021-08-28 01:07:42,918 :: INFO :: Reset Control Node
2021-08-28 01:07:45,806 :: INFO :: Stop experiment succeeded
