2021-08-28 00:06:17,181 :: INFO :: Start experiment: luna-275605
2021-08-28 00:06:17,185 :: INFO :: Control node : Starting of control node serial interface
2021-08-28 00:06:17,187 :: INFO :: Control node : reset
2021-08-28 00:06:17,190 :: INFO :: Reset Control Node
2021-08-28 00:06:20,102 :: INFO :: Control node : start power of open node
2021-08-28 00:06:20,129 :: INFO :: Node OpenOCD: Setup of openocd node
2021-08-28 00:06:23,164 :: INFO :: Node OpenOCD: flash of openocd node
2021-08-28 00:06:23,182 :: INFO :: Flash firmware on OpenOCD: /tmp/tmpLTjdN3--a14ddd1a1d6cc1c4ffb46cbabc9d20fe_unicast-sender-count-10T-20B.iotlab-m3
2021-08-28 00:06:30,196 :: INFO :: Control node : Start experiment
2021-08-28 00:06:30,258 :: INFO :: Control Node set time delay: 1770 us
2021-08-28 00:06:30,286 :: INFO :: Control node : profile configuration
2021-08-28 00:06:30,289 :: INFO :: Configure profile on Control Node
2021-08-28 00:06:30,328 :: INFO :: Start experiment succeeded
2021-08-28 01:07:36,338 :: INFO :: Gateway Manager : Stop experiment
2021-08-28 01:07:36,359 :: INFO :: Stop experiment
2021-08-28 01:07:36,378 :: INFO :: Control node : stop of the experiment
2021-08-28 01:07:36,401 :: INFO :: Control node : profile configuration
2021-08-28 01:07:36,417 :: INFO :: Configure profile on Control Node
2021-08-28 01:07:36,577 :: INFO :: Control node : start power of open node
2021-08-28 01:07:36,597 :: INFO :: Node OpenOCD: teardown of openocd node
2021-08-28 01:07:39,633 :: INFO :: openocd node debugger stop
2021-08-28 01:07:40,329 :: INFO :: Node OpenOCD: flash of openocd node
2021-08-28 01:07:40,344 :: INFO :: Flash firmware on OpenOCD: /usr/lib/python2.7/site-packages/gateway_code/static/m3_idle.elf
2021-08-28 01:07:42,964 :: INFO :: Control node : Stop control node serial interface
2021-08-28 01:07:42,972 :: INFO :: Control node : stop power of open node
2021-08-28 01:07:43,069 :: INFO :: Control node : reset
2021-08-28 01:07:43,076 :: INFO :: Reset Control Node
2021-08-28 01:07:45,973 :: INFO :: Stop experiment succeeded
