2021-08-28 00:06:17,253 :: INFO :: Start experiment: luna-275605
2021-08-28 00:06:17,256 :: INFO :: Control node : Starting of control node serial interface
2021-08-28 00:06:17,259 :: INFO :: Control node : reset
2021-08-28 00:06:17,262 :: INFO :: Reset Control Node
2021-08-28 00:06:20,279 :: INFO :: Control node : start power of open node
2021-08-28 00:06:20,338 :: INFO :: Node OpenOCD: Setup of openocd node
2021-08-28 00:06:23,379 :: INFO :: Node OpenOCD: flash of openocd node
2021-08-28 00:06:23,394 :: INFO :: Flash firmware on OpenOCD: /tmp/tmpqJqeDu--a14ddd1a1d6cc1c4ffb46cbabc9d20fe_unicast-sender-count-10T-20B.iotlab-m3
2021-08-28 00:06:30,346 :: INFO :: Control node : Start experiment
2021-08-28 00:06:30,416 :: INFO :: Control Node set time delay: 1160 us
2021-08-28 00:06:30,448 :: INFO :: Control node : profile configuration
2021-08-28 00:06:30,454 :: INFO :: Configure profile on Control Node
2021-08-28 00:06:30,533 :: INFO :: Start experiment succeeded
2021-08-28 01:07:36,331 :: INFO :: Gateway Manager : Stop experiment
2021-08-28 01:07:36,340 :: INFO :: Stop experiment
2021-08-28 01:07:36,348 :: INFO :: Control node : stop of the experiment
2021-08-28 01:07:36,355 :: INFO :: Control node : profile configuration
2021-08-28 01:07:36,362 :: INFO :: Configure profile on Control Node
2021-08-28 01:07:36,431 :: INFO :: Control node : start power of open node
2021-08-28 01:07:36,473 :: INFO :: Node OpenOCD: teardown of openocd node
2021-08-28 01:07:39,520 :: INFO :: openocd node debugger stop
2021-08-28 01:07:40,214 :: INFO :: Node OpenOCD: flash of openocd node
2021-08-28 01:07:40,229 :: INFO :: Flash firmware on OpenOCD: /usr/lib/python2.7/site-packages/gateway_code/static/m3_idle.elf
2021-08-28 01:07:42,792 :: INFO :: Control node : Stop control node serial interface
2021-08-28 01:07:42,797 :: INFO :: Control node : stop power of open node
2021-08-28 01:07:42,850 :: INFO :: Control node : reset
2021-08-28 01:07:42,853 :: INFO :: Reset Control Node
2021-08-28 01:07:45,778 :: INFO :: Stop experiment succeeded
