2021-08-31 00:24:18,739 :: INFO :: Start experiment: luna-275837
2021-08-31 00:24:18,743 :: INFO :: Control node : Starting of control node serial interface
2021-08-31 00:24:18,745 :: INFO :: Control node : reset
2021-08-31 00:24:18,748 :: INFO :: Reset Control Node
2021-08-31 00:24:21,704 :: INFO :: Control node : start power of open node
2021-08-31 00:24:21,733 :: INFO :: Node OpenOCD: Setup of openocd node
2021-08-31 00:24:24,771 :: INFO :: Node OpenOCD: flash of openocd node
2021-08-31 00:24:24,789 :: INFO :: Flash firmware on OpenOCD: /tmp/tmpePJbF6--d4a0543b7d1f359d92f0e4afc0b7f0cf_unicast-sender-count-30T-20B.iotlab-m3
2021-08-31 00:24:31,685 :: INFO :: Control node : Start experiment
2021-08-31 00:24:31,731 :: INFO :: Control Node set time delay: 1159 us
2021-08-31 00:24:31,764 :: INFO :: Control node : profile configuration
2021-08-31 00:24:31,771 :: INFO :: Configure profile on Control Node
2021-08-31 00:24:31,850 :: INFO :: Start experiment succeeded
2021-08-31 01:25:37,711 :: INFO :: Gateway Manager : Stop experiment
2021-08-31 01:25:37,720 :: INFO :: Stop experiment
2021-08-31 01:25:37,728 :: INFO :: Control node : stop of the experiment
2021-08-31 01:25:37,736 :: INFO :: Control node : profile configuration
2021-08-31 01:25:37,743 :: INFO :: Configure profile on Control Node
2021-08-31 01:25:37,817 :: INFO :: Control node : start power of open node
2021-08-31 01:25:37,860 :: INFO :: Node OpenOCD: teardown of openocd node
2021-08-31 01:25:40,949 :: INFO :: openocd node debugger stop
2021-08-31 01:25:41,636 :: INFO :: Node OpenOCD: flash of openocd node
2021-08-31 01:25:41,652 :: INFO :: Flash firmware on OpenOCD: /usr/lib/python2.7/site-packages/gateway_code/static/m3_idle.elf
2021-08-31 01:25:44,274 :: INFO :: Control node : Stop control node serial interface
2021-08-31 01:25:44,283 :: INFO :: Control node : stop power of open node
2021-08-31 01:25:44,352 :: INFO :: Control node : reset
2021-08-31 01:25:44,358 :: INFO :: Reset Control Node
2021-08-31 01:25:47,247 :: INFO :: Stop experiment succeeded
