2021-08-31 00:24:18,720 :: INFO :: Start experiment: luna-275837
2021-08-31 00:24:18,723 :: INFO :: Control node : Starting of control node serial interface
2021-08-31 00:24:18,726 :: INFO :: Control node : reset
2021-08-31 00:24:18,729 :: INFO :: Reset Control Node
2021-08-31 00:24:21,684 :: INFO :: Control node : start power of open node
2021-08-31 00:24:21,740 :: INFO :: Node OpenOCD: Setup of openocd node
2021-08-31 00:24:24,780 :: INFO :: Node OpenOCD: flash of openocd node
2021-08-31 00:24:24,796 :: INFO :: Flash firmware on OpenOCD: /tmp/tmpFePevk--d4a0543b7d1f359d92f0e4afc0b7f0cf_unicast-sender-count-30T-20B.iotlab-m3
2021-08-31 00:24:31,753 :: INFO :: Control node : Start experiment
2021-08-31 00:24:31,818 :: INFO :: Control Node set time delay: 1770 us
2021-08-31 00:24:31,842 :: INFO :: Control node : profile configuration
2021-08-31 00:24:31,849 :: INFO :: Configure profile on Control Node
2021-08-31 00:24:31,898 :: INFO :: Start experiment succeeded
2021-08-31 01:25:37,760 :: INFO :: Gateway Manager : Stop experiment
2021-08-31 01:25:37,776 :: INFO :: Stop experiment
2021-08-31 01:25:37,785 :: INFO :: Control node : stop of the experiment
2021-08-31 01:25:37,792 :: INFO :: Control node : profile configuration
2021-08-31 01:25:37,799 :: INFO :: Configure profile on Control Node
2021-08-31 01:25:37,874 :: INFO :: Control node : start power of open node
2021-08-31 01:25:37,918 :: INFO :: Node OpenOCD: teardown of openocd node
2021-08-31 01:25:40,953 :: INFO :: openocd node debugger stop
2021-08-31 01:25:41,633 :: INFO :: Node OpenOCD: flash of openocd node
2021-08-31 01:25:41,648 :: INFO :: Flash firmware on OpenOCD: /usr/lib/python2.7/site-packages/gateway_code/static/m3_idle.elf
2021-08-31 01:25:44,167 :: INFO :: Control node : Stop control node serial interface
2021-08-31 01:25:44,176 :: INFO :: Control node : stop power of open node
2021-08-31 01:25:44,245 :: INFO :: Control node : reset
2021-08-31 01:25:44,251 :: INFO :: Reset Control Node
2021-08-31 01:25:47,145 :: INFO :: Stop experiment succeeded
