2021-08-31 00:24:18,700 :: INFO :: Start experiment: luna-275837
2021-08-31 00:24:18,704 :: INFO :: Control node : Starting of control node serial interface
2021-08-31 00:24:18,707 :: INFO :: Control node : reset
2021-08-31 00:24:18,710 :: INFO :: Reset Control Node
2021-08-31 00:24:21,666 :: INFO :: Control node : start power of open node
2021-08-31 00:24:21,724 :: INFO :: Node OpenOCD: Setup of openocd node
2021-08-31 00:24:24,765 :: INFO :: Node OpenOCD: flash of openocd node
2021-08-31 00:24:24,780 :: INFO :: Flash firmware on OpenOCD: /tmp/tmpd8Wbpl--d4a0543b7d1f359d92f0e4afc0b7f0cf_unicast-sender-count-30T-20B.iotlab-m3
2021-08-31 00:24:31,732 :: INFO :: Control node : Start experiment
2021-08-31 00:24:31,807 :: INFO :: Control Node set time delay: 2625 us
2021-08-31 00:24:31,844 :: INFO :: Control node : profile configuration
2021-08-31 00:24:31,851 :: INFO :: Configure profile on Control Node
2021-08-31 00:24:31,931 :: INFO :: Start experiment succeeded
2021-08-31 01:25:37,755 :: INFO :: Gateway Manager : Stop experiment
2021-08-31 01:25:37,774 :: INFO :: Stop experiment
2021-08-31 01:25:37,783 :: INFO :: Control node : stop of the experiment
2021-08-31 01:25:37,790 :: INFO :: Control node : profile configuration
2021-08-31 01:25:37,797 :: INFO :: Configure profile on Control Node
2021-08-31 01:25:37,871 :: INFO :: Control node : start power of open node
2021-08-31 01:25:37,914 :: INFO :: Node OpenOCD: teardown of openocd node
2021-08-31 01:25:40,954 :: INFO :: openocd node debugger stop
2021-08-31 01:25:41,646 :: INFO :: Node OpenOCD: flash of openocd node
2021-08-31 01:25:41,661 :: INFO :: Flash firmware on OpenOCD: /usr/lib/python2.7/site-packages/gateway_code/static/m3_idle.elf
2021-08-31 01:25:44,176 :: INFO :: Control node : Stop control node serial interface
2021-08-31 01:25:44,184 :: INFO :: Control node : stop power of open node
2021-08-31 01:25:44,264 :: INFO :: Control node : reset
2021-08-31 01:25:44,271 :: INFO :: Reset Control Node
2021-08-31 01:25:47,162 :: INFO :: Stop experiment succeeded
