2021-08-31 00:24:18,749 :: INFO :: Start experiment: luna-275837
2021-08-31 00:24:18,753 :: INFO :: Control node : Starting of control node serial interface
2021-08-31 00:24:18,755 :: INFO :: Control node : reset
2021-08-31 00:24:18,758 :: INFO :: Reset Control Node
2021-08-31 00:24:21,710 :: INFO :: Control node : start power of open node
2021-08-31 00:24:21,767 :: INFO :: Node OpenOCD: Setup of openocd node
2021-08-31 00:24:24,810 :: INFO :: Node OpenOCD: flash of openocd node
2021-08-31 00:24:24,825 :: INFO :: Flash firmware on OpenOCD: /tmp/tmpFBmkZd--d4a0543b7d1f359d92f0e4afc0b7f0cf_unicast-sender-count-30T-20B.iotlab-m3
2021-08-31 00:24:31,833 :: INFO :: Control node : Start experiment
2021-08-31 00:24:31,891 :: INFO :: Control Node set time delay: 1923 us
2021-08-31 00:24:31,901 :: INFO :: Control node : profile configuration
2021-08-31 00:24:31,904 :: INFO :: Configure profile on Control Node
2021-08-31 00:24:31,947 :: INFO :: Start experiment succeeded
2021-08-31 01:25:37,754 :: INFO :: Gateway Manager : Stop experiment
2021-08-31 01:25:37,772 :: INFO :: Stop experiment
2021-08-31 01:25:37,781 :: INFO :: Control node : stop of the experiment
2021-08-31 01:25:37,789 :: INFO :: Control node : profile configuration
2021-08-31 01:25:37,796 :: INFO :: Configure profile on Control Node
2021-08-31 01:25:37,867 :: INFO :: Control node : start power of open node
2021-08-31 01:25:37,910 :: INFO :: Node OpenOCD: teardown of openocd node
2021-08-31 01:25:40,962 :: INFO :: openocd node debugger stop
2021-08-31 01:25:41,647 :: INFO :: Node OpenOCD: flash of openocd node
2021-08-31 01:25:41,654 :: INFO :: Flash firmware on OpenOCD: /usr/lib/python2.7/site-packages/gateway_code/static/m3_idle.elf
2021-08-31 01:25:44,165 :: INFO :: Control node : Stop control node serial interface
2021-08-31 01:25:44,174 :: INFO :: Control node : stop power of open node
2021-08-31 01:25:44,251 :: INFO :: Control node : reset
2021-08-31 01:25:44,257 :: INFO :: Reset Control Node
2021-08-31 01:25:47,151 :: INFO :: Stop experiment succeeded
