2021-08-31 00:24:18,722 :: INFO :: Start experiment: luna-275837
2021-08-31 00:24:18,725 :: INFO :: Control node : Starting of control node serial interface
2021-08-31 00:24:18,728 :: INFO :: Control node : reset
2021-08-31 00:24:18,731 :: INFO :: Reset Control Node
2021-08-31 00:24:21,688 :: INFO :: Control node : start power of open node
2021-08-31 00:24:21,744 :: INFO :: Node OpenOCD: Setup of openocd node
2021-08-31 00:24:24,786 :: INFO :: Node OpenOCD: flash of openocd node
2021-08-31 00:24:24,801 :: INFO :: Flash firmware on OpenOCD: /tmp/tmpvRvUy8--d4a0543b7d1f359d92f0e4afc0b7f0cf_unicast-sender-count-30T-20B.iotlab-m3
2021-08-31 00:24:31,801 :: INFO :: Control node : Start experiment
2021-08-31 00:24:31,853 :: INFO :: Control Node set time delay: 1068 us
2021-08-31 00:24:31,882 :: INFO :: Control node : profile configuration
2021-08-31 00:24:31,885 :: INFO :: Configure profile on Control Node
2021-08-31 00:24:31,927 :: INFO :: Start experiment succeeded
2021-08-31 01:25:37,720 :: INFO :: Gateway Manager : Stop experiment
2021-08-31 01:25:37,730 :: INFO :: Stop experiment
2021-08-31 01:25:37,739 :: INFO :: Control node : stop of the experiment
2021-08-31 01:25:37,746 :: INFO :: Control node : profile configuration
2021-08-31 01:25:37,753 :: INFO :: Configure profile on Control Node
2021-08-31 01:25:37,828 :: INFO :: Control node : start power of open node
2021-08-31 01:25:37,872 :: INFO :: Node OpenOCD: teardown of openocd node
2021-08-31 01:25:40,949 :: INFO :: openocd node debugger stop
2021-08-31 01:25:41,626 :: INFO :: Node OpenOCD: flash of openocd node
2021-08-31 01:25:41,633 :: INFO :: Flash firmware on OpenOCD: /usr/lib/python2.7/site-packages/gateway_code/static/m3_idle.elf
2021-08-31 01:25:44,145 :: INFO :: Control node : Stop control node serial interface
2021-08-31 01:25:44,150 :: INFO :: Control node : stop power of open node
2021-08-31 01:25:44,242 :: INFO :: Control node : reset
2021-08-31 01:25:44,249 :: INFO :: Reset Control Node
2021-08-31 01:25:47,142 :: INFO :: Stop experiment succeeded
