2021-08-31 00:24:18,712 :: INFO :: Start experiment: luna-275837
2021-08-31 00:24:18,715 :: INFO :: Control node : Starting of control node serial interface
2021-08-31 00:24:18,718 :: INFO :: Control node : reset
2021-08-31 00:24:18,721 :: INFO :: Reset Control Node
2021-08-31 00:24:21,677 :: INFO :: Control node : start power of open node
2021-08-31 00:24:21,732 :: INFO :: Node OpenOCD: Setup of openocd node
2021-08-31 00:24:24,783 :: INFO :: Node OpenOCD: flash of openocd node
2021-08-31 00:24:24,799 :: INFO :: Flash firmware on OpenOCD: /tmp/tmpSN_XBF--ddd0625ff8382e7208c25657471d6a4a_unicast-receiver-count.iotlab-m3
2021-08-31 00:24:31,387 :: INFO :: Control node : Start experiment
2021-08-31 00:24:31,453 :: INFO :: Control Node set time delay: 1862 us
2021-08-31 00:24:31,486 :: INFO :: Control node : profile configuration
2021-08-31 00:24:31,493 :: INFO :: Configure profile on Control Node
2021-08-31 00:24:31,571 :: INFO :: Start experiment succeeded
2021-08-31 01:25:37,736 :: INFO :: Gateway Manager : Stop experiment
2021-08-31 01:25:37,746 :: INFO :: Stop experiment
2021-08-31 01:25:37,754 :: INFO :: Control node : stop of the experiment
2021-08-31 01:25:37,762 :: INFO :: Control node : profile configuration
2021-08-31 01:25:37,769 :: INFO :: Configure profile on Control Node
2021-08-31 01:25:37,844 :: INFO :: Control node : start power of open node
2021-08-31 01:25:37,888 :: INFO :: Node OpenOCD: teardown of openocd node
2021-08-31 01:25:40,931 :: INFO :: openocd node debugger stop
2021-08-31 01:25:41,611 :: INFO :: Node OpenOCD: flash of openocd node
2021-08-31 01:25:41,625 :: INFO :: Flash firmware on OpenOCD: /usr/lib/python2.7/site-packages/gateway_code/static/m3_idle.elf
2021-08-31 01:25:44,190 :: INFO :: Control node : Stop control node serial interface
2021-08-31 01:25:44,198 :: INFO :: Control node : stop power of open node
2021-08-31 01:25:44,274 :: INFO :: Control node : reset
2021-08-31 01:25:44,281 :: INFO :: Reset Control Node
2021-08-31 01:25:47,172 :: INFO :: Stop experiment succeeded
