2021-08-31 00:24:18,772 :: INFO :: Start experiment: luna-275837
2021-08-31 00:24:18,775 :: INFO :: Control node : Starting of control node serial interface
2021-08-31 00:24:18,778 :: INFO :: Control node : reset
2021-08-31 00:24:18,781 :: INFO :: Reset Control Node
2021-08-31 00:24:21,735 :: INFO :: Control node : start power of open node
2021-08-31 00:24:21,791 :: INFO :: Node OpenOCD: Setup of openocd node
2021-08-31 00:24:24,838 :: INFO :: Node OpenOCD: flash of openocd node
2021-08-31 00:24:24,854 :: INFO :: Flash firmware on OpenOCD: /tmp/tmpzftqUi--d4a0543b7d1f359d92f0e4afc0b7f0cf_unicast-sender-count-30T-20B.iotlab-m3
2021-08-31 00:24:31,855 :: INFO :: Control node : Start experiment
2021-08-31 00:24:31,882 :: INFO :: Control Node set time delay: 1373 us
2021-08-31 00:24:31,900 :: INFO :: Control node : profile configuration
2021-08-31 00:24:31,904 :: INFO :: Configure profile on Control Node
2021-08-31 00:24:31,947 :: INFO :: Start experiment succeeded
2021-08-31 01:25:37,759 :: INFO :: Gateway Manager : Stop experiment
2021-08-31 01:25:37,776 :: INFO :: Stop experiment
2021-08-31 01:25:37,785 :: INFO :: Control node : stop of the experiment
2021-08-31 01:25:37,793 :: INFO :: Control node : profile configuration
2021-08-31 01:25:37,800 :: INFO :: Configure profile on Control Node
2021-08-31 01:25:37,876 :: INFO :: Control node : start power of open node
2021-08-31 01:25:37,919 :: INFO :: Node OpenOCD: teardown of openocd node
2021-08-31 01:25:40,971 :: INFO :: openocd node debugger stop
2021-08-31 01:25:41,561 :: INFO :: Node OpenOCD: flash of openocd node
2021-08-31 01:25:41,576 :: INFO :: Flash firmware on OpenOCD: /usr/lib/python2.7/site-packages/gateway_code/static/m3_idle.elf
2021-08-31 01:25:44,151 :: INFO :: Control node : Stop control node serial interface
2021-08-31 01:25:44,160 :: INFO :: Control node : stop power of open node
2021-08-31 01:25:44,240 :: INFO :: Control node : reset
2021-08-31 01:25:44,247 :: INFO :: Reset Control Node
2021-08-31 01:25:47,135 :: INFO :: Stop experiment succeeded
