2021-08-31 00:24:18,737 :: INFO :: Start experiment: luna-275837
2021-08-31 00:24:18,741 :: INFO :: Control node : Starting of control node serial interface
2021-08-31 00:24:18,744 :: INFO :: Control node : reset
2021-08-31 00:24:18,746 :: INFO :: Reset Control Node
2021-08-31 00:24:21,667 :: INFO :: Control node : start power of open node
2021-08-31 00:24:21,696 :: INFO :: Node OpenOCD: Setup of openocd node
2021-08-31 00:24:24,734 :: INFO :: Node OpenOCD: flash of openocd node
2021-08-31 00:24:24,752 :: INFO :: Flash firmware on OpenOCD: /tmp/tmpaXqRwH--d4a0543b7d1f359d92f0e4afc0b7f0cf_unicast-sender-count-30T-20B.iotlab-m3
2021-08-31 00:24:31,676 :: INFO :: Control node : Start experiment
2021-08-31 00:24:31,707 :: INFO :: Control Node set time delay: 1130 us
2021-08-31 00:24:31,725 :: INFO :: Control node : profile configuration
2021-08-31 00:24:31,729 :: INFO :: Configure profile on Control Node
2021-08-31 00:24:31,774 :: INFO :: Start experiment succeeded
2021-08-31 01:25:37,717 :: INFO :: Gateway Manager : Stop experiment
2021-08-31 01:25:37,727 :: INFO :: Stop experiment
2021-08-31 01:25:37,735 :: INFO :: Control node : stop of the experiment
2021-08-31 01:25:37,742 :: INFO :: Control node : profile configuration
2021-08-31 01:25:37,752 :: INFO :: Configure profile on Control Node
2021-08-31 01:25:37,822 :: INFO :: Control node : start power of open node
2021-08-31 01:25:37,865 :: INFO :: Node OpenOCD: teardown of openocd node
2021-08-31 01:25:40,950 :: INFO :: openocd node debugger stop
2021-08-31 01:25:41,636 :: INFO :: Node OpenOCD: flash of openocd node
2021-08-31 01:25:41,647 :: INFO :: Flash firmware on OpenOCD: /usr/lib/python2.7/site-packages/gateway_code/static/m3_idle.elf
2021-08-31 01:25:44,154 :: INFO :: Control node : Stop control node serial interface
2021-08-31 01:25:44,158 :: INFO :: Control node : stop power of open node
2021-08-31 01:25:44,255 :: INFO :: Control node : reset
2021-08-31 01:25:44,261 :: INFO :: Reset Control Node
2021-08-31 01:25:47,150 :: INFO :: Stop experiment succeeded
