2021-08-31 00:24:18,730 :: INFO :: Start experiment: luna-275837
2021-08-31 00:24:18,733 :: INFO :: Control node : Starting of control node serial interface
2021-08-31 00:24:18,736 :: INFO :: Control node : reset
2021-08-31 00:24:18,739 :: INFO :: Reset Control Node
2021-08-31 00:24:21,753 :: INFO :: Control node : start power of open node
2021-08-31 00:24:21,810 :: INFO :: Node OpenOCD: Setup of openocd node
2021-08-31 00:24:24,854 :: INFO :: Node OpenOCD: flash of openocd node
2021-08-31 00:24:24,869 :: INFO :: Flash firmware on OpenOCD: /tmp/tmpcM5OXT--d4a0543b7d1f359d92f0e4afc0b7f0cf_unicast-sender-count-30T-20B.iotlab-m3
2021-08-31 00:24:31,826 :: INFO :: Control node : Start experiment
2021-08-31 00:24:31,878 :: INFO :: Control Node set time delay: 1984 us
2021-08-31 00:24:31,911 :: INFO :: Control node : profile configuration
2021-08-31 00:24:31,918 :: INFO :: Configure profile on Control Node
2021-08-31 00:24:31,977 :: INFO :: Start experiment succeeded
2021-08-31 01:25:37,757 :: INFO :: Gateway Manager : Stop experiment
2021-08-31 01:25:37,773 :: INFO :: Stop experiment
2021-08-31 01:25:37,782 :: INFO :: Control node : stop of the experiment
2021-08-31 01:25:37,789 :: INFO :: Control node : profile configuration
2021-08-31 01:25:37,799 :: INFO :: Configure profile on Control Node
2021-08-31 01:25:37,869 :: INFO :: Control node : start power of open node
2021-08-31 01:25:37,914 :: INFO :: Node OpenOCD: teardown of openocd node
2021-08-31 01:25:40,965 :: INFO :: openocd node debugger stop
2021-08-31 01:25:41,649 :: INFO :: Node OpenOCD: flash of openocd node
2021-08-31 01:25:41,656 :: INFO :: Flash firmware on OpenOCD: /usr/lib/python2.7/site-packages/gateway_code/static/m3_idle.elf
2021-08-31 01:25:44,161 :: INFO :: Control node : Stop control node serial interface
2021-08-31 01:25:44,170 :: INFO :: Control node : stop power of open node
2021-08-31 01:25:44,244 :: INFO :: Control node : reset
2021-08-31 01:25:44,251 :: INFO :: Reset Control Node
2021-08-31 01:25:47,144 :: INFO :: Stop experiment succeeded
