2021-09-01 00:57:51,344 :: INFO :: Start experiment: luna-275859
2021-09-01 00:57:51,348 :: INFO :: Control node : Starting of control node serial interface
2021-09-01 00:57:51,351 :: INFO :: Control node : reset
2021-09-01 00:57:51,353 :: INFO :: Reset Control Node
2021-09-01 00:57:54,312 :: INFO :: Control node : start power of open node
2021-09-01 00:57:54,367 :: INFO :: Node OpenOCD: Setup of openocd node
2021-09-01 00:57:57,416 :: INFO :: Node OpenOCD: flash of openocd node
2021-09-01 00:57:57,431 :: INFO :: Flash firmware on OpenOCD: /tmp/tmpctV5mt--c646a7bd7eca22cfbffed9b70d2e0c90_unicast-sender-count-60T-100B.iotlab-m3
2021-09-01 00:58:04,429 :: INFO :: Control node : Start experiment
2021-09-01 00:58:04,474 :: INFO :: Control Node set time delay: 976 us
2021-09-01 00:58:04,492 :: INFO :: Control node : profile configuration
2021-09-01 00:58:04,496 :: INFO :: Configure profile on Control Node
2021-09-01 00:58:04,540 :: INFO :: Start experiment succeeded
2021-09-01 01:59:10,150 :: INFO :: Gateway Manager : Stop experiment
2021-09-01 01:59:10,159 :: INFO :: Stop experiment
2021-09-01 01:59:10,167 :: INFO :: Control node : stop of the experiment
2021-09-01 01:59:10,175 :: INFO :: Control node : profile configuration
2021-09-01 01:59:10,181 :: INFO :: Configure profile on Control Node
2021-09-01 01:59:10,251 :: INFO :: Control node : start power of open node
2021-09-01 01:59:10,294 :: INFO :: Node OpenOCD: teardown of openocd node
2021-09-01 01:59:13,335 :: INFO :: openocd node debugger stop
2021-09-01 01:59:14,016 :: INFO :: Node OpenOCD: flash of openocd node
2021-09-01 01:59:14,031 :: INFO :: Flash firmware on OpenOCD: /usr/lib/python2.7/site-packages/gateway_code/static/m3_idle.elf
2021-09-01 01:59:16,645 :: INFO :: Control node : Stop control node serial interface
2021-09-01 01:59:16,654 :: INFO :: Control node : stop power of open node
2021-09-01 01:59:16,716 :: INFO :: Control node : reset
2021-09-01 01:59:16,722 :: INFO :: Reset Control Node
2021-09-01 01:59:19,615 :: INFO :: Stop experiment succeeded
