2021-09-01 00:57:51,305 :: INFO :: Start experiment: luna-275859
2021-09-01 00:57:51,309 :: INFO :: Control node : Starting of control node serial interface
2021-09-01 00:57:51,312 :: INFO :: Control node : reset
2021-09-01 00:57:51,314 :: INFO :: Reset Control Node
2021-09-01 00:57:54,240 :: INFO :: Control node : start power of open node
2021-09-01 00:57:54,269 :: INFO :: Node OpenOCD: Setup of openocd node
2021-09-01 00:57:57,308 :: INFO :: Node OpenOCD: flash of openocd node
2021-09-01 00:57:57,326 :: INFO :: Flash firmware on OpenOCD: /tmp/tmp8h6iwq--c646a7bd7eca22cfbffed9b70d2e0c90_unicast-sender-count-60T-100B.iotlab-m3
2021-09-01 00:58:04,334 :: INFO :: Control node : Start experiment
2021-09-01 00:58:04,384 :: INFO :: Control Node set time delay: 1373 us
2021-09-01 00:58:04,417 :: INFO :: Control node : profile configuration
2021-09-01 00:58:04,420 :: INFO :: Configure profile on Control Node
2021-09-01 00:58:04,462 :: INFO :: Start experiment succeeded
2021-09-01 01:59:10,189 :: INFO :: Gateway Manager : Stop experiment
2021-09-01 01:59:10,210 :: INFO :: Stop experiment
2021-09-01 01:59:10,227 :: INFO :: Control node : stop of the experiment
2021-09-01 01:59:10,243 :: INFO :: Control node : profile configuration
2021-09-01 01:59:10,254 :: INFO :: Configure profile on Control Node
2021-09-01 01:59:10,324 :: INFO :: Control node : start power of open node
2021-09-01 01:59:10,366 :: INFO :: Node OpenOCD: teardown of openocd node
2021-09-01 01:59:13,414 :: INFO :: openocd node debugger stop
2021-09-01 01:59:14,100 :: INFO :: Node OpenOCD: flash of openocd node
2021-09-01 01:59:14,107 :: INFO :: Flash firmware on OpenOCD: /usr/lib/python2.7/site-packages/gateway_code/static/m3_idle.elf
2021-09-01 01:59:16,613 :: INFO :: Control node : Stop control node serial interface
2021-09-01 01:59:16,622 :: INFO :: Control node : stop power of open node
2021-09-01 01:59:16,691 :: INFO :: Control node : reset
2021-09-01 01:59:16,698 :: INFO :: Reset Control Node
2021-09-01 01:59:19,594 :: INFO :: Stop experiment succeeded
