2021-09-01 00:57:51,298 :: INFO :: Start experiment: luna-275859
2021-09-01 00:57:51,302 :: INFO :: Control node : Starting of control node serial interface
2021-09-01 00:57:51,305 :: INFO :: Control node : reset
2021-09-01 00:57:51,307 :: INFO :: Reset Control Node
2021-09-01 00:57:54,261 :: INFO :: Control node : start power of open node
2021-09-01 00:57:54,318 :: INFO :: Node OpenOCD: Setup of openocd node
2021-09-01 00:57:57,369 :: INFO :: Node OpenOCD: flash of openocd node
2021-09-01 00:57:57,384 :: INFO :: Flash firmware on OpenOCD: /tmp/tmpfQQriz--c646a7bd7eca22cfbffed9b70d2e0c90_unicast-sender-count-60T-100B.iotlab-m3
2021-09-01 00:58:04,287 :: INFO :: Control node : Start experiment
2021-09-01 00:58:04,338 :: INFO :: Control Node set time delay: 1007 us
2021-09-01 00:58:04,371 :: INFO :: Control node : profile configuration
2021-09-01 00:58:04,374 :: INFO :: Configure profile on Control Node
2021-09-01 00:58:04,415 :: INFO :: Start experiment succeeded
2021-09-01 01:59:10,163 :: INFO :: Gateway Manager : Stop experiment
2021-09-01 01:59:10,172 :: INFO :: Stop experiment
2021-09-01 01:59:10,180 :: INFO :: Control node : stop of the experiment
2021-09-01 01:59:10,187 :: INFO :: Control node : profile configuration
2021-09-01 01:59:10,195 :: INFO :: Configure profile on Control Node
2021-09-01 01:59:10,269 :: INFO :: Control node : start power of open node
2021-09-01 01:59:10,313 :: INFO :: Node OpenOCD: teardown of openocd node
2021-09-01 01:59:13,366 :: INFO :: openocd node debugger stop
2021-09-01 01:59:14,058 :: INFO :: Node OpenOCD: flash of openocd node
2021-09-01 01:59:14,073 :: INFO :: Flash firmware on OpenOCD: /usr/lib/python2.7/site-packages/gateway_code/static/m3_idle.elf
2021-09-01 01:59:16,612 :: INFO :: Control node : Stop control node serial interface
2021-09-01 01:59:16,617 :: INFO :: Control node : stop power of open node
2021-09-01 01:59:16,668 :: INFO :: Control node : reset
2021-09-01 01:59:16,671 :: INFO :: Reset Control Node
2021-09-01 01:59:19,601 :: INFO :: Stop experiment succeeded
