2021-09-01 00:57:51,312 :: INFO :: Start experiment: luna-275859
2021-09-01 00:57:51,315 :: INFO :: Control node : Starting of control node serial interface
2021-09-01 00:57:51,318 :: INFO :: Control node : reset
2021-09-01 00:57:51,321 :: INFO :: Reset Control Node
2021-09-01 00:57:54,279 :: INFO :: Control node : start power of open node
2021-09-01 00:57:54,336 :: INFO :: Node OpenOCD: Setup of openocd node
2021-09-01 00:57:57,391 :: INFO :: Node OpenOCD: flash of openocd node
2021-09-01 00:57:57,406 :: INFO :: Flash firmware on OpenOCD: /tmp/tmpwXdVbv--c646a7bd7eca22cfbffed9b70d2e0c90_unicast-sender-count-60T-100B.iotlab-m3
2021-09-01 00:58:04,304 :: INFO :: Control node : Start experiment
2021-09-01 00:58:04,361 :: INFO :: Control Node set time delay: 1556 us
2021-09-01 00:58:04,394 :: INFO :: Control node : profile configuration
2021-09-01 00:58:04,401 :: INFO :: Configure profile on Control Node
2021-09-01 00:58:04,479 :: INFO :: Start experiment succeeded
2021-09-01 01:59:10,189 :: INFO :: Gateway Manager : Stop experiment
2021-09-01 01:59:10,211 :: INFO :: Stop experiment
2021-09-01 01:59:10,230 :: INFO :: Control node : stop of the experiment
2021-09-01 01:59:10,252 :: INFO :: Control node : profile configuration
2021-09-01 01:59:10,269 :: INFO :: Configure profile on Control Node
2021-09-01 01:59:10,438 :: INFO :: Control node : start power of open node
2021-09-01 01:59:10,459 :: INFO :: Node OpenOCD: teardown of openocd node
2021-09-01 01:59:13,492 :: INFO :: openocd node debugger stop
2021-09-01 01:59:14,179 :: INFO :: Node OpenOCD: flash of openocd node
2021-09-01 01:59:14,193 :: INFO :: Flash firmware on OpenOCD: /usr/lib/python2.7/site-packages/gateway_code/static/m3_idle.elf
2021-09-01 01:59:16,808 :: INFO :: Control node : Stop control node serial interface
2021-09-01 01:59:16,816 :: INFO :: Control node : stop power of open node
2021-09-01 01:59:16,881 :: INFO :: Control node : reset
2021-09-01 01:59:16,888 :: INFO :: Reset Control Node
2021-09-01 01:59:19,787 :: INFO :: Stop experiment succeeded
