2021-09-01 00:57:51,347 :: INFO :: Start experiment: luna-275859
2021-09-01 00:57:51,350 :: INFO :: Control node : Starting of control node serial interface
2021-09-01 00:57:51,353 :: INFO :: Control node : reset
2021-09-01 00:57:51,356 :: INFO :: Reset Control Node
2021-09-01 00:57:54,319 :: INFO :: Control node : start power of open node
2021-09-01 00:57:54,377 :: INFO :: Node OpenOCD: Setup of openocd node
2021-09-01 00:57:57,419 :: INFO :: Node OpenOCD: flash of openocd node
2021-09-01 00:57:57,434 :: INFO :: Flash firmware on OpenOCD: /tmp/tmpKx3thA--c646a7bd7eca22cfbffed9b70d2e0c90_unicast-sender-count-60T-100B.iotlab-m3
2021-09-01 00:58:04,315 :: INFO :: Control node : Start experiment
2021-09-01 00:58:04,405 :: INFO :: Control Node set time delay: 1739 us
2021-09-01 00:58:04,429 :: INFO :: Control node : profile configuration
2021-09-01 00:58:04,436 :: INFO :: Configure profile on Control Node
2021-09-01 00:58:04,514 :: INFO :: Start experiment succeeded
2021-09-01 01:59:10,151 :: INFO :: Gateway Manager : Stop experiment
2021-09-01 01:59:10,160 :: INFO :: Stop experiment
2021-09-01 01:59:10,168 :: INFO :: Control node : stop of the experiment
2021-09-01 01:59:10,175 :: INFO :: Control node : profile configuration
2021-09-01 01:59:10,182 :: INFO :: Configure profile on Control Node
2021-09-01 01:59:10,252 :: INFO :: Control node : start power of open node
2021-09-01 01:59:10,294 :: INFO :: Node OpenOCD: teardown of openocd node
2021-09-01 01:59:13,344 :: INFO :: openocd node debugger stop
2021-09-01 01:59:14,027 :: INFO :: Node OpenOCD: flash of openocd node
2021-09-01 01:59:14,042 :: INFO :: Flash firmware on OpenOCD: /usr/lib/python2.7/site-packages/gateway_code/static/m3_idle.elf
2021-09-01 01:59:16,617 :: INFO :: Control node : Stop control node serial interface
2021-09-01 01:59:16,626 :: INFO :: Control node : stop power of open node
2021-09-01 01:59:16,700 :: INFO :: Control node : reset
2021-09-01 01:59:16,706 :: INFO :: Reset Control Node
2021-09-01 01:59:19,600 :: INFO :: Stop experiment succeeded
