2021-08-29 17:26:04,295 :: INFO :: Start experiment: luna-275697
2021-08-29 17:26:04,299 :: INFO :: Control node : Starting of control node serial interface
2021-08-29 17:26:04,301 :: INFO :: Control node : reset
2021-08-29 17:26:04,304 :: INFO :: Reset Control Node
2021-08-29 17:26:07,261 :: INFO :: Control node : start power of open node
2021-08-29 17:26:07,315 :: INFO :: Node OpenOCD: Setup of openocd node
2021-08-29 17:26:10,359 :: INFO :: Node OpenOCD: flash of openocd node
2021-08-29 17:26:10,375 :: INFO :: Flash firmware on OpenOCD: /tmp/tmpWa6Pmd--93e977ac3781fe5042fd86dcc34ed19b_unicast-sender-count-10T-100B.iotlab-m3
2021-08-29 17:26:17,392 :: INFO :: Control node : Start experiment
2021-08-29 17:26:17,443 :: INFO :: Control Node set time delay: 1740 us
2021-08-29 17:26:17,475 :: INFO :: Control node : profile configuration
2021-08-29 17:26:17,479 :: INFO :: Configure profile on Control Node
2021-08-29 17:26:17,519 :: INFO :: Start experiment succeeded
2021-08-29 18:27:23,353 :: INFO :: Gateway Manager : Stop experiment
2021-08-29 18:27:23,362 :: INFO :: Stop experiment
2021-08-29 18:27:23,370 :: INFO :: Control node : stop of the experiment
2021-08-29 18:27:23,377 :: INFO :: Control node : profile configuration
2021-08-29 18:27:23,385 :: INFO :: Configure profile on Control Node
2021-08-29 18:27:23,475 :: INFO :: Control node : start power of open node
2021-08-29 18:27:23,499 :: INFO :: Node OpenOCD: teardown of openocd node
2021-08-29 18:27:26,543 :: INFO :: openocd node debugger stop
2021-08-29 18:27:27,227 :: INFO :: Node OpenOCD: flash of openocd node
2021-08-29 18:27:27,234 :: INFO :: Flash firmware on OpenOCD: /usr/lib/python2.7/site-packages/gateway_code/static/m3_idle.elf
2021-08-29 18:27:29,688 :: INFO :: Control node : Stop control node serial interface
2021-08-29 18:27:29,693 :: INFO :: Control node : stop power of open node
2021-08-29 18:27:29,804 :: INFO :: Control node : reset
2021-08-29 18:27:29,811 :: INFO :: Reset Control Node
2021-08-29 18:27:32,698 :: INFO :: Stop experiment succeeded
