2021-08-29 17:26:04,303 :: INFO :: Start experiment: luna-275697
2021-08-29 17:26:04,307 :: INFO :: Control node : Starting of control node serial interface
2021-08-29 17:26:04,310 :: INFO :: Control node : reset
2021-08-29 17:26:04,312 :: INFO :: Reset Control Node
2021-08-29 17:26:07,266 :: INFO :: Control node : start power of open node
2021-08-29 17:26:07,323 :: INFO :: Node OpenOCD: Setup of openocd node
2021-08-29 17:26:10,375 :: INFO :: Node OpenOCD: flash of openocd node
2021-08-29 17:26:10,391 :: INFO :: Flash firmware on OpenOCD: /tmp/tmp9SyJqz--93e977ac3781fe5042fd86dcc34ed19b_unicast-sender-count-10T-100B.iotlab-m3
2021-08-29 17:26:17,372 :: INFO :: Control node : Start experiment
2021-08-29 17:26:17,430 :: INFO :: Control Node set time delay: 1709 us
2021-08-29 17:26:17,450 :: INFO :: Control node : profile configuration
2021-08-29 17:26:17,454 :: INFO :: Configure profile on Control Node
2021-08-29 17:26:17,495 :: INFO :: Start experiment succeeded
2021-08-29 18:27:23,354 :: INFO :: Gateway Manager : Stop experiment
2021-08-29 18:27:23,367 :: INFO :: Stop experiment
2021-08-29 18:27:23,379 :: INFO :: Control node : stop of the experiment
2021-08-29 18:27:23,391 :: INFO :: Control node : profile configuration
2021-08-29 18:27:23,400 :: INFO :: Configure profile on Control Node
2021-08-29 18:27:23,490 :: INFO :: Control node : start power of open node
2021-08-29 18:27:23,533 :: INFO :: Node OpenOCD: teardown of openocd node
2021-08-29 18:27:26,580 :: INFO :: openocd node debugger stop
2021-08-29 18:27:27,168 :: INFO :: Node OpenOCD: flash of openocd node
2021-08-29 18:27:27,183 :: INFO :: Flash firmware on OpenOCD: /usr/lib/python2.7/site-packages/gateway_code/static/m3_idle.elf
2021-08-29 18:27:29,764 :: INFO :: Control node : Stop control node serial interface
2021-08-29 18:27:29,773 :: INFO :: Control node : stop power of open node
2021-08-29 18:27:29,867 :: INFO :: Control node : reset
2021-08-29 18:27:29,873 :: INFO :: Reset Control Node
2021-08-29 18:27:32,759 :: INFO :: Stop experiment succeeded
