2021-08-29 17:26:04,208 :: INFO :: Start experiment: luna-275697
2021-08-29 17:26:04,212 :: INFO :: Control node : Starting of control node serial interface
2021-08-29 17:26:04,214 :: INFO :: Control node : reset
2021-08-29 17:26:04,217 :: INFO :: Reset Control Node
2021-08-29 17:26:07,173 :: INFO :: Control node : start power of open node
2021-08-29 17:26:07,228 :: INFO :: Node OpenOCD: Setup of openocd node
2021-08-29 17:26:10,271 :: INFO :: Node OpenOCD: flash of openocd node
2021-08-29 17:26:10,286 :: INFO :: Flash firmware on OpenOCD: /tmp/tmpt8xEDp--93e977ac3781fe5042fd86dcc34ed19b_unicast-sender-count-10T-100B.iotlab-m3
2021-08-29 17:26:17,175 :: INFO :: Control node : Start experiment
2021-08-29 17:26:17,237 :: INFO :: Control Node set time delay: 1831 us
2021-08-29 17:26:17,270 :: INFO :: Control node : profile configuration
2021-08-29 17:26:17,276 :: INFO :: Configure profile on Control Node
2021-08-29 17:26:17,354 :: INFO :: Start experiment succeeded
2021-08-29 18:27:23,336 :: INFO :: Gateway Manager : Stop experiment
2021-08-29 18:27:23,349 :: INFO :: Stop experiment
2021-08-29 18:27:23,361 :: INFO :: Control node : stop of the experiment
2021-08-29 18:27:23,372 :: INFO :: Control node : profile configuration
2021-08-29 18:27:23,380 :: INFO :: Configure profile on Control Node
2021-08-29 18:27:23,461 :: INFO :: Control node : start power of open node
2021-08-29 18:27:23,503 :: INFO :: Node OpenOCD: teardown of openocd node
2021-08-29 18:27:26,541 :: INFO :: openocd node debugger stop
2021-08-29 18:27:27,234 :: INFO :: Node OpenOCD: flash of openocd node
2021-08-29 18:27:27,248 :: INFO :: Flash firmware on OpenOCD: /usr/lib/python2.7/site-packages/gateway_code/static/m3_idle.elf
2021-08-29 18:27:29,787 :: INFO :: Control node : Stop control node serial interface
2021-08-29 18:27:29,796 :: INFO :: Control node : stop power of open node
2021-08-29 18:27:29,869 :: INFO :: Control node : reset
2021-08-29 18:27:29,875 :: INFO :: Reset Control Node
2021-08-29 18:27:32,763 :: INFO :: Stop experiment succeeded
