2021-08-29 17:26:04,280 :: INFO :: Start experiment: luna-275697
2021-08-29 17:26:04,283 :: INFO :: Control node : Starting of control node serial interface
2021-08-29 17:26:04,286 :: INFO :: Control node : reset
2021-08-29 17:26:04,288 :: INFO :: Reset Control Node
2021-08-29 17:26:07,241 :: INFO :: Control node : start power of open node
2021-08-29 17:26:07,298 :: INFO :: Node OpenOCD: Setup of openocd node
2021-08-29 17:26:10,348 :: INFO :: Node OpenOCD: flash of openocd node
2021-08-29 17:26:10,363 :: INFO :: Flash firmware on OpenOCD: /tmp/tmpe_ti7n--93e977ac3781fe5042fd86dcc34ed19b_unicast-sender-count-10T-100B.iotlab-m3
2021-08-29 17:26:17,232 :: INFO :: Control node : Start experiment
2021-08-29 17:26:17,316 :: INFO :: Control Node set time delay: 1374 us
2021-08-29 17:26:17,345 :: INFO :: Control node : profile configuration
2021-08-29 17:26:17,349 :: INFO :: Configure profile on Control Node
2021-08-29 17:26:17,389 :: INFO :: Start experiment succeeded
2021-08-29 18:27:23,329 :: INFO :: Gateway Manager : Stop experiment
2021-08-29 18:27:23,339 :: INFO :: Stop experiment
2021-08-29 18:27:23,349 :: INFO :: Control node : stop of the experiment
2021-08-29 18:27:23,357 :: INFO :: Control node : profile configuration
2021-08-29 18:27:23,367 :: INFO :: Configure profile on Control Node
2021-08-29 18:27:23,446 :: INFO :: Control node : start power of open node
2021-08-29 18:27:23,485 :: INFO :: Node OpenOCD: teardown of openocd node
2021-08-29 18:27:26,528 :: INFO :: openocd node debugger stop
2021-08-29 18:27:27,118 :: INFO :: Node OpenOCD: flash of openocd node
2021-08-29 18:27:27,125 :: INFO :: Flash firmware on OpenOCD: /usr/lib/python2.7/site-packages/gateway_code/static/m3_idle.elf
2021-08-29 18:27:29,633 :: INFO :: Control node : Stop control node serial interface
2021-08-29 18:27:29,638 :: INFO :: Control node : stop power of open node
2021-08-29 18:27:29,696 :: INFO :: Control node : reset
2021-08-29 18:27:29,700 :: INFO :: Reset Control Node
2021-08-29 18:27:32,586 :: INFO :: Stop experiment succeeded
