2021-08-29 17:26:04,303 :: INFO :: Start experiment: luna-275697
2021-08-29 17:26:04,306 :: INFO :: Control node : Starting of control node serial interface
2021-08-29 17:26:04,309 :: INFO :: Control node : reset
2021-08-29 17:26:04,311 :: INFO :: Reset Control Node
2021-08-29 17:26:07,266 :: INFO :: Control node : start power of open node
2021-08-29 17:26:07,321 :: INFO :: Node OpenOCD: Setup of openocd node
2021-08-29 17:26:10,370 :: INFO :: Node OpenOCD: flash of openocd node
2021-08-29 17:26:10,386 :: INFO :: Flash firmware on OpenOCD: /tmp/tmpihFBUj--93e977ac3781fe5042fd86dcc34ed19b_unicast-sender-count-10T-100B.iotlab-m3
2021-08-29 17:26:17,287 :: INFO :: Control node : Start experiment
2021-08-29 17:26:17,346 :: INFO :: Control Node set time delay: 1404 us
2021-08-29 17:26:17,369 :: INFO :: Control node : profile configuration
2021-08-29 17:26:17,375 :: INFO :: Configure profile on Control Node
2021-08-29 17:26:17,455 :: INFO :: Start experiment succeeded
2021-08-29 18:27:23,355 :: INFO :: Gateway Manager : Stop experiment
2021-08-29 18:27:23,365 :: INFO :: Stop experiment
2021-08-29 18:27:23,373 :: INFO :: Control node : stop of the experiment
2021-08-29 18:27:23,385 :: INFO :: Control node : profile configuration
2021-08-29 18:27:23,393 :: INFO :: Configure profile on Control Node
2021-08-29 18:27:23,482 :: INFO :: Control node : start power of open node
2021-08-29 18:27:23,528 :: INFO :: Node OpenOCD: teardown of openocd node
2021-08-29 18:27:26,576 :: INFO :: openocd node debugger stop
2021-08-29 18:27:27,259 :: INFO :: Node OpenOCD: flash of openocd node
2021-08-29 18:27:27,266 :: INFO :: Flash firmware on OpenOCD: /usr/lib/python2.7/site-packages/gateway_code/static/m3_idle.elf
2021-08-29 18:27:29,722 :: INFO :: Control node : Stop control node serial interface
2021-08-29 18:27:29,727 :: INFO :: Control node : stop power of open node
2021-08-29 18:27:29,780 :: INFO :: Control node : reset
2021-08-29 18:27:29,783 :: INFO :: Reset Control Node
2021-08-29 18:27:32,698 :: INFO :: Stop experiment succeeded
