2021-08-29 17:26:04,185 :: INFO :: Start experiment: luna-275697
2021-08-29 17:26:04,189 :: INFO :: Control node : Starting of control node serial interface
2021-08-29 17:26:04,192 :: INFO :: Control node : reset
2021-08-29 17:26:04,194 :: INFO :: Reset Control Node
2021-08-29 17:26:07,150 :: INFO :: Control node : start power of open node
2021-08-29 17:26:07,206 :: INFO :: Node OpenOCD: Setup of openocd node
2021-08-29 17:26:10,248 :: INFO :: Node OpenOCD: flash of openocd node
2021-08-29 17:26:10,262 :: INFO :: Flash firmware on OpenOCD: /tmp/tmpZdFAsM--93e977ac3781fe5042fd86dcc34ed19b_unicast-sender-count-10T-100B.iotlab-m3
2021-08-29 17:26:17,266 :: INFO :: Control node : Start experiment
2021-08-29 17:26:17,327 :: INFO :: Control Node set time delay: 1129 us
2021-08-29 17:26:17,345 :: INFO :: Control node : profile configuration
2021-08-29 17:26:17,348 :: INFO :: Configure profile on Control Node
2021-08-29 17:26:17,389 :: INFO :: Start experiment succeeded
2021-08-29 18:27:23,354 :: INFO :: Gateway Manager : Stop experiment
2021-08-29 18:27:23,363 :: INFO :: Stop experiment
2021-08-29 18:27:23,372 :: INFO :: Control node : stop of the experiment
2021-08-29 18:27:23,382 :: INFO :: Control node : profile configuration
2021-08-29 18:27:23,389 :: INFO :: Configure profile on Control Node
2021-08-29 18:27:23,459 :: INFO :: Control node : start power of open node
2021-08-29 18:27:23,502 :: INFO :: Node OpenOCD: teardown of openocd node
2021-08-29 18:27:26,550 :: INFO :: openocd node debugger stop
2021-08-29 18:27:27,235 :: INFO :: Node OpenOCD: flash of openocd node
2021-08-29 18:27:27,242 :: INFO :: Flash firmware on OpenOCD: /usr/lib/python2.7/site-packages/gateway_code/static/m3_idle.elf
2021-08-29 18:27:29,701 :: INFO :: Control node : Stop control node serial interface
2021-08-29 18:27:29,707 :: INFO :: Control node : stop power of open node
2021-08-29 18:27:29,755 :: INFO :: Control node : reset
2021-08-29 18:27:29,759 :: INFO :: Reset Control Node
2021-08-29 18:27:32,688 :: INFO :: Stop experiment succeeded
