2021-08-29 17:26:04,237 :: INFO :: Start experiment: luna-275697
2021-08-29 17:26:04,240 :: INFO :: Control node : Starting of control node serial interface
2021-08-29 17:26:04,243 :: INFO :: Control node : reset
2021-08-29 17:26:04,246 :: INFO :: Reset Control Node
2021-08-29 17:26:07,200 :: INFO :: Control node : start power of open node
2021-08-29 17:26:07,256 :: INFO :: Node OpenOCD: Setup of openocd node
2021-08-29 17:26:10,300 :: INFO :: Node OpenOCD: flash of openocd node
2021-08-29 17:26:10,315 :: INFO :: Flash firmware on OpenOCD: /tmp/tmpOsxxxm--93e977ac3781fe5042fd86dcc34ed19b_unicast-sender-count-10T-100B.iotlab-m3
2021-08-29 17:26:17,162 :: INFO :: Control node : Start experiment
2021-08-29 17:26:17,219 :: INFO :: Control Node set time delay: 1770 us
2021-08-29 17:26:17,241 :: INFO :: Control node : profile configuration
2021-08-29 17:26:17,247 :: INFO :: Configure profile on Control Node
2021-08-29 17:26:17,325 :: INFO :: Start experiment succeeded
2021-08-29 18:27:23,343 :: INFO :: Gateway Manager : Stop experiment
2021-08-29 18:27:23,356 :: INFO :: Stop experiment
2021-08-29 18:27:23,368 :: INFO :: Control node : stop of the experiment
2021-08-29 18:27:23,379 :: INFO :: Control node : profile configuration
2021-08-29 18:27:23,393 :: INFO :: Configure profile on Control Node
2021-08-29 18:27:23,474 :: INFO :: Control node : start power of open node
2021-08-29 18:27:23,518 :: INFO :: Node OpenOCD: teardown of openocd node
2021-08-29 18:27:26,565 :: INFO :: openocd node debugger stop
2021-08-29 18:27:27,254 :: INFO :: Node OpenOCD: flash of openocd node
2021-08-29 18:27:27,269 :: INFO :: Flash firmware on OpenOCD: /usr/lib/python2.7/site-packages/gateway_code/static/m3_idle.elf
2021-08-29 18:27:29,840 :: INFO :: Control node : Stop control node serial interface
2021-08-29 18:27:29,849 :: INFO :: Control node : stop power of open node
2021-08-29 18:27:29,919 :: INFO :: Control node : reset
2021-08-29 18:27:29,926 :: INFO :: Reset Control Node
2021-08-29 18:27:32,763 :: INFO :: Stop experiment succeeded
