2021-08-29 17:26:04,260 :: INFO :: Start experiment: luna-275697
2021-08-29 17:26:04,264 :: INFO :: Control node : Starting of control node serial interface
2021-08-29 17:26:04,267 :: INFO :: Control node : reset
2021-08-29 17:26:04,269 :: INFO :: Reset Control Node
2021-08-29 17:26:07,218 :: INFO :: Control node : start power of open node
2021-08-29 17:26:07,273 :: INFO :: Node OpenOCD: Setup of openocd node
2021-08-29 17:26:10,322 :: INFO :: Node OpenOCD: flash of openocd node
2021-08-29 17:26:10,339 :: INFO :: Flash firmware on OpenOCD: /tmp/tmpctAu07--93e977ac3781fe5042fd86dcc34ed19b_unicast-sender-count-10T-100B.iotlab-m3
2021-08-29 17:26:17,244 :: INFO :: Control node : Start experiment
2021-08-29 17:26:17,292 :: INFO :: Control Node set time delay: 1861 us
2021-08-29 17:26:17,326 :: INFO :: Control node : profile configuration
2021-08-29 17:26:17,333 :: INFO :: Configure profile on Control Node
2021-08-29 17:26:17,380 :: INFO :: Start experiment succeeded
2021-08-29 18:27:23,332 :: INFO :: Gateway Manager : Stop experiment
2021-08-29 18:27:23,342 :: INFO :: Stop experiment
2021-08-29 18:27:23,351 :: INFO :: Control node : stop of the experiment
2021-08-29 18:27:23,358 :: INFO :: Control node : profile configuration
2021-08-29 18:27:23,365 :: INFO :: Configure profile on Control Node
2021-08-29 18:27:23,439 :: INFO :: Control node : start power of open node
2021-08-29 18:27:23,483 :: INFO :: Node OpenOCD: teardown of openocd node
2021-08-29 18:27:26,532 :: INFO :: openocd node debugger stop
2021-08-29 18:27:27,224 :: INFO :: Node OpenOCD: flash of openocd node
2021-08-29 18:27:27,239 :: INFO :: Flash firmware on OpenOCD: /usr/lib/python2.7/site-packages/gateway_code/static/m3_idle.elf
2021-08-29 18:27:29,751 :: INFO :: Control node : Stop control node serial interface
2021-08-29 18:27:29,760 :: INFO :: Control node : stop power of open node
2021-08-29 18:27:29,854 :: INFO :: Control node : reset
2021-08-29 18:27:29,861 :: INFO :: Reset Control Node
2021-08-29 18:27:32,687 :: INFO :: Stop experiment succeeded
