2021-08-29 17:26:04,236 :: INFO :: Start experiment: luna-275697
2021-08-29 17:26:04,240 :: INFO :: Control node : Starting of control node serial interface
2021-08-29 17:26:04,242 :: INFO :: Control node : reset
2021-08-29 17:26:04,245 :: INFO :: Reset Control Node
2021-08-29 17:26:07,199 :: INFO :: Control node : start power of open node
2021-08-29 17:26:07,255 :: INFO :: Node OpenOCD: Setup of openocd node
2021-08-29 17:26:10,301 :: INFO :: Node OpenOCD: flash of openocd node
2021-08-29 17:26:10,315 :: INFO :: Flash firmware on OpenOCD: /tmp/tmp5S71ci--93e977ac3781fe5042fd86dcc34ed19b_unicast-sender-count-10T-100B.iotlab-m3
2021-08-29 17:26:17,264 :: INFO :: Control node : Start experiment
2021-08-29 17:26:17,349 :: INFO :: Control Node set time delay: 1617 us
2021-08-29 17:26:17,371 :: INFO :: Control node : profile configuration
2021-08-29 17:26:17,378 :: INFO :: Configure profile on Control Node
2021-08-29 17:26:17,455 :: INFO :: Start experiment succeeded
2021-08-29 18:27:23,355 :: INFO :: Gateway Manager : Stop experiment
2021-08-29 18:27:23,360 :: INFO :: Stop experiment
2021-08-29 18:27:23,365 :: INFO :: Control node : stop of the experiment
2021-08-29 18:27:23,369 :: INFO :: Control node : profile configuration
2021-08-29 18:27:23,372 :: INFO :: Configure profile on Control Node
2021-08-29 18:27:23,411 :: INFO :: Control node : start power of open node
2021-08-29 18:27:23,435 :: INFO :: Node OpenOCD: teardown of openocd node
2021-08-29 18:27:26,510 :: INFO :: openocd node debugger stop
2021-08-29 18:27:27,240 :: INFO :: Node OpenOCD: flash of openocd node
2021-08-29 18:27:27,255 :: INFO :: Flash firmware on OpenOCD: /usr/lib/python2.7/site-packages/gateway_code/static/m3_idle.elf
2021-08-29 18:27:29,821 :: INFO :: Control node : Stop control node serial interface
2021-08-29 18:27:29,829 :: INFO :: Control node : stop power of open node
2021-08-29 18:27:29,892 :: INFO :: Control node : reset
2021-08-29 18:27:29,899 :: INFO :: Reset Control Node
2021-08-29 18:27:32,785 :: INFO :: Stop experiment succeeded
