2021-08-29 17:26:04,243 :: INFO :: Start experiment: luna-275697
2021-08-29 17:26:04,247 :: INFO :: Control node : Starting of control node serial interface
2021-08-29 17:26:04,249 :: INFO :: Control node : reset
2021-08-29 17:26:04,252 :: INFO :: Reset Control Node
2021-08-29 17:26:07,202 :: INFO :: Control node : start power of open node
2021-08-29 17:26:07,260 :: INFO :: Node OpenOCD: Setup of openocd node
2021-08-29 17:26:10,302 :: INFO :: Node OpenOCD: flash of openocd node
2021-08-29 17:26:10,318 :: INFO :: Flash firmware on OpenOCD: /tmp/tmp_k7Nkz--93e977ac3781fe5042fd86dcc34ed19b_unicast-sender-count-10T-100B.iotlab-m3
2021-08-29 17:26:17,320 :: INFO :: Control node : Start experiment
2021-08-29 17:26:17,346 :: INFO :: Control Node set time delay: 1343 us
2021-08-29 17:26:17,364 :: INFO :: Control node : profile configuration
2021-08-29 17:26:17,368 :: INFO :: Configure profile on Control Node
2021-08-29 17:26:17,412 :: INFO :: Start experiment succeeded
2021-08-29 18:27:23,368 :: INFO :: Gateway Manager : Stop experiment
2021-08-29 18:27:23,382 :: INFO :: Stop experiment
2021-08-29 18:27:23,392 :: INFO :: Control node : stop of the experiment
2021-08-29 18:27:23,403 :: INFO :: Control node : profile configuration
2021-08-29 18:27:23,414 :: INFO :: Configure profile on Control Node
2021-08-29 18:27:23,505 :: INFO :: Control node : start power of open node
2021-08-29 18:27:23,560 :: INFO :: Node OpenOCD: teardown of openocd node
2021-08-29 18:27:26,605 :: INFO :: openocd node debugger stop
2021-08-29 18:27:27,288 :: INFO :: Node OpenOCD: flash of openocd node
2021-08-29 18:27:27,295 :: INFO :: Flash firmware on OpenOCD: /usr/lib/python2.7/site-packages/gateway_code/static/m3_idle.elf
2021-08-29 18:27:29,797 :: INFO :: Control node : Stop control node serial interface
2021-08-29 18:27:29,802 :: INFO :: Control node : stop power of open node
2021-08-29 18:27:29,855 :: INFO :: Control node : reset
2021-08-29 18:27:29,859 :: INFO :: Reset Control Node
2021-08-29 18:27:32,792 :: INFO :: Stop experiment succeeded
