2021-08-29 17:26:04,270 :: INFO :: Start experiment: luna-275697
2021-08-29 17:26:04,273 :: INFO :: Control node : Starting of control node serial interface
2021-08-29 17:26:04,276 :: INFO :: Control node : reset
2021-08-29 17:26:04,278 :: INFO :: Reset Control Node
2021-08-29 17:26:07,231 :: INFO :: Control node : start power of open node
2021-08-29 17:26:07,288 :: INFO :: Node OpenOCD: Setup of openocd node
2021-08-29 17:26:10,332 :: INFO :: Node OpenOCD: flash of openocd node
2021-08-29 17:26:10,347 :: INFO :: Flash firmware on OpenOCD: /tmp/tmp4ODmqn--93e977ac3781fe5042fd86dcc34ed19b_unicast-sender-count-10T-100B.iotlab-m3
2021-08-29 17:26:17,248 :: INFO :: Control node : Start experiment
2021-08-29 17:26:17,314 :: INFO :: Control Node set time delay: 1403 us
2021-08-29 17:26:17,345 :: INFO :: Control node : profile configuration
2021-08-29 17:26:17,352 :: INFO :: Configure profile on Control Node
2021-08-29 17:26:17,429 :: INFO :: Start experiment succeeded
2021-08-29 18:27:23,327 :: INFO :: Gateway Manager : Stop experiment
2021-08-29 18:27:23,339 :: INFO :: Stop experiment
2021-08-29 18:27:23,348 :: INFO :: Control node : stop of the experiment
2021-08-29 18:27:23,362 :: INFO :: Control node : profile configuration
2021-08-29 18:27:23,372 :: INFO :: Configure profile on Control Node
2021-08-29 18:27:23,463 :: INFO :: Control node : start power of open node
2021-08-29 18:27:23,508 :: INFO :: Node OpenOCD: teardown of openocd node
2021-08-29 18:27:26,555 :: INFO :: openocd node debugger stop
2021-08-29 18:27:27,251 :: INFO :: Node OpenOCD: flash of openocd node
2021-08-29 18:27:27,266 :: INFO :: Flash firmware on OpenOCD: /usr/lib/python2.7/site-packages/gateway_code/static/m3_idle.elf
2021-08-29 18:27:29,881 :: INFO :: Control node : Stop control node serial interface
2021-08-29 18:27:29,890 :: INFO :: Control node : stop power of open node
2021-08-29 18:27:29,973 :: INFO :: Control node : reset
2021-08-29 18:27:29,979 :: INFO :: Reset Control Node
2021-08-29 18:27:32,868 :: INFO :: Stop experiment succeeded
