2021-08-29 17:26:04,254 :: INFO :: Start experiment: luna-275697
2021-08-29 17:26:04,258 :: INFO :: Control node : Starting of control node serial interface
2021-08-29 17:26:04,261 :: INFO :: Control node : reset
2021-08-29 17:26:04,263 :: INFO :: Reset Control Node
2021-08-29 17:26:07,212 :: INFO :: Control node : start power of open node
2021-08-29 17:26:07,266 :: INFO :: Node OpenOCD: Setup of openocd node
2021-08-29 17:26:10,317 :: INFO :: Node OpenOCD: flash of openocd node
2021-08-29 17:26:10,332 :: INFO :: Flash firmware on OpenOCD: /tmp/tmppEFHPx--93e977ac3781fe5042fd86dcc34ed19b_unicast-sender-count-10T-100B.iotlab-m3
2021-08-29 17:26:17,340 :: INFO :: Control node : Start experiment
2021-08-29 17:26:17,371 :: INFO :: Control Node set time delay: 1129 us
2021-08-29 17:26:17,389 :: INFO :: Control node : profile configuration
2021-08-29 17:26:17,393 :: INFO :: Configure profile on Control Node
2021-08-29 17:26:17,436 :: INFO :: Start experiment succeeded
2021-08-29 18:27:23,337 :: INFO :: Gateway Manager : Stop experiment
2021-08-29 18:27:23,349 :: INFO :: Stop experiment
2021-08-29 18:27:23,361 :: INFO :: Control node : stop of the experiment
2021-08-29 18:27:23,372 :: INFO :: Control node : profile configuration
2021-08-29 18:27:23,382 :: INFO :: Configure profile on Control Node
2021-08-29 18:27:23,478 :: INFO :: Control node : start power of open node
2021-08-29 18:27:23,522 :: INFO :: Node OpenOCD: teardown of openocd node
2021-08-29 18:27:26,560 :: INFO :: openocd node debugger stop
2021-08-29 18:27:27,152 :: INFO :: Node OpenOCD: flash of openocd node
2021-08-29 18:27:27,159 :: INFO :: Flash firmware on OpenOCD: /usr/lib/python2.7/site-packages/gateway_code/static/m3_idle.elf
2021-08-29 18:27:29,663 :: INFO :: Control node : Stop control node serial interface
2021-08-29 18:27:29,668 :: INFO :: Control node : stop power of open node
2021-08-29 18:27:29,736 :: INFO :: Control node : reset
2021-08-29 18:27:29,743 :: INFO :: Reset Control Node
2021-08-29 18:27:32,632 :: INFO :: Stop experiment succeeded
