2021-08-29 17:26:04,214 :: INFO :: Start experiment: luna-275697
2021-08-29 17:26:04,217 :: INFO :: Control node : Starting of control node serial interface
2021-08-29 17:26:04,220 :: INFO :: Control node : reset
2021-08-29 17:26:04,223 :: INFO :: Reset Control Node
2021-08-29 17:26:07,181 :: INFO :: Control node : start power of open node
2021-08-29 17:26:07,237 :: INFO :: Node OpenOCD: Setup of openocd node
2021-08-29 17:26:10,282 :: INFO :: Node OpenOCD: flash of openocd node
2021-08-29 17:26:10,297 :: INFO :: Flash firmware on OpenOCD: /tmp/tmpLY_Xy1--93e977ac3781fe5042fd86dcc34ed19b_unicast-sender-count-10T-100B.iotlab-m3
2021-08-29 17:26:17,195 :: INFO :: Control node : Start experiment
2021-08-29 17:26:17,239 :: INFO :: Control Node set time delay: 1587 us
2021-08-29 17:26:17,271 :: INFO :: Control node : profile configuration
2021-08-29 17:26:17,278 :: INFO :: Configure profile on Control Node
2021-08-29 17:26:17,357 :: INFO :: Start experiment succeeded
2021-08-29 18:27:23,327 :: INFO :: Gateway Manager : Stop experiment
2021-08-29 18:27:23,342 :: INFO :: Stop experiment
2021-08-29 18:27:23,351 :: INFO :: Control node : stop of the experiment
2021-08-29 18:27:23,362 :: INFO :: Control node : profile configuration
2021-08-29 18:27:23,371 :: INFO :: Configure profile on Control Node
2021-08-29 18:27:23,459 :: INFO :: Control node : start power of open node
2021-08-29 18:27:23,503 :: INFO :: Node OpenOCD: teardown of openocd node
2021-08-29 18:27:26,539 :: INFO :: openocd node debugger stop
2021-08-29 18:27:27,225 :: INFO :: Node OpenOCD: flash of openocd node
2021-08-29 18:27:27,240 :: INFO :: Flash firmware on OpenOCD: /usr/lib/python2.7/site-packages/gateway_code/static/m3_idle.elf
2021-08-29 18:27:29,828 :: INFO :: Control node : Stop control node serial interface
2021-08-29 18:27:29,836 :: INFO :: Control node : stop power of open node
2021-08-29 18:27:29,902 :: INFO :: Control node : reset
2021-08-29 18:27:29,909 :: INFO :: Reset Control Node
2021-08-29 18:27:32,797 :: INFO :: Stop experiment succeeded
