2021-08-29 17:26:04,246 :: INFO :: Start experiment: luna-275697
2021-08-29 17:26:04,250 :: INFO :: Control node : Starting of control node serial interface
2021-08-29 17:26:04,253 :: INFO :: Control node : reset
2021-08-29 17:26:04,255 :: INFO :: Reset Control Node
2021-08-29 17:26:07,208 :: INFO :: Control node : start power of open node
2021-08-29 17:26:07,265 :: INFO :: Node OpenOCD: Setup of openocd node
2021-08-29 17:26:10,308 :: INFO :: Node OpenOCD: flash of openocd node
2021-08-29 17:26:10,323 :: INFO :: Flash firmware on OpenOCD: /tmp/tmpZHKsb5--93e977ac3781fe5042fd86dcc34ed19b_unicast-sender-count-10T-100B.iotlab-m3
2021-08-29 17:26:17,200 :: INFO :: Control node : Start experiment
2021-08-29 17:26:17,257 :: INFO :: Control Node set time delay: 1862 us
2021-08-29 17:26:17,288 :: INFO :: Control node : profile configuration
2021-08-29 17:26:17,295 :: INFO :: Configure profile on Control Node
2021-08-29 17:26:17,376 :: INFO :: Start experiment succeeded
2021-08-29 18:27:23,367 :: INFO :: Gateway Manager : Stop experiment
2021-08-29 18:27:23,376 :: INFO :: Stop experiment
2021-08-29 18:27:23,385 :: INFO :: Control node : stop of the experiment
2021-08-29 18:27:23,395 :: INFO :: Control node : profile configuration
2021-08-29 18:27:23,403 :: INFO :: Configure profile on Control Node
2021-08-29 18:27:23,474 :: INFO :: Control node : start power of open node
2021-08-29 18:27:23,517 :: INFO :: Node OpenOCD: teardown of openocd node
2021-08-29 18:27:26,560 :: INFO :: openocd node debugger stop
2021-08-29 18:27:27,244 :: INFO :: Node OpenOCD: flash of openocd node
2021-08-29 18:27:27,252 :: INFO :: Flash firmware on OpenOCD: /usr/lib/python2.7/site-packages/gateway_code/static/m3_idle.elf
2021-08-29 18:27:29,761 :: INFO :: Control node : Stop control node serial interface
2021-08-29 18:27:29,770 :: INFO :: Control node : stop power of open node
2021-08-29 18:27:29,828 :: INFO :: Control node : reset
2021-08-29 18:27:29,834 :: INFO :: Reset Control Node
2021-08-29 18:27:32,723 :: INFO :: Stop experiment succeeded
