2021-08-29 17:26:04,298 :: INFO :: Start experiment: luna-275697
2021-08-29 17:26:04,302 :: INFO :: Control node : Starting of control node serial interface
2021-08-29 17:26:04,304 :: INFO :: Control node : reset
2021-08-29 17:26:04,307 :: INFO :: Reset Control Node
2021-08-29 17:26:07,258 :: INFO :: Control node : start power of open node
2021-08-29 17:26:07,315 :: INFO :: Node OpenOCD: Setup of openocd node
2021-08-29 17:26:10,355 :: INFO :: Node OpenOCD: flash of openocd node
2021-08-29 17:26:10,370 :: INFO :: Flash firmware on OpenOCD: /tmp/tmpMuyMGy--93e977ac3781fe5042fd86dcc34ed19b_unicast-sender-count-10T-100B.iotlab-m3
2021-08-29 17:26:17,331 :: INFO :: Control node : Start experiment
2021-08-29 17:26:17,382 :: INFO :: Control Node set time delay: 1892 us
2021-08-29 17:26:17,411 :: INFO :: Control node : profile configuration
2021-08-29 17:26:17,418 :: INFO :: Configure profile on Control Node
2021-08-29 17:26:17,474 :: INFO :: Start experiment succeeded
2021-08-29 18:27:23,342 :: INFO :: Gateway Manager : Stop experiment
2021-08-29 18:27:23,352 :: INFO :: Stop experiment
2021-08-29 18:27:23,360 :: INFO :: Control node : stop of the experiment
2021-08-29 18:27:23,368 :: INFO :: Control node : profile configuration
2021-08-29 18:27:23,375 :: INFO :: Configure profile on Control Node
2021-08-29 18:27:23,450 :: INFO :: Control node : start power of open node
2021-08-29 18:27:23,495 :: INFO :: Node OpenOCD: teardown of openocd node
2021-08-29 18:27:26,544 :: INFO :: openocd node debugger stop
2021-08-29 18:27:27,229 :: INFO :: Node OpenOCD: flash of openocd node
2021-08-29 18:27:27,236 :: INFO :: Flash firmware on OpenOCD: /usr/lib/python2.7/site-packages/gateway_code/static/m3_idle.elf
2021-08-29 18:27:29,740 :: INFO :: Control node : Stop control node serial interface
2021-08-29 18:27:29,745 :: INFO :: Control node : stop power of open node
2021-08-29 18:27:29,800 :: INFO :: Control node : reset
2021-08-29 18:27:29,806 :: INFO :: Reset Control Node
2021-08-29 18:27:32,695 :: INFO :: Stop experiment succeeded
