2021-08-29 17:26:04,272 :: INFO :: Start experiment: luna-275697
2021-08-29 17:26:04,276 :: INFO :: Control node : Starting of control node serial interface
2021-08-29 17:26:04,278 :: INFO :: Control node : reset
2021-08-29 17:26:04,281 :: INFO :: Reset Control Node
2021-08-29 17:26:07,212 :: INFO :: Control node : start power of open node
2021-08-29 17:26:07,241 :: INFO :: Node OpenOCD: Setup of openocd node
2021-08-29 17:26:10,275 :: INFO :: Node OpenOCD: flash of openocd node
2021-08-29 17:26:10,293 :: INFO :: Flash firmware on OpenOCD: /tmp/tmpexfQPG--93e977ac3781fe5042fd86dcc34ed19b_unicast-sender-count-10T-100B.iotlab-m3
2021-08-29 17:26:17,249 :: INFO :: Control node : Start experiment
2021-08-29 17:26:17,295 :: INFO :: Control Node set time delay: 1190 us
2021-08-29 17:26:17,327 :: INFO :: Control node : profile configuration
2021-08-29 17:26:17,334 :: INFO :: Configure profile on Control Node
2021-08-29 17:26:17,389 :: INFO :: Start experiment succeeded
2021-08-29 18:27:23,352 :: INFO :: Gateway Manager : Stop experiment
2021-08-29 18:27:23,360 :: INFO :: Stop experiment
2021-08-29 18:27:23,368 :: INFO :: Control node : stop of the experiment
2021-08-29 18:27:23,375 :: INFO :: Control node : profile configuration
2021-08-29 18:27:23,381 :: INFO :: Configure profile on Control Node
2021-08-29 18:27:23,449 :: INFO :: Control node : start power of open node
2021-08-29 18:27:23,490 :: INFO :: Node OpenOCD: teardown of openocd node
2021-08-29 18:27:26,521 :: INFO :: openocd node debugger stop
2021-08-29 18:27:27,098 :: INFO :: Node OpenOCD: flash of openocd node
2021-08-29 18:27:27,104 :: INFO :: Flash firmware on OpenOCD: /usr/lib/python2.7/site-packages/gateway_code/static/m3_idle.elf
2021-08-29 18:27:29,609 :: INFO :: Control node : Stop control node serial interface
2021-08-29 18:27:29,614 :: INFO :: Control node : stop power of open node
2021-08-29 18:27:29,659 :: INFO :: Control node : reset
2021-08-29 18:27:29,663 :: INFO :: Reset Control Node
2021-08-29 18:27:32,594 :: INFO :: Stop experiment succeeded
