2021-08-29 17:26:04,271 :: INFO :: Start experiment: luna-275697
2021-08-29 17:26:04,274 :: INFO :: Control node : Starting of control node serial interface
2021-08-29 17:26:04,277 :: INFO :: Control node : reset
2021-08-29 17:26:04,280 :: INFO :: Reset Control Node
2021-08-29 17:26:07,235 :: INFO :: Control node : start power of open node
2021-08-29 17:26:07,283 :: INFO :: Node OpenOCD: Setup of openocd node
2021-08-29 17:26:10,322 :: INFO :: Node OpenOCD: flash of openocd node
2021-08-29 17:26:10,340 :: INFO :: Flash firmware on OpenOCD: /tmp/tmpZnlYVB--93e977ac3781fe5042fd86dcc34ed19b_unicast-sender-count-10T-100B.iotlab-m3
2021-08-29 17:26:17,358 :: INFO :: Control node : Start experiment
2021-08-29 17:26:17,403 :: INFO :: Control Node set time delay: 1892 us
2021-08-29 17:26:17,433 :: INFO :: Control node : profile configuration
2021-08-29 17:26:17,436 :: INFO :: Configure profile on Control Node
2021-08-29 17:26:17,476 :: INFO :: Start experiment succeeded
2021-08-29 18:27:23,342 :: INFO :: Gateway Manager : Stop experiment
2021-08-29 18:27:23,351 :: INFO :: Stop experiment
2021-08-29 18:27:23,359 :: INFO :: Control node : stop of the experiment
2021-08-29 18:27:23,366 :: INFO :: Control node : profile configuration
2021-08-29 18:27:23,376 :: INFO :: Configure profile on Control Node
2021-08-29 18:27:23,445 :: INFO :: Control node : start power of open node
2021-08-29 18:27:23,487 :: INFO :: Node OpenOCD: teardown of openocd node
2021-08-29 18:27:26,539 :: INFO :: openocd node debugger stop
2021-08-29 18:27:27,228 :: INFO :: Node OpenOCD: flash of openocd node
2021-08-29 18:27:27,242 :: INFO :: Flash firmware on OpenOCD: /usr/lib/python2.7/site-packages/gateway_code/static/m3_idle.elf
2021-08-29 18:27:29,806 :: INFO :: Control node : Stop control node serial interface
2021-08-29 18:27:29,811 :: INFO :: Control node : stop power of open node
2021-08-29 18:27:29,862 :: INFO :: Control node : reset
2021-08-29 18:27:29,866 :: INFO :: Reset Control Node
2021-08-29 18:27:32,802 :: INFO :: Stop experiment succeeded
