2021-08-29 17:26:04,248 :: INFO :: Start experiment: luna-275697
2021-08-29 17:26:04,252 :: INFO :: Control node : Starting of control node serial interface
2021-08-29 17:26:04,255 :: INFO :: Control node : reset
2021-08-29 17:26:04,258 :: INFO :: Reset Control Node
2021-08-29 17:26:07,265 :: INFO :: Control node : start power of open node
2021-08-29 17:26:07,324 :: INFO :: Node OpenOCD: Setup of openocd node
2021-08-29 17:26:10,367 :: INFO :: Node OpenOCD: flash of openocd node
2021-08-29 17:26:10,382 :: INFO :: Flash firmware on OpenOCD: /tmp/tmpgHDNBt--93e977ac3781fe5042fd86dcc34ed19b_unicast-sender-count-10T-100B.iotlab-m3
2021-08-29 17:26:17,309 :: INFO :: Control node : Start experiment
2021-08-29 17:26:17,358 :: INFO :: Control Node set time delay: 1617 us
2021-08-29 17:26:17,392 :: INFO :: Control node : profile configuration
2021-08-29 17:26:17,399 :: INFO :: Configure profile on Control Node
2021-08-29 17:26:17,449 :: INFO :: Start experiment succeeded
2021-08-29 18:27:23,347 :: INFO :: Gateway Manager : Stop experiment
2021-08-29 18:27:23,361 :: INFO :: Stop experiment
2021-08-29 18:27:23,374 :: INFO :: Control node : stop of the experiment
2021-08-29 18:27:23,382 :: INFO :: Control node : profile configuration
2021-08-29 18:27:23,389 :: INFO :: Configure profile on Control Node
2021-08-29 18:27:23,465 :: INFO :: Control node : start power of open node
2021-08-29 18:27:23,508 :: INFO :: Node OpenOCD: teardown of openocd node
2021-08-29 18:27:26,556 :: INFO :: openocd node debugger stop
2021-08-29 18:27:27,242 :: INFO :: Node OpenOCD: flash of openocd node
2021-08-29 18:27:27,248 :: INFO :: Flash firmware on OpenOCD: /usr/lib/python2.7/site-packages/gateway_code/static/m3_idle.elf
2021-08-29 18:27:29,706 :: INFO :: Control node : Stop control node serial interface
2021-08-29 18:27:29,715 :: INFO :: Control node : stop power of open node
2021-08-29 18:27:29,782 :: INFO :: Control node : reset
2021-08-29 18:27:29,788 :: INFO :: Reset Control Node
2021-08-29 18:27:32,676 :: INFO :: Stop experiment succeeded
