2021-08-29 17:26:04,286 :: INFO :: Start experiment: luna-275697
2021-08-29 17:26:04,290 :: INFO :: Control node : Starting of control node serial interface
2021-08-29 17:26:04,293 :: INFO :: Control node : reset
2021-08-29 17:26:04,295 :: INFO :: Reset Control Node
2021-08-29 17:26:07,248 :: INFO :: Control node : start power of open node
2021-08-29 17:26:07,303 :: INFO :: Node OpenOCD: Setup of openocd node
2021-08-29 17:26:10,347 :: INFO :: Node OpenOCD: flash of openocd node
2021-08-29 17:26:10,361 :: INFO :: Flash firmware on OpenOCD: /tmp/tmpZHxiff--93e977ac3781fe5042fd86dcc34ed19b_unicast-sender-count-10T-100B.iotlab-m3
2021-08-29 17:26:17,294 :: INFO :: Control node : Start experiment
2021-08-29 17:26:17,351 :: INFO :: Control Node set time delay: 1465 us
2021-08-29 17:26:17,374 :: INFO :: Control node : profile configuration
2021-08-29 17:26:17,380 :: INFO :: Configure profile on Control Node
2021-08-29 17:26:17,425 :: INFO :: Start experiment succeeded
2021-08-29 18:27:23,341 :: INFO :: Gateway Manager : Stop experiment
2021-08-29 18:27:23,350 :: INFO :: Stop experiment
2021-08-29 18:27:23,359 :: INFO :: Control node : stop of the experiment
2021-08-29 18:27:23,366 :: INFO :: Control node : profile configuration
2021-08-29 18:27:23,373 :: INFO :: Configure profile on Control Node
2021-08-29 18:27:23,446 :: INFO :: Control node : start power of open node
2021-08-29 18:27:23,490 :: INFO :: Node OpenOCD: teardown of openocd node
2021-08-29 18:27:26,537 :: INFO :: openocd node debugger stop
2021-08-29 18:27:27,220 :: INFO :: Node OpenOCD: flash of openocd node
2021-08-29 18:27:27,227 :: INFO :: Flash firmware on OpenOCD: /usr/lib/python2.7/site-packages/gateway_code/static/m3_idle.elf
2021-08-29 18:27:29,632 :: INFO :: Control node : Stop control node serial interface
2021-08-29 18:27:29,641 :: INFO :: Control node : stop power of open node
2021-08-29 18:27:29,740 :: INFO :: Control node : reset
2021-08-29 18:27:29,747 :: INFO :: Reset Control Node
2021-08-29 18:27:32,637 :: INFO :: Stop experiment succeeded
